#! /c/Source/iverilog-install/bin/vvp
:ivl_version "12.0 (devel)" "(s20150603-1110-g18392a46)";
:ivl_delay_selection "TYPICAL";
:vpi_time_precision + 0;
:vpi_module "C:\iverilog\lib\ivl\system.vpi";
:vpi_module "C:\iverilog\lib\ivl\vhdl_sys.vpi";
:vpi_module "C:\iverilog\lib\ivl\vhdl_textio.vpi";
:vpi_module "C:\iverilog\lib\ivl\v2005_math.vpi";
:vpi_module "C:\iverilog\lib\ivl\va_math.vpi";
:vpi_module "C:\iverilog\lib\ivl\v2009.vpi";
S_00000245c99fb770 .scope package, "$unit" "$unit" 2 1;
 .timescale 0 0;
S_00000245c99fb900 .scope module, "test_fir_filter" "test_fir_filter" 3 2;
 .timescale 0 0;
P_00000245c9937fa0 .param/l "N" 0 3 5, +C4<00000000000000000000000000001000>;
P_00000245c9937fd8 .param/l "WIDTH" 0 3 4, +C4<00000000000000000000000000010000>;
v00000245c9a53b60_0 .var "clk", 0 0;
v00000245c9a54380_0 .var/s "expected_val", 35 0;
v00000245c9a54560_0 .var/s "h", 127 0;
v00000245c9a54060_0 .var/2s "i", 31 0;
v00000245c9a53c00_0 .var/2s "j", 31 0;
v00000245c9a53ca0_0 .var "rst", 0 0;
v00000245c9a54420 .array/s "samples", 15 0, 15 0;
v00000245c9a53ac0_0 .var/s "x_in", 15 0;
v00000245c9a53fc0_0 .net/s "y_out", 35 0, v00000245c9a54240_0;  1 drivers
E_00000245c99ea690 .event negedge, v00000245c99ed7f0_0;
S_00000245c99eedf0 .scope module, "dut" "fir_filter" 3 12, 4 1 0, S_00000245c99fb900;
 .timescale 0 0;
    .port_info 0 /INPUT 1 "clk";
    .port_info 1 /INPUT 1 "rst";
    .port_info 2 /INPUT 16 "x_in";
    .port_info 3 /INPUT 128 "h";
    .port_info 4 /OUTPUT 36 "y_out";
P_00000245c99c2ae0 .param/l "ACC_WIDTH" 1 4 12, +C4<00000000000000000000000000100100>;
P_00000245c99c2b18 .param/l "N" 0 4 3, +C4<00000000000000000000000000001000>;
P_00000245c99c2b50 .param/l "WIDTH" 0 4 2, +C4<00000000000000000000000000010000>;
v00000245c99ec600_0 .var/s "acc_comb", 35 0;
v00000245c99ed7f0_0 .net "clk", 0 0, v00000245c9a53b60_0;  1 drivers
v00000245c99c2e30_0 .net/s "h", 127 0, v00000245c9a54560_0;  1 drivers
v00000245c99c28d0_0 .var/i "i", 31 0;
v00000245c99eef80 .array/s "next_samples", 7 0, 15 0;
v00000245c99ef020_0 .net "rst", 0 0, v00000245c9a53ca0_0;  1 drivers
v00000245c99ef0c0 .array/s "samples", 7 0, 15 0;
v00000245c9a547e0_0 .net/s "x_in", 15 0, v00000245c9a53ac0_0;  1 drivers
v00000245c9a54240_0 .var/s "y_out", 35 0;
E_00000245c99ea710 .event posedge, v00000245c99ed7f0_0;
v00000245c99ef0c0_0 .array/port v00000245c99ef0c0, 0;
v00000245c99ef0c0_1 .array/port v00000245c99ef0c0, 1;
v00000245c99ef0c0_2 .array/port v00000245c99ef0c0, 2;
E_00000245c99ea750/0 .event anyedge, v00000245c9a547e0_0, v00000245c99ef0c0_0, v00000245c99ef0c0_1, v00000245c99ef0c0_2;
v00000245c99ef0c0_3 .array/port v00000245c99ef0c0, 3;
v00000245c99ef0c0_4 .array/port v00000245c99ef0c0, 4;
v00000245c99ef0c0_5 .array/port v00000245c99ef0c0, 5;
v00000245c99ef0c0_6 .array/port v00000245c99ef0c0, 6;
E_00000245c99ea750/1 .event anyedge, v00000245c99ef0c0_3, v00000245c99ef0c0_4, v00000245c99ef0c0_5, v00000245c99ef0c0_6;
v00000245c99ef0c0_7 .array/port v00000245c99ef0c0, 7;
v00000245c99eef80_0 .array/port v00000245c99eef80, 0;
v00000245c99eef80_1 .array/port v00000245c99eef80, 1;
E_00000245c99ea750/2 .event anyedge, v00000245c99ef0c0_7, v00000245c99ec600_0, v00000245c99eef80_0, v00000245c99eef80_1;
v00000245c99eef80_2 .array/port v00000245c99eef80, 2;
v00000245c99eef80_3 .array/port v00000245c99eef80, 3;
v00000245c99eef80_4 .array/port v00000245c99eef80, 4;
v00000245c99eef80_5 .array/port v00000245c99eef80, 5;
E_00000245c99ea750/3 .event anyedge, v00000245c99eef80_2, v00000245c99eef80_3, v00000245c99eef80_4, v00000245c99eef80_5;
v00000245c99eef80_6 .array/port v00000245c99eef80, 6;
v00000245c99eef80_7 .array/port v00000245c99eef80, 7;
E_00000245c99ea750/4 .event anyedge, v00000245c99eef80_6, v00000245c99eef80_7, v00000245c99c2e30_0;
E_00000245c99ea750 .event/or E_00000245c99ea750/0, E_00000245c99ea750/1, E_00000245c99ea750/2, E_00000245c99ea750/3, E_00000245c99ea750/4;
    .scope S_00000245c99eedf0;
T_0 ;
    %wait E_00000245c99ea750;
    %load/vec4 v00000245c9a547e0_0;
    %ix/load 4, 0, 0;
    %flag_set/imm 4, 0;
    %store/vec4a v00000245c99eef80, 4, 0;
    %pushi/vec4 1, 0, 32;
    %store/vec4 v00000245c99c28d0_0, 0, 32;
T_0.0 ;
    %load/vec4 v00000245c99c28d0_0;
    %cmpi/s 8, 0, 32;
    %jmp/0xz T_0.1, 5;
    %load/vec4 v00000245c99c28d0_0;
    %pad/s 33;
    %subi 1, 0, 33;
    %ix/vec4/s 4;
    %load/vec4a v00000245c99ef0c0, 4;
    %ix/getv/s 4, v00000245c99c28d0_0;
    %store/vec4a v00000245c99eef80, 4, 0;
    %load/vec4 v00000245c99c28d0_0;
    %addi 1, 0, 32;
    %store/vec4 v00000245c99c28d0_0, 0, 32;
    %jmp T_0.0;
T_0.1 ;
    %pushi/vec4 0, 0, 36;
    %store/vec4 v00000245c99ec600_0, 0, 36;
    %pushi/vec4 0, 0, 32;
    %store/vec4 v00000245c99c28d0_0, 0, 32;
T_0.2 ;
    %load/vec4 v00000245c99c28d0_0;
    %cmpi/s 8, 0, 32;
    %jmp/0xz T_0.3, 5;
    %load/vec4 v00000245c99ec600_0;
    %ix/getv/s 4, v00000245c99c28d0_0;
    %load/vec4a v00000245c99eef80, 4;
    %pad/s 36;
    %load/vec4 v00000245c99c2e30_0;
    %load/vec4 v00000245c99c28d0_0;
    %pad/s 36;
    %muli 16, 0, 36;
    %part/s 16;
    %pad/s 36;
    %mul;
    %add;
    %store/vec4 v00000245c99ec600_0, 0, 36;
    %load/vec4 v00000245c99c28d0_0;
    %addi 1, 0, 32;
    %store/vec4 v00000245c99c28d0_0, 0, 32;
    %jmp T_0.2;
T_0.3 ;
    %jmp T_0;
    .thread T_0, $push;
    .scope S_00000245c99eedf0;
T_1 ;
    %wait E_00000245c99ea710;
    %load/vec4 v00000245c99ef020_0;
    %flag_set/vec4 8;
    %jmp/0xz  T_1.0, 8;
    %pushi/vec4 0, 0, 32;
    %store/vec4 v00000245c99c28d0_0, 0, 32;
T_1.2 ;
    %load/vec4 v00000245c99c28d0_0;
    %cmpi/s 8, 0, 32;
    %jmp/0xz T_1.3, 5;
    %pushi/vec4 0, 0, 16;
    %ix/getv/s 3, v00000245c99c28d0_0;
    %ix/load 4, 0, 0; Constant delay
    %assign/vec4/a/d v00000245c99ef0c0, 0, 4;
    %load/vec4 v00000245c99c28d0_0;
    %addi 1, 0, 32;
    %store/vec4 v00000245c99c28d0_0, 0, 32;
    %jmp T_1.2;
T_1.3 ;
    %pushi/vec4 0, 0, 36;
    %assign/vec4 v00000245c9a54240_0, 0;
    %jmp T_1.1;
T_1.0 ;
    %pushi/vec4 0, 0, 32;
    %store/vec4 v00000245c99c28d0_0, 0, 32;
T_1.4 ;
    %load/vec4 v00000245c99c28d0_0;
    %cmpi/s 8, 0, 32;
    %jmp/0xz T_1.5, 5;
    %ix/getv/s 4, v00000245c99c28d0_0;
    %load/vec4a v00000245c99eef80, 4;
    %ix/getv/s 3, v00000245c99c28d0_0;
    %ix/load 4, 0, 0; Constant delay
    %assign/vec4/a/d v00000245c99ef0c0, 0, 4;
    %load/vec4 v00000245c99c28d0_0;
    %addi 1, 0, 32;
    %store/vec4 v00000245c99c28d0_0, 0, 32;
    %jmp T_1.4;
T_1.5 ;
    %load/vec4 v00000245c99ec600_0;
    %assign/vec4 v00000245c9a54240_0, 0;
T_1.1 ;
    %jmp T_1;
    .thread T_1;
    .scope S_00000245c99fb900;
T_2 ;
    %delay 5, 0;
    %load/vec4 v00000245c9a53b60_0;
    %inv;
    %store/vec4 v00000245c9a53b60_0, 0, 1;
    %jmp T_2;
    .thread T_2;
    .scope S_00000245c99fb900;
T_3 ;
    %pushi/vec4 0, 0, 1;
    %store/vec4 v00000245c9a53b60_0, 0, 1;
    %pushi/vec4 1, 0, 1;
    %store/vec4 v00000245c9a53ca0_0, 0, 1;
    %pushi/vec4 0, 0, 16;
    %store/vec4 v00000245c9a53ac0_0, 0, 16;
    %pushi/vec4 0, 0, 32;
    %store/vec4 v00000245c9a54060_0, 0, 32;
T_3.0 ;
    %load/vec4 v00000245c9a54060_0;
    %cmpi/s 8, 0, 32;
    %jmp/0xz T_3.1, 5;
    %load/vec4 v00000245c9a54060_0;
    %addi 1, 0, 32;
    %pad/s 16;
    %load/vec4 v00000245c9a54060_0;
    %pad/s 36;
    %muli 16, 0, 36;
    %ix/vec4/s 4;
    %store/vec4 v00000245c9a54560_0, 4, 16;
    ; show_stmt_assign_vector: Get l-value for compressed += operand
    %load/vec4 v00000245c9a54060_0;
    %pushi/vec4 1, 0, 32;
    %add;
    %cast2;
    %store/vec4 v00000245c9a54060_0, 0, 32;
    %jmp T_3.0;
T_3.1 ;
    %pushi/vec4 0, 0, 32;
    %store/vec4 v00000245c9a54060_0, 0, 32;
T_3.2 ;
    %load/vec4 v00000245c9a54060_0;
    %cmpi/s 16, 0, 32;
    %jmp/0xz T_3.3, 5;
    %load/vec4 v00000245c9a54060_0;
    %addi 1, 0, 32;
    %pad/s 16;
    %ix/getv/s 4, v00000245c9a54060_0;
    %store/vec4a v00000245c9a54420, 4, 0;
    ; show_stmt_assign_vector: Get l-value for compressed += operand
    %load/vec4 v00000245c9a54060_0;
    %pushi/vec4 1, 0, 32;
    %add;
    %cast2;
    %store/vec4 v00000245c9a54060_0, 0, 32;
    %jmp T_3.2;
T_3.3 ;
    %wait E_00000245c99ea690;
    %pushi/vec4 0, 0, 1;
    %store/vec4 v00000245c9a53ca0_0, 0, 1;
    %pushi/vec4 0, 0, 32;
    %store/vec4 v00000245c9a54060_0, 0, 32;
T_3.4 ;
    %load/vec4 v00000245c9a54060_0;
    %cmpi/s 16, 0, 32;
    %jmp/0xz T_3.5, 5;
    %wait E_00000245c99ea690;
    %ix/getv/s 4, v00000245c9a54060_0;
    %load/vec4a v00000245c9a54420, 4;
    %store/vec4 v00000245c9a53ac0_0, 0, 16;
    %pushi/vec4 0, 0, 36;
    %store/vec4 v00000245c9a54380_0, 0, 36;
    %pushi/vec4 0, 0, 32;
    %store/vec4 v00000245c9a53c00_0, 0, 32;
T_3.6 ;
    %load/vec4 v00000245c9a53c00_0;
    %cmpi/s 8, 0, 32;
    %jmp/0xz T_3.7, 5;
    %load/vec4 v00000245c9a54060_0;
    %load/vec4 v00000245c9a53c00_0;
    %sub;
    %cmpi/s 0, 0, 32;
    %flag_inv 5; GE is !LT
    %jmp/0xz  T_3.8, 5;
    ; show_stmt_assign_vector: Get l-value for compressed += operand
    %load/vec4 v00000245c9a54380_0;
    %load/vec4 v00000245c9a54060_0;
    %pad/s 33;
    %load/vec4 v00000245c9a53c00_0;
    %pad/s 33;
    %sub;
    %ix/vec4/s 4;
    %load/vec4a v00000245c9a54420, 4;
    %pad/s 36;
    %load/vec4 v00000245c9a54560_0;
    %load/vec4 v00000245c9a53c00_0;
    %pad/s 36;
    %muli 16, 0, 36;
    %part/s 16;
    %pad/s 36;
    %mul;
    %add;
    %store/vec4 v00000245c9a54380_0, 0, 36;
T_3.8 ;
    ; show_stmt_assign_vector: Get l-value for compressed += operand
    %load/vec4 v00000245c9a53c00_0;
    %pushi/vec4 1, 0, 32;
    %add;
    %cast2;
    %store/vec4 v00000245c9a53c00_0, 0, 32;
    %jmp T_3.6;
T_3.7 ;
    %wait E_00000245c99ea710;
    %delay 1, 0;
    %vpi_call/w 3 56 "$display", "Sample %0d: y_out = %0d, expected = %0d", v00000245c9a54060_0, v00000245c9a53fc0_0, v00000245c9a54380_0 {0 0 0};
    %load/vec4 v00000245c9a53fc0_0;
    %load/vec4 v00000245c9a54380_0;
    %cmp/e;
    %jmp/0xz  T_3.10, 6;
    %vpi_call/w 3 58 "$display", "PASS" {0 0 0};
    %jmp T_3.11;
T_3.10 ;
    %vpi_call/w 3 60 "$display", "FAIL" {0 0 0};
T_3.11 ;
    ; show_stmt_assign_vector: Get l-value for compressed += operand
    %load/vec4 v00000245c9a54060_0;
    %pushi/vec4 1, 0, 32;
    %add;
    %cast2;
    %store/vec4 v00000245c9a54060_0, 0, 32;
    %jmp T_3.4;
T_3.5 ;
    %vpi_call/w 3 63 "$finish" {0 0 0};
    %end;
    .thread T_3;
# The file index is used to find the file name in the following table.
:file_names 5;
    "N/A";
    "<interactive>";
    "-";
    "tb/iclad_fir_tb.v";
    "rtl/p9_design.sv";
