#! /c/Source/iverilog-install/bin/vvp
:ivl_version "12.0 (devel)" "(s20150603-1110-g18392a46)";
:ivl_delay_selection "TYPICAL";
:vpi_time_precision + 0;
:vpi_module "C:\iverilog\lib\ivl\system.vpi";
:vpi_module "C:\iverilog\lib\ivl\vhdl_sys.vpi";
:vpi_module "C:\iverilog\lib\ivl\vhdl_textio.vpi";
:vpi_module "C:\iverilog\lib\ivl\v2005_math.vpi";
:vpi_module "C:\iverilog\lib\ivl\va_math.vpi";
:vpi_module "C:\iverilog\lib\ivl\v2009.vpi";
S_0000018f13bbb7a0 .scope package, "$unit" "$unit" 2 1;
 .timescale 0 0;
S_0000018f13bbb930 .scope module, "fir_filter" "fir_filter" 3 1;
 .timescale 0 0;
    .port_info 0 /INPUT 1 "clk";
    .port_info 1 /INPUT 1 "rst";
    .port_info 2 /INPUT 16 "x_in";
    .port_info 3 /INPUT 128 "h";
    .port_info 4 /OUTPUT 36 "y_out";
P_0000018f13b82ae0 .param/l "ACC_WIDTH" 1 3 12, +C4<00000000000000000000000000100100>;
P_0000018f13b82b18 .param/l "N" 0 3 3, +C4<00000000000000000000000000001000>;
P_0000018f13b82b50 .param/l "WIDTH" 0 3 2, +C4<00000000000000000000000000010000>;
o0000018f13bc6f88 .functor BUFZ 1, C4<z>; HiZ drive
v0000018f13bbbac0_0 .net "clk", 0 0, o0000018f13bc6f88;  0 drivers
o0000018f13bc6fb8 .functor BUFZ 128, C4<zzzzzzzzzzzzzzzzzzzzzzzzzzzzzzzzzzzzzzzzzzzzzzzzzzzzzzzzzzzzzzzzzzzzzzzzzzzzzzzzzzzzzzzzzzzzzzzzzzzzzzzzzzzzzzzzzzzzzzzzzzzzzzzz>; HiZ drive
v0000018f13b82e30_0 .net/s "h", 127 0, o0000018f13bc6fb8;  0 drivers
v0000018f13b828d0_0 .var/i "i", 31 0;
v0000018f13bb4c40_0 .var/s "mult_term", 287 0;
v0000018f13bb4ce0_0 .var/s "pipe_reg", 287 0;
o0000018f13bc7078 .functor BUFZ 1, C4<z>; HiZ drive
v0000018f13bb4d80_0 .net "rst", 0 0, o0000018f13bc7078;  0 drivers
o0000018f13bc70a8 .functor BUFZ 16, C4<zzzzzzzzzzzzzzzz>; HiZ drive
v0000018f13bb4e20_0 .net/s "x_in", 15 0, o0000018f13bc70a8;  0 drivers
v0000018f13c10890_0 .var/s "y_next", 35 0;
v0000018f13c10bb0_0 .var/s "y_out", 35 0;
E_0000018f13ba8df0 .event posedge, v0000018f13bbbac0_0;
E_0000018f13ba83b0 .event anyedge, v0000018f13bb4e20_0, v0000018f13b82e30_0, v0000018f13bb4ce0_0, v0000018f13bb4c40_0;
    .scope S_0000018f13bbb930;
T_0 ;
Ewait_0 .event/or E_0000018f13ba83b0, E_0x0;
    %wait Ewait_0;
    %pushi/vec4 0, 0, 32;
    %store/vec4 v0000018f13b828d0_0, 0, 32;
T_0.0 ;
    %load/vec4 v0000018f13b828d0_0;
    %cmpi/s 8, 0, 32;
    %jmp/0xz T_0.1, 5;
    %load/vec4 v0000018f13bb4e20_0;
    %pad/s 36;
    %load/vec4 v0000018f13b82e30_0;
    %load/vec4 v0000018f13b828d0_0;
    %pad/s 36;
    %muli 16, 0, 36;
    %part/s 16;
    %pad/s 36;
    %mul;
    %load/vec4 v0000018f13b828d0_0;
    %pad/s 38;
    %muli 36, 0, 38;
    %ix/vec4/s 4;
    %store/vec4 v0000018f13bb4c40_0, 4, 36;
    %load/vec4 v0000018f13b828d0_0;
    %addi 1, 0, 32;
    %store/vec4 v0000018f13b828d0_0, 0, 32;
    %jmp T_0.0;
T_0.1 ;
    %load/vec4 v0000018f13bb4ce0_0;
    %parti/s 36, 0, 2;
    %load/vec4 v0000018f13bb4c40_0;
    %parti/s 36, 0, 2;
    %add;
    %store/vec4 v0000018f13c10890_0, 0, 36;
    %jmp T_0;
    .thread T_0, $push;
    .scope S_0000018f13bbb930;
T_1 ;
    %wait E_0000018f13ba8df0;
    %load/vec4 v0000018f13bb4d80_0;
    %flag_set/vec4 8;
    %jmp/0xz  T_1.0, 8;
    %pushi/vec4 0, 0, 288;
    %assign/vec4 v0000018f13bb4ce0_0, 0;
    %pushi/vec4 0, 0, 36;
    %assign/vec4 v0000018f13c10bb0_0, 0;
    %jmp T_1.1;
T_1.0 ;
    %pushi/vec4 0, 0, 32;
    %store/vec4 v0000018f13b828d0_0, 0, 32;
T_1.2 ;
    %load/vec4 v0000018f13b828d0_0;
    %cmpi/s 7, 0, 32;
    %jmp/0xz T_1.3, 5;
    %load/vec4 v0000018f13b828d0_0;
    %cmpi/e 6, 0, 32;
    %jmp/0xz  T_1.4, 4;
    %load/vec4 v0000018f13bb4c40_0;
    %load/vec4 v0000018f13b828d0_0;
    %addi 1, 0, 32;
    %pad/s 38;
    %muli 36, 0, 38;
    %part/s 36;
    %ix/load 5, 0, 0;
    %load/vec4 v0000018f13b828d0_0;
    %pad/s 38;
    %muli 36, 0, 38;
    %ix/vec4/s 4;
    %assign/vec4/off/d v0000018f13bb4ce0_0, 4, 5;
    %jmp T_1.5;
T_1.4 ;
    %load/vec4 v0000018f13bb4ce0_0;
    %load/vec4 v0000018f13b828d0_0;
    %addi 1, 0, 32;
    %pad/s 38;
    %muli 36, 0, 38;
    %part/s 36;
    %load/vec4 v0000018f13bb4c40_0;
    %load/vec4 v0000018f13b828d0_0;
    %addi 1, 0, 32;
    %pad/s 38;
    %muli 36, 0, 38;
    %part/s 36;
    %add;
    %ix/load 5, 0, 0;
    %load/vec4 v0000018f13b828d0_0;
    %pad/s 38;
    %muli 36, 0, 38;
    %ix/vec4/s 4;
    %assign/vec4/off/d v0000018f13bb4ce0_0, 4, 5;
T_1.5 ;
    %load/vec4 v0000018f13b828d0_0;
    %addi 1, 0, 32;
    %store/vec4 v0000018f13b828d0_0, 0, 32;
    %jmp T_1.2;
T_1.3 ;
    %load/vec4 v0000018f13bb4c40_0;
    %parti/s 36, 252, 9;
    %ix/load 4, 252, 0;
    %ix/load 5, 0, 0;
    %flag_set/imm 4, 0;
    %assign/vec4/off/d v0000018f13bb4ce0_0, 4, 5;
    %load/vec4 v0000018f13c10890_0;
    %assign/vec4 v0000018f13c10bb0_0, 0;
T_1.1 ;
    %jmp T_1;
    .thread T_1;
# The file index is used to find the file name in the following table.
:file_names 4;
    "N/A";
    "<interactive>";
    "-";
    "rtl/p9_design.sv";
