#! /c/Source/iverilog-install/bin/vvp
:ivl_version "12.0 (devel)" "(s20150603-1110-g18392a46)";
:ivl_delay_selection "TYPICAL";
:vpi_time_precision + 0;
:vpi_module "C:\iverilog\lib\ivl\system.vpi";
:vpi_module "C:\iverilog\lib\ivl\vhdl_sys.vpi";
:vpi_module "C:\iverilog\lib\ivl\vhdl_textio.vpi";
:vpi_module "C:\iverilog\lib\ivl\v2005_math.vpi";
:vpi_module "C:\iverilog\lib\ivl\va_math.vpi";
:vpi_module "C:\iverilog\lib\ivl\v2009.vpi";
S_000002894e9c25e0 .scope package, "$unit" "$unit" 2 1;
 .timescale 0 0;
S_000002894e9c2770 .scope module, "fir_filter" "fir_filter" 3 1;
 .timescale 0 0;
    .port_info 0 /INPUT 1 "clk";
    .port_info 1 /INPUT 1 "rst";
    .port_info 2 /INPUT 16 "x_in";
    .port_info 3 /INPUT 128 "h";
    .port_info 4 /OUTPUT 36 "y_out";
P_000002894e9c2ae0 .param/l "ACC_WIDTH" 1 3 12, +C4<00000000000000000000000000100100>;
P_000002894e9c2b18 .param/l "N" 0 3 3, +C4<00000000000000000000000000001000>;
P_000002894e9c2b50 .param/l "WIDTH" 0 3 2, +C4<00000000000000000000000000010000>;
v000002894e9c2900_0 .var/s "acc_next", 35 0;
o000002894e9f9fe8 .functor BUFZ 1, C4<z>; HiZ drive
v000002894e9f5510_0 .net "clk", 0 0, o000002894e9f9fe8;  0 drivers
o000002894e9fa018 .functor BUFZ 128, C4<zzzzzzzzzzzzzzzzzzzzzzzzzzzzzzzzzzzzzzzzzzzzzzzzzzzzzzzzzzzzzzzzzzzzzzzzzzzzzzzzzzzzzzzzzzzzzzzzzzzzzzzzzzzzzzzzzzzzzzzzzzzzzzzz>; HiZ drive
v000002894ea40c30_0 .net/s "h", 127 0, o000002894e9fa018;  0 drivers
v000002894ea40cd0_0 .var/i "i", 31 0;
o000002894e9fa078 .functor BUFZ 1, C4<z>; HiZ drive
v000002894ea40d70_0 .net "rst", 0 0, o000002894e9fa078;  0 drivers
v000002894ea40e10_0 .var/s "sample_next", 127 0;
v000002894ea40eb0_0 .var/s "sample_reg", 127 0;
o000002894e9fa108 .functor BUFZ 16, C4<zzzzzzzzzzzzzzzz>; HiZ drive
v000002894ea40f50_0 .net/s "x_in", 15 0, o000002894e9fa108;  0 drivers
v000002894ea41d60_0 .var/s "y_out", 35 0;
E_000002894e9e6710 .event posedge, v000002894e9f5510_0;
E_000002894e9e6390 .event anyedge, v000002894ea40e10_0, v000002894ea40c30_0;
E_000002894e9e6110 .event anyedge, v000002894ea40eb0_0, v000002894ea40f50_0;
    .scope S_000002894e9c2770;
T_0 ;
Ewait_0 .event/or E_000002894e9e6110, E_0x0;
    %wait Ewait_0;
    %load/vec4 v000002894ea40eb0_0;
    %store/vec4 v000002894ea40e10_0, 0, 128;
    %load/vec4 v000002894ea40f50_0;
    %ix/load 4, 0, 0;
    %flag_set/imm 4, 0;
    %store/vec4 v000002894ea40e10_0, 4, 16;
    %pushi/vec4 1, 0, 32;
    %store/vec4 v000002894ea40cd0_0, 0, 32;
T_0.0 ;
    %load/vec4 v000002894ea40cd0_0;
    %cmpi/s 8, 0, 32;
    %jmp/0xz T_0.1, 5;
    %load/vec4 v000002894ea40eb0_0;
    %load/vec4 v000002894ea40cd0_0;
    %subi 1, 0, 32;
    %pad/s 36;
    %muli 16, 0, 36;
    %part/s 16;
    %load/vec4 v000002894ea40cd0_0;
    %pad/s 36;
    %muli 16, 0, 36;
    %ix/vec4/s 4;
    %store/vec4 v000002894ea40e10_0, 4, 16;
    %load/vec4 v000002894ea40cd0_0;
    %addi 1, 0, 32;
    %store/vec4 v000002894ea40cd0_0, 0, 32;
    %jmp T_0.0;
T_0.1 ;
    %jmp T_0;
    .thread T_0, $push;
    .scope S_000002894e9c2770;
T_1 ;
Ewait_1 .event/or E_000002894e9e6390, E_0x0;
    %wait Ewait_1;
    %pushi/vec4 0, 0, 36;
    %store/vec4 v000002894e9c2900_0, 0, 36;
    %pushi/vec4 0, 0, 32;
    %store/vec4 v000002894ea40cd0_0, 0, 32;
T_1.0 ;
    %load/vec4 v000002894ea40cd0_0;
    %cmpi/s 8, 0, 32;
    %jmp/0xz T_1.1, 5;
    %load/vec4 v000002894e9c2900_0;
    %load/vec4 v000002894ea40e10_0;
    %load/vec4 v000002894ea40cd0_0;
    %pad/s 36;
    %muli 16, 0, 36;
    %part/s 16;
    %pad/s 36;
    %load/vec4 v000002894ea40c30_0;
    %load/vec4 v000002894ea40cd0_0;
    %pad/s 36;
    %muli 16, 0, 36;
    %part/s 16;
    %pad/s 36;
    %mul;
    %add;
    %store/vec4 v000002894e9c2900_0, 0, 36;
    %load/vec4 v000002894ea40cd0_0;
    %addi 1, 0, 32;
    %store/vec4 v000002894ea40cd0_0, 0, 32;
    %jmp T_1.0;
T_1.1 ;
    %jmp T_1;
    .thread T_1, $push;
    .scope S_000002894e9c2770;
T_2 ;
    %wait E_000002894e9e6710;
    %load/vec4 v000002894ea40d70_0;
    %flag_set/vec4 8;
    %jmp/0xz  T_2.0, 8;
    %pushi/vec4 0, 0, 128;
    %assign/vec4 v000002894ea40eb0_0, 0;
    %pushi/vec4 0, 0, 36;
    %assign/vec4 v000002894ea41d60_0, 0;
    %jmp T_2.1;
T_2.0 ;
    %load/vec4 v000002894ea40e10_0;
    %assign/vec4 v000002894ea40eb0_0, 0;
    %load/vec4 v000002894e9c2900_0;
    %assign/vec4 v000002894ea41d60_0, 0;
T_2.1 ;
    %jmp T_2;
    .thread T_2;
# The file index is used to find the file name in the following table.
:file_names 4;
    "N/A";
    "<interactive>";
    "-";
    "rtl/p9_design.sv";
