#! /c/Source/iverilog-install/bin/vvp
:ivl_version "12.0 (devel)" "(s20150603-1110-g18392a46)";
:ivl_delay_selection "TYPICAL";
:vpi_time_precision + 0;
:vpi_module "C:\iverilog\lib\ivl\system.vpi";
:vpi_module "C:\iverilog\lib\ivl\vhdl_sys.vpi";
:vpi_module "C:\iverilog\lib\ivl\vhdl_textio.vpi";
:vpi_module "C:\iverilog\lib\ivl\v2005_math.vpi";
:vpi_module "C:\iverilog\lib\ivl\va_math.vpi";
:vpi_module "C:\iverilog\lib\ivl\v2009.vpi";
S_00000299caabb770 .scope package, "$unit" "$unit" 2 1;
 .timescale 0 0;
S_00000299caabb900 .scope module, "test_fir_filter" "test_fir_filter" 3 2;
 .timescale 0 0;
P_00000299caaafd80 .param/l "N" 0 3 5, +C4<00000000000000000000000000001000>;
P_00000299caaafdb8 .param/l "WIDTH" 0 3 4, +C4<00000000000000000000000000010000>;
v00000299cab12ac0_0 .var "clk", 0 0;
v00000299cab12b60_0 .var/s "expected_val", 35 0;
v00000299cab12e80_0 .var/s "h", 127 0;
v00000299cab12c00_0 .var/2s "i", 31 0;
v00000299cab12200_0 .var/2s "j", 31 0;
v00000299cab12ca0_0 .var "rst", 0 0;
v00000299cab12f20 .array/s "samples", 15 0, 15 0;
v00000299cab12d40_0 .var/s "x_in", 15 0;
v00000299cab12de0_0 .net/s "y_out", 35 0, v00000299cab12a20_0;  1 drivers
E_00000299caaac840 .event negedge, v00000299caaad460_0;
S_00000299caaae650 .scope module, "dut" "fir_filter" 3 12, 4 1 0, S_00000299caabb900;
 .timescale 0 0;
    .port_info 0 /INPUT 1 "clk";
    .port_info 1 /INPUT 1 "rst";
    .port_info 2 /INPUT 16 "x_in";
    .port_info 3 /INPUT 128 "h";
    .port_info 4 /OUTPUT 36 "y_out";
P_00000299caa82ae0 .param/l "ACC_WIDTH" 1 4 12, +C4<00000000000000000000000000100100>;
P_00000299caa82b18 .param/l "N" 0 4 3, +C4<00000000000000000000000000001000>;
P_00000299caa82b50 .param/l "WIDTH" 0 4 2, +C4<00000000000000000000000000010000>;
v00000299caabba90_0 .var/s "acc_next", 35 0;
v00000299caaad460_0 .net "clk", 0 0, v00000299cab12ac0_0;  1 drivers
v00000299caa82e30_0 .net/s "h", 127 0, v00000299cab12e80_0;  1 drivers
v00000299caaab020_0 .var/i "i", 31 0;
v00000299cab127a0_0 .net "rst", 0 0, v00000299cab12ca0_0;  1 drivers
v00000299cab125c0_0 .var/s "sample_next", 127 0;
v00000299cab12980_0 .var/s "sample_reg", 127 0;
v00000299cab123e0_0 .net/s "x_in", 15 0, v00000299cab12d40_0;  1 drivers
v00000299cab12a20_0 .var/s "y_out", 35 0;
E_00000299caaac640 .event posedge, v00000299caaad460_0;
E_00000299caaacc80 .event anyedge, v00000299cab125c0_0, v00000299caa82e30_0;
E_00000299caaad140 .event anyedge, v00000299cab12980_0, v00000299cab123e0_0;
    .scope S_00000299caaae650;
T_0 ;
Ewait_0 .event/or E_00000299caaad140, E_0x0;
    %wait Ewait_0;
    %load/vec4 v00000299cab12980_0;
    %store/vec4 v00000299cab125c0_0, 0, 128;
    %load/vec4 v00000299cab123e0_0;
    %ix/load 4, 0, 0;
    %flag_set/imm 4, 0;
    %store/vec4 v00000299cab125c0_0, 4, 16;
    %pushi/vec4 1, 0, 32;
    %store/vec4 v00000299caaab020_0, 0, 32;
T_0.0 ;
    %load/vec4 v00000299caaab020_0;
    %cmpi/s 8, 0, 32;
    %jmp/0xz T_0.1, 5;
    %load/vec4 v00000299cab12980_0;
    %load/vec4 v00000299caaab020_0;
    %subi 1, 0, 32;
    %pad/s 36;
    %muli 16, 0, 36;
    %part/s 16;
    %load/vec4 v00000299caaab020_0;
    %pad/s 36;
    %muli 16, 0, 36;
    %ix/vec4/s 4;
    %store/vec4 v00000299cab125c0_0, 4, 16;
    %load/vec4 v00000299caaab020_0;
    %addi 1, 0, 32;
    %store/vec4 v00000299caaab020_0, 0, 32;
    %jmp T_0.0;
T_0.1 ;
    %jmp T_0;
    .thread T_0, $push;
    .scope S_00000299caaae650;
T_1 ;
Ewait_1 .event/or E_00000299caaacc80, E_0x0;
    %wait Ewait_1;
    %pushi/vec4 0, 0, 36;
    %store/vec4 v00000299caabba90_0, 0, 36;
    %pushi/vec4 0, 0, 32;
    %store/vec4 v00000299caaab020_0, 0, 32;
T_1.0 ;
    %load/vec4 v00000299caaab020_0;
    %cmpi/s 8, 0, 32;
    %jmp/0xz T_1.1, 5;
    %load/vec4 v00000299caabba90_0;
    %load/vec4 v00000299cab125c0_0;
    %load/vec4 v00000299caaab020_0;
    %pad/s 36;
    %muli 16, 0, 36;
    %part/s 16;
    %pad/s 36;
    %load/vec4 v00000299caa82e30_0;
    %load/vec4 v00000299caaab020_0;
    %pad/s 36;
    %muli 16, 0, 36;
    %part/s 16;
    %pad/s 36;
    %mul;
    %add;
    %store/vec4 v00000299caabba90_0, 0, 36;
    %load/vec4 v00000299caaab020_0;
    %addi 1, 0, 32;
    %store/vec4 v00000299caaab020_0, 0, 32;
    %jmp T_1.0;
T_1.1 ;
    %jmp T_1;
    .thread T_1, $push;
    .scope S_00000299caaae650;
T_2 ;
    %wait E_00000299caaac640;
    %load/vec4 v00000299cab127a0_0;
    %flag_set/vec4 8;
    %jmp/0xz  T_2.0, 8;
    %pushi/vec4 0, 0, 128;
    %assign/vec4 v00000299cab12980_0, 0;
    %pushi/vec4 0, 0, 36;
    %assign/vec4 v00000299cab12a20_0, 0;
    %jmp T_2.1;
T_2.0 ;
    %load/vec4 v00000299cab125c0_0;
    %assign/vec4 v00000299cab12980_0, 0;
    %load/vec4 v00000299caabba90_0;
    %assign/vec4 v00000299cab12a20_0, 0;
T_2.1 ;
    %jmp T_2;
    .thread T_2;
    .scope S_00000299caabb900;
T_3 ;
    %delay 5, 0;
    %load/vec4 v00000299cab12ac0_0;
    %inv;
    %store/vec4 v00000299cab12ac0_0, 0, 1;
    %jmp T_3;
    .thread T_3;
    .scope S_00000299caabb900;
T_4 ;
    %pushi/vec4 0, 0, 1;
    %store/vec4 v00000299cab12ac0_0, 0, 1;
    %pushi/vec4 1, 0, 1;
    %store/vec4 v00000299cab12ca0_0, 0, 1;
    %pushi/vec4 0, 0, 16;
    %store/vec4 v00000299cab12d40_0, 0, 16;
    %pushi/vec4 0, 0, 32;
    %store/vec4 v00000299cab12c00_0, 0, 32;
T_4.0 ;
    %load/vec4 v00000299cab12c00_0;
    %cmpi/s 8, 0, 32;
    %jmp/0xz T_4.1, 5;
    %load/vec4 v00000299cab12c00_0;
    %addi 1, 0, 32;
    %pad/s 16;
    %load/vec4 v00000299cab12c00_0;
    %pad/s 36;
    %muli 16, 0, 36;
    %ix/vec4/s 4;
    %store/vec4 v00000299cab12e80_0, 4, 16;
    ; show_stmt_assign_vector: Get l-value for compressed += operand
    %load/vec4 v00000299cab12c00_0;
    %pushi/vec4 1, 0, 32;
    %add;
    %cast2;
    %store/vec4 v00000299cab12c00_0, 0, 32;
    %jmp T_4.0;
T_4.1 ;
    %pushi/vec4 0, 0, 32;
    %store/vec4 v00000299cab12c00_0, 0, 32;
T_4.2 ;
    %load/vec4 v00000299cab12c00_0;
    %cmpi/s 16, 0, 32;
    %jmp/0xz T_4.3, 5;
    %load/vec4 v00000299cab12c00_0;
    %addi 1, 0, 32;
    %pad/s 16;
    %ix/getv/s 4, v00000299cab12c00_0;
    %store/vec4a v00000299cab12f20, 4, 0;
    ; show_stmt_assign_vector: Get l-value for compressed += operand
    %load/vec4 v00000299cab12c00_0;
    %pushi/vec4 1, 0, 32;
    %add;
    %cast2;
    %store/vec4 v00000299cab12c00_0, 0, 32;
    %jmp T_4.2;
T_4.3 ;
    %wait E_00000299caaac840;
    %pushi/vec4 0, 0, 1;
    %store/vec4 v00000299cab12ca0_0, 0, 1;
    %pushi/vec4 0, 0, 32;
    %store/vec4 v00000299cab12c00_0, 0, 32;
T_4.4 ;
    %load/vec4 v00000299cab12c00_0;
    %cmpi/s 16, 0, 32;
    %jmp/0xz T_4.5, 5;
    %wait E_00000299caaac840;
    %ix/getv/s 4, v00000299cab12c00_0;
    %load/vec4a v00000299cab12f20, 4;
    %store/vec4 v00000299cab12d40_0, 0, 16;
    %pushi/vec4 0, 0, 36;
    %store/vec4 v00000299cab12b60_0, 0, 36;
    %pushi/vec4 0, 0, 32;
    %store/vec4 v00000299cab12200_0, 0, 32;
T_4.6 ;
    %load/vec4 v00000299cab12200_0;
    %cmpi/s 8, 0, 32;
    %jmp/0xz T_4.7, 5;
    %load/vec4 v00000299cab12c00_0;
    %load/vec4 v00000299cab12200_0;
    %sub;
    %cmpi/s 0, 0, 32;
    %flag_inv 5; GE is !LT
    %jmp/0xz  T_4.8, 5;
    ; show_stmt_assign_vector: Get l-value for compressed += operand
    %load/vec4 v00000299cab12b60_0;
    %load/vec4 v00000299cab12c00_0;
    %pad/s 33;
    %load/vec4 v00000299cab12200_0;
    %pad/s 33;
    %sub;
    %ix/vec4/s 4;
    %load/vec4a v00000299cab12f20, 4;
    %pad/s 36;
    %load/vec4 v00000299cab12e80_0;
    %load/vec4 v00000299cab12200_0;
    %pad/s 36;
    %muli 16, 0, 36;
    %part/s 16;
    %pad/s 36;
    %mul;
    %add;
    %store/vec4 v00000299cab12b60_0, 0, 36;
T_4.8 ;
    ; show_stmt_assign_vector: Get l-value for compressed += operand
    %load/vec4 v00000299cab12200_0;
    %pushi/vec4 1, 0, 32;
    %add;
    %cast2;
    %store/vec4 v00000299cab12200_0, 0, 32;
    %jmp T_4.6;
T_4.7 ;
    %wait E_00000299caaac640;
    %delay 1, 0;
    %vpi_call/w 3 56 "$display", "Sample %0d: y_out = %0d, expected = %0d", v00000299cab12c00_0, v00000299cab12de0_0, v00000299cab12b60_0 {0 0 0};
    %load/vec4 v00000299cab12de0_0;
    %load/vec4 v00000299cab12b60_0;
    %cmp/e;
    %jmp/0xz  T_4.10, 6;
    %vpi_call/w 3 58 "$display", "PASS" {0 0 0};
    %jmp T_4.11;
T_4.10 ;
    %vpi_call/w 3 60 "$display", "FAIL" {0 0 0};
T_4.11 ;
    ; show_stmt_assign_vector: Get l-value for compressed += operand
    %load/vec4 v00000299cab12c00_0;
    %pushi/vec4 1, 0, 32;
    %add;
    %cast2;
    %store/vec4 v00000299cab12c00_0, 0, 32;
    %jmp T_4.4;
T_4.5 ;
    %vpi_call/w 3 63 "$finish" {0 0 0};
    %end;
    .thread T_4;
# The file index is used to find the file name in the following table.
:file_names 5;
    "N/A";
    "<interactive>";
    "-";
    "tb/iclad_fir_tb.v";
    "rtl/p9_design.sv";
