#! /c/Source/iverilog-install/bin/vvp
:ivl_version "12.0 (devel)" "(s20150603-1110-g18392a46)";
:ivl_delay_selection "TYPICAL";
:vpi_time_precision + 0;
:vpi_module "C:\iverilog\lib\ivl\system.vpi";
:vpi_module "C:\iverilog\lib\ivl\vhdl_sys.vpi";
:vpi_module "C:\iverilog\lib\ivl\vhdl_textio.vpi";
:vpi_module "C:\iverilog\lib\ivl\v2005_math.vpi";
:vpi_module "C:\iverilog\lib\ivl\va_math.vpi";
:vpi_module "C:\iverilog\lib\ivl\v2009.vpi";
S_00000206d11ba600 .scope package, "$unit" "$unit" 2 1;
 .timescale 0 0;
S_00000206d11ba790 .scope module, "test_fir_filter" "test_fir_filter" 3 2;
 .timescale 0 0;
P_00000206d11831a0 .param/l "N" 0 3 5, +C4<00000000000000000000000000001000>;
P_00000206d11831d8 .param/l "WIDTH" 0 3 4, +C4<00000000000000000000000000010000>;
v00000206d12131d0_0 .var "clk", 0 0;
v00000206d12138b0_0 .var/s "expected_val", 35 0;
v00000206d1213950_0 .var/s "h", 127 0;
v00000206d1213b30_0 .var/2s "i", 31 0;
v00000206d1213a90_0 .var/2s "j", 31 0;
v00000206d1212e10_0 .var "rst", 0 0;
v00000206d1213bd0 .array/s "samples", 15 0, 15 0;
v00000206d1213810_0 .var/s "x_in", 15 0;
v00000206d1213590_0 .net/s "y_out", 35 0, v00000206d1213270_0;  1 drivers
E_00000206d11aa5c0 .event negedge, v00000206d11abb50_0;
S_00000206d11acd40 .scope module, "dut" "fir_filter" 3 12, 4 1 0, S_00000206d11ba790;
 .timescale 0 0;
    .port_info 0 /INPUT 1 "clk";
    .port_info 1 /INPUT 1 "rst";
    .port_info 2 /INPUT 16 "x_in";
    .port_info 3 /INPUT 128 "h";
    .port_info 4 /OUTPUT 36 "y_out";
P_00000206d1183020 .param/l "ACC_WIDTH" 1 4 12, +C4<00000000000000000000000000100100>;
P_00000206d1183058 .param/l "N" 0 4 3, +C4<00000000000000000000000000001000>;
P_00000206d1183090 .param/l "WIDTH" 0 4 2, +C4<00000000000000000000000000010000>;
v00000206d11abb50_0 .net "clk", 0 0, v00000206d12131d0_0;  1 drivers
v00000206d1182e20_0 .net/s "h", 127 0, v00000206d1213950_0;  1 drivers
v00000206d1213450_0 .net "rst", 0 0, v00000206d1212e10_0;  1 drivers
v00000206d1213310_0 .var/s "sample_reg", 127 0;
v00000206d1213130_0 .var/s "sum_next", 35 0;
v00000206d1213090_0 .net/s "x_in", 15 0, v00000206d1213810_0;  1 drivers
v00000206d1213270_0 .var/s "y_out", 35 0;
E_00000206d11aa440 .event posedge, v00000206d11abb50_0;
E_00000206d11a9dc0 .event anyedge, v00000206d1213090_0, v00000206d1182e20_0, v00000206d1213310_0;
S_00000206d11aced0 .scope begin, "$ivl_for_loop0" "$ivl_for_loop0" 4 19, 4 19 0, S_00000206d11acd40;
 .timescale 0 0;
v00000206d11ba920_0 .var/2s "i", 31 0;
S_00000206d11ad060 .scope begin, "$ivl_for_loop1" "$ivl_for_loop1" 4 34, 4 34 0, S_00000206d11acd40;
 .timescale 0 0;
v00000206d11ab970_0 .var/2s "i", 31 0;
    .scope S_00000206d11acd40;
T_0 ;
Ewait_0 .event/or E_00000206d11a9dc0, E_0x0;
    %wait Ewait_0;
    %pushi/vec4 0, 0, 36;
    %store/vec4 v00000206d1213130_0, 0, 36;
    %fork t_1, S_00000206d11aced0;
    %jmp t_0;
    .scope S_00000206d11aced0;
t_1 ;
    %pushi/vec4 0, 0, 32;
    %store/vec4 v00000206d11ba920_0, 0, 32;
T_0.0 ;
    %load/vec4 v00000206d11ba920_0;
    %cmpi/s 8, 0, 32;
    %jmp/0xz T_0.1, 5;
    %load/vec4 v00000206d11ba920_0;
    %cmpi/e 0, 0, 32;
    %jmp/0xz  T_0.2, 4;
    %load/vec4 v00000206d1213130_0;
    %load/vec4 v00000206d1213090_0;
    %pad/s 36;
    %load/vec4 v00000206d1182e20_0;
    %load/vec4 v00000206d11ba920_0;
    %pad/s 36;
    %muli 16, 0, 36;
    %part/s 16;
    %pad/s 36;
    %mul;
    %add;
    %store/vec4 v00000206d1213130_0, 0, 36;
    %jmp T_0.3;
T_0.2 ;
    %load/vec4 v00000206d1213130_0;
    %load/vec4 v00000206d1213310_0;
    %load/vec4 v00000206d11ba920_0;
    %subi 1, 0, 32;
    %pad/s 36;
    %muli 16, 0, 36;
    %part/s 16;
    %pad/s 36;
    %load/vec4 v00000206d1182e20_0;
    %load/vec4 v00000206d11ba920_0;
    %pad/s 36;
    %muli 16, 0, 36;
    %part/s 16;
    %pad/s 36;
    %mul;
    %add;
    %store/vec4 v00000206d1213130_0, 0, 36;
T_0.3 ;
    %load/vec4 v00000206d11ba920_0;
    %addi 1, 0, 32;
    %cast2;
    %store/vec4 v00000206d11ba920_0, 0, 32;
    %jmp T_0.0;
T_0.1 ;
    %end;
    .scope S_00000206d11acd40;
t_0 %join;
    %jmp T_0;
    .thread T_0, $push;
    .scope S_00000206d11acd40;
T_1 ;
    %wait E_00000206d11aa440;
    %load/vec4 v00000206d1213450_0;
    %flag_set/vec4 8;
    %jmp/0xz  T_1.0, 8;
    %pushi/vec4 0, 0, 128;
    %assign/vec4 v00000206d1213310_0, 0;
    %pushi/vec4 0, 0, 36;
    %assign/vec4 v00000206d1213270_0, 0;
    %jmp T_1.1;
T_1.0 ;
    %load/vec4 v00000206d1213090_0;
    %ix/load 4, 0, 0;
    %ix/load 5, 0, 0;
    %flag_set/imm 4, 0;
    %assign/vec4/off/d v00000206d1213310_0, 4, 5;
    %fork t_3, S_00000206d11ad060;
    %jmp t_2;
    .scope S_00000206d11ad060;
t_3 ;
    %pushi/vec4 1, 0, 32;
    %store/vec4 v00000206d11ab970_0, 0, 32;
T_1.2 ;
    %load/vec4 v00000206d11ab970_0;
    %cmpi/s 8, 0, 32;
    %jmp/0xz T_1.3, 5;
    %load/vec4 v00000206d1213310_0;
    %load/vec4 v00000206d11ab970_0;
    %subi 1, 0, 32;
    %pad/s 36;
    %muli 16, 0, 36;
    %part/s 16;
    %ix/load 5, 0, 0;
    %load/vec4 v00000206d11ab970_0;
    %pad/s 36;
    %muli 16, 0, 36;
    %ix/vec4/s 4;
    %assign/vec4/off/d v00000206d1213310_0, 4, 5;
    %load/vec4 v00000206d11ab970_0;
    %addi 1, 0, 32;
    %cast2;
    %store/vec4 v00000206d11ab970_0, 0, 32;
    %jmp T_1.2;
T_1.3 ;
    %end;
    .scope S_00000206d11acd40;
t_2 %join;
    %load/vec4 v00000206d1213130_0;
    %assign/vec4 v00000206d1213270_0, 0;
T_1.1 ;
    %jmp T_1;
    .thread T_1;
    .scope S_00000206d11ba790;
T_2 ;
    %delay 5, 0;
    %load/vec4 v00000206d12131d0_0;
    %inv;
    %store/vec4 v00000206d12131d0_0, 0, 1;
    %jmp T_2;
    .thread T_2;
    .scope S_00000206d11ba790;
T_3 ;
    %pushi/vec4 0, 0, 1;
    %store/vec4 v00000206d12131d0_0, 0, 1;
    %pushi/vec4 1, 0, 1;
    %store/vec4 v00000206d1212e10_0, 0, 1;
    %pushi/vec4 0, 0, 16;
    %store/vec4 v00000206d1213810_0, 0, 16;
    %pushi/vec4 0, 0, 32;
    %store/vec4 v00000206d1213b30_0, 0, 32;
T_3.0 ;
    %load/vec4 v00000206d1213b30_0;
    %cmpi/s 8, 0, 32;
    %jmp/0xz T_3.1, 5;
    %load/vec4 v00000206d1213b30_0;
    %addi 1, 0, 32;
    %pad/s 16;
    %load/vec4 v00000206d1213b30_0;
    %pad/s 36;
    %muli 16, 0, 36;
    %ix/vec4/s 4;
    %store/vec4 v00000206d1213950_0, 4, 16;
    ; show_stmt_assign_vector: Get l-value for compressed += operand
    %load/vec4 v00000206d1213b30_0;
    %pushi/vec4 1, 0, 32;
    %add;
    %cast2;
    %store/vec4 v00000206d1213b30_0, 0, 32;
    %jmp T_3.0;
T_3.1 ;
    %pushi/vec4 0, 0, 32;
    %store/vec4 v00000206d1213b30_0, 0, 32;
T_3.2 ;
    %load/vec4 v00000206d1213b30_0;
    %cmpi/s 16, 0, 32;
    %jmp/0xz T_3.3, 5;
    %load/vec4 v00000206d1213b30_0;
    %addi 1, 0, 32;
    %pad/s 16;
    %ix/getv/s 4, v00000206d1213b30_0;
    %store/vec4a v00000206d1213bd0, 4, 0;
    ; show_stmt_assign_vector: Get l-value for compressed += operand
    %load/vec4 v00000206d1213b30_0;
    %pushi/vec4 1, 0, 32;
    %add;
    %cast2;
    %store/vec4 v00000206d1213b30_0, 0, 32;
    %jmp T_3.2;
T_3.3 ;
    %wait E_00000206d11aa5c0;
    %pushi/vec4 0, 0, 1;
    %store/vec4 v00000206d1212e10_0, 0, 1;
    %pushi/vec4 0, 0, 32;
    %store/vec4 v00000206d1213b30_0, 0, 32;
T_3.4 ;
    %load/vec4 v00000206d1213b30_0;
    %cmpi/s 16, 0, 32;
    %jmp/0xz T_3.5, 5;
    %wait E_00000206d11aa5c0;
    %ix/getv/s 4, v00000206d1213b30_0;
    %load/vec4a v00000206d1213bd0, 4;
    %store/vec4 v00000206d1213810_0, 0, 16;
    %pushi/vec4 0, 0, 36;
    %store/vec4 v00000206d12138b0_0, 0, 36;
    %pushi/vec4 0, 0, 32;
    %store/vec4 v00000206d1213a90_0, 0, 32;
T_3.6 ;
    %load/vec4 v00000206d1213a90_0;
    %cmpi/s 8, 0, 32;
    %jmp/0xz T_3.7, 5;
    %load/vec4 v00000206d1213b30_0;
    %load/vec4 v00000206d1213a90_0;
    %sub;
    %cmpi/s 0, 0, 32;
    %flag_inv 5; GE is !LT
    %jmp/0xz  T_3.8, 5;
    ; show_stmt_assign_vector: Get l-value for compressed += operand
    %load/vec4 v00000206d12138b0_0;
    %load/vec4 v00000206d1213b30_0;
    %pad/s 33;
    %load/vec4 v00000206d1213a90_0;
    %pad/s 33;
    %sub;
    %ix/vec4/s 4;
    %load/vec4a v00000206d1213bd0, 4;
    %pad/s 36;
    %load/vec4 v00000206d1213950_0;
    %load/vec4 v00000206d1213a90_0;
    %pad/s 36;
    %muli 16, 0, 36;
    %part/s 16;
    %pad/s 36;
    %mul;
    %add;
    %store/vec4 v00000206d12138b0_0, 0, 36;
T_3.8 ;
    ; show_stmt_assign_vector: Get l-value for compressed += operand
    %load/vec4 v00000206d1213a90_0;
    %pushi/vec4 1, 0, 32;
    %add;
    %cast2;
    %store/vec4 v00000206d1213a90_0, 0, 32;
    %jmp T_3.6;
T_3.7 ;
    %wait E_00000206d11aa440;
    %delay 1, 0;
    %vpi_call/w 3 56 "$display", "Sample %0d: y_out = %0d, expected = %0d", v00000206d1213b30_0, v00000206d1213590_0, v00000206d12138b0_0 {0 0 0};
    %load/vec4 v00000206d1213590_0;
    %load/vec4 v00000206d12138b0_0;
    %cmp/e;
    %jmp/0xz  T_3.10, 6;
    %vpi_call/w 3 58 "$display", "PASS" {0 0 0};
    %jmp T_3.11;
T_3.10 ;
    %vpi_call/w 3 60 "$display", "FAIL" {0 0 0};
T_3.11 ;
    ; show_stmt_assign_vector: Get l-value for compressed += operand
    %load/vec4 v00000206d1213b30_0;
    %pushi/vec4 1, 0, 32;
    %add;
    %cast2;
    %store/vec4 v00000206d1213b30_0, 0, 32;
    %jmp T_3.4;
T_3.5 ;
    %vpi_call/w 3 63 "$finish" {0 0 0};
    %end;
    .thread T_3;
# The file index is used to find the file name in the following table.
:file_names 5;
    "N/A";
    "<interactive>";
    "-";
    "tb/iclad_fir_tb.v";
    "rtl/p9_design.v";
