
==========================================================================
finish report_tns
--------------------------------------------------------------------------
tns max 0.00

==========================================================================
finish report_wns
--------------------------------------------------------------------------
wns max 0.00

==========================================================================
finish report_worst_slack
--------------------------------------------------------------------------
worst slack max 0.47

==========================================================================
finish report_clock_min_period
--------------------------------------------------------------------------
clk period_min = 2.53 fmax = 395.09

==========================================================================
finish report_clock_skew
--------------------------------------------------------------------------
Clock clk
   0.29 source latency valid_s2$_SDFF_PP0_/CLK ^
  -0.28 target latency x_s3[2]$_SDFFE_PP0P_/CLK ^
   0.00 CRPR
--------------
   0.01 setup skew


==========================================================================
finish report_checks -path_delay min
--------------------------------------------------------------------------
Startpoint: exp_out[4]$_SDFFE_PP0P_
            (rising edge-triggered flip-flop clocked by clk)
Endpoint: exp_out[4]$_SDFFE_PP0P_
          (rising edge-triggered flip-flop clocked by clk)
Path Group: clk
Path Type: min

Fanout     Cap    Slew   Delay    Time   Description
-----------------------------------------------------------------------------
                          0.00    0.00   clock clk (rise edge)
                          0.00    0.00   clock source latency
     1    0.02    0.00    0.00    0.00 ^ clk (in)
                                         clk (net)
                  0.00    0.00    0.00 ^ clkbuf_0_clk/A (sky130_fd_sc_hd__clkbuf_16)
     4    0.04    0.06    0.13    0.13 ^ clkbuf_0_clk/X (sky130_fd_sc_hd__clkbuf_16)
                                         clknet_0_clk (net)
                  0.06    0.00    0.13 ^ clkbuf_2_2__f_clk/A (sky130_fd_sc_hd__clkbuf_16)
     7    0.05    0.07    0.16    0.29 ^ clkbuf_2_2__f_clk/X (sky130_fd_sc_hd__clkbuf_16)
                                         clknet_2_2__leaf_clk (net)
                  0.07    0.00    0.29 ^ exp_out[4]$_SDFFE_PP0P_/CLK (sky130_fd_sc_hd__dfxtp_1)
     2    0.01    0.05    0.33    0.62 v exp_out[4]$_SDFFE_PP0P_/Q (sky130_fd_sc_hd__dfxtp_1)
                                         net20 (net)
                  0.05    0.00    0.62 v _860_/A (sky130_fd_sc_hd__nand2_1)
     1    0.00    0.03    0.05    0.67 ^ _860_/Y (sky130_fd_sc_hd__nand2_1)
                                         _412_ (net)
                  0.03    0.00    0.67 ^ _861_/B1 (sky130_fd_sc_hd__o21ai_1)
     1    0.00    0.03    0.05    0.72 v _861_/Y (sky130_fd_sc_hd__o21ai_1)
                                         _031_ (net)
                  0.03    0.00    0.72 v exp_out[4]$_SDFFE_PP0P_/D (sky130_fd_sc_hd__dfxtp_1)
                                  0.72   data arrival time

                          0.00    0.00   clock clk (rise edge)
                          0.00    0.00   clock source latency
     1    0.02    0.00    0.00    0.00 ^ clk (in)
                                         clk (net)
                  0.00    0.00    0.00 ^ clkbuf_0_clk/A (sky130_fd_sc_hd__clkbuf_16)
     4    0.04    0.06    0.13    0.13 ^ clkbuf_0_clk/X (sky130_fd_sc_hd__clkbuf_16)
                                         clknet_0_clk (net)
                  0.06    0.00    0.13 ^ clkbuf_2_2__f_clk/A (sky130_fd_sc_hd__clkbuf_16)
     7    0.05    0.07    0.16    0.29 ^ clkbuf_2_2__f_clk/X (sky130_fd_sc_hd__clkbuf_16)
                                         clknet_2_2__leaf_clk (net)
                  0.07    0.00    0.29 ^ exp_out[4]$_SDFFE_PP0P_/CLK (sky130_fd_sc_hd__dfxtp_1)
                          0.00    0.29   clock reconvergence pessimism
                         -0.04    0.25   library hold time
                                  0.25   data required time
-----------------------------------------------------------------------------
                                  0.25   data required time
                                 -0.72   data arrival time
-----------------------------------------------------------------------------
                                  0.47   slack (MET)



==========================================================================
finish report_checks -path_delay max
--------------------------------------------------------------------------
Startpoint: x_s3[1]$_SDFFE_PP0P_
            (rising edge-triggered flip-flop clocked by clk)
Endpoint: exp_out[3]$_SDFFE_PP0P_
          (rising edge-triggered flip-flop clocked by clk)
Path Group: clk
Path Type: max

Fanout     Cap    Slew   Delay    Time   Description
-----------------------------------------------------------------------------
                          0.00    0.00   clock clk (rise edge)
                          0.00    0.00   clock source latency
     1    0.02    0.00    0.00    0.00 ^ clk (in)
                                         clk (net)
                  0.00    0.00    0.00 ^ clkbuf_0_clk/A (sky130_fd_sc_hd__clkbuf_16)
     4    0.04    0.06    0.13    0.13 ^ clkbuf_0_clk/X (sky130_fd_sc_hd__clkbuf_16)
                                         clknet_0_clk (net)
                  0.06    0.00    0.13 ^ clkbuf_2_0__f_clk/A (sky130_fd_sc_hd__clkbuf_16)
    11    0.04    0.06    0.15    0.28 ^ clkbuf_2_0__f_clk/X (sky130_fd_sc_hd__clkbuf_16)
                                         clknet_2_0__leaf_clk (net)
                  0.06    0.00    0.28 ^ x_s3[1]$_SDFFE_PP0P_/CLK (sky130_fd_sc_hd__dfxtp_1)
     2    0.01    0.04    0.31    0.59 v x_s3[1]$_SDFFE_PP0P_/Q (sky130_fd_sc_hd__dfxtp_1)
                                         x_s3[1] (net)
                  0.04    0.00    0.59 v _487_/A (sky130_fd_sc_hd__clkinv_1)
     4    0.01    0.08    0.08    0.68 ^ _487_/Y (sky130_fd_sc_hd__clkinv_1)
                                         _000_ (net)
                  0.08    0.00    0.68 ^ place71/A (sky130_fd_sc_hd__buf_4)
    10    0.05    0.15    0.20    0.88 ^ place71/X (sky130_fd_sc_hd__buf_4)
                                         net70 (net)
                  0.15    0.00    0.88 ^ _947_/B (sky130_fd_sc_hd__ha_1)
    10    0.04    0.38    0.41    1.29 ^ _947_/COUT (sky130_fd_sc_hd__ha_1)
                                         _009_ (net)
                  0.38    0.00    1.30 ^ _841_/B (sky130_fd_sc_hd__nor2_1)
     5    0.02    0.18    0.20    1.50 v _841_/Y (sky130_fd_sc_hd__nor2_1)
                                         _393_ (net)
                  0.18    0.00    1.50 v _842_/B1 (sky130_fd_sc_hd__a211oi_2)
     1    0.00    0.17    0.25    1.75 ^ _842_/Y (sky130_fd_sc_hd__a211oi_2)
                                         _394_ (net)
                  0.17    0.00    1.75 ^ _843_/B1 (sky130_fd_sc_hd__a31oi_1)
     2    0.01    0.12    0.08    1.83 v _843_/Y (sky130_fd_sc_hd__a31oi_1)
                                         _395_ (net)
                  0.12    0.00    1.83 v _867_/A1 (sky130_fd_sc_hd__mux4_2)
     1    0.00    0.09    0.48    2.31 v _867_/X (sky130_fd_sc_hd__mux4_2)
                                         _418_ (net)
                  0.09    0.00    2.31 v _875_/A2 (sky130_fd_sc_hd__a22o_1)
     1    0.00    0.04    0.24    2.55 v _875_/X (sky130_fd_sc_hd__a22o_1)
                                         _426_ (net)
                  0.04    0.00    2.55 v _901_/A3 (sky130_fd_sc_hd__a32oi_1)
     1    0.00    0.16    0.19    2.74 ^ _901_/Y (sky130_fd_sc_hd__a32oi_1)
                                         _032_ (net)
                  0.16    0.00    2.74 ^ exp_out[3]$_SDFFE_PP0P_/D (sky130_fd_sc_hd__dfxtp_1)
                                  2.74   data arrival time

                          3.00    3.00   clock clk (rise edge)
                          0.00    3.00   clock source latency
     1    0.02    0.00    0.00    3.00 ^ clk (in)
                                         clk (net)
                  0.00    0.00    3.00 ^ clkbuf_0_clk/A (sky130_fd_sc_hd__clkbuf_16)
     4    0.04    0.06    0.13    3.13 ^ clkbuf_0_clk/X (sky130_fd_sc_hd__clkbuf_16)
                                         clknet_0_clk (net)
                  0.06    0.00    3.13 ^ clkbuf_2_2__f_clk/A (sky130_fd_sc_hd__clkbuf_16)
     7    0.05    0.07    0.16    3.29 ^ clkbuf_2_2__f_clk/X (sky130_fd_sc_hd__clkbuf_16)
                                         clknet_2_2__leaf_clk (net)
                  0.07    0.00    3.29 ^ exp_out[3]$_SDFFE_PP0P_/CLK (sky130_fd_sc_hd__dfxtp_1)
                          0.00    3.29   clock reconvergence pessimism
                         -0.08    3.21   library setup time
                                  3.21   data required time
-----------------------------------------------------------------------------
                                  3.21   data required time
                                 -2.74   data arrival time
-----------------------------------------------------------------------------
                                  0.47   slack (MET)



==========================================================================
finish report_checks -unconstrained
--------------------------------------------------------------------------
Startpoint: x_s3[1]$_SDFFE_PP0P_
            (rising edge-triggered flip-flop clocked by clk)
Endpoint: exp_out[3]$_SDFFE_PP0P_
          (rising edge-triggered flip-flop clocked by clk)
Path Group: clk
Path Type: max

Fanout     Cap    Slew   Delay    Time   Description
-----------------------------------------------------------------------------
                          0.00    0.00   clock clk (rise edge)
                          0.00    0.00   clock source latency
     1    0.02    0.00    0.00    0.00 ^ clk (in)
                                         clk (net)
                  0.00    0.00    0.00 ^ clkbuf_0_clk/A (sky130_fd_sc_hd__clkbuf_16)
     4    0.04    0.06    0.13    0.13 ^ clkbuf_0_clk/X (sky130_fd_sc_hd__clkbuf_16)
                                         clknet_0_clk (net)
                  0.06    0.00    0.13 ^ clkbuf_2_0__f_clk/A (sky130_fd_sc_hd__clkbuf_16)
    11    0.04    0.06    0.15    0.28 ^ clkbuf_2_0__f_clk/X (sky130_fd_sc_hd__clkbuf_16)
                                         clknet_2_0__leaf_clk (net)
                  0.06    0.00    0.28 ^ x_s3[1]$_SDFFE_PP0P_/CLK (sky130_fd_sc_hd__dfxtp_1)
     2    0.01    0.04    0.31    0.59 v x_s3[1]$_SDFFE_PP0P_/Q (sky130_fd_sc_hd__dfxtp_1)
                                         x_s3[1] (net)
                  0.04    0.00    0.59 v _487_/A (sky130_fd_sc_hd__clkinv_1)
     4    0.01    0.08    0.08    0.68 ^ _487_/Y (sky130_fd_sc_hd__clkinv_1)
                                         _000_ (net)
                  0.08    0.00    0.68 ^ place71/A (sky130_fd_sc_hd__buf_4)
    10    0.05    0.15    0.20    0.88 ^ place71/X (sky130_fd_sc_hd__buf_4)
                                         net70 (net)
                  0.15    0.00    0.88 ^ _947_/B (sky130_fd_sc_hd__ha_1)
    10    0.04    0.38    0.41    1.29 ^ _947_/COUT (sky130_fd_sc_hd__ha_1)
                                         _009_ (net)
                  0.38    0.00    1.30 ^ _841_/B (sky130_fd_sc_hd__nor2_1)
     5    0.02    0.18    0.20    1.50 v _841_/Y (sky130_fd_sc_hd__nor2_1)
                                         _393_ (net)
                  0.18    0.00    1.50 v _842_/B1 (sky130_fd_sc_hd__a211oi_2)
     1    0.00    0.17    0.25    1.75 ^ _842_/Y (sky130_fd_sc_hd__a211oi_2)
                                         _394_ (net)
                  0.17    0.00    1.75 ^ _843_/B1 (sky130_fd_sc_hd__a31oi_1)
     2    0.01    0.12    0.08    1.83 v _843_/Y (sky130_fd_sc_hd__a31oi_1)
                                         _395_ (net)
                  0.12    0.00    1.83 v _867_/A1 (sky130_fd_sc_hd__mux4_2)
     1    0.00    0.09    0.48    2.31 v _867_/X (sky130_fd_sc_hd__mux4_2)
                                         _418_ (net)
                  0.09    0.00    2.31 v _875_/A2 (sky130_fd_sc_hd__a22o_1)
     1    0.00    0.04    0.24    2.55 v _875_/X (sky130_fd_sc_hd__a22o_1)
                                         _426_ (net)
                  0.04    0.00    2.55 v _901_/A3 (sky130_fd_sc_hd__a32oi_1)
     1    0.00    0.16    0.19    2.74 ^ _901_/Y (sky130_fd_sc_hd__a32oi_1)
                                         _032_ (net)
                  0.16    0.00    2.74 ^ exp_out[3]$_SDFFE_PP0P_/D (sky130_fd_sc_hd__dfxtp_1)
                                  2.74   data arrival time

                          3.00    3.00   clock clk (rise edge)
                          0.00    3.00   clock source latency
     1    0.02    0.00    0.00    3.00 ^ clk (in)
                                         clk (net)
                  0.00    0.00    3.00 ^ clkbuf_0_clk/A (sky130_fd_sc_hd__clkbuf_16)
     4    0.04    0.06    0.13    3.13 ^ clkbuf_0_clk/X (sky130_fd_sc_hd__clkbuf_16)
                                         clknet_0_clk (net)
                  0.06    0.00    3.13 ^ clkbuf_2_2__f_clk/A (sky130_fd_sc_hd__clkbuf_16)
     7    0.05    0.07    0.16    3.29 ^ clkbuf_2_2__f_clk/X (sky130_fd_sc_hd__clkbuf_16)
                                         clknet_2_2__leaf_clk (net)
                  0.07    0.00    3.29 ^ exp_out[3]$_SDFFE_PP0P_/CLK (sky130_fd_sc_hd__dfxtp_1)
                          0.00    3.29   clock reconvergence pessimism
                         -0.08    3.21   library setup time
                                  3.21   data required time
-----------------------------------------------------------------------------
                                  3.21   data required time
                                 -2.74   data arrival time
-----------------------------------------------------------------------------
                                  0.47   slack (MET)



==========================================================================
finish report_check_types -max_slew -max_cap -max_fanout -violators
--------------------------------------------------------------------------

==========================================================================
finish max_slew_check_slack
--------------------------------------------------------------------------
0.8213956356048584

==========================================================================
finish max_slew_check_limit
--------------------------------------------------------------------------
1.49691903591156

==========================================================================
finish max_slew_check_slack_limit
--------------------------------------------------------------------------
0.5487

==========================================================================
finish max_fanout_check_slack
--------------------------------------------------------------------------
1.0000000150474662e+30

==========================================================================
finish max_fanout_check_limit
--------------------------------------------------------------------------
1.0000000150474662e+30

==========================================================================
finish max_capacitance_check_slack
--------------------------------------------------------------------------
0.01481021661311388

==========================================================================
finish max_capacitance_check_limit
--------------------------------------------------------------------------
0.021067000925540924

==========================================================================
finish max_capacitance_check_slack_limit
--------------------------------------------------------------------------
0.7030

==========================================================================
finish max_slew_violation_count
--------------------------------------------------------------------------
max slew violation count 0

==========================================================================
finish max_fanout_violation_count
--------------------------------------------------------------------------
max fanout violation count 0

==========================================================================
finish max_cap_violation_count
--------------------------------------------------------------------------
max cap violation count 0

==========================================================================
finish setup_violation_count
--------------------------------------------------------------------------
setup violation count 0

==========================================================================
finish hold_violation_count
--------------------------------------------------------------------------
hold violation count 0

==========================================================================
finish report_checks -path_delay max reg to reg
--------------------------------------------------------------------------
Startpoint: x_s3[1]$_SDFFE_PP0P_
            (rising edge-triggered flip-flop clocked by clk)
Endpoint: exp_out[3]$_SDFFE_PP0P_
          (rising edge-triggered flip-flop clocked by clk)
Path Group: clk
Path Type: max

  Delay    Time   Description
---------------------------------------------------------
   0.00    0.00   clock clk (rise edge)
   0.00    0.00   clock source latency
   0.00    0.00 ^ clk (in)
   0.13    0.13 ^ clkbuf_0_clk/X (sky130_fd_sc_hd__clkbuf_16)
   0.15    0.28 ^ clkbuf_2_0__f_clk/X (sky130_fd_sc_hd__clkbuf_16)
   0.00    0.28 ^ x_s3[1]$_SDFFE_PP0P_/CLK (sky130_fd_sc_hd__dfxtp_1)
   0.31    0.59 v x_s3[1]$_SDFFE_PP0P_/Q (sky130_fd_sc_hd__dfxtp_1)
   0.08    0.68 ^ _487_/Y (sky130_fd_sc_hd__clkinv_1)
   0.20    0.88 ^ place71/X (sky130_fd_sc_hd__buf_4)
   0.41    1.29 ^ _947_/COUT (sky130_fd_sc_hd__ha_1)
   0.21    1.50 v _841_/Y (sky130_fd_sc_hd__nor2_1)
   0.25    1.75 ^ _842_/Y (sky130_fd_sc_hd__a211oi_2)
   0.08    1.83 v _843_/Y (sky130_fd_sc_hd__a31oi_1)
   0.48    2.31 v _867_/X (sky130_fd_sc_hd__mux4_2)
   0.24    2.55 v _875_/X (sky130_fd_sc_hd__a22o_1)
   0.19    2.74 ^ _901_/Y (sky130_fd_sc_hd__a32oi_1)
   0.00    2.74 ^ exp_out[3]$_SDFFE_PP0P_/D (sky130_fd_sc_hd__dfxtp_1)
           2.74   data arrival time

   3.00    3.00   clock clk (rise edge)
   0.00    3.00   clock source latency
   0.00    3.00 ^ clk (in)
   0.13    3.13 ^ clkbuf_0_clk/X (sky130_fd_sc_hd__clkbuf_16)
   0.16    3.29 ^ clkbuf_2_2__f_clk/X (sky130_fd_sc_hd__clkbuf_16)
   0.00    3.29 ^ exp_out[3]$_SDFFE_PP0P_/CLK (sky130_fd_sc_hd__dfxtp_1)
   0.00    3.29   clock reconvergence pessimism
  -0.08    3.21   library setup time
           3.21   data required time
---------------------------------------------------------
           3.21   data required time
          -2.74   data arrival time
---------------------------------------------------------
           0.47   slack (MET)



==========================================================================
finish report_checks -path_delay min reg to reg
--------------------------------------------------------------------------
Startpoint: exp_out[4]$_SDFFE_PP0P_
            (rising edge-triggered flip-flop clocked by clk)
Endpoint: exp_out[4]$_SDFFE_PP0P_
          (rising edge-triggered flip-flop clocked by clk)
Path Group: clk
Path Type: min

  Delay    Time   Description
---------------------------------------------------------
   0.00    0.00   clock clk (rise edge)
   0.00    0.00   clock source latency
   0.00    0.00 ^ clk (in)
   0.13    0.13 ^ clkbuf_0_clk/X (sky130_fd_sc_hd__clkbuf_16)
   0.16    0.29 ^ clkbuf_2_2__f_clk/X (sky130_fd_sc_hd__clkbuf_16)
   0.00    0.29 ^ exp_out[4]$_SDFFE_PP0P_/CLK (sky130_fd_sc_hd__dfxtp_1)
   0.33    0.62 v exp_out[4]$_SDFFE_PP0P_/Q (sky130_fd_sc_hd__dfxtp_1)
   0.05    0.67 ^ _860_/Y (sky130_fd_sc_hd__nand2_1)
   0.05    0.72 v _861_/Y (sky130_fd_sc_hd__o21ai_1)
   0.00    0.72 v exp_out[4]$_SDFFE_PP0P_/D (sky130_fd_sc_hd__dfxtp_1)
           0.72   data arrival time

   0.00    0.00   clock clk (rise edge)
   0.00    0.00   clock source latency
   0.00    0.00 ^ clk (in)
   0.13    0.13 ^ clkbuf_0_clk/X (sky130_fd_sc_hd__clkbuf_16)
   0.16    0.29 ^ clkbuf_2_2__f_clk/X (sky130_fd_sc_hd__clkbuf_16)
   0.00    0.29 ^ exp_out[4]$_SDFFE_PP0P_/CLK (sky130_fd_sc_hd__dfxtp_1)
   0.00    0.29   clock reconvergence pessimism
  -0.04    0.25   library hold time
           0.25   data required time
---------------------------------------------------------
           0.25   data required time
          -0.72   data arrival time
---------------------------------------------------------
           0.47   slack (MET)



==========================================================================
finish critical path target clock latency max path
--------------------------------------------------------------------------
0.2898

==========================================================================
finish critical path target clock latency min path
--------------------------------------------------------------------------
0.2843

==========================================================================
finish critical path source clock latency min path
--------------------------------------------------------------------------
0.0000

==========================================================================
finish critical path delay
--------------------------------------------------------------------------
2.7447

==========================================================================
finish critical path slack
--------------------------------------------------------------------------
0.4689

==========================================================================
finish slack div critical path delay
--------------------------------------------------------------------------
17.083834

==========================================================================
finish report_power
--------------------------------------------------------------------------
Group                  Internal  Switching    Leakage      Total
                          Power      Power      Power      Power (Watts)
----------------------------------------------------------------
Sequential             5.04e-04   1.39e-05   3.03e-10   5.18e-04  44.9%
Combinational          4.34e-05   4.66e-05   1.06e-09   8.99e-05   7.8%
Clock                  3.10e-04   2.35e-04   7.02e-11   5.45e-04  47.3%
Macro                  0.00e+00   0.00e+00   0.00e+00   0.00e+00   0.0%
Pad                    0.00e+00   0.00e+00   0.00e+00   0.00e+00   0.0%
----------------------------------------------------------------
Total                  8.57e-04   2.96e-04   1.43e-09   1.15e-03 100.0%
                          74.4%      25.6%       0.0%
