
==========================================================================
finish report_tns
--------------------------------------------------------------------------
tns max 0.00

==========================================================================
finish report_wns
--------------------------------------------------------------------------
wns max 0.00

==========================================================================
finish report_worst_slack
--------------------------------------------------------------------------
worst slack max 0.58

==========================================================================
finish report_clock_min_period
--------------------------------------------------------------------------
clk period_min = 2.42 fmax = 413.72

==========================================================================
finish report_clock_skew
--------------------------------------------------------------------------
Clock clk
   0.29 source latency x_s1[1]$_SDFFE_PP0P_/CLK ^
  -0.28 target latency approx_s2[7]$_SDFF_PP0_/CLK ^
   0.00 CRPR
--------------
   0.01 setup skew


==========================================================================
finish report_checks -path_delay min
--------------------------------------------------------------------------
Startpoint: approx_s2[9]$_SDFF_PP0_
            (rising edge-triggered flip-flop clocked by clk)
Endpoint: approx_s3[9]$_SDFF_PP0_
          (rising edge-triggered flip-flop clocked by clk)
Path Group: clk
Path Type: min

Fanout     Cap    Slew   Delay    Time   Description
-----------------------------------------------------------------------------
                          0.00    0.00   clock clk (rise edge)
                          0.00    0.00   clock source latency
     1    0.02    0.00    0.00    0.00 ^ clk (in)
                                         clk (net)
                  0.00    0.00    0.00 ^ clkbuf_0_clk/A (sky130_fd_sc_hd__clkbuf_16)
     4    0.05    0.07    0.13    0.13 ^ clkbuf_0_clk/X (sky130_fd_sc_hd__clkbuf_16)
                                         clknet_0_clk (net)
                  0.07    0.00    0.13 ^ clkbuf_2_0__f_clk/A (sky130_fd_sc_hd__clkbuf_16)
     9    0.05    0.07    0.16    0.29 ^ clkbuf_2_0__f_clk/X (sky130_fd_sc_hd__clkbuf_16)
                                         clknet_2_0__leaf_clk (net)
                  0.07    0.00    0.29 ^ approx_s2[9]$_SDFF_PP0_/CLK (sky130_fd_sc_hd__dfxtp_1)
     1    0.00    0.03    0.30    0.59 ^ approx_s2[9]$_SDFF_PP0_/Q (sky130_fd_sc_hd__dfxtp_1)
                                         approx_s2[9] (net)
                  0.03    0.00    0.59 ^ _887_/B_N (sky130_fd_sc_hd__nor2b_1)
     1    0.00    0.07    0.10    0.70 ^ _887_/Y (sky130_fd_sc_hd__nor2b_1)
                                         _054_ (net)
                  0.07    0.00    0.70 ^ approx_s3[9]$_SDFF_PP0_/D (sky130_fd_sc_hd__dfxtp_1)
                                  0.70   data arrival time

                          0.00    0.00   clock clk (rise edge)
                          0.00    0.00   clock source latency
     1    0.02    0.00    0.00    0.00 ^ clk (in)
                                         clk (net)
                  0.00    0.00    0.00 ^ clkbuf_0_clk/A (sky130_fd_sc_hd__clkbuf_16)
     4    0.05    0.07    0.13    0.13 ^ clkbuf_0_clk/X (sky130_fd_sc_hd__clkbuf_16)
                                         clknet_0_clk (net)
                  0.07    0.00    0.13 ^ clkbuf_2_0__f_clk/A (sky130_fd_sc_hd__clkbuf_16)
     9    0.05    0.07    0.16    0.29 ^ clkbuf_2_0__f_clk/X (sky130_fd_sc_hd__clkbuf_16)
                                         clknet_2_0__leaf_clk (net)
                  0.07    0.00    0.29 ^ approx_s3[9]$_SDFF_PP0_/CLK (sky130_fd_sc_hd__dfxtp_1)
                          0.00    0.29   clock reconvergence pessimism
                         -0.03    0.26   library hold time
                                  0.26   data required time
-----------------------------------------------------------------------------
                                  0.26   data required time
                                 -0.70   data arrival time
-----------------------------------------------------------------------------
                                  0.44   slack (MET)



==========================================================================
finish report_checks -path_delay max
--------------------------------------------------------------------------
Startpoint: x_s1[1]$_SDFFE_PP0P_
            (rising edge-triggered flip-flop clocked by clk)
Endpoint: approx_s2[1]$_SDFF_PP0_
          (rising edge-triggered flip-flop clocked by clk)
Path Group: clk
Path Type: max

Fanout     Cap    Slew   Delay    Time   Description
-----------------------------------------------------------------------------
                          0.00    0.00   clock clk (rise edge)
                          0.00    0.00   clock source latency
     1    0.02    0.00    0.00    0.00 ^ clk (in)
                                         clk (net)
                  0.00    0.00    0.00 ^ clkbuf_0_clk/A (sky130_fd_sc_hd__clkbuf_16)
     4    0.05    0.07    0.13    0.13 ^ clkbuf_0_clk/X (sky130_fd_sc_hd__clkbuf_16)
                                         clknet_0_clk (net)
                  0.07    0.00    0.13 ^ clkbuf_2_0__f_clk/A (sky130_fd_sc_hd__clkbuf_16)
     9    0.05    0.07    0.16    0.29 ^ clkbuf_2_0__f_clk/X (sky130_fd_sc_hd__clkbuf_16)
                                         clknet_2_0__leaf_clk (net)
                  0.07    0.00    0.29 ^ x_s1[1]$_SDFFE_PP0P_/CLK (sky130_fd_sc_hd__dfxtp_1)
     2    0.01    0.07    0.33    0.62 ^ x_s1[1]$_SDFFE_PP0P_/Q (sky130_fd_sc_hd__dfxtp_1)
                                         x_s1[1] (net)
                  0.07    0.00    0.62 ^ _461_/A (sky130_fd_sc_hd__inv_1)
     6    0.02    0.11    0.11    0.73 v _461_/Y (sky130_fd_sc_hd__inv_1)
                                         _000_ (net)
                  0.11    0.00    0.73 v _894_/B (sky130_fd_sc_hd__ha_1)
    16    0.07    0.33    0.56    1.29 v _894_/SUM (sky130_fd_sc_hd__ha_1)
                                         _008_ (net)
                  0.33    0.00    1.29 v _743_/B (sky130_fd_sc_hd__nand2b_1)
     3    0.02    0.20    0.29    1.58 ^ _743_/Y (sky130_fd_sc_hd__nand2b_1)
                                         _325_ (net)
                  0.20    0.00    1.58 ^ _768_/B1 (sky130_fd_sc_hd__o21ai_0)
     1    0.00    0.08    0.12    1.70 v _768_/Y (sky130_fd_sc_hd__o21ai_0)
                                         _349_ (net)
                  0.08    0.00    1.70 v _770_/A2 (sky130_fd_sc_hd__mux4_2)
     1    0.01    0.09    0.48    2.17 v _770_/X (sky130_fd_sc_hd__mux4_2)
                                         _351_ (net)
                  0.09    0.00    2.17 v _775_/A2 (sky130_fd_sc_hd__a221oi_2)
     1    0.00    0.19    0.28    2.45 ^ _775_/Y (sky130_fd_sc_hd__a221oi_2)
                                         _356_ (net)
                  0.19    0.00    2.45 ^ _810_/A2 (sky130_fd_sc_hd__o311ai_1)
     1    0.00    0.11    0.12    2.57 v _810_/Y (sky130_fd_sc_hd__o311ai_1)
                                         _032_ (net)
                  0.11    0.00    2.57 v approx_s2[1]$_SDFF_PP0_/D (sky130_fd_sc_hd__dfxtp_1)
                                  2.57   data arrival time

                          3.00    3.00   clock clk (rise edge)
                          0.00    3.00   clock source latency
     1    0.02    0.00    0.00    3.00 ^ clk (in)
                                         clk (net)
                  0.00    0.00    3.00 ^ clkbuf_0_clk/A (sky130_fd_sc_hd__clkbuf_16)
     4    0.05    0.07    0.13    3.13 ^ clkbuf_0_clk/X (sky130_fd_sc_hd__clkbuf_16)
                                         clknet_0_clk (net)
                  0.07    0.00    3.13 ^ clkbuf_2_0__f_clk/A (sky130_fd_sc_hd__clkbuf_16)
     9    0.05    0.07    0.16    3.29 ^ clkbuf_2_0__f_clk/X (sky130_fd_sc_hd__clkbuf_16)
                                         clknet_2_0__leaf_clk (net)
                  0.07    0.00    3.29 ^ approx_s2[1]$_SDFF_PP0_/CLK (sky130_fd_sc_hd__dfxtp_1)
                          0.00    3.29   clock reconvergence pessimism
                         -0.13    3.16   library setup time
                                  3.16   data required time
-----------------------------------------------------------------------------
                                  3.16   data required time
                                 -2.57   data arrival time
-----------------------------------------------------------------------------
                                  0.58   slack (MET)



==========================================================================
finish report_checks -unconstrained
--------------------------------------------------------------------------
Startpoint: x_s1[1]$_SDFFE_PP0P_
            (rising edge-triggered flip-flop clocked by clk)
Endpoint: approx_s2[1]$_SDFF_PP0_
          (rising edge-triggered flip-flop clocked by clk)
Path Group: clk
Path Type: max

Fanout     Cap    Slew   Delay    Time   Description
-----------------------------------------------------------------------------
                          0.00    0.00   clock clk (rise edge)
                          0.00    0.00   clock source latency
     1    0.02    0.00    0.00    0.00 ^ clk (in)
                                         clk (net)
                  0.00    0.00    0.00 ^ clkbuf_0_clk/A (sky130_fd_sc_hd__clkbuf_16)
     4    0.05    0.07    0.13    0.13 ^ clkbuf_0_clk/X (sky130_fd_sc_hd__clkbuf_16)
                                         clknet_0_clk (net)
                  0.07    0.00    0.13 ^ clkbuf_2_0__f_clk/A (sky130_fd_sc_hd__clkbuf_16)
     9    0.05    0.07    0.16    0.29 ^ clkbuf_2_0__f_clk/X (sky130_fd_sc_hd__clkbuf_16)
                                         clknet_2_0__leaf_clk (net)
                  0.07    0.00    0.29 ^ x_s1[1]$_SDFFE_PP0P_/CLK (sky130_fd_sc_hd__dfxtp_1)
     2    0.01    0.07    0.33    0.62 ^ x_s1[1]$_SDFFE_PP0P_/Q (sky130_fd_sc_hd__dfxtp_1)
                                         x_s1[1] (net)
                  0.07    0.00    0.62 ^ _461_/A (sky130_fd_sc_hd__inv_1)
     6    0.02    0.11    0.11    0.73 v _461_/Y (sky130_fd_sc_hd__inv_1)
                                         _000_ (net)
                  0.11    0.00    0.73 v _894_/B (sky130_fd_sc_hd__ha_1)
    16    0.07    0.33    0.56    1.29 v _894_/SUM (sky130_fd_sc_hd__ha_1)
                                         _008_ (net)
                  0.33    0.00    1.29 v _743_/B (sky130_fd_sc_hd__nand2b_1)
     3    0.02    0.20    0.29    1.58 ^ _743_/Y (sky130_fd_sc_hd__nand2b_1)
                                         _325_ (net)
                  0.20    0.00    1.58 ^ _768_/B1 (sky130_fd_sc_hd__o21ai_0)
     1    0.00    0.08    0.12    1.70 v _768_/Y (sky130_fd_sc_hd__o21ai_0)
                                         _349_ (net)
                  0.08    0.00    1.70 v _770_/A2 (sky130_fd_sc_hd__mux4_2)
     1    0.01    0.09    0.48    2.17 v _770_/X (sky130_fd_sc_hd__mux4_2)
                                         _351_ (net)
                  0.09    0.00    2.17 v _775_/A2 (sky130_fd_sc_hd__a221oi_2)
     1    0.00    0.19    0.28    2.45 ^ _775_/Y (sky130_fd_sc_hd__a221oi_2)
                                         _356_ (net)
                  0.19    0.00    2.45 ^ _810_/A2 (sky130_fd_sc_hd__o311ai_1)
     1    0.00    0.11    0.12    2.57 v _810_/Y (sky130_fd_sc_hd__o311ai_1)
                                         _032_ (net)
                  0.11    0.00    2.57 v approx_s2[1]$_SDFF_PP0_/D (sky130_fd_sc_hd__dfxtp_1)
                                  2.57   data arrival time

                          3.00    3.00   clock clk (rise edge)
                          0.00    3.00   clock source latency
     1    0.02    0.00    0.00    3.00 ^ clk (in)
                                         clk (net)
                  0.00    0.00    3.00 ^ clkbuf_0_clk/A (sky130_fd_sc_hd__clkbuf_16)
     4    0.05    0.07    0.13    3.13 ^ clkbuf_0_clk/X (sky130_fd_sc_hd__clkbuf_16)
                                         clknet_0_clk (net)
                  0.07    0.00    3.13 ^ clkbuf_2_0__f_clk/A (sky130_fd_sc_hd__clkbuf_16)
     9    0.05    0.07    0.16    3.29 ^ clkbuf_2_0__f_clk/X (sky130_fd_sc_hd__clkbuf_16)
                                         clknet_2_0__leaf_clk (net)
                  0.07    0.00    3.29 ^ approx_s2[1]$_SDFF_PP0_/CLK (sky130_fd_sc_hd__dfxtp_1)
                          0.00    3.29   clock reconvergence pessimism
                         -0.13    3.16   library setup time
                                  3.16   data required time
-----------------------------------------------------------------------------
                                  3.16   data required time
                                 -2.57   data arrival time
-----------------------------------------------------------------------------
                                  0.58   slack (MET)



==========================================================================
finish report_check_types -max_slew -max_cap -max_fanout -violators
--------------------------------------------------------------------------

==========================================================================
finish max_slew_check_slack
--------------------------------------------------------------------------
0.6929841637611389

==========================================================================
finish max_slew_check_limit
--------------------------------------------------------------------------
1.49691903591156

==========================================================================
finish max_slew_check_slack_limit
--------------------------------------------------------------------------
0.4629

==========================================================================
finish max_fanout_check_slack
--------------------------------------------------------------------------
1.0000000150474662e+30

==========================================================================
finish max_fanout_check_limit
--------------------------------------------------------------------------
1.0000000150474662e+30

==========================================================================
finish max_capacitance_check_slack
--------------------------------------------------------------------------
0.01799364574253559

==========================================================================
finish max_capacitance_check_limit
--------------------------------------------------------------------------
0.021067000925540924

==========================================================================
finish max_capacitance_check_slack_limit
--------------------------------------------------------------------------
0.8541

==========================================================================
finish max_slew_violation_count
--------------------------------------------------------------------------
max slew violation count 0

==========================================================================
finish max_fanout_violation_count
--------------------------------------------------------------------------
max fanout violation count 0

==========================================================================
finish max_cap_violation_count
--------------------------------------------------------------------------
max cap violation count 0

==========================================================================
finish setup_violation_count
--------------------------------------------------------------------------
setup violation count 0

==========================================================================
finish hold_violation_count
--------------------------------------------------------------------------
hold violation count 0

==========================================================================
finish report_checks -path_delay max reg to reg
--------------------------------------------------------------------------
Startpoint: x_s1[1]$_SDFFE_PP0P_
            (rising edge-triggered flip-flop clocked by clk)
Endpoint: approx_s2[1]$_SDFF_PP0_
          (rising edge-triggered flip-flop clocked by clk)
Path Group: clk
Path Type: max

  Delay    Time   Description
---------------------------------------------------------
   0.00    0.00   clock clk (rise edge)
   0.00    0.00   clock source latency
   0.00    0.00 ^ clk (in)
   0.13    0.13 ^ clkbuf_0_clk/X (sky130_fd_sc_hd__clkbuf_16)
   0.16    0.29 ^ clkbuf_2_0__f_clk/X (sky130_fd_sc_hd__clkbuf_16)
   0.00    0.29 ^ x_s1[1]$_SDFFE_PP0P_/CLK (sky130_fd_sc_hd__dfxtp_1)
   0.33    0.62 ^ x_s1[1]$_SDFFE_PP0P_/Q (sky130_fd_sc_hd__dfxtp_1)
   0.11    0.73 v _461_/Y (sky130_fd_sc_hd__inv_1)
   0.56    1.29 v _894_/SUM (sky130_fd_sc_hd__ha_1)
   0.29    1.58 ^ _743_/Y (sky130_fd_sc_hd__nand2b_1)
   0.12    1.70 v _768_/Y (sky130_fd_sc_hd__o21ai_0)
   0.48    2.17 v _770_/X (sky130_fd_sc_hd__mux4_2)
   0.28    2.45 ^ _775_/Y (sky130_fd_sc_hd__a221oi_2)
   0.12    2.57 v _810_/Y (sky130_fd_sc_hd__o311ai_1)
   0.00    2.57 v approx_s2[1]$_SDFF_PP0_/D (sky130_fd_sc_hd__dfxtp_1)
           2.57   data arrival time

   3.00    3.00   clock clk (rise edge)
   0.00    3.00   clock source latency
   0.00    3.00 ^ clk (in)
   0.13    3.13 ^ clkbuf_0_clk/X (sky130_fd_sc_hd__clkbuf_16)
   0.16    3.29 ^ clkbuf_2_0__f_clk/X (sky130_fd_sc_hd__clkbuf_16)
   0.00    3.29 ^ approx_s2[1]$_SDFF_PP0_/CLK (sky130_fd_sc_hd__dfxtp_1)
   0.00    3.29   clock reconvergence pessimism
  -0.13    3.16   library setup time
           3.16   data required time
---------------------------------------------------------
           3.16   data required time
          -2.57   data arrival time
---------------------------------------------------------
           0.58   slack (MET)



==========================================================================
finish report_checks -path_delay min reg to reg
--------------------------------------------------------------------------
Startpoint: approx_s2[9]$_SDFF_PP0_
            (rising edge-triggered flip-flop clocked by clk)
Endpoint: approx_s3[9]$_SDFF_PP0_
          (rising edge-triggered flip-flop clocked by clk)
Path Group: clk
Path Type: min

  Delay    Time   Description
---------------------------------------------------------
   0.00    0.00   clock clk (rise edge)
   0.00    0.00   clock source latency
   0.00    0.00 ^ clk (in)
   0.13    0.13 ^ clkbuf_0_clk/X (sky130_fd_sc_hd__clkbuf_16)
   0.16    0.29 ^ clkbuf_2_0__f_clk/X (sky130_fd_sc_hd__clkbuf_16)
   0.00    0.29 ^ approx_s2[9]$_SDFF_PP0_/CLK (sky130_fd_sc_hd__dfxtp_1)
   0.30    0.59 ^ approx_s2[9]$_SDFF_PP0_/Q (sky130_fd_sc_hd__dfxtp_1)
   0.10    0.70 ^ _887_/Y (sky130_fd_sc_hd__nor2b_1)
   0.00    0.70 ^ approx_s3[9]$_SDFF_PP0_/D (sky130_fd_sc_hd__dfxtp_1)
           0.70   data arrival time

   0.00    0.00   clock clk (rise edge)
   0.00    0.00   clock source latency
   0.00    0.00 ^ clk (in)
   0.13    0.13 ^ clkbuf_0_clk/X (sky130_fd_sc_hd__clkbuf_16)
   0.16    0.29 ^ clkbuf_2_0__f_clk/X (sky130_fd_sc_hd__clkbuf_16)
   0.00    0.29 ^ approx_s3[9]$_SDFF_PP0_/CLK (sky130_fd_sc_hd__dfxtp_1)
   0.00    0.29   clock reconvergence pessimism
  -0.03    0.26   library hold time
           0.26   data required time
---------------------------------------------------------
           0.26   data required time
          -0.70   data arrival time
---------------------------------------------------------
           0.44   slack (MET)



==========================================================================
finish critical path target clock latency max path
--------------------------------------------------------------------------
0.2920

==========================================================================
finish critical path target clock latency min path
--------------------------------------------------------------------------
0.2929

==========================================================================
finish critical path source clock latency min path
--------------------------------------------------------------------------
0.0000

==========================================================================
finish critical path delay
--------------------------------------------------------------------------
2.5744

==========================================================================
finish critical path slack
--------------------------------------------------------------------------
0.5829

==========================================================================
finish slack div critical path delay
--------------------------------------------------------------------------
22.642169

==========================================================================
finish report_power
--------------------------------------------------------------------------
Group                  Internal  Switching    Leakage      Total
                          Power      Power      Power      Power (Watts)
----------------------------------------------------------------
Sequential             5.73e-04   3.76e-05   3.37e-10   6.11e-04  36.8%
Combinational          1.98e-04   3.07e-04   1.04e-09   5.05e-04  30.4%
Clock                  3.06e-04   2.39e-04   6.96e-11   5.45e-04  32.8%
Macro                  0.00e+00   0.00e+00   0.00e+00   0.00e+00   0.0%
Pad                    0.00e+00   0.00e+00   0.00e+00   0.00e+00   0.0%
----------------------------------------------------------------
Total                  1.08e-03   5.84e-04   1.45e-09   1.66e-03 100.0%
                          64.8%      35.2%       0.0%
