
==========================================================================
finish report_tns
--------------------------------------------------------------------------
tns max 0.00

==========================================================================
finish report_wns
--------------------------------------------------------------------------
wns max 0.00

==========================================================================
finish report_worst_slack
--------------------------------------------------------------------------
worst slack max 1.34

==========================================================================
finish report_clock_min_period
--------------------------------------------------------------------------
clk period_min = 2.66 fmax = 376.14

==========================================================================
finish report_clock_skew
--------------------------------------------------------------------------
Clock clk
   0.29 source latency x_s1[1]$_SDFFE_PP0P_/CLK ^
  -0.28 target latency approx_s2[7]$_SDFF_PP0_/CLK ^
   0.00 CRPR
--------------
   0.02 setup skew


==========================================================================
finish report_checks -path_delay min
--------------------------------------------------------------------------
Startpoint: valid_s2$_SDFF_PP0_ (rising edge-triggered flip-flop clocked by clk)
Endpoint: valid_s3$_SDFF_PP0_ (rising edge-triggered flip-flop clocked by clk)
Path Group: clk
Path Type: min

Fanout     Cap    Slew   Delay    Time   Description
-----------------------------------------------------------------------------
                          0.00    0.00   clock clk (rise edge)
                          0.00    0.00   clock source latency
     1    0.02    0.00    0.00    0.00 ^ clk (in)
                                         clk (net)
                  0.00    0.00    0.00 ^ clkbuf_0_clk/A (sky130_fd_sc_hd__clkbuf_16)
     4    0.04    0.06    0.13    0.13 ^ clkbuf_0_clk/X (sky130_fd_sc_hd__clkbuf_16)
                                         clknet_0_clk (net)
                  0.06    0.00    0.13 ^ clkbuf_2_1__f_clk/A (sky130_fd_sc_hd__clkbuf_16)
    12    0.04    0.06    0.15    0.28 ^ clkbuf_2_1__f_clk/X (sky130_fd_sc_hd__clkbuf_16)
                                         clknet_2_1__leaf_clk (net)
                  0.06    0.00    0.28 ^ valid_s2$_SDFF_PP0_/CLK (sky130_fd_sc_hd__dfxtp_1)
     1    0.00    0.03    0.30    0.57 ^ valid_s2$_SDFF_PP0_/Q (sky130_fd_sc_hd__dfxtp_1)
                                         valid_s2 (net)
                  0.03    0.00    0.57 ^ _885_/B_N (sky130_fd_sc_hd__nor2b_1)
     1    0.00    0.07    0.10    0.68 ^ _885_/Y (sky130_fd_sc_hd__nor2b_1)
                                         _052_ (net)
                  0.07    0.00    0.68 ^ valid_s3$_SDFF_PP0_/D (sky130_fd_sc_hd__dfxtp_1)
                                  0.68   data arrival time

                          0.00    0.00   clock clk (rise edge)
                          0.00    0.00   clock source latency
     1    0.02    0.00    0.00    0.00 ^ clk (in)
                                         clk (net)
                  0.00    0.00    0.00 ^ clkbuf_0_clk/A (sky130_fd_sc_hd__clkbuf_16)
     4    0.04    0.06    0.13    0.13 ^ clkbuf_0_clk/X (sky130_fd_sc_hd__clkbuf_16)
                                         clknet_0_clk (net)
                  0.06    0.00    0.13 ^ clkbuf_2_1__f_clk/A (sky130_fd_sc_hd__clkbuf_16)
    12    0.04    0.06    0.15    0.28 ^ clkbuf_2_1__f_clk/X (sky130_fd_sc_hd__clkbuf_16)
                                         clknet_2_1__leaf_clk (net)
                  0.06    0.00    0.28 ^ valid_s3$_SDFF_PP0_/CLK (sky130_fd_sc_hd__dfxtp_1)
                          0.00    0.28   clock reconvergence pessimism
                         -0.03    0.24   library hold time
                                  0.24   data required time
-----------------------------------------------------------------------------
                                  0.24   data required time
                                 -0.68   data arrival time
-----------------------------------------------------------------------------
                                  0.43   slack (MET)



==========================================================================
finish report_checks -path_delay max
--------------------------------------------------------------------------
Startpoint: x_s1[0]$_SDFFE_PP0P_
            (rising edge-triggered flip-flop clocked by clk)
Endpoint: approx_s2[1]$_SDFF_PP0_
          (rising edge-triggered flip-flop clocked by clk)
Path Group: clk
Path Type: max

Fanout     Cap    Slew   Delay    Time   Description
-----------------------------------------------------------------------------
                          0.00    0.00   clock clk (rise edge)
                          0.00    0.00   clock source latency
     1    0.02    0.00    0.00    0.00 ^ clk (in)
                                         clk (net)
                  0.00    0.00    0.00 ^ clkbuf_0_clk/A (sky130_fd_sc_hd__clkbuf_16)
     4    0.04    0.06    0.13    0.13 ^ clkbuf_0_clk/X (sky130_fd_sc_hd__clkbuf_16)
                                         clknet_0_clk (net)
                  0.06    0.00    0.13 ^ clkbuf_2_0__f_clk/A (sky130_fd_sc_hd__clkbuf_16)
    10    0.06    0.07    0.16    0.29 ^ clkbuf_2_0__f_clk/X (sky130_fd_sc_hd__clkbuf_16)
                                         clknet_2_0__leaf_clk (net)
                  0.07    0.00    0.29 ^ x_s1[0]$_SDFFE_PP0P_/CLK (sky130_fd_sc_hd__dfxtp_1)
     1    0.00    0.04    0.31    0.60 ^ x_s1[0]$_SDFFE_PP0P_/Q (sky130_fd_sc_hd__dfxtp_1)
                                         x_s1[0] (net)
                  0.04    0.00    0.60 ^ place51/A (sky130_fd_sc_hd__buf_4)
    21    0.08    0.22    0.24    0.84 ^ place51/X (sky130_fd_sc_hd__buf_4)
                                         net50 (net)
                  0.22    0.00    0.84 ^ _463_/A (sky130_fd_sc_hd__inv_1)
     4    0.02    0.10    0.14    0.98 v _463_/Y (sky130_fd_sc_hd__inv_1)
                                         _006_ (net)
                  0.10    0.00    0.98 v _894_/A (sky130_fd_sc_hd__ha_1)
    16    0.07    0.33    0.57    1.55 v _894_/SUM (sky130_fd_sc_hd__ha_1)
                                         _008_ (net)
                  0.33    0.00    1.55 v _743_/B (sky130_fd_sc_hd__nand2b_1)
     3    0.01    0.15    0.24    1.80 ^ _743_/Y (sky130_fd_sc_hd__nand2b_1)
                                         _325_ (net)
                  0.15    0.00    1.80 ^ _768_/B1 (sky130_fd_sc_hd__o21ai_0)
     1    0.00    0.09    0.12    1.92 v _768_/Y (sky130_fd_sc_hd__o21ai_0)
                                         _349_ (net)
                  0.09    0.00    1.92 v _770_/A2 (sky130_fd_sc_hd__mux4_2)
     1    0.01    0.09    0.48    2.40 v _770_/X (sky130_fd_sc_hd__mux4_2)
                                         _351_ (net)
                  0.09    0.00    2.40 v _775_/A2 (sky130_fd_sc_hd__a221oi_2)
     1    0.01    0.21    0.30    2.69 ^ _775_/Y (sky130_fd_sc_hd__a221oi_2)
                                         _356_ (net)
                  0.21    0.00    2.69 ^ _810_/A2 (sky130_fd_sc_hd__o311ai_1)
     1    0.00    0.10    0.13    2.82 v _810_/Y (sky130_fd_sc_hd__o311ai_1)
                                         _032_ (net)
                  0.10    0.00    2.82 v approx_s2[1]$_SDFF_PP0_/D (sky130_fd_sc_hd__dfxtp_1)
                                  2.82   data arrival time

                          4.00    4.00   clock clk (rise edge)
                          0.00    4.00   clock source latency
     1    0.02    0.00    0.00    4.00 ^ clk (in)
                                         clk (net)
                  0.00    0.00    4.00 ^ clkbuf_0_clk/A (sky130_fd_sc_hd__clkbuf_16)
     4    0.04    0.06    0.13    4.13 ^ clkbuf_0_clk/X (sky130_fd_sc_hd__clkbuf_16)
                                         clknet_0_clk (net)
                  0.06    0.00    4.13 ^ clkbuf_2_0__f_clk/A (sky130_fd_sc_hd__clkbuf_16)
    10    0.06    0.07    0.16    4.29 ^ clkbuf_2_0__f_clk/X (sky130_fd_sc_hd__clkbuf_16)
                                         clknet_2_0__leaf_clk (net)
                  0.07    0.00    4.29 ^ approx_s2[1]$_SDFF_PP0_/CLK (sky130_fd_sc_hd__dfxtp_1)
                          0.00    4.29   clock reconvergence pessimism
                         -0.13    4.16   library setup time
                                  4.16   data required time
-----------------------------------------------------------------------------
                                  4.16   data required time
                                 -2.82   data arrival time
-----------------------------------------------------------------------------
                                  1.34   slack (MET)



==========================================================================
finish report_checks -unconstrained
--------------------------------------------------------------------------
Startpoint: x_s1[0]$_SDFFE_PP0P_
            (rising edge-triggered flip-flop clocked by clk)
Endpoint: approx_s2[1]$_SDFF_PP0_
          (rising edge-triggered flip-flop clocked by clk)
Path Group: clk
Path Type: max

Fanout     Cap    Slew   Delay    Time   Description
-----------------------------------------------------------------------------
                          0.00    0.00   clock clk (rise edge)
                          0.00    0.00   clock source latency
     1    0.02    0.00    0.00    0.00 ^ clk (in)
                                         clk (net)
                  0.00    0.00    0.00 ^ clkbuf_0_clk/A (sky130_fd_sc_hd__clkbuf_16)
     4    0.04    0.06    0.13    0.13 ^ clkbuf_0_clk/X (sky130_fd_sc_hd__clkbuf_16)
                                         clknet_0_clk (net)
                  0.06    0.00    0.13 ^ clkbuf_2_0__f_clk/A (sky130_fd_sc_hd__clkbuf_16)
    10    0.06    0.07    0.16    0.29 ^ clkbuf_2_0__f_clk/X (sky130_fd_sc_hd__clkbuf_16)
                                         clknet_2_0__leaf_clk (net)
                  0.07    0.00    0.29 ^ x_s1[0]$_SDFFE_PP0P_/CLK (sky130_fd_sc_hd__dfxtp_1)
     1    0.00    0.04    0.31    0.60 ^ x_s1[0]$_SDFFE_PP0P_/Q (sky130_fd_sc_hd__dfxtp_1)
                                         x_s1[0] (net)
                  0.04    0.00    0.60 ^ place51/A (sky130_fd_sc_hd__buf_4)
    21    0.08    0.22    0.24    0.84 ^ place51/X (sky130_fd_sc_hd__buf_4)
                                         net50 (net)
                  0.22    0.00    0.84 ^ _463_/A (sky130_fd_sc_hd__inv_1)
     4    0.02    0.10    0.14    0.98 v _463_/Y (sky130_fd_sc_hd__inv_1)
                                         _006_ (net)
                  0.10    0.00    0.98 v _894_/A (sky130_fd_sc_hd__ha_1)
    16    0.07    0.33    0.57    1.55 v _894_/SUM (sky130_fd_sc_hd__ha_1)
                                         _008_ (net)
                  0.33    0.00    1.55 v _743_/B (sky130_fd_sc_hd__nand2b_1)
     3    0.01    0.15    0.24    1.80 ^ _743_/Y (sky130_fd_sc_hd__nand2b_1)
                                         _325_ (net)
                  0.15    0.00    1.80 ^ _768_/B1 (sky130_fd_sc_hd__o21ai_0)
     1    0.00    0.09    0.12    1.92 v _768_/Y (sky130_fd_sc_hd__o21ai_0)
                                         _349_ (net)
                  0.09    0.00    1.92 v _770_/A2 (sky130_fd_sc_hd__mux4_2)
     1    0.01    0.09    0.48    2.40 v _770_/X (sky130_fd_sc_hd__mux4_2)
                                         _351_ (net)
                  0.09    0.00    2.40 v _775_/A2 (sky130_fd_sc_hd__a221oi_2)
     1    0.01    0.21    0.30    2.69 ^ _775_/Y (sky130_fd_sc_hd__a221oi_2)
                                         _356_ (net)
                  0.21    0.00    2.69 ^ _810_/A2 (sky130_fd_sc_hd__o311ai_1)
     1    0.00    0.10    0.13    2.82 v _810_/Y (sky130_fd_sc_hd__o311ai_1)
                                         _032_ (net)
                  0.10    0.00    2.82 v approx_s2[1]$_SDFF_PP0_/D (sky130_fd_sc_hd__dfxtp_1)
                                  2.82   data arrival time

                          4.00    4.00   clock clk (rise edge)
                          0.00    4.00   clock source latency
     1    0.02    0.00    0.00    4.00 ^ clk (in)
                                         clk (net)
                  0.00    0.00    4.00 ^ clkbuf_0_clk/A (sky130_fd_sc_hd__clkbuf_16)
     4    0.04    0.06    0.13    4.13 ^ clkbuf_0_clk/X (sky130_fd_sc_hd__clkbuf_16)
                                         clknet_0_clk (net)
                  0.06    0.00    4.13 ^ clkbuf_2_0__f_clk/A (sky130_fd_sc_hd__clkbuf_16)
    10    0.06    0.07    0.16    4.29 ^ clkbuf_2_0__f_clk/X (sky130_fd_sc_hd__clkbuf_16)
                                         clknet_2_0__leaf_clk (net)
                  0.07    0.00    4.29 ^ approx_s2[1]$_SDFF_PP0_/CLK (sky130_fd_sc_hd__dfxtp_1)
                          0.00    4.29   clock reconvergence pessimism
                         -0.13    4.16   library setup time
                                  4.16   data required time
-----------------------------------------------------------------------------
                                  4.16   data required time
                                 -2.82   data arrival time
-----------------------------------------------------------------------------
                                  1.34   slack (MET)



==========================================================================
finish report_check_types -max_slew -max_cap -max_fanout -violators
--------------------------------------------------------------------------

==========================================================================
finish max_slew_check_slack
--------------------------------------------------------------------------
0.6656250357627869

==========================================================================
finish max_slew_check_limit
--------------------------------------------------------------------------
1.49691903591156

==========================================================================
finish max_slew_check_slack_limit
--------------------------------------------------------------------------
0.4447

==========================================================================
finish max_fanout_check_slack
--------------------------------------------------------------------------
1.0000000150474662e+30

==========================================================================
finish max_fanout_check_limit
--------------------------------------------------------------------------
1.0000000150474662e+30

==========================================================================
finish max_capacitance_check_slack
--------------------------------------------------------------------------
0.018344882875680923

==========================================================================
finish max_capacitance_check_limit
--------------------------------------------------------------------------
0.021067000925540924

==========================================================================
finish max_capacitance_check_slack_limit
--------------------------------------------------------------------------
0.8708

==========================================================================
finish max_slew_violation_count
--------------------------------------------------------------------------
max slew violation count 0

==========================================================================
finish max_fanout_violation_count
--------------------------------------------------------------------------
max fanout violation count 0

==========================================================================
finish max_cap_violation_count
--------------------------------------------------------------------------
max cap violation count 0

==========================================================================
finish setup_violation_count
--------------------------------------------------------------------------
setup violation count 0

==========================================================================
finish hold_violation_count
--------------------------------------------------------------------------
hold violation count 0

==========================================================================
finish report_checks -path_delay max reg to reg
--------------------------------------------------------------------------
Startpoint: x_s1[0]$_SDFFE_PP0P_
            (rising edge-triggered flip-flop clocked by clk)
Endpoint: approx_s2[1]$_SDFF_PP0_
          (rising edge-triggered flip-flop clocked by clk)
Path Group: clk
Path Type: max

  Delay    Time   Description
---------------------------------------------------------
   0.00    0.00   clock clk (rise edge)
   0.00    0.00   clock source latency
   0.00    0.00 ^ clk (in)
   0.13    0.13 ^ clkbuf_0_clk/X (sky130_fd_sc_hd__clkbuf_16)
   0.16    0.29 ^ clkbuf_2_0__f_clk/X (sky130_fd_sc_hd__clkbuf_16)
   0.00    0.29 ^ x_s1[0]$_SDFFE_PP0P_/CLK (sky130_fd_sc_hd__dfxtp_1)
   0.31    0.60 ^ x_s1[0]$_SDFFE_PP0P_/Q (sky130_fd_sc_hd__dfxtp_1)
   0.24    0.84 ^ place51/X (sky130_fd_sc_hd__buf_4)
   0.14    0.98 v _463_/Y (sky130_fd_sc_hd__inv_1)
   0.57    1.55 v _894_/SUM (sky130_fd_sc_hd__ha_1)
   0.25    1.80 ^ _743_/Y (sky130_fd_sc_hd__nand2b_1)
   0.12    1.92 v _768_/Y (sky130_fd_sc_hd__o21ai_0)
   0.48    2.40 v _770_/X (sky130_fd_sc_hd__mux4_2)
   0.30    2.69 ^ _775_/Y (sky130_fd_sc_hd__a221oi_2)
   0.13    2.82 v _810_/Y (sky130_fd_sc_hd__o311ai_1)
   0.00    2.82 v approx_s2[1]$_SDFF_PP0_/D (sky130_fd_sc_hd__dfxtp_1)
           2.82   data arrival time

   4.00    4.00   clock clk (rise edge)
   0.00    4.00   clock source latency
   0.00    4.00 ^ clk (in)
   0.13    4.13 ^ clkbuf_0_clk/X (sky130_fd_sc_hd__clkbuf_16)
   0.16    4.29 ^ clkbuf_2_0__f_clk/X (sky130_fd_sc_hd__clkbuf_16)
   0.00    4.29 ^ approx_s2[1]$_SDFF_PP0_/CLK (sky130_fd_sc_hd__dfxtp_1)
   0.00    4.29   clock reconvergence pessimism
  -0.13    4.16   library setup time
           4.16   data required time
---------------------------------------------------------
           4.16   data required time
          -2.82   data arrival time
---------------------------------------------------------
           1.34   slack (MET)



==========================================================================
finish report_checks -path_delay min reg to reg
--------------------------------------------------------------------------
Startpoint: valid_s2$_SDFF_PP0_ (rising edge-triggered flip-flop clocked by clk)
Endpoint: valid_s3$_SDFF_PP0_ (rising edge-triggered flip-flop clocked by clk)
Path Group: clk
Path Type: min

  Delay    Time   Description
---------------------------------------------------------
   0.00    0.00   clock clk (rise edge)
   0.00    0.00   clock source latency
   0.00    0.00 ^ clk (in)
   0.13    0.13 ^ clkbuf_0_clk/X (sky130_fd_sc_hd__clkbuf_16)
   0.15    0.28 ^ clkbuf_2_1__f_clk/X (sky130_fd_sc_hd__clkbuf_16)
   0.00    0.28 ^ valid_s2$_SDFF_PP0_/CLK (sky130_fd_sc_hd__dfxtp_1)
   0.30    0.57 ^ valid_s2$_SDFF_PP0_/Q (sky130_fd_sc_hd__dfxtp_1)
   0.10    0.68 ^ _885_/Y (sky130_fd_sc_hd__nor2b_1)
   0.00    0.68 ^ valid_s3$_SDFF_PP0_/D (sky130_fd_sc_hd__dfxtp_1)
           0.68   data arrival time

   0.00    0.00   clock clk (rise edge)
   0.00    0.00   clock source latency
   0.00    0.00 ^ clk (in)
   0.13    0.13 ^ clkbuf_0_clk/X (sky130_fd_sc_hd__clkbuf_16)
   0.15    0.28 ^ clkbuf_2_1__f_clk/X (sky130_fd_sc_hd__clkbuf_16)
   0.00    0.28 ^ valid_s3$_SDFF_PP0_/CLK (sky130_fd_sc_hd__dfxtp_1)
   0.00    0.28   clock reconvergence pessimism
  -0.03    0.24   library hold time
           0.24   data required time
---------------------------------------------------------
           0.24   data required time
          -0.68   data arrival time
---------------------------------------------------------
           0.43   slack (MET)



==========================================================================
finish critical path target clock latency max path
--------------------------------------------------------------------------
0.2917

==========================================================================
finish critical path target clock latency min path
--------------------------------------------------------------------------
0.2931

==========================================================================
finish critical path source clock latency min path
--------------------------------------------------------------------------
0.0000

==========================================================================
finish critical path delay
--------------------------------------------------------------------------
2.8214

==========================================================================
finish critical path slack
--------------------------------------------------------------------------
1.3414

==========================================================================
finish slack div critical path delay
--------------------------------------------------------------------------
47.543773

==========================================================================
finish report_power
--------------------------------------------------------------------------
Group                  Internal  Switching    Leakage      Total
                          Power      Power      Power      Power (Watts)
----------------------------------------------------------------
Sequential             4.30e-04   2.38e-05   3.37e-10   4.54e-04  35.1%
Combinational          1.43e-04   2.33e-04   1.01e-09   3.76e-04  29.2%
Clock                  2.90e-04   1.71e-04   7.97e-11   4.61e-04  35.7%
Macro                  0.00e+00   0.00e+00   0.00e+00   0.00e+00   0.0%
Pad                    0.00e+00   0.00e+00   0.00e+00   0.00e+00   0.0%
----------------------------------------------------------------
Total                  8.63e-04   4.28e-04   1.42e-09   1.29e-03 100.0%
                          66.9%      33.1%       0.0%
