
==========================================================================
finish report_tns
--------------------------------------------------------------------------
tns max 0.00

==========================================================================
finish report_wns
--------------------------------------------------------------------------
wns max 0.00

==========================================================================
finish report_worst_slack
--------------------------------------------------------------------------
worst slack max 0.44

==========================================================================
finish report_clock_min_period
--------------------------------------------------------------------------
clk period_min = 2.56 fmax = 390.96

==========================================================================
finish report_clock_skew
--------------------------------------------------------------------------
Clock clk
   0.30 source latency x_s1[0]$_SDFFE_PP0P_/CLK ^
  -0.29 target latency approx_s2[7]$_SDFF_PP0_/CLK ^
   0.00 CRPR
--------------
   0.01 setup skew


==========================================================================
finish report_checks -path_delay min
--------------------------------------------------------------------------
Startpoint: approx_s2[9]$_SDFF_PP0_
            (rising edge-triggered flip-flop clocked by clk)
Endpoint: approx_s3[9]$_SDFF_PP0_
          (rising edge-triggered flip-flop clocked by clk)
Path Group: clk
Path Type: min

Fanout     Cap    Slew   Delay    Time   Description
-----------------------------------------------------------------------------
                          0.00    0.00   clock clk (rise edge)
                          0.00    0.00   clock source latency
     1    0.02    0.00    0.00    0.00 ^ clk (in)
                                         clk (net)
                  0.00    0.00    0.00 ^ clkbuf_0_clk/A (sky130_fd_sc_hd__clkbuf_16)
     4    0.05    0.07    0.14    0.14 ^ clkbuf_0_clk/X (sky130_fd_sc_hd__clkbuf_16)
                                         clknet_0_clk (net)
                  0.07    0.00    0.14 ^ clkbuf_2_1__f_clk/A (sky130_fd_sc_hd__clkbuf_16)
    11    0.04    0.06    0.15    0.29 ^ clkbuf_2_1__f_clk/X (sky130_fd_sc_hd__clkbuf_16)
                                         clknet_2_1__leaf_clk (net)
                  0.06    0.00    0.29 ^ approx_s2[9]$_SDFF_PP0_/CLK (sky130_fd_sc_hd__dfxtp_1)
     1    0.00    0.04    0.30    0.59 ^ approx_s2[9]$_SDFF_PP0_/Q (sky130_fd_sc_hd__dfxtp_1)
                                         approx_s2[9] (net)
                  0.04    0.00    0.59 ^ _887_/B_N (sky130_fd_sc_hd__nor2b_1)
     1    0.00    0.07    0.10    0.69 ^ _887_/Y (sky130_fd_sc_hd__nor2b_1)
                                         _054_ (net)
                  0.07    0.00    0.69 ^ approx_s3[9]$_SDFF_PP0_/D (sky130_fd_sc_hd__dfxtp_1)
                                  0.69   data arrival time

                          0.00    0.00   clock clk (rise edge)
                          0.00    0.00   clock source latency
     1    0.02    0.00    0.00    0.00 ^ clk (in)
                                         clk (net)
                  0.00    0.00    0.00 ^ clkbuf_0_clk/A (sky130_fd_sc_hd__clkbuf_16)
     4    0.05    0.07    0.14    0.14 ^ clkbuf_0_clk/X (sky130_fd_sc_hd__clkbuf_16)
                                         clknet_0_clk (net)
                  0.07    0.00    0.14 ^ clkbuf_2_3__f_clk/A (sky130_fd_sc_hd__clkbuf_16)
    14    0.05    0.06    0.16    0.29 ^ clkbuf_2_3__f_clk/X (sky130_fd_sc_hd__clkbuf_16)
                                         clknet_2_3__leaf_clk (net)
                  0.06    0.00    0.29 ^ approx_s3[9]$_SDFF_PP0_/CLK (sky130_fd_sc_hd__dfxtp_1)
                          0.00    0.29   clock reconvergence pessimism
                         -0.03    0.26   library hold time
                                  0.26   data required time
-----------------------------------------------------------------------------
                                  0.26   data required time
                                 -0.69   data arrival time
-----------------------------------------------------------------------------
                                  0.43   slack (MET)



==========================================================================
finish report_checks -path_delay max
--------------------------------------------------------------------------
Startpoint: x_s1[0]$_SDFFE_PP0P_
            (rising edge-triggered flip-flop clocked by clk)
Endpoint: approx_s2[1]$_SDFF_PP0_
          (rising edge-triggered flip-flop clocked by clk)
Path Group: clk
Path Type: max

Fanout     Cap    Slew   Delay    Time   Description
-----------------------------------------------------------------------------
                          0.00    0.00   clock clk (rise edge)
                          0.00    0.00   clock source latency
     1    0.02    0.00    0.00    0.00 ^ clk (in)
                                         clk (net)
                  0.00    0.00    0.00 ^ clkbuf_0_clk/A (sky130_fd_sc_hd__clkbuf_16)
     4    0.05    0.07    0.14    0.14 ^ clkbuf_0_clk/X (sky130_fd_sc_hd__clkbuf_16)
                                         clknet_0_clk (net)
                  0.07    0.00    0.14 ^ clkbuf_2_0__f_clk/A (sky130_fd_sc_hd__clkbuf_16)
     8    0.06    0.08    0.16    0.30 ^ clkbuf_2_0__f_clk/X (sky130_fd_sc_hd__clkbuf_16)
                                         clknet_2_0__leaf_clk (net)
                  0.08    0.00    0.30 ^ x_s1[0]$_SDFFE_PP0P_/CLK (sky130_fd_sc_hd__dfxtp_1)
     2    0.01    0.07    0.33    0.63 ^ x_s1[0]$_SDFFE_PP0P_/Q (sky130_fd_sc_hd__dfxtp_1)
                                         x_s1[0] (net)
                  0.07    0.00    0.63 ^ place83/A (sky130_fd_sc_hd__buf_4)
    20    0.08    0.23    0.25    0.88 ^ place83/X (sky130_fd_sc_hd__buf_4)
                                         net82 (net)
                  0.23    0.01    0.89 ^ _898_/A (sky130_fd_sc_hd__ha_1)
     7    0.04    0.40    0.44    1.33 ^ _898_/COUT (sky130_fd_sc_hd__ha_1)
                                         _012_ (net)
                  0.40    0.00    1.34 ^ _657_/B (sky130_fd_sc_hd__nor2_2)
     7    0.03    0.18    0.17    1.51 v _657_/Y (sky130_fd_sc_hd__nor2_2)
                                         _240_ (net)
                  0.18    0.00    1.51 v _766_/B1 (sky130_fd_sc_hd__a21o_1)
     1    0.00    0.04    0.20    1.71 v _766_/X (sky130_fd_sc_hd__a21o_1)
                                         _347_ (net)
                  0.04    0.00    1.71 v _770_/A0 (sky130_fd_sc_hd__mux4_2)
     1    0.01    0.09    0.46    2.18 v _770_/X (sky130_fd_sc_hd__mux4_2)
                                         _351_ (net)
                  0.09    0.00    2.18 v _775_/A2 (sky130_fd_sc_hd__a221oi_2)
     1    0.01    0.30    0.37    2.55 ^ _775_/Y (sky130_fd_sc_hd__a221oi_2)
                                         _356_ (net)
                  0.30    0.00    2.55 ^ _810_/A2 (sky130_fd_sc_hd__o311ai_1)
     1    0.00    0.13    0.15    2.70 v _810_/Y (sky130_fd_sc_hd__o311ai_1)
                                         _032_ (net)
                  0.13    0.00    2.70 v approx_s2[1]$_SDFF_PP0_/D (sky130_fd_sc_hd__dfxtp_1)
                                  2.70   data arrival time

                          3.00    3.00   clock clk (rise edge)
                          0.00    3.00   clock source latency
     1    0.02    0.00    0.00    3.00 ^ clk (in)
                                         clk (net)
                  0.00    0.00    3.00 ^ clkbuf_0_clk/A (sky130_fd_sc_hd__clkbuf_16)
     4    0.05    0.07    0.14    3.14 ^ clkbuf_0_clk/X (sky130_fd_sc_hd__clkbuf_16)
                                         clknet_0_clk (net)
                  0.07    0.00    3.14 ^ clkbuf_2_2__f_clk/A (sky130_fd_sc_hd__clkbuf_16)
    11    0.04    0.06    0.15    3.29 ^ clkbuf_2_2__f_clk/X (sky130_fd_sc_hd__clkbuf_16)
                                         clknet_2_2__leaf_clk (net)
                  0.06    0.00    3.29 ^ approx_s2[1]$_SDFF_PP0_/CLK (sky130_fd_sc_hd__dfxtp_1)
                          0.00    3.29   clock reconvergence pessimism
                         -0.15    3.14   library setup time
                                  3.14   data required time
-----------------------------------------------------------------------------
                                  3.14   data required time
                                 -2.70   data arrival time
-----------------------------------------------------------------------------
                                  0.44   slack (MET)



==========================================================================
finish report_checks -unconstrained
--------------------------------------------------------------------------
Startpoint: x_s1[0]$_SDFFE_PP0P_
            (rising edge-triggered flip-flop clocked by clk)
Endpoint: approx_s2[1]$_SDFF_PP0_
          (rising edge-triggered flip-flop clocked by clk)
Path Group: clk
Path Type: max

Fanout     Cap    Slew   Delay    Time   Description
-----------------------------------------------------------------------------
                          0.00    0.00   clock clk (rise edge)
                          0.00    0.00   clock source latency
     1    0.02    0.00    0.00    0.00 ^ clk (in)
                                         clk (net)
                  0.00    0.00    0.00 ^ clkbuf_0_clk/A (sky130_fd_sc_hd__clkbuf_16)
     4    0.05    0.07    0.14    0.14 ^ clkbuf_0_clk/X (sky130_fd_sc_hd__clkbuf_16)
                                         clknet_0_clk (net)
                  0.07    0.00    0.14 ^ clkbuf_2_0__f_clk/A (sky130_fd_sc_hd__clkbuf_16)
     8    0.06    0.08    0.16    0.30 ^ clkbuf_2_0__f_clk/X (sky130_fd_sc_hd__clkbuf_16)
                                         clknet_2_0__leaf_clk (net)
                  0.08    0.00    0.30 ^ x_s1[0]$_SDFFE_PP0P_/CLK (sky130_fd_sc_hd__dfxtp_1)
     2    0.01    0.07    0.33    0.63 ^ x_s1[0]$_SDFFE_PP0P_/Q (sky130_fd_sc_hd__dfxtp_1)
                                         x_s1[0] (net)
                  0.07    0.00    0.63 ^ place83/A (sky130_fd_sc_hd__buf_4)
    20    0.08    0.23    0.25    0.88 ^ place83/X (sky130_fd_sc_hd__buf_4)
                                         net82 (net)
                  0.23    0.01    0.89 ^ _898_/A (sky130_fd_sc_hd__ha_1)
     7    0.04    0.40    0.44    1.33 ^ _898_/COUT (sky130_fd_sc_hd__ha_1)
                                         _012_ (net)
                  0.40    0.00    1.34 ^ _657_/B (sky130_fd_sc_hd__nor2_2)
     7    0.03    0.18    0.17    1.51 v _657_/Y (sky130_fd_sc_hd__nor2_2)
                                         _240_ (net)
                  0.18    0.00    1.51 v _766_/B1 (sky130_fd_sc_hd__a21o_1)
     1    0.00    0.04    0.20    1.71 v _766_/X (sky130_fd_sc_hd__a21o_1)
                                         _347_ (net)
                  0.04    0.00    1.71 v _770_/A0 (sky130_fd_sc_hd__mux4_2)
     1    0.01    0.09    0.46    2.18 v _770_/X (sky130_fd_sc_hd__mux4_2)
                                         _351_ (net)
                  0.09    0.00    2.18 v _775_/A2 (sky130_fd_sc_hd__a221oi_2)
     1    0.01    0.30    0.37    2.55 ^ _775_/Y (sky130_fd_sc_hd__a221oi_2)
                                         _356_ (net)
                  0.30    0.00    2.55 ^ _810_/A2 (sky130_fd_sc_hd__o311ai_1)
     1    0.00    0.13    0.15    2.70 v _810_/Y (sky130_fd_sc_hd__o311ai_1)
                                         _032_ (net)
                  0.13    0.00    2.70 v approx_s2[1]$_SDFF_PP0_/D (sky130_fd_sc_hd__dfxtp_1)
                                  2.70   data arrival time

                          3.00    3.00   clock clk (rise edge)
                          0.00    3.00   clock source latency
     1    0.02    0.00    0.00    3.00 ^ clk (in)
                                         clk (net)
                  0.00    0.00    3.00 ^ clkbuf_0_clk/A (sky130_fd_sc_hd__clkbuf_16)
     4    0.05    0.07    0.14    3.14 ^ clkbuf_0_clk/X (sky130_fd_sc_hd__clkbuf_16)
                                         clknet_0_clk (net)
                  0.07    0.00    3.14 ^ clkbuf_2_2__f_clk/A (sky130_fd_sc_hd__clkbuf_16)
    11    0.04    0.06    0.15    3.29 ^ clkbuf_2_2__f_clk/X (sky130_fd_sc_hd__clkbuf_16)
                                         clknet_2_2__leaf_clk (net)
                  0.06    0.00    3.29 ^ approx_s2[1]$_SDFF_PP0_/CLK (sky130_fd_sc_hd__dfxtp_1)
                          0.00    3.29   clock reconvergence pessimism
                         -0.15    3.14   library setup time
                                  3.14   data required time
-----------------------------------------------------------------------------
                                  3.14   data required time
                                 -2.70   data arrival time
-----------------------------------------------------------------------------
                                  0.44   slack (MET)



==========================================================================
finish report_check_types -max_slew -max_cap -max_fanout -violators
--------------------------------------------------------------------------

==========================================================================
finish max_slew_check_slack
--------------------------------------------------------------------------
0.7874054312705994

==========================================================================
finish max_slew_check_limit
--------------------------------------------------------------------------
1.4944789409637451

==========================================================================
finish max_slew_check_slack_limit
--------------------------------------------------------------------------
0.5269

==========================================================================
finish max_fanout_check_slack
--------------------------------------------------------------------------
1.0000000150474662e+30

==========================================================================
finish max_fanout_check_limit
--------------------------------------------------------------------------
1.0000000150474662e+30

==========================================================================
finish max_capacitance_check_slack
--------------------------------------------------------------------------
0.01363863330334425

==========================================================================
finish max_capacitance_check_limit
--------------------------------------------------------------------------
0.021067000925540924

==========================================================================
finish max_capacitance_check_slack_limit
--------------------------------------------------------------------------
0.6474

==========================================================================
finish max_slew_violation_count
--------------------------------------------------------------------------
max slew violation count 0

==========================================================================
finish max_fanout_violation_count
--------------------------------------------------------------------------
max fanout violation count 0

==========================================================================
finish max_cap_violation_count
--------------------------------------------------------------------------
max cap violation count 0

==========================================================================
finish setup_violation_count
--------------------------------------------------------------------------
setup violation count 0

==========================================================================
finish hold_violation_count
--------------------------------------------------------------------------
hold violation count 0

==========================================================================
finish report_checks -path_delay max reg to reg
--------------------------------------------------------------------------
Startpoint: x_s1[0]$_SDFFE_PP0P_
            (rising edge-triggered flip-flop clocked by clk)
Endpoint: approx_s2[1]$_SDFF_PP0_
          (rising edge-triggered flip-flop clocked by clk)
Path Group: clk
Path Type: max

  Delay    Time   Description
---------------------------------------------------------
   0.00    0.00   clock clk (rise edge)
   0.00    0.00   clock source latency
   0.00    0.00 ^ clk (in)
   0.14    0.14 ^ clkbuf_0_clk/X (sky130_fd_sc_hd__clkbuf_16)
   0.16    0.30 ^ clkbuf_2_0__f_clk/X (sky130_fd_sc_hd__clkbuf_16)
   0.00    0.30 ^ x_s1[0]$_SDFFE_PP0P_/CLK (sky130_fd_sc_hd__dfxtp_1)
   0.33    0.63 ^ x_s1[0]$_SDFFE_PP0P_/Q (sky130_fd_sc_hd__dfxtp_1)
   0.25    0.88 ^ place83/X (sky130_fd_sc_hd__buf_4)
   0.45    1.33 ^ _898_/COUT (sky130_fd_sc_hd__ha_1)
   0.18    1.51 v _657_/Y (sky130_fd_sc_hd__nor2_2)
   0.21    1.71 v _766_/X (sky130_fd_sc_hd__a21o_1)
   0.46    2.18 v _770_/X (sky130_fd_sc_hd__mux4_2)
   0.37    2.55 ^ _775_/Y (sky130_fd_sc_hd__a221oi_2)
   0.15    2.70 v _810_/Y (sky130_fd_sc_hd__o311ai_1)
   0.00    2.70 v approx_s2[1]$_SDFF_PP0_/D (sky130_fd_sc_hd__dfxtp_1)
           2.70   data arrival time

   3.00    3.00   clock clk (rise edge)
   0.00    3.00   clock source latency
   0.00    3.00 ^ clk (in)
   0.14    3.14 ^ clkbuf_0_clk/X (sky130_fd_sc_hd__clkbuf_16)
   0.15    3.29 ^ clkbuf_2_2__f_clk/X (sky130_fd_sc_hd__clkbuf_16)
   0.00    3.29 ^ approx_s2[1]$_SDFF_PP0_/CLK (sky130_fd_sc_hd__dfxtp_1)
   0.00    3.29   clock reconvergence pessimism
  -0.15    3.14   library setup time
           3.14   data required time
---------------------------------------------------------
           3.14   data required time
          -2.70   data arrival time
---------------------------------------------------------
           0.44   slack (MET)



==========================================================================
finish report_checks -path_delay min reg to reg
--------------------------------------------------------------------------
Startpoint: approx_s2[9]$_SDFF_PP0_
            (rising edge-triggered flip-flop clocked by clk)
Endpoint: approx_s3[9]$_SDFF_PP0_
          (rising edge-triggered flip-flop clocked by clk)
Path Group: clk
Path Type: min

  Delay    Time   Description
---------------------------------------------------------
   0.00    0.00   clock clk (rise edge)
   0.00    0.00   clock source latency
   0.00    0.00 ^ clk (in)
   0.14    0.14 ^ clkbuf_0_clk/X (sky130_fd_sc_hd__clkbuf_16)
   0.15    0.29 ^ clkbuf_2_1__f_clk/X (sky130_fd_sc_hd__clkbuf_16)
   0.00    0.29 ^ approx_s2[9]$_SDFF_PP0_/CLK (sky130_fd_sc_hd__dfxtp_1)
   0.30    0.59 ^ approx_s2[9]$_SDFF_PP0_/Q (sky130_fd_sc_hd__dfxtp_1)
   0.10    0.69 ^ _887_/Y (sky130_fd_sc_hd__nor2b_1)
   0.00    0.69 ^ approx_s3[9]$_SDFF_PP0_/D (sky130_fd_sc_hd__dfxtp_1)
           0.69   data arrival time

   0.00    0.00   clock clk (rise edge)
   0.00    0.00   clock source latency
   0.00    0.00 ^ clk (in)
   0.14    0.14 ^ clkbuf_0_clk/X (sky130_fd_sc_hd__clkbuf_16)
   0.16    0.29 ^ clkbuf_2_3__f_clk/X (sky130_fd_sc_hd__clkbuf_16)
   0.00    0.29 ^ approx_s3[9]$_SDFF_PP0_/CLK (sky130_fd_sc_hd__dfxtp_1)
   0.00    0.29   clock reconvergence pessimism
  -0.03    0.26   library hold time
           0.26   data required time
---------------------------------------------------------
           0.26   data required time
          -0.69   data arrival time
---------------------------------------------------------
           0.43   slack (MET)



==========================================================================
finish critical path target clock latency max path
--------------------------------------------------------------------------
0.2909

==========================================================================
finish critical path target clock latency min path
--------------------------------------------------------------------------
0.3034

==========================================================================
finish critical path source clock latency min path
--------------------------------------------------------------------------
0.0000

==========================================================================
finish critical path delay
--------------------------------------------------------------------------
2.7026

==========================================================================
finish critical path slack
--------------------------------------------------------------------------
0.4422

==========================================================================
finish slack div critical path delay
--------------------------------------------------------------------------
16.362022

==========================================================================
finish report_power
--------------------------------------------------------------------------
Group                  Internal  Switching    Leakage      Total
                          Power      Power      Power      Power (Watts)
----------------------------------------------------------------
Sequential             5.73e-04   3.55e-05   3.37e-10   6.09e-04  32.4%
Combinational          2.05e-04   3.29e-04   1.07e-09   5.34e-04  28.4%
Clock                  4.81e-04   2.57e-04   9.44e-11   7.38e-04  39.2%
Macro                  0.00e+00   0.00e+00   0.00e+00   0.00e+00   0.0%
Pad                    0.00e+00   0.00e+00   0.00e+00   0.00e+00   0.0%
----------------------------------------------------------------
Total                  1.26e-03   6.22e-04   1.50e-09   1.88e-03 100.0%
                          66.9%      33.1%       0.0%
