
==========================================================================
cts final report_tns
--------------------------------------------------------------------------
tns max -113.25

==========================================================================
cts final report_wns
--------------------------------------------------------------------------
wns max -4.16

==========================================================================
cts final report_worst_slack
--------------------------------------------------------------------------
worst slack max -4.16

==========================================================================
cts final report_clock_min_period
--------------------------------------------------------------------------
clk period_min = 8.66 fmax = 115.52

==========================================================================
cts final report_clock_skew
--------------------------------------------------------------------------
Clock clk
   0.44 source latency _1692_/CLK ^
  -0.45 target latency _1646_/CLK ^
   0.00 CRPR
--------------
  -0.01 setup skew


==========================================================================
cts final report_checks -path_delay min
--------------------------------------------------------------------------
Startpoint: _1616_ (rising edge-triggered flip-flop clocked by clk)
Endpoint: stage2_valid$_SDFF_PP0_
          (rising edge-triggered flip-flop clocked by clk)
Path Group: clk
Path Type: min

Fanout     Cap    Slew   Delay    Time   Description
-----------------------------------------------------------------------------
                          0.00    0.00   clock clk (rise edge)
                          0.00    0.00   clock source latency
     1    0.05    0.00    0.00    0.00 ^ clk (in)
                                         clk (net)
                  0.00    0.00    0.00 ^ clkbuf_0_clk/A (sky130_fd_sc_hd__clkbuf_16)
    16    0.20    0.21    0.24    0.24 ^ clkbuf_0_clk/X (sky130_fd_sc_hd__clkbuf_16)
                                         clknet_0_clk (net)
                  0.21    0.00    0.24 ^ clkbuf_4_11_0_clk/A (sky130_fd_sc_hd__clkbuf_16)
     9    0.04    0.06    0.20    0.44 ^ clkbuf_4_11_0_clk/X (sky130_fd_sc_hd__clkbuf_16)
                                         clknet_4_11_0_clk (net)
                  0.06    0.00    0.44 ^ _1616_/CLK (sky130_fd_sc_hd__dfxtp_1)
     1    0.00    0.02    0.29    0.73 v _1616_/Q (sky130_fd_sc_hd__dfxtp_1)
                                         _0000_ (net)
                  0.02    0.00    0.73 v _2726_/B_N (sky130_fd_sc_hd__nor2b_1)
     1    0.00    0.03    0.11    0.85 v _2726_/Y (sky130_fd_sc_hd__nor2b_1)
                                         _0952_ (net)
                  0.03    0.00    0.85 v stage2_valid$_SDFF_PP0_/D (sky130_fd_sc_hd__dfxtp_2)
                                  0.85   data arrival time

                          0.00    0.00   clock clk (rise edge)
                          0.00    0.00   clock source latency
     1    0.05    0.00    0.00    0.00 ^ clk (in)
                                         clk (net)
                  0.00    0.00    0.00 ^ clkbuf_0_clk/A (sky130_fd_sc_hd__clkbuf_16)
    16    0.20    0.21    0.24    0.24 ^ clkbuf_0_clk/X (sky130_fd_sc_hd__clkbuf_16)
                                         clknet_0_clk (net)
                  0.21    0.00    0.24 ^ clkbuf_4_14_0_clk/A (sky130_fd_sc_hd__clkbuf_16)
     6    0.05    0.07    0.20    0.45 ^ clkbuf_4_14_0_clk/X (sky130_fd_sc_hd__clkbuf_16)
                                         clknet_4_14_0_clk (net)
                  0.07    0.00    0.45 ^ stage2_valid$_SDFF_PP0_/CLK (sky130_fd_sc_hd__dfxtp_2)
                          0.00    0.45   clock reconvergence pessimism
                         -0.03    0.41   library hold time
                                  0.41   data required time
-----------------------------------------------------------------------------
                                  0.41   data required time
                                 -0.85   data arrival time
-----------------------------------------------------------------------------
                                  0.43   slack (MET)



==========================================================================
cts final report_checks -path_delay max
--------------------------------------------------------------------------
Startpoint: _1685_ (rising edge-triggered flip-flop clocked by clk)
Endpoint: _1654_ (rising edge-triggered flip-flop clocked by clk)
Path Group: clk
Path Type: max

Fanout     Cap    Slew   Delay    Time   Description
-----------------------------------------------------------------------------
                          0.00    0.00   clock clk (rise edge)
                          0.00    0.00   clock source latency
     1    0.05    0.00    0.00    0.00 ^ clk (in)
                                         clk (net)
                  0.00    0.00    0.00 ^ clkbuf_0_clk/A (sky130_fd_sc_hd__clkbuf_16)
    16    0.20    0.21    0.24    0.24 ^ clkbuf_0_clk/X (sky130_fd_sc_hd__clkbuf_16)
                                         clknet_0_clk (net)
                  0.21    0.00    0.24 ^ clkbuf_4_12_0_clk/A (sky130_fd_sc_hd__clkbuf_16)
     6    0.04    0.06    0.20    0.44 ^ clkbuf_4_12_0_clk/X (sky130_fd_sc_hd__clkbuf_16)
                                         clknet_4_12_0_clk (net)
                  0.06    0.00    0.45 ^ _1685_/CLK (sky130_fd_sc_hd__dfxtp_2)
     2    0.01    0.04    0.33    0.77 v _1685_/Q (sky130_fd_sc_hd__dfxtp_2)
                                         _0050_ (net)
                  0.04    0.00    0.77 v _2168_/A_N (sky130_fd_sc_hd__nand2b_4)
     1    0.01    0.04    0.14    0.91 v _2168_/Y (sky130_fd_sc_hd__nand2b_4)
                                         _0220_ (net)
                  0.04    0.00    0.91 v _2759_/B (sky130_fd_sc_hd__fa_1)
     1    0.01    0.09    0.47    1.38 v _2759_/SUM (sky130_fd_sc_hd__fa_1)
                                         _1458_ (net)
                  0.09    0.00    1.38 v _2774_/B (sky130_fd_sc_hd__fa_1)
     1    0.01    0.11    0.56    1.94 ^ _2774_/SUM (sky130_fd_sc_hd__fa_1)
                                         _1476_ (net)
                  0.11    0.00    1.94 ^ _2780_/B (sky130_fd_sc_hd__fa_1)
     1    0.01    0.09    0.44    2.38 v _2780_/SUM (sky130_fd_sc_hd__fa_1)
                                         _1486_ (net)
                  0.09    0.00    2.38 v _2795_/CIN (sky130_fd_sc_hd__fa_1)
     1    0.00    0.07    0.50    2.89 ^ _2795_/SUM (sky130_fd_sc_hd__fa_1)
                                         _0320_ (net)
                  0.07    0.00    2.89 ^ _2097_/A (sky130_fd_sc_hd__inv_2)
     1    0.01    0.03    0.05    2.93 v _2097_/Y (sky130_fd_sc_hd__inv_2)
                                         _0676_ (net)
                  0.03    0.00    2.93 v _2920_/B (sky130_fd_sc_hd__ha_4)
     2    0.01    0.05    0.22    3.15 v _2920_/SUM (sky130_fd_sc_hd__ha_4)
                                         _0678_ (net)
                  0.05    0.00    3.15 v _2018_/A2 (sky130_fd_sc_hd__a2111oi_4)
     1    0.00    0.23    0.33    3.47 ^ _2018_/Y (sky130_fd_sc_hd__a2111oi_4)
                                         _1054_ (net)
                  0.23    0.00    3.47 ^ _2021_/C1 (sky130_fd_sc_hd__o211ai_1)
     2    0.01    0.14    0.17    3.65 v _2021_/Y (sky130_fd_sc_hd__o211ai_1)
                                         _1057_ (net)
                  0.14    0.00    3.65 v _2052_/A3 (sky130_fd_sc_hd__a31o_4)
     2    0.02    0.05    0.29    3.94 v _2052_/X (sky130_fd_sc_hd__a31o_4)
                                         _1063_ (net)
                  0.05    0.00    3.94 v _2057_/A1 (sky130_fd_sc_hd__a211oi_4)
     2    0.01    0.18    0.21    4.15 ^ _2057_/Y (sky130_fd_sc_hd__a211oi_4)
                                         _0394_ (net)
                  0.18    0.00    4.15 ^ _2206_/A2 (sky130_fd_sc_hd__o21bai_1)
     1    0.01    0.07    0.10    4.26 v _2206_/Y (sky130_fd_sc_hd__o21bai_1)
                                         _1072_ (net)
                  0.07    0.00    4.26 v _2207_/A2 (sky130_fd_sc_hd__a21oi_2)
     2    0.01    0.13    0.17    4.43 ^ _2207_/Y (sky130_fd_sc_hd__a21oi_2)
                                         _0413_ (net)
                  0.13    0.00    4.43 ^ _2826_/CIN (sky130_fd_sc_hd__fa_1)
     2    0.01    0.09    0.44    4.87 v _2826_/SUM (sky130_fd_sc_hd__fa_1)
                                         _0415_ (net)
                  0.09    0.00    4.87 v _1751_/D (sky130_fd_sc_hd__or4_4)
     1    0.01    0.09    0.44    5.31 v _1751_/X (sky130_fd_sc_hd__or4_4)
                                         _1409_ (net)
                  0.09    0.00    5.31 v _1752_/D (sky130_fd_sc_hd__nor4_4)
     2    0.01    0.30    0.23    5.55 ^ _1752_/Y (sky130_fd_sc_hd__nor4_4)
                                         _0746_ (net)
                  0.30    0.00    5.55 ^ _2957_/A (sky130_fd_sc_hd__ha_4)
     2    0.01    0.04    0.19    5.74 ^ _2957_/SUM (sky130_fd_sc_hd__ha_4)
                                         _0748_ (net)
                  0.04    0.00    5.74 ^ _1773_/A (sky130_fd_sc_hd__inv_2)
     2    0.01    0.03    0.04    5.78 v _1773_/Y (sky130_fd_sc_hd__inv_2)
                                         _0755_ (net)
                  0.03    0.00    5.78 v _2963_/B (sky130_fd_sc_hd__ha_4)
     2    0.01    0.04    0.21    5.99 v _2963_/SUM (sky130_fd_sc_hd__ha_4)
                                         _0757_ (net)
                  0.04    0.00    5.99 v _2087_/A2 (sky130_fd_sc_hd__o21ai_2)
     1    0.00    0.09    0.11    6.10 ^ _2087_/Y (sky130_fd_sc_hd__o21ai_2)
                                         _0758_ (net)
                  0.09    0.00    6.10 ^ _2964_/B (sky130_fd_sc_hd__ha_1)
     3    0.01    0.07    0.25    6.35 v _2964_/SUM (sky130_fd_sc_hd__ha_1)
                                         _0760_ (net)
                  0.07    0.00    6.35 v _1770_/B (sky130_fd_sc_hd__or3b_4)
     1    0.00    0.06    0.37    6.72 v _1770_/X (sky130_fd_sc_hd__or3b_4)
                                         _1427_ (net)
                  0.06    0.00    6.72 v _1772_/A1 (sky130_fd_sc_hd__mux2i_1)
     1    0.00    0.12    0.13    6.86 ^ _1772_/Y (sky130_fd_sc_hd__mux2i_1)
                                         _0954_ (net)
                  0.12    0.00    6.86 ^ _1774_/C1 (sky130_fd_sc_hd__a311oi_1)
     1    0.01    0.09    0.07    6.93 v _1774_/Y (sky130_fd_sc_hd__a311oi_1)
                                         _0955_ (net)
                  0.09    0.00    6.93 v _1779_/A1 (sky130_fd_sc_hd__o211a_4)
     3    0.02    0.05    0.28    7.21 v _1779_/X (sky130_fd_sc_hd__o211a_4)
                                         _0776_ (net)
                  0.05    0.00    7.21 v _2274_/A_N (sky130_fd_sc_hd__nand2b_4)
     2    0.01    0.04    0.14    7.35 v _2274_/Y (sky130_fd_sc_hd__nand2b_4)
                                         _1104_ (net)
                  0.04    0.00    7.35 v _2288_/A1 (sky130_fd_sc_hd__mux2_4)
     2    0.01    0.06    0.26    7.62 v _2288_/X (sky130_fd_sc_hd__mux2_4)
                                         _1105_ (net)
                  0.06    0.00    7.62 v _2289_/A (sky130_fd_sc_hd__inv_2)
     1    0.01    0.05    0.07    7.69 ^ _2289_/Y (sky130_fd_sc_hd__inv_2)
                                         _0799_ (net)
                  0.05    0.00    7.69 ^ _2977_/B (sky130_fd_sc_hd__ha_4)
     2    0.02    0.06    0.14    7.83 ^ _2977_/COUT (sky130_fd_sc_hd__ha_4)
                                         _0800_ (net)
                  0.06    0.00    7.83 ^ _2140_/A (sky130_fd_sc_hd__inv_2)
     1    0.01    0.03    0.04    7.87 v _2140_/Y (sky130_fd_sc_hd__inv_2)
                                         _0808_ (net)
                  0.03    0.00    7.87 v _2980_/B (sky130_fd_sc_hd__ha_4)
     4    0.01    0.04    0.15    8.02 v _2980_/COUT (sky130_fd_sc_hd__ha_4)
                                         _0809_ (net)
                  0.04    0.00    8.02 v _2497_/A_N (sky130_fd_sc_hd__nand2b_4)
     1    0.01    0.04    0.13    8.16 v _2497_/Y (sky130_fd_sc_hd__nand2b_4)
                                         _1252_ (net)
                  0.04    0.00    8.16 v _2498_/A2 (sky130_fd_sc_hd__a21oi_2)
     1    0.00    0.08    0.12    8.27 ^ _2498_/Y (sky130_fd_sc_hd__a21oi_2)
                                         _1253_ (net)
                  0.08    0.00    8.27 ^ _2502_/B_N (sky130_fd_sc_hd__and4bb_2)
     3    0.01    0.07    0.28    8.55 v _2502_/X (sky130_fd_sc_hd__and4bb_2)
                                         _1257_ (net)
                  0.07    0.00    8.55 v _2550_/A3 (sky130_fd_sc_hd__a32oi_4)
     3    0.02    0.24    0.29    8.84 ^ _2550_/Y (sky130_fd_sc_hd__a32oi_4)
                                         _1287_ (net)
                  0.24    0.00    8.84 ^ _2566_/A1 (sky130_fd_sc_hd__o32ai_2)
     1    0.00    0.13    0.12    8.96 v _2566_/Y (sky130_fd_sc_hd__o32ai_2)
                                         _0899_ (net)
                  0.13    0.00    8.96 v _1654_/D (sky130_fd_sc_hd__dfxtp_1)
                                  8.96   data arrival time

                          4.50    4.50   clock clk (rise edge)
                          0.00    4.50   clock source latency
     1    0.05    0.00    0.00    4.50 ^ clk (in)
                                         clk (net)
                  0.00    0.00    4.50 ^ clkbuf_0_clk/A (sky130_fd_sc_hd__clkbuf_16)
    16    0.20    0.21    0.24    4.74 ^ clkbuf_0_clk/X (sky130_fd_sc_hd__clkbuf_16)
                                         clknet_0_clk (net)
                  0.21    0.00    4.74 ^ clkbuf_4_13_0_clk/A (sky130_fd_sc_hd__clkbuf_16)
     8    0.05    0.07    0.20    4.95 ^ clkbuf_4_13_0_clk/X (sky130_fd_sc_hd__clkbuf_16)
                                         clknet_4_13_0_clk (net)
                  0.07    0.00    4.95 ^ _1654_/CLK (sky130_fd_sc_hd__dfxtp_1)
                          0.00    4.95   clock reconvergence pessimism
                         -0.14    4.81   library setup time
                                  4.81   data required time
-----------------------------------------------------------------------------
                                  4.81   data required time
                                 -8.96   data arrival time
-----------------------------------------------------------------------------
                                 -4.16   slack (VIOLATED)



==========================================================================
cts final report_checks -unconstrained
--------------------------------------------------------------------------
Startpoint: _1685_ (rising edge-triggered flip-flop clocked by clk)
Endpoint: _1654_ (rising edge-triggered flip-flop clocked by clk)
Path Group: clk
Path Type: max

Fanout     Cap    Slew   Delay    Time   Description
-----------------------------------------------------------------------------
                          0.00    0.00   clock clk (rise edge)
                          0.00    0.00   clock source latency
     1    0.05    0.00    0.00    0.00 ^ clk (in)
                                         clk (net)
                  0.00    0.00    0.00 ^ clkbuf_0_clk/A (sky130_fd_sc_hd__clkbuf_16)
    16    0.20    0.21    0.24    0.24 ^ clkbuf_0_clk/X (sky130_fd_sc_hd__clkbuf_16)
                                         clknet_0_clk (net)
                  0.21    0.00    0.24 ^ clkbuf_4_12_0_clk/A (sky130_fd_sc_hd__clkbuf_16)
     6    0.04    0.06    0.20    0.44 ^ clkbuf_4_12_0_clk/X (sky130_fd_sc_hd__clkbuf_16)
                                         clknet_4_12_0_clk (net)
                  0.06    0.00    0.45 ^ _1685_/CLK (sky130_fd_sc_hd__dfxtp_2)
     2    0.01    0.04    0.33    0.77 v _1685_/Q (sky130_fd_sc_hd__dfxtp_2)
                                         _0050_ (net)
                  0.04    0.00    0.77 v _2168_/A_N (sky130_fd_sc_hd__nand2b_4)
     1    0.01    0.04    0.14    0.91 v _2168_/Y (sky130_fd_sc_hd__nand2b_4)
                                         _0220_ (net)
                  0.04    0.00    0.91 v _2759_/B (sky130_fd_sc_hd__fa_1)
     1    0.01    0.09    0.47    1.38 v _2759_/SUM (sky130_fd_sc_hd__fa_1)
                                         _1458_ (net)
                  0.09    0.00    1.38 v _2774_/B (sky130_fd_sc_hd__fa_1)
     1    0.01    0.11    0.56    1.94 ^ _2774_/SUM (sky130_fd_sc_hd__fa_1)
                                         _1476_ (net)
                  0.11    0.00    1.94 ^ _2780_/B (sky130_fd_sc_hd__fa_1)
     1    0.01    0.09    0.44    2.38 v _2780_/SUM (sky130_fd_sc_hd__fa_1)
                                         _1486_ (net)
                  0.09    0.00    2.38 v _2795_/CIN (sky130_fd_sc_hd__fa_1)
     1    0.00    0.07    0.50    2.89 ^ _2795_/SUM (sky130_fd_sc_hd__fa_1)
                                         _0320_ (net)
                  0.07    0.00    2.89 ^ _2097_/A (sky130_fd_sc_hd__inv_2)
     1    0.01    0.03    0.05    2.93 v _2097_/Y (sky130_fd_sc_hd__inv_2)
                                         _0676_ (net)
                  0.03    0.00    2.93 v _2920_/B (sky130_fd_sc_hd__ha_4)
     2    0.01    0.05    0.22    3.15 v _2920_/SUM (sky130_fd_sc_hd__ha_4)
                                         _0678_ (net)
                  0.05    0.00    3.15 v _2018_/A2 (sky130_fd_sc_hd__a2111oi_4)
     1    0.00    0.23    0.33    3.47 ^ _2018_/Y (sky130_fd_sc_hd__a2111oi_4)
                                         _1054_ (net)
                  0.23    0.00    3.47 ^ _2021_/C1 (sky130_fd_sc_hd__o211ai_1)
     2    0.01    0.14    0.17    3.65 v _2021_/Y (sky130_fd_sc_hd__o211ai_1)
                                         _1057_ (net)
                  0.14    0.00    3.65 v _2052_/A3 (sky130_fd_sc_hd__a31o_4)
     2    0.02    0.05    0.29    3.94 v _2052_/X (sky130_fd_sc_hd__a31o_4)
                                         _1063_ (net)
                  0.05    0.00    3.94 v _2057_/A1 (sky130_fd_sc_hd__a211oi_4)
     2    0.01    0.18    0.21    4.15 ^ _2057_/Y (sky130_fd_sc_hd__a211oi_4)
                                         _0394_ (net)
                  0.18    0.00    4.15 ^ _2206_/A2 (sky130_fd_sc_hd__o21bai_1)
     1    0.01    0.07    0.10    4.26 v _2206_/Y (sky130_fd_sc_hd__o21bai_1)
                                         _1072_ (net)
                  0.07    0.00    4.26 v _2207_/A2 (sky130_fd_sc_hd__a21oi_2)
     2    0.01    0.13    0.17    4.43 ^ _2207_/Y (sky130_fd_sc_hd__a21oi_2)
                                         _0413_ (net)
                  0.13    0.00    4.43 ^ _2826_/CIN (sky130_fd_sc_hd__fa_1)
     2    0.01    0.09    0.44    4.87 v _2826_/SUM (sky130_fd_sc_hd__fa_1)
                                         _0415_ (net)
                  0.09    0.00    4.87 v _1751_/D (sky130_fd_sc_hd__or4_4)
     1    0.01    0.09    0.44    5.31 v _1751_/X (sky130_fd_sc_hd__or4_4)
                                         _1409_ (net)
                  0.09    0.00    5.31 v _1752_/D (sky130_fd_sc_hd__nor4_4)
     2    0.01    0.30    0.23    5.55 ^ _1752_/Y (sky130_fd_sc_hd__nor4_4)
                                         _0746_ (net)
                  0.30    0.00    5.55 ^ _2957_/A (sky130_fd_sc_hd__ha_4)
     2    0.01    0.04    0.19    5.74 ^ _2957_/SUM (sky130_fd_sc_hd__ha_4)
                                         _0748_ (net)
                  0.04    0.00    5.74 ^ _1773_/A (sky130_fd_sc_hd__inv_2)
     2    0.01    0.03    0.04    5.78 v _1773_/Y (sky130_fd_sc_hd__inv_2)
                                         _0755_ (net)
                  0.03    0.00    5.78 v _2963_/B (sky130_fd_sc_hd__ha_4)
     2    0.01    0.04    0.21    5.99 v _2963_/SUM (sky130_fd_sc_hd__ha_4)
                                         _0757_ (net)
                  0.04    0.00    5.99 v _2087_/A2 (sky130_fd_sc_hd__o21ai_2)
     1    0.00    0.09    0.11    6.10 ^ _2087_/Y (sky130_fd_sc_hd__o21ai_2)
                                         _0758_ (net)
                  0.09    0.00    6.10 ^ _2964_/B (sky130_fd_sc_hd__ha_1)
     3    0.01    0.07    0.25    6.35 v _2964_/SUM (sky130_fd_sc_hd__ha_1)
                                         _0760_ (net)
                  0.07    0.00    6.35 v _1770_/B (sky130_fd_sc_hd__or3b_4)
     1    0.00    0.06    0.37    6.72 v _1770_/X (sky130_fd_sc_hd__or3b_4)
                                         _1427_ (net)
                  0.06    0.00    6.72 v _1772_/A1 (sky130_fd_sc_hd__mux2i_1)
     1    0.00    0.12    0.13    6.86 ^ _1772_/Y (sky130_fd_sc_hd__mux2i_1)
                                         _0954_ (net)
                  0.12    0.00    6.86 ^ _1774_/C1 (sky130_fd_sc_hd__a311oi_1)
     1    0.01    0.09    0.07    6.93 v _1774_/Y (sky130_fd_sc_hd__a311oi_1)
                                         _0955_ (net)
                  0.09    0.00    6.93 v _1779_/A1 (sky130_fd_sc_hd__o211a_4)
     3    0.02    0.05    0.28    7.21 v _1779_/X (sky130_fd_sc_hd__o211a_4)
                                         _0776_ (net)
                  0.05    0.00    7.21 v _2274_/A_N (sky130_fd_sc_hd__nand2b_4)
     2    0.01    0.04    0.14    7.35 v _2274_/Y (sky130_fd_sc_hd__nand2b_4)
                                         _1104_ (net)
                  0.04    0.00    7.35 v _2288_/A1 (sky130_fd_sc_hd__mux2_4)
     2    0.01    0.06    0.26    7.62 v _2288_/X (sky130_fd_sc_hd__mux2_4)
                                         _1105_ (net)
                  0.06    0.00    7.62 v _2289_/A (sky130_fd_sc_hd__inv_2)
     1    0.01    0.05    0.07    7.69 ^ _2289_/Y (sky130_fd_sc_hd__inv_2)
                                         _0799_ (net)
                  0.05    0.00    7.69 ^ _2977_/B (sky130_fd_sc_hd__ha_4)
     2    0.02    0.06    0.14    7.83 ^ _2977_/COUT (sky130_fd_sc_hd__ha_4)
                                         _0800_ (net)
                  0.06    0.00    7.83 ^ _2140_/A (sky130_fd_sc_hd__inv_2)
     1    0.01    0.03    0.04    7.87 v _2140_/Y (sky130_fd_sc_hd__inv_2)
                                         _0808_ (net)
                  0.03    0.00    7.87 v _2980_/B (sky130_fd_sc_hd__ha_4)
     4    0.01    0.04    0.15    8.02 v _2980_/COUT (sky130_fd_sc_hd__ha_4)
                                         _0809_ (net)
                  0.04    0.00    8.02 v _2497_/A_N (sky130_fd_sc_hd__nand2b_4)
     1    0.01    0.04    0.13    8.16 v _2497_/Y (sky130_fd_sc_hd__nand2b_4)
                                         _1252_ (net)
                  0.04    0.00    8.16 v _2498_/A2 (sky130_fd_sc_hd__a21oi_2)
     1    0.00    0.08    0.12    8.27 ^ _2498_/Y (sky130_fd_sc_hd__a21oi_2)
                                         _1253_ (net)
                  0.08    0.00    8.27 ^ _2502_/B_N (sky130_fd_sc_hd__and4bb_2)
     3    0.01    0.07    0.28    8.55 v _2502_/X (sky130_fd_sc_hd__and4bb_2)
                                         _1257_ (net)
                  0.07    0.00    8.55 v _2550_/A3 (sky130_fd_sc_hd__a32oi_4)
     3    0.02    0.24    0.29    8.84 ^ _2550_/Y (sky130_fd_sc_hd__a32oi_4)
                                         _1287_ (net)
                  0.24    0.00    8.84 ^ _2566_/A1 (sky130_fd_sc_hd__o32ai_2)
     1    0.00    0.13    0.12    8.96 v _2566_/Y (sky130_fd_sc_hd__o32ai_2)
                                         _0899_ (net)
                  0.13    0.00    8.96 v _1654_/D (sky130_fd_sc_hd__dfxtp_1)
                                  8.96   data arrival time

                          4.50    4.50   clock clk (rise edge)
                          0.00    4.50   clock source latency
     1    0.05    0.00    0.00    4.50 ^ clk (in)
                                         clk (net)
                  0.00    0.00    4.50 ^ clkbuf_0_clk/A (sky130_fd_sc_hd__clkbuf_16)
    16    0.20    0.21    0.24    4.74 ^ clkbuf_0_clk/X (sky130_fd_sc_hd__clkbuf_16)
                                         clknet_0_clk (net)
                  0.21    0.00    4.74 ^ clkbuf_4_13_0_clk/A (sky130_fd_sc_hd__clkbuf_16)
     8    0.05    0.07    0.20    4.95 ^ clkbuf_4_13_0_clk/X (sky130_fd_sc_hd__clkbuf_16)
                                         clknet_4_13_0_clk (net)
                  0.07    0.00    4.95 ^ _1654_/CLK (sky130_fd_sc_hd__dfxtp_1)
                          0.00    4.95   clock reconvergence pessimism
                         -0.14    4.81   library setup time
                                  4.81   data required time
-----------------------------------------------------------------------------
                                  4.81   data required time
                                 -8.96   data arrival time
-----------------------------------------------------------------------------
                                 -4.16   slack (VIOLATED)



==========================================================================
cts final report_check_types -max_slew -max_cap -max_fanout -violators
--------------------------------------------------------------------------

==========================================================================
cts final max_slew_check_slack
--------------------------------------------------------------------------
0.718458354473114

==========================================================================
cts final max_slew_check_limit
--------------------------------------------------------------------------
1.5

==========================================================================
cts final max_slew_check_slack_limit
--------------------------------------------------------------------------
0.4790

==========================================================================
cts final max_fanout_check_slack
--------------------------------------------------------------------------
1.0000000150474662e+30

==========================================================================
cts final max_fanout_check_limit
--------------------------------------------------------------------------
1.0000000150474662e+30

==========================================================================
cts final max_capacitance_check_slack
--------------------------------------------------------------------------
0.0330968052148819

==========================================================================
cts final max_capacitance_check_limit
--------------------------------------------------------------------------
0.05036399886012077

==========================================================================
cts final max_capacitance_check_slack_limit
--------------------------------------------------------------------------
0.6572

==========================================================================
cts final max_slew_violation_count
--------------------------------------------------------------------------
max slew violation count 0

==========================================================================
cts final max_fanout_violation_count
--------------------------------------------------------------------------
max fanout violation count 0

==========================================================================
cts final max_cap_violation_count
--------------------------------------------------------------------------
max cap violation count 0

==========================================================================
cts final setup_violation_count
--------------------------------------------------------------------------
setup violation count 39

==========================================================================
cts final hold_violation_count
--------------------------------------------------------------------------
hold violation count 0

==========================================================================
cts final report_checks -path_delay max reg to reg
--------------------------------------------------------------------------
Startpoint: _1685_ (rising edge-triggered flip-flop clocked by clk)
Endpoint: _1654_ (rising edge-triggered flip-flop clocked by clk)
Path Group: clk
Path Type: max

  Delay    Time   Description
---------------------------------------------------------
   0.00    0.00   clock clk (rise edge)
   0.00    0.00   clock source latency
   0.00    0.00 ^ clk (in)
   0.24    0.24 ^ clkbuf_0_clk/X (sky130_fd_sc_hd__clkbuf_16)
   0.20    0.44 ^ clkbuf_4_12_0_clk/X (sky130_fd_sc_hd__clkbuf_16)
   0.00    0.45 ^ _1685_/CLK (sky130_fd_sc_hd__dfxtp_2)
   0.33    0.77 v _1685_/Q (sky130_fd_sc_hd__dfxtp_2)
   0.14    0.91 v _2168_/Y (sky130_fd_sc_hd__nand2b_4)
   0.47    1.38 v _2759_/SUM (sky130_fd_sc_hd__fa_1)
   0.56    1.94 ^ _2774_/SUM (sky130_fd_sc_hd__fa_1)
   0.44    2.38 v _2780_/SUM (sky130_fd_sc_hd__fa_1)
   0.50    2.89 ^ _2795_/SUM (sky130_fd_sc_hd__fa_1)
   0.05    2.93 v _2097_/Y (sky130_fd_sc_hd__inv_2)
   0.22    3.15 v _2920_/SUM (sky130_fd_sc_hd__ha_4)
   0.33    3.47 ^ _2018_/Y (sky130_fd_sc_hd__a2111oi_4)
   0.17    3.65 v _2021_/Y (sky130_fd_sc_hd__o211ai_1)
   0.29    3.94 v _2052_/X (sky130_fd_sc_hd__a31o_4)
   0.21    4.15 ^ _2057_/Y (sky130_fd_sc_hd__a211oi_4)
   0.10    4.26 v _2206_/Y (sky130_fd_sc_hd__o21bai_1)
   0.17    4.43 ^ _2207_/Y (sky130_fd_sc_hd__a21oi_2)
   0.44    4.87 v _2826_/SUM (sky130_fd_sc_hd__fa_1)
   0.44    5.31 v _1751_/X (sky130_fd_sc_hd__or4_4)
   0.23    5.55 ^ _1752_/Y (sky130_fd_sc_hd__nor4_4)
   0.19    5.74 ^ _2957_/SUM (sky130_fd_sc_hd__ha_4)
   0.04    5.78 v _1773_/Y (sky130_fd_sc_hd__inv_2)
   0.21    5.99 v _2963_/SUM (sky130_fd_sc_hd__ha_4)
   0.11    6.10 ^ _2087_/Y (sky130_fd_sc_hd__o21ai_2)
   0.25    6.35 v _2964_/SUM (sky130_fd_sc_hd__ha_1)
   0.37    6.72 v _1770_/X (sky130_fd_sc_hd__or3b_4)
   0.13    6.86 ^ _1772_/Y (sky130_fd_sc_hd__mux2i_1)
   0.07    6.93 v _1774_/Y (sky130_fd_sc_hd__a311oi_1)
   0.28    7.21 v _1779_/X (sky130_fd_sc_hd__o211a_4)
   0.14    7.35 v _2274_/Y (sky130_fd_sc_hd__nand2b_4)
   0.27    7.62 v _2288_/X (sky130_fd_sc_hd__mux2_4)
   0.07    7.69 ^ _2289_/Y (sky130_fd_sc_hd__inv_2)
   0.14    7.83 ^ _2977_/COUT (sky130_fd_sc_hd__ha_4)
   0.04    7.87 v _2140_/Y (sky130_fd_sc_hd__inv_2)
   0.15    8.02 v _2980_/COUT (sky130_fd_sc_hd__ha_4)
   0.13    8.16 v _2497_/Y (sky130_fd_sc_hd__nand2b_4)
   0.12    8.27 ^ _2498_/Y (sky130_fd_sc_hd__a21oi_2)
   0.28    8.55 v _2502_/X (sky130_fd_sc_hd__and4bb_2)
   0.29    8.84 ^ _2550_/Y (sky130_fd_sc_hd__a32oi_4)
   0.12    8.96 v _2566_/Y (sky130_fd_sc_hd__o32ai_2)
   0.00    8.96 v _1654_/D (sky130_fd_sc_hd__dfxtp_1)
           8.96   data arrival time

   4.50    4.50   clock clk (rise edge)
   0.00    4.50   clock source latency
   0.00    4.50 ^ clk (in)
   0.24    4.74 ^ clkbuf_0_clk/X (sky130_fd_sc_hd__clkbuf_16)
   0.21    4.95 ^ clkbuf_4_13_0_clk/X (sky130_fd_sc_hd__clkbuf_16)
   0.00    4.95 ^ _1654_/CLK (sky130_fd_sc_hd__dfxtp_1)
   0.00    4.95   clock reconvergence pessimism
  -0.14    4.81   library setup time
           4.81   data required time
---------------------------------------------------------
           4.81   data required time
          -8.96   data arrival time
---------------------------------------------------------
          -4.16   slack (VIOLATED)



==========================================================================
cts final report_checks -path_delay min reg to reg
--------------------------------------------------------------------------
Startpoint: _1616_ (rising edge-triggered flip-flop clocked by clk)
Endpoint: stage2_valid$_SDFF_PP0_
          (rising edge-triggered flip-flop clocked by clk)
Path Group: clk
Path Type: min

  Delay    Time   Description
---------------------------------------------------------
   0.00    0.00   clock clk (rise edge)
   0.00    0.00   clock source latency
   0.00    0.00 ^ clk (in)
   0.24    0.24 ^ clkbuf_0_clk/X (sky130_fd_sc_hd__clkbuf_16)
   0.20    0.44 ^ clkbuf_4_11_0_clk/X (sky130_fd_sc_hd__clkbuf_16)
   0.00    0.44 ^ _1616_/CLK (sky130_fd_sc_hd__dfxtp_1)
   0.29    0.73 v _1616_/Q (sky130_fd_sc_hd__dfxtp_1)
   0.11    0.85 v _2726_/Y (sky130_fd_sc_hd__nor2b_1)
   0.00    0.85 v stage2_valid$_SDFF_PP0_/D (sky130_fd_sc_hd__dfxtp_2)
           0.85   data arrival time

   0.00    0.00   clock clk (rise edge)
   0.00    0.00   clock source latency
   0.00    0.00 ^ clk (in)
   0.24    0.24 ^ clkbuf_0_clk/X (sky130_fd_sc_hd__clkbuf_16)
   0.21    0.45 ^ clkbuf_4_14_0_clk/X (sky130_fd_sc_hd__clkbuf_16)
   0.00    0.45 ^ stage2_valid$_SDFF_PP0_/CLK (sky130_fd_sc_hd__dfxtp_2)
   0.00    0.45   clock reconvergence pessimism
  -0.03    0.41   library hold time
           0.41   data required time
---------------------------------------------------------
           0.41   data required time
          -0.85   data arrival time
---------------------------------------------------------
           0.43   slack (MET)



==========================================================================
cts final critical path target clock latency max path
--------------------------------------------------------------------------
0.4447

==========================================================================
cts final critical path target clock latency min path
--------------------------------------------------------------------------
0.4502

==========================================================================
cts final critical path source clock latency min path
--------------------------------------------------------------------------
0.0000

==========================================================================
cts final critical path delay
--------------------------------------------------------------------------
8.9623

==========================================================================
cts final critical path slack
--------------------------------------------------------------------------
-4.1565

==========================================================================
cts final slack div critical path delay
--------------------------------------------------------------------------
-46.377604

==========================================================================
cts final report_power
--------------------------------------------------------------------------
Group                  Internal  Switching    Leakage      Total
                          Power      Power      Power      Power (Watts)
----------------------------------------------------------------
Sequential             1.32e-03   1.04e-04   1.08e-09   1.42e-03  20.2%
Combinational          2.03e-03   2.09e-03   6.09e-09   4.12e-03  58.5%
Clock                  8.37e-04   6.60e-04   2.88e-10   1.50e-03  21.3%
Macro                  0.00e+00   0.00e+00   0.00e+00   0.00e+00   0.0%
Pad                    0.00e+00   0.00e+00   0.00e+00   0.00e+00   0.0%
----------------------------------------------------------------
Total                  4.18e-03   2.86e-03   7.46e-09   7.04e-03 100.0%
                          59.4%      40.6%       0.0%
