
==========================================================================
finish report_tns
--------------------------------------------------------------------------
tns max -111.47

==========================================================================
finish report_wns
--------------------------------------------------------------------------
wns max -4.12

==========================================================================
finish report_worst_slack
--------------------------------------------------------------------------
worst slack max -4.12

==========================================================================
finish report_clock_min_period
--------------------------------------------------------------------------
clk period_min = 8.62 fmax = 115.98

==========================================================================
finish report_clock_skew
--------------------------------------------------------------------------
Clock clk
   0.42 source latency _1692_/CLK ^
  -0.43 target latency _1645_/CLK ^
   0.00 CRPR
--------------
  -0.01 setup skew


==========================================================================
finish report_checks -path_delay min
--------------------------------------------------------------------------
Startpoint: _1616_ (rising edge-triggered flip-flop clocked by clk)
Endpoint: stage2_valid$_SDFF_PP0_
          (rising edge-triggered flip-flop clocked by clk)
Path Group: clk
Path Type: min

Fanout     Cap    Slew   Delay    Time   Description
-----------------------------------------------------------------------------
                          0.00    0.00   clock clk (rise edge)
                          0.00    0.00   clock source latency
     1    0.03    0.00    0.00    0.00 ^ clk (in)
                                         clk (net)
                  0.00    0.00    0.00 ^ clkbuf_0_clk/A (sky130_fd_sc_hd__clkbuf_16)
    16    0.18    0.19    0.22    0.22 ^ clkbuf_0_clk/X (sky130_fd_sc_hd__clkbuf_16)
                                         clknet_0_clk (net)
                  0.19    0.01    0.23 ^ clkbuf_4_11_0_clk/A (sky130_fd_sc_hd__clkbuf_16)
     9    0.04    0.06    0.19    0.41 ^ clkbuf_4_11_0_clk/X (sky130_fd_sc_hd__clkbuf_16)
                                         clknet_4_11_0_clk (net)
                  0.06    0.00    0.42 ^ _1616_/CLK (sky130_fd_sc_hd__dfxtp_1)
     1    0.00    0.03    0.30    0.71 ^ _1616_/Q (sky130_fd_sc_hd__dfxtp_1)
                                         _0000_ (net)
                  0.03    0.00    0.71 ^ _2726_/B_N (sky130_fd_sc_hd__nor2b_1)
     1    0.00    0.07    0.10    0.82 ^ _2726_/Y (sky130_fd_sc_hd__nor2b_1)
                                         _0952_ (net)
                  0.07    0.00    0.82 ^ stage2_valid$_SDFF_PP0_/D (sky130_fd_sc_hd__dfxtp_2)
                                  0.82   data arrival time

                          0.00    0.00   clock clk (rise edge)
                          0.00    0.00   clock source latency
     1    0.03    0.00    0.00    0.00 ^ clk (in)
                                         clk (net)
                  0.00    0.00    0.00 ^ clkbuf_0_clk/A (sky130_fd_sc_hd__clkbuf_16)
    16    0.18    0.19    0.22    0.22 ^ clkbuf_0_clk/X (sky130_fd_sc_hd__clkbuf_16)
                                         clknet_0_clk (net)
                  0.19    0.01    0.22 ^ clkbuf_4_14_0_clk/A (sky130_fd_sc_hd__clkbuf_16)
     6    0.05    0.07    0.19    0.42 ^ clkbuf_4_14_0_clk/X (sky130_fd_sc_hd__clkbuf_16)
                                         clknet_4_14_0_clk (net)
                  0.07    0.00    0.42 ^ stage2_valid$_SDFF_PP0_/CLK (sky130_fd_sc_hd__dfxtp_2)
                          0.00    0.42   clock reconvergence pessimism
                         -0.03    0.39   library hold time
                                  0.39   data required time
-----------------------------------------------------------------------------
                                  0.39   data required time
                                 -0.82   data arrival time
-----------------------------------------------------------------------------
                                  0.43   slack (MET)



==========================================================================
finish report_checks -path_delay max
--------------------------------------------------------------------------
Startpoint: _1723_ (rising edge-triggered flip-flop clocked by clk)
Endpoint: _1652_ (rising edge-triggered flip-flop clocked by clk)
Path Group: clk
Path Type: max

Fanout     Cap    Slew   Delay    Time   Description
-----------------------------------------------------------------------------
                          0.00    0.00   clock clk (rise edge)
                          0.00    0.00   clock source latency
     1    0.03    0.00    0.00    0.00 ^ clk (in)
                                         clk (net)
                  0.00    0.00    0.00 ^ clkbuf_0_clk/A (sky130_fd_sc_hd__clkbuf_16)
    16    0.18    0.19    0.22    0.22 ^ clkbuf_0_clk/X (sky130_fd_sc_hd__clkbuf_16)
                                         clknet_0_clk (net)
                  0.19    0.01    0.23 ^ clkbuf_4_10_0_clk/A (sky130_fd_sc_hd__clkbuf_16)
    14    0.05    0.07    0.19    0.42 ^ clkbuf_4_10_0_clk/X (sky130_fd_sc_hd__clkbuf_16)
                                         clknet_4_10_0_clk (net)
                  0.07    0.00    0.42 ^ _1723_/CLK (sky130_fd_sc_hd__dfxtp_2)
     2    0.01    0.03    0.32    0.74 v _1723_/Q (sky130_fd_sc_hd__dfxtp_2)
                                         _0074_ (net)
                  0.03    0.00    0.74 v _1883_/A (sky130_fd_sc_hd__or2_4)
     2    0.02    0.06    0.26    1.00 v _1883_/X (sky130_fd_sc_hd__or2_4)
                                         _1014_ (net)
                  0.06    0.00    1.00 v place384/A (sky130_fd_sc_hd__buf_4)
     3    0.01    0.03    0.14    1.15 v place384/X (sky130_fd_sc_hd__buf_4)
                                         net383 (net)
                  0.03    0.00    1.15 v place383/A (sky130_fd_sc_hd__buf_4)
     7    0.03    0.05    0.16    1.30 v place383/X (sky130_fd_sc_hd__buf_4)
                                         net382 (net)
                  0.05    0.00    1.31 v _2138_/B (sky130_fd_sc_hd__nand2_1)
     1    0.01    0.08    0.09    1.40 ^ _2138_/Y (sky130_fd_sc_hd__nand2_1)
                                         _0352_ (net)
                  0.08    0.00    1.40 ^ _2807_/B (sky130_fd_sc_hd__fa_1)
     1    0.01    0.09    0.43    1.83 v _2807_/SUM (sky130_fd_sc_hd__fa_1)
                                         _1526_ (net)
                  0.09    0.00    1.83 v _2808_/CIN (sky130_fd_sc_hd__fa_1)
     1    0.01    0.08    0.52    2.35 ^ _2808_/SUM (sky130_fd_sc_hd__fa_1)
                                         _1527_ (net)
                  0.08    0.00    2.35 ^ _2810_/CIN (sky130_fd_sc_hd__fa_1)
     1    0.01    0.10    0.44    2.79 v _2810_/SUM (sky130_fd_sc_hd__fa_1)
                                         _1531_ (net)
                  0.10    0.00    2.79 v _2811_/B (sky130_fd_sc_hd__fa_1)
     2    0.01    0.11    0.56    3.35 ^ _2811_/SUM (sky130_fd_sc_hd__fa_1)
                                         _0362_ (net)
                  0.11    0.00    3.35 ^ _2186_/A (sky130_fd_sc_hd__inv_1)
     1    0.00    0.04    0.06    3.40 v _2186_/Y (sky130_fd_sc_hd__inv_1)
                                         _0719_ (net)
                  0.04    0.00    3.40 v _2940_/B (sky130_fd_sc_hd__ha_1)
     2    0.01    0.07    0.28    3.68 v _2940_/SUM (sky130_fd_sc_hd__ha_1)
                                         _0721_ (net)
                  0.07    0.00    3.68 v _2053_/B (sky130_fd_sc_hd__and3_4)
     1    0.01    0.04    0.18    3.87 v _2053_/X (sky130_fd_sc_hd__and3_4)
                                         _1064_ (net)
                  0.04    0.00    3.87 v _2057_/A2 (sky130_fd_sc_hd__a211oi_4)
     2    0.01    0.17    0.23    4.10 ^ _2057_/Y (sky130_fd_sc_hd__a211oi_4)
                                         _0394_ (net)
                  0.17    0.00    4.10 ^ _2206_/A2 (sky130_fd_sc_hd__o21bai_1)
     1    0.01    0.06    0.10    4.19 v _2206_/Y (sky130_fd_sc_hd__o21bai_1)
                                         _1072_ (net)
                  0.06    0.00    4.19 v _2207_/A2 (sky130_fd_sc_hd__a21oi_2)
     2    0.01    0.14    0.18    4.37 ^ _2207_/Y (sky130_fd_sc_hd__a21oi_2)
                                         _0413_ (net)
                  0.14    0.00    4.37 ^ _2826_/CIN (sky130_fd_sc_hd__fa_1)
     2    0.00    0.09    0.44    4.82 v _2826_/SUM (sky130_fd_sc_hd__fa_1)
                                         _0415_ (net)
                  0.09    0.00    4.82 v _1751_/D (sky130_fd_sc_hd__or4_4)
     1    0.01    0.09    0.44    5.26 v _1751_/X (sky130_fd_sc_hd__or4_4)
                                         _1409_ (net)
                  0.09    0.00    5.26 v _1752_/D (sky130_fd_sc_hd__nor4_4)
     2    0.01    0.30    0.23    5.49 ^ _1752_/Y (sky130_fd_sc_hd__nor4_4)
                                         _0746_ (net)
                  0.30    0.00    5.49 ^ _2957_/A (sky130_fd_sc_hd__ha_4)
     2    0.01    0.05    0.20    5.69 ^ _2957_/SUM (sky130_fd_sc_hd__ha_4)
                                         _0748_ (net)
                  0.05    0.00    5.69 ^ _1773_/A (sky130_fd_sc_hd__inv_4)
     2    0.01    0.02    0.04    5.72 v _1773_/Y (sky130_fd_sc_hd__inv_4)
                                         _0755_ (net)
                  0.02    0.00    5.72 v _2963_/B (sky130_fd_sc_hd__ha_4)
     2    0.01    0.05    0.22    5.94 v _2963_/SUM (sky130_fd_sc_hd__ha_4)
                                         _0757_ (net)
                  0.05    0.00    5.94 v _2087_/A2 (sky130_fd_sc_hd__o21ai_4)
     1    0.01    0.12    0.13    6.07 ^ _2087_/Y (sky130_fd_sc_hd__o21ai_4)
                                         _0758_ (net)
                  0.12    0.00    6.07 ^ _2964_/B (sky130_fd_sc_hd__ha_4)
     3    0.01    0.04    0.22    6.29 v _2964_/SUM (sky130_fd_sc_hd__ha_4)
                                         _0760_ (net)
                  0.04    0.00    6.29 v _1770_/B (sky130_fd_sc_hd__or3b_4)
     1    0.00    0.06    0.36    6.65 v _1770_/X (sky130_fd_sc_hd__or3b_4)
                                         _1427_ (net)
                  0.06    0.00    6.65 v _1772_/A1 (sky130_fd_sc_hd__mux2i_1)
     1    0.01    0.17    0.17    6.82 ^ _1772_/Y (sky130_fd_sc_hd__mux2i_1)
                                         _0954_ (net)
                  0.17    0.00    6.82 ^ _1774_/C1 (sky130_fd_sc_hd__a311oi_2)
     1    0.00    0.08    0.06    6.88 v _1774_/Y (sky130_fd_sc_hd__a311oi_2)
                                         _0955_ (net)
                  0.08    0.00    6.88 v _1779_/A1 (sky130_fd_sc_hd__o211a_4)
     3    0.02    0.06    0.28    7.16 v _1779_/X (sky130_fd_sc_hd__o211a_4)
                                         _0776_ (net)
                  0.06    0.00    7.16 v _2274_/A_N (sky130_fd_sc_hd__nand2b_4)
     2    0.01    0.05    0.14    7.31 v _2274_/Y (sky130_fd_sc_hd__nand2b_4)
                                         _1104_ (net)
                  0.05    0.00    7.31 v _2288_/A1 (sky130_fd_sc_hd__mux2_4)
     2    0.01    0.06    0.27    7.57 v _2288_/X (sky130_fd_sc_hd__mux2_4)
                                         _1105_ (net)
                  0.06    0.00    7.57 v _2289_/A (sky130_fd_sc_hd__inv_2)
     1    0.01    0.05    0.07    7.64 ^ _2289_/Y (sky130_fd_sc_hd__inv_2)
                                         _0799_ (net)
                  0.05    0.00    7.64 ^ _2977_/B (sky130_fd_sc_hd__ha_4)
     2    0.01    0.06    0.14    7.78 ^ _2977_/COUT (sky130_fd_sc_hd__ha_4)
                                         _0800_ (net)
                  0.06    0.00    7.78 ^ _2140_/A (sky130_fd_sc_hd__inv_2)
     1    0.01    0.03    0.04    7.82 v _2140_/Y (sky130_fd_sc_hd__inv_2)
                                         _0808_ (net)
                  0.03    0.00    7.82 v _2980_/B (sky130_fd_sc_hd__ha_4)
     4    0.01    0.04    0.15    7.97 v _2980_/COUT (sky130_fd_sc_hd__ha_4)
                                         _0809_ (net)
                  0.04    0.00    7.97 v _2497_/A_N (sky130_fd_sc_hd__nand2b_4)
     1    0.00    0.04    0.13    8.11 v _2497_/Y (sky130_fd_sc_hd__nand2b_4)
                                         _1252_ (net)
                  0.04    0.00    8.11 v _2498_/A2 (sky130_fd_sc_hd__a21oi_2)
     1    0.00    0.08    0.12    8.22 ^ _2498_/Y (sky130_fd_sc_hd__a21oi_2)
                                         _1253_ (net)
                  0.08    0.00    8.22 ^ _2502_/B_N (sky130_fd_sc_hd__and4bb_2)
     3    0.02    0.07    0.29    8.51 v _2502_/X (sky130_fd_sc_hd__and4bb_2)
                                         _1257_ (net)
                  0.07    0.00    8.51 v _2550_/A3 (sky130_fd_sc_hd__a32oi_4)
     3    0.02    0.23    0.28    8.79 ^ _2550_/Y (sky130_fd_sc_hd__a32oi_4)
                                         _1287_ (net)
                  0.23    0.00    8.79 ^ _2561_/C1 (sky130_fd_sc_hd__a211oi_2)
     1    0.00    0.07    0.05    8.85 v _2561_/Y (sky130_fd_sc_hd__a211oi_2)
                                         _1296_ (net)
                  0.07    0.00    8.85 v _2562_/C (sky130_fd_sc_hd__nor3_1)
     1    0.00    0.14    0.12    8.97 ^ _2562_/Y (sky130_fd_sc_hd__nor3_1)
                                         _0897_ (net)
                  0.14    0.00    8.97 ^ _1652_/D (sky130_fd_sc_hd__dfxtp_2)
                                  8.97   data arrival time

                          4.50    4.50   clock clk (rise edge)
                          0.00    4.50   clock source latency
     1    0.03    0.00    0.00    4.50 ^ clk (in)
                                         clk (net)
                  0.00    0.00    4.50 ^ clkbuf_0_clk/A (sky130_fd_sc_hd__clkbuf_16)
    16    0.18    0.19    0.22    4.72 ^ clkbuf_0_clk/X (sky130_fd_sc_hd__clkbuf_16)
                                         clknet_0_clk (net)
                  0.19    0.01    4.73 ^ clkbuf_4_6_0_clk/A (sky130_fd_sc_hd__clkbuf_16)
     8    0.05    0.07    0.20    4.92 ^ clkbuf_4_6_0_clk/X (sky130_fd_sc_hd__clkbuf_16)
                                         clknet_4_6_0_clk (net)
                  0.07    0.00    4.93 ^ _1652_/CLK (sky130_fd_sc_hd__dfxtp_2)
                          0.00    4.93   clock reconvergence pessimism
                         -0.08    4.85   library setup time
                                  4.85   data required time
-----------------------------------------------------------------------------
                                  4.85   data required time
                                 -8.97   data arrival time
-----------------------------------------------------------------------------
                                 -4.12   slack (VIOLATED)



==========================================================================
finish report_checks -unconstrained
--------------------------------------------------------------------------
Startpoint: _1723_ (rising edge-triggered flip-flop clocked by clk)
Endpoint: _1652_ (rising edge-triggered flip-flop clocked by clk)
Path Group: clk
Path Type: max

Fanout     Cap    Slew   Delay    Time   Description
-----------------------------------------------------------------------------
                          0.00    0.00   clock clk (rise edge)
                          0.00    0.00   clock source latency
     1    0.03    0.00    0.00    0.00 ^ clk (in)
                                         clk (net)
                  0.00    0.00    0.00 ^ clkbuf_0_clk/A (sky130_fd_sc_hd__clkbuf_16)
    16    0.18    0.19    0.22    0.22 ^ clkbuf_0_clk/X (sky130_fd_sc_hd__clkbuf_16)
                                         clknet_0_clk (net)
                  0.19    0.01    0.23 ^ clkbuf_4_10_0_clk/A (sky130_fd_sc_hd__clkbuf_16)
    14    0.05    0.07    0.19    0.42 ^ clkbuf_4_10_0_clk/X (sky130_fd_sc_hd__clkbuf_16)
                                         clknet_4_10_0_clk (net)
                  0.07    0.00    0.42 ^ _1723_/CLK (sky130_fd_sc_hd__dfxtp_2)
     2    0.01    0.03    0.32    0.74 v _1723_/Q (sky130_fd_sc_hd__dfxtp_2)
                                         _0074_ (net)
                  0.03    0.00    0.74 v _1883_/A (sky130_fd_sc_hd__or2_4)
     2    0.02    0.06    0.26    1.00 v _1883_/X (sky130_fd_sc_hd__or2_4)
                                         _1014_ (net)
                  0.06    0.00    1.00 v place384/A (sky130_fd_sc_hd__buf_4)
     3    0.01    0.03    0.14    1.15 v place384/X (sky130_fd_sc_hd__buf_4)
                                         net383 (net)
                  0.03    0.00    1.15 v place383/A (sky130_fd_sc_hd__buf_4)
     7    0.03    0.05    0.16    1.30 v place383/X (sky130_fd_sc_hd__buf_4)
                                         net382 (net)
                  0.05    0.00    1.31 v _2138_/B (sky130_fd_sc_hd__nand2_1)
     1    0.01    0.08    0.09    1.40 ^ _2138_/Y (sky130_fd_sc_hd__nand2_1)
                                         _0352_ (net)
                  0.08    0.00    1.40 ^ _2807_/B (sky130_fd_sc_hd__fa_1)
     1    0.01    0.09    0.43    1.83 v _2807_/SUM (sky130_fd_sc_hd__fa_1)
                                         _1526_ (net)
                  0.09    0.00    1.83 v _2808_/CIN (sky130_fd_sc_hd__fa_1)
     1    0.01    0.08    0.52    2.35 ^ _2808_/SUM (sky130_fd_sc_hd__fa_1)
                                         _1527_ (net)
                  0.08    0.00    2.35 ^ _2810_/CIN (sky130_fd_sc_hd__fa_1)
     1    0.01    0.10    0.44    2.79 v _2810_/SUM (sky130_fd_sc_hd__fa_1)
                                         _1531_ (net)
                  0.10    0.00    2.79 v _2811_/B (sky130_fd_sc_hd__fa_1)
     2    0.01    0.11    0.56    3.35 ^ _2811_/SUM (sky130_fd_sc_hd__fa_1)
                                         _0362_ (net)
                  0.11    0.00    3.35 ^ _2186_/A (sky130_fd_sc_hd__inv_1)
     1    0.00    0.04    0.06    3.40 v _2186_/Y (sky130_fd_sc_hd__inv_1)
                                         _0719_ (net)
                  0.04    0.00    3.40 v _2940_/B (sky130_fd_sc_hd__ha_1)
     2    0.01    0.07    0.28    3.68 v _2940_/SUM (sky130_fd_sc_hd__ha_1)
                                         _0721_ (net)
                  0.07    0.00    3.68 v _2053_/B (sky130_fd_sc_hd__and3_4)
     1    0.01    0.04    0.18    3.87 v _2053_/X (sky130_fd_sc_hd__and3_4)
                                         _1064_ (net)
                  0.04    0.00    3.87 v _2057_/A2 (sky130_fd_sc_hd__a211oi_4)
     2    0.01    0.17    0.23    4.10 ^ _2057_/Y (sky130_fd_sc_hd__a211oi_4)
                                         _0394_ (net)
                  0.17    0.00    4.10 ^ _2206_/A2 (sky130_fd_sc_hd__o21bai_1)
     1    0.01    0.06    0.10    4.19 v _2206_/Y (sky130_fd_sc_hd__o21bai_1)
                                         _1072_ (net)
                  0.06    0.00    4.19 v _2207_/A2 (sky130_fd_sc_hd__a21oi_2)
     2    0.01    0.14    0.18    4.37 ^ _2207_/Y (sky130_fd_sc_hd__a21oi_2)
                                         _0413_ (net)
                  0.14    0.00    4.37 ^ _2826_/CIN (sky130_fd_sc_hd__fa_1)
     2    0.00    0.09    0.44    4.82 v _2826_/SUM (sky130_fd_sc_hd__fa_1)
                                         _0415_ (net)
                  0.09    0.00    4.82 v _1751_/D (sky130_fd_sc_hd__or4_4)
     1    0.01    0.09    0.44    5.26 v _1751_/X (sky130_fd_sc_hd__or4_4)
                                         _1409_ (net)
                  0.09    0.00    5.26 v _1752_/D (sky130_fd_sc_hd__nor4_4)
     2    0.01    0.30    0.23    5.49 ^ _1752_/Y (sky130_fd_sc_hd__nor4_4)
                                         _0746_ (net)
                  0.30    0.00    5.49 ^ _2957_/A (sky130_fd_sc_hd__ha_4)
     2    0.01    0.05    0.20    5.69 ^ _2957_/SUM (sky130_fd_sc_hd__ha_4)
                                         _0748_ (net)
                  0.05    0.00    5.69 ^ _1773_/A (sky130_fd_sc_hd__inv_4)
     2    0.01    0.02    0.04    5.72 v _1773_/Y (sky130_fd_sc_hd__inv_4)
                                         _0755_ (net)
                  0.02    0.00    5.72 v _2963_/B (sky130_fd_sc_hd__ha_4)
     2    0.01    0.05    0.22    5.94 v _2963_/SUM (sky130_fd_sc_hd__ha_4)
                                         _0757_ (net)
                  0.05    0.00    5.94 v _2087_/A2 (sky130_fd_sc_hd__o21ai_4)
     1    0.01    0.12    0.13    6.07 ^ _2087_/Y (sky130_fd_sc_hd__o21ai_4)
                                         _0758_ (net)
                  0.12    0.00    6.07 ^ _2964_/B (sky130_fd_sc_hd__ha_4)
     3    0.01    0.04    0.22    6.29 v _2964_/SUM (sky130_fd_sc_hd__ha_4)
                                         _0760_ (net)
                  0.04    0.00    6.29 v _1770_/B (sky130_fd_sc_hd__or3b_4)
     1    0.00    0.06    0.36    6.65 v _1770_/X (sky130_fd_sc_hd__or3b_4)
                                         _1427_ (net)
                  0.06    0.00    6.65 v _1772_/A1 (sky130_fd_sc_hd__mux2i_1)
     1    0.01    0.17    0.17    6.82 ^ _1772_/Y (sky130_fd_sc_hd__mux2i_1)
                                         _0954_ (net)
                  0.17    0.00    6.82 ^ _1774_/C1 (sky130_fd_sc_hd__a311oi_2)
     1    0.00    0.08    0.06    6.88 v _1774_/Y (sky130_fd_sc_hd__a311oi_2)
                                         _0955_ (net)
                  0.08    0.00    6.88 v _1779_/A1 (sky130_fd_sc_hd__o211a_4)
     3    0.02    0.06    0.28    7.16 v _1779_/X (sky130_fd_sc_hd__o211a_4)
                                         _0776_ (net)
                  0.06    0.00    7.16 v _2274_/A_N (sky130_fd_sc_hd__nand2b_4)
     2    0.01    0.05    0.14    7.31 v _2274_/Y (sky130_fd_sc_hd__nand2b_4)
                                         _1104_ (net)
                  0.05    0.00    7.31 v _2288_/A1 (sky130_fd_sc_hd__mux2_4)
     2    0.01    0.06    0.27    7.57 v _2288_/X (sky130_fd_sc_hd__mux2_4)
                                         _1105_ (net)
                  0.06    0.00    7.57 v _2289_/A (sky130_fd_sc_hd__inv_2)
     1    0.01    0.05    0.07    7.64 ^ _2289_/Y (sky130_fd_sc_hd__inv_2)
                                         _0799_ (net)
                  0.05    0.00    7.64 ^ _2977_/B (sky130_fd_sc_hd__ha_4)
     2    0.01    0.06    0.14    7.78 ^ _2977_/COUT (sky130_fd_sc_hd__ha_4)
                                         _0800_ (net)
                  0.06    0.00    7.78 ^ _2140_/A (sky130_fd_sc_hd__inv_2)
     1    0.01    0.03    0.04    7.82 v _2140_/Y (sky130_fd_sc_hd__inv_2)
                                         _0808_ (net)
                  0.03    0.00    7.82 v _2980_/B (sky130_fd_sc_hd__ha_4)
     4    0.01    0.04    0.15    7.97 v _2980_/COUT (sky130_fd_sc_hd__ha_4)
                                         _0809_ (net)
                  0.04    0.00    7.97 v _2497_/A_N (sky130_fd_sc_hd__nand2b_4)
     1    0.00    0.04    0.13    8.11 v _2497_/Y (sky130_fd_sc_hd__nand2b_4)
                                         _1252_ (net)
                  0.04    0.00    8.11 v _2498_/A2 (sky130_fd_sc_hd__a21oi_2)
     1    0.00    0.08    0.12    8.22 ^ _2498_/Y (sky130_fd_sc_hd__a21oi_2)
                                         _1253_ (net)
                  0.08    0.00    8.22 ^ _2502_/B_N (sky130_fd_sc_hd__and4bb_2)
     3    0.02    0.07    0.29    8.51 v _2502_/X (sky130_fd_sc_hd__and4bb_2)
                                         _1257_ (net)
                  0.07    0.00    8.51 v _2550_/A3 (sky130_fd_sc_hd__a32oi_4)
     3    0.02    0.23    0.28    8.79 ^ _2550_/Y (sky130_fd_sc_hd__a32oi_4)
                                         _1287_ (net)
                  0.23    0.00    8.79 ^ _2561_/C1 (sky130_fd_sc_hd__a211oi_2)
     1    0.00    0.07    0.05    8.85 v _2561_/Y (sky130_fd_sc_hd__a211oi_2)
                                         _1296_ (net)
                  0.07    0.00    8.85 v _2562_/C (sky130_fd_sc_hd__nor3_1)
     1    0.00    0.14    0.12    8.97 ^ _2562_/Y (sky130_fd_sc_hd__nor3_1)
                                         _0897_ (net)
                  0.14    0.00    8.97 ^ _1652_/D (sky130_fd_sc_hd__dfxtp_2)
                                  8.97   data arrival time

                          4.50    4.50   clock clk (rise edge)
                          0.00    4.50   clock source latency
     1    0.03    0.00    0.00    4.50 ^ clk (in)
                                         clk (net)
                  0.00    0.00    4.50 ^ clkbuf_0_clk/A (sky130_fd_sc_hd__clkbuf_16)
    16    0.18    0.19    0.22    4.72 ^ clkbuf_0_clk/X (sky130_fd_sc_hd__clkbuf_16)
                                         clknet_0_clk (net)
                  0.19    0.01    4.73 ^ clkbuf_4_6_0_clk/A (sky130_fd_sc_hd__clkbuf_16)
     8    0.05    0.07    0.20    4.92 ^ clkbuf_4_6_0_clk/X (sky130_fd_sc_hd__clkbuf_16)
                                         clknet_4_6_0_clk (net)
                  0.07    0.00    4.93 ^ _1652_/CLK (sky130_fd_sc_hd__dfxtp_2)
                          0.00    4.93   clock reconvergence pessimism
                         -0.08    4.85   library setup time
                                  4.85   data required time
-----------------------------------------------------------------------------
                                  4.85   data required time
                                 -8.97   data arrival time
-----------------------------------------------------------------------------
                                 -4.12   slack (VIOLATED)



==========================================================================
finish report_check_types -max_slew -max_cap -max_fanout -violators
--------------------------------------------------------------------------

==========================================================================
finish max_slew_check_slack
--------------------------------------------------------------------------
0.7278218269348145

==========================================================================
finish max_slew_check_limit
--------------------------------------------------------------------------
1.5

==========================================================================
finish max_slew_check_slack_limit
--------------------------------------------------------------------------
0.4852

==========================================================================
finish max_fanout_check_slack
--------------------------------------------------------------------------
1.0000000150474662e+30

==========================================================================
finish max_fanout_check_limit
--------------------------------------------------------------------------
1.0000000150474662e+30

==========================================================================
finish max_capacitance_check_slack
--------------------------------------------------------------------------
0.035838041454553604

==========================================================================
finish max_capacitance_check_limit
--------------------------------------------------------------------------
0.04944799840450287

==========================================================================
finish max_capacitance_check_slack_limit
--------------------------------------------------------------------------
0.7248

==========================================================================
finish max_slew_violation_count
--------------------------------------------------------------------------
max slew violation count 0

==========================================================================
finish max_fanout_violation_count
--------------------------------------------------------------------------
max fanout violation count 0

==========================================================================
finish max_cap_violation_count
--------------------------------------------------------------------------
max cap violation count 0

==========================================================================
finish setup_violation_count
--------------------------------------------------------------------------
setup violation count 39

==========================================================================
finish hold_violation_count
--------------------------------------------------------------------------
hold violation count 0

==========================================================================
finish report_checks -path_delay max reg to reg
--------------------------------------------------------------------------
Startpoint: _1723_ (rising edge-triggered flip-flop clocked by clk)
Endpoint: _1652_ (rising edge-triggered flip-flop clocked by clk)
Path Group: clk
Path Type: max

  Delay    Time   Description
---------------------------------------------------------
   0.00    0.00   clock clk (rise edge)
   0.00    0.00   clock source latency
   0.00    0.00 ^ clk (in)
   0.22    0.22 ^ clkbuf_0_clk/X (sky130_fd_sc_hd__clkbuf_16)
   0.20    0.42 ^ clkbuf_4_10_0_clk/X (sky130_fd_sc_hd__clkbuf_16)
   0.00    0.42 ^ _1723_/CLK (sky130_fd_sc_hd__dfxtp_2)
   0.32    0.74 v _1723_/Q (sky130_fd_sc_hd__dfxtp_2)
   0.26    1.00 v _1883_/X (sky130_fd_sc_hd__or2_4)
   0.14    1.15 v place384/X (sky130_fd_sc_hd__buf_4)
   0.16    1.30 v place383/X (sky130_fd_sc_hd__buf_4)
   0.09    1.40 ^ _2138_/Y (sky130_fd_sc_hd__nand2_1)
   0.43    1.83 v _2807_/SUM (sky130_fd_sc_hd__fa_1)
   0.52    2.35 ^ _2808_/SUM (sky130_fd_sc_hd__fa_1)
   0.44    2.79 v _2810_/SUM (sky130_fd_sc_hd__fa_1)
   0.56    3.35 ^ _2811_/SUM (sky130_fd_sc_hd__fa_1)
   0.06    3.40 v _2186_/Y (sky130_fd_sc_hd__inv_1)
   0.28    3.68 v _2940_/SUM (sky130_fd_sc_hd__ha_1)
   0.18    3.87 v _2053_/X (sky130_fd_sc_hd__and3_4)
   0.23    4.10 ^ _2057_/Y (sky130_fd_sc_hd__a211oi_4)
   0.10    4.19 v _2206_/Y (sky130_fd_sc_hd__o21bai_1)
   0.18    4.37 ^ _2207_/Y (sky130_fd_sc_hd__a21oi_2)
   0.44    4.82 v _2826_/SUM (sky130_fd_sc_hd__fa_1)
   0.44    5.26 v _1751_/X (sky130_fd_sc_hd__or4_4)
   0.23    5.49 ^ _1752_/Y (sky130_fd_sc_hd__nor4_4)
   0.20    5.69 ^ _2957_/SUM (sky130_fd_sc_hd__ha_4)
   0.04    5.72 v _1773_/Y (sky130_fd_sc_hd__inv_4)
   0.22    5.94 v _2963_/SUM (sky130_fd_sc_hd__ha_4)
   0.13    6.07 ^ _2087_/Y (sky130_fd_sc_hd__o21ai_4)
   0.22    6.29 v _2964_/SUM (sky130_fd_sc_hd__ha_4)
   0.36    6.65 v _1770_/X (sky130_fd_sc_hd__or3b_4)
   0.17    6.82 ^ _1772_/Y (sky130_fd_sc_hd__mux2i_1)
   0.06    6.88 v _1774_/Y (sky130_fd_sc_hd__a311oi_2)
   0.28    7.16 v _1779_/X (sky130_fd_sc_hd__o211a_4)
   0.14    7.31 v _2274_/Y (sky130_fd_sc_hd__nand2b_4)
   0.27    7.57 v _2288_/X (sky130_fd_sc_hd__mux2_4)
   0.07    7.64 ^ _2289_/Y (sky130_fd_sc_hd__inv_2)
   0.14    7.78 ^ _2977_/COUT (sky130_fd_sc_hd__ha_4)
   0.04    7.82 v _2140_/Y (sky130_fd_sc_hd__inv_2)
   0.15    7.97 v _2980_/COUT (sky130_fd_sc_hd__ha_4)
   0.13    8.11 v _2497_/Y (sky130_fd_sc_hd__nand2b_4)
   0.12    8.22 ^ _2498_/Y (sky130_fd_sc_hd__a21oi_2)
   0.29    8.51 v _2502_/X (sky130_fd_sc_hd__and4bb_2)
   0.28    8.79 ^ _2550_/Y (sky130_fd_sc_hd__a32oi_4)
   0.05    8.85 v _2561_/Y (sky130_fd_sc_hd__a211oi_2)
   0.12    8.97 ^ _2562_/Y (sky130_fd_sc_hd__nor3_1)
   0.00    8.97 ^ _1652_/D (sky130_fd_sc_hd__dfxtp_2)
           8.97   data arrival time

   4.50    4.50   clock clk (rise edge)
   0.00    4.50   clock source latency
   0.00    4.50 ^ clk (in)
   0.22    4.72 ^ clkbuf_0_clk/X (sky130_fd_sc_hd__clkbuf_16)
   0.20    4.92 ^ clkbuf_4_6_0_clk/X (sky130_fd_sc_hd__clkbuf_16)
   0.00    4.93 ^ _1652_/CLK (sky130_fd_sc_hd__dfxtp_2)
   0.00    4.93   clock reconvergence pessimism
  -0.08    4.85   library setup time
           4.85   data required time
---------------------------------------------------------
           4.85   data required time
          -8.97   data arrival time
---------------------------------------------------------
          -4.12   slack (VIOLATED)



==========================================================================
finish report_checks -path_delay min reg to reg
--------------------------------------------------------------------------
Startpoint: _1616_ (rising edge-triggered flip-flop clocked by clk)
Endpoint: stage2_valid$_SDFF_PP0_
          (rising edge-triggered flip-flop clocked by clk)
Path Group: clk
Path Type: min

  Delay    Time   Description
---------------------------------------------------------
   0.00    0.00   clock clk (rise edge)
   0.00    0.00   clock source latency
   0.00    0.00 ^ clk (in)
   0.22    0.22 ^ clkbuf_0_clk/X (sky130_fd_sc_hd__clkbuf_16)
   0.20    0.41 ^ clkbuf_4_11_0_clk/X (sky130_fd_sc_hd__clkbuf_16)
   0.00    0.42 ^ _1616_/CLK (sky130_fd_sc_hd__dfxtp_1)
   0.30    0.71 ^ _1616_/Q (sky130_fd_sc_hd__dfxtp_1)
   0.10    0.82 ^ _2726_/Y (sky130_fd_sc_hd__nor2b_1)
   0.00    0.82 ^ stage2_valid$_SDFF_PP0_/D (sky130_fd_sc_hd__dfxtp_2)
           0.82   data arrival time

   0.00    0.00   clock clk (rise edge)
   0.00    0.00   clock source latency
   0.00    0.00 ^ clk (in)
   0.22    0.22 ^ clkbuf_0_clk/X (sky130_fd_sc_hd__clkbuf_16)
   0.20    0.42 ^ clkbuf_4_14_0_clk/X (sky130_fd_sc_hd__clkbuf_16)
   0.00    0.42 ^ stage2_valid$_SDFF_PP0_/CLK (sky130_fd_sc_hd__dfxtp_2)
   0.00    0.42   clock reconvergence pessimism
  -0.03    0.39   library hold time
           0.39   data required time
---------------------------------------------------------
           0.39   data required time
          -0.82   data arrival time
---------------------------------------------------------
           0.43   slack (MET)



==========================================================================
finish critical path target clock latency max path
--------------------------------------------------------------------------
0.4168

==========================================================================
finish critical path target clock latency min path
--------------------------------------------------------------------------
0.4200

==========================================================================
finish critical path source clock latency min path
--------------------------------------------------------------------------
0.0000

==========================================================================
finish critical path delay
--------------------------------------------------------------------------
8.9700

==========================================================================
finish critical path slack
--------------------------------------------------------------------------
-4.1225

==========================================================================
finish slack div critical path delay
--------------------------------------------------------------------------
-45.958751

==========================================================================
finish report_power
--------------------------------------------------------------------------
Group                  Internal  Switching    Leakage      Total
                          Power      Power      Power      Power (Watts)
----------------------------------------------------------------
Sequential             1.32e-03   1.05e-04   1.08e-09   1.42e-03  20.5%
Combinational          2.07e-03   2.01e-03   6.15e-09   4.09e-03  58.8%
Clock                  8.37e-04   6.07e-04   2.88e-10   1.44e-03  20.8%
Macro                  0.00e+00   0.00e+00   0.00e+00   0.00e+00   0.0%
Pad                    0.00e+00   0.00e+00   0.00e+00   0.00e+00   0.0%
----------------------------------------------------------------
Total                  4.23e-03   2.72e-03   7.52e-09   6.95e-03 100.0%
                          60.8%      39.2%       0.0%
