STDOUT:

STDERR:
Cloning into 'openroad/p7/sky130_fd_sc_hd_models'...
Updating files:   5% (699/13114)
Updating files:   6% (787/13114)
Updating files:   7% (918/13114)
Updating files:   8% (1050/13114)
Updating files:   9% (1181/13114)
Updating files:   9% (1302/13114)
Updating files:  10% (1312/13114)
Updating files:  11% (1443/13114)
Updating files:  12% (1574/13114)
Updating files:  12% (1671/13114)
Updating files:  13% (1705/13114)
Updating files:  14% (1836/13114)
Updating files:  15% (1968/13114)
Updating files:  16% (2099/13114)
Updating files:  17% (2230/13114)
Updating files:  18% (2361/13114)
Updating files:  18% (2488/13114)
Updating files:  19% (2492/13114)
Updating files:  20% (2623/13114)
Updating files:  21% (2754/13114)
Updating files:  22% (2886/13114)
Updating files:  23% (3017/13114)
Updating files:  24% (3148/13114)
Updating files:  25% (3279/13114)
Updating files:  26% (3410/13114)
Updating files:  26% (3445/13114)
Updating files:  27% (3541/13114)
Updating files:  28% (3672/13114)
Updating files:  29% (3804/13114)
Updating files:  30% (3935/13114)
Updating files:  31% (4066/13114)
Updating files:  32% (4197/13114)
Updating files:  33% (4328/13114)
Updating files:  33% (4387/13114)
Updating files:  34% (4459/13114)
Updating files:  35% (4590/13114)
Updating files:  36% (4722/13114)
Updating files:  37% (4853/13114)
Updating files:  38% (4984/13114)
Updating files:  39% (5115/13114)
Updating files:  40% (5246/13114)
Updating files:  41% (5377/13114)
Updating files:  42% (5508/13114)
Updating files:  43% (5640/13114)
Updating files:  44% (5771/13114)
Updating files:  45% (5902/13114)
Updating files:  46% (6033/13114)
Updating files:  47% (6164/13114)
Updating files:  48% (6295/13114)
Updating files:  49% (6426/13114)
Updating files:  50% (6557/13114)
Updating files:  51% (6689/13114)
Updating files:  51% (6769/13114)
Updating files:  52% (6820/13114)
Updating files:  53% (6951/13114)
Updating files:  54% (7082/13114)
Updating files:  55% (7213/13114)
Updating files:  56% (7344/13114)
Updating files:  57% (7475/13114)
Updating files:  58% (7607/13114)
Updating files:  59% (7738/13114)
Updating files:  60% (7869/13114)
Updating files:  61% (8000/13114)
Updating files:  62% (8131/13114)
Updating files:  62% (8207/13114)
Updating files:  63% (8262/13114)
Updating files:  64% (8393/13114)
Updating files:  65% (8525/13114)
Updating files:  66% (8656/13114)
Updating files:  67% (8787/13114)
Updating files:  68% (8918/13114)
Updating files:  69% (9049/13114)
Updating files:  69% (9151/13114)
Updating files:  70% (9180/13114)
Updating files:  71% (9311/13114)
Updating files:  72% (9443/13114)
Updating files:  73% (9574/13114)
Updating files:  74% (9705/13114)
Updating files:  75% (9836/13114)
Updating files:  76% (9967/13114)
Updating files:  76% (10008/13114)
Updating files:  77% (10098/13114)
Updating files:  78% (10229/13114)
Updating files:  79% (10361/13114)
Updating files:  80% (10492/13114)
Updating files:  81% (10623/13114)
Updating files:  82% (10754/13114)
Updating files:  83% (10885/13114)
Updating files:  83% (10953/13114)
Updating files:  84% (11016/13114)
Updating files:  85% (11147/13114)
Updating files:  86% (11279/13114)
Updating files:  87% (11410/13114)
Updating files:  88% (11541/13114)
Updating files:  89% (11672/13114)
Updating files:  90% (11803/13114)
Updating files:  90% (11894/13114)
Updating files:  91% (11934/13114)
Updating files:  92% (12065/13114)
Updating files:  93% (12197/13114)
Updating files:  94% (12328/13114)
Updating files:  95% (12459/13114)
Updating files:  96% (12590/13114)
Updating files:  97% (12721/13114)
Updating files:  97% (12762/13114)
Updating files:  98% (12852/13114)
Updating files:  99% (12983/13114)
Updating files: 100% (13114/13114)
Updating files: 100% (13114/13114), done.
