#! /c/Source/iverilog-install/bin/vvp
:ivl_version "12.0 (devel)" "(s20150603-1110-g18392a46)";
:ivl_delay_selection "TYPICAL";
:vpi_time_precision + 0;
:vpi_module "C:\iverilog\lib\ivl\system.vpi";
:vpi_module "C:\iverilog\lib\ivl\vhdl_sys.vpi";
:vpi_module "C:\iverilog\lib\ivl\vhdl_textio.vpi";
:vpi_module "C:\iverilog\lib\ivl\v2005_math.vpi";
:vpi_module "C:\iverilog\lib\ivl\va_math.vpi";
:vpi_module "C:\iverilog\lib\ivl\v2009.vpi";
S_000001d207104e00 .scope package, "$unit" "$unit" 2 1;
 .timescale 0 0;
S_000001d207118c00 .scope module, "test_exp_fixed_point" "test_exp_fixed_point" 3 1;
 .timescale 0 0;
P_000001d2070d3040 .param/l "FRAC" 1 3 4, +C4<000000000000000000000000000000111>;
P_000001d2070d3078 .param/l "WIDTH" 0 3 3, +C4<00000000000000000000000000001000>;
v000001d20716d800_0 .var "clk", 0 0;
v000001d20716d8a0_0 .var "enable", 0 0;
v000001d20716da80_0 .net/s "exp_out", 15 0, v000001d20716e2a0_0;  1 drivers
v000001d20716eb40_0 .var/s "expected", 15 0;
v000001d20716efa0_0 .var "rst", 0 0;
v000001d20716e820_0 .var/s "x_in", 7 0;
E_000001d2070ff5f0 .event negedge, v000001d20716e160_0;
S_000001d207118d90 .scope module, "dut" "exp_fixed_point" 3 12, 4 1 0, S_000001d207118c00;
 .timescale 0 0;
    .port_info 0 /INPUT 1 "clk";
    .port_info 1 /INPUT 1 "rst";
    .port_info 2 /INPUT 1 "enable";
    .port_info 3 /INPUT 8 "x_in";
    .port_info 4 /OUTPUT 16 "exp_out";
P_000001d2071008e0 .param/l "FRAC" 1 4 11, +C4<00000000000000000000000000000111>;
P_000001d207100918 .param/l "ONE_FIXED" 1 4 14, C4<0000000010000000>;
P_000001d207100950 .param/l "WIDTH" 0 4 2, +C4<00000000000000000000000000001000>;
P_000001d207100988 .param/l "X2W" 1 4 12, +C4<00000000000000000000000000010000>;
P_000001d2071009c0 .param/l "X3W" 1 4 13, +C4<00000000000000000000000000011000>;
v000001d20716db20_0 .net *"_ivl_0", 15 0, L_000001d20716eaa0;  1 drivers
v000001d20716c7c0_0 .net *"_ivl_10", 15 0, L_000001d20716f400;  1 drivers
L_000001d2071708b0 .functor BUFT 1, C4<00000000>, C4<0>, C4<0>, C4<0>;
v000001d20716cb80_0 .net *"_ivl_13", 7 0, L_000001d2071708b0;  1 drivers
v000001d20716c680_0 .net *"_ivl_16", 23 0, L_000001d20716ec80;  1 drivers
L_000001d2071708f8 .functor BUFT 1, C4<00000000>, C4<0>, C4<0>, C4<0>;
v000001d20716cae0_0 .net *"_ivl_19", 7 0, L_000001d2071708f8;  1 drivers
v000001d20716d1c0_0 .net *"_ivl_20", 23 0, L_000001d20716fc20;  1 drivers
L_000001d207170940 .functor BUFT 1, C4<0000000000000000>, C4<0>, C4<0>, C4<0>;
v000001d20716ccc0_0 .net *"_ivl_23", 15 0, L_000001d207170940;  1 drivers
L_000001d207170988 .functor BUFT 1, C4<00000000>, C4<0>, C4<0>, C4<0>;
v000001d20716c900_0 .net/2u *"_ivl_26", 7 0, L_000001d207170988;  1 drivers
v000001d20716d4e0_0 .net *"_ivl_3", 23 0, L_000001d20716fae0;  1 drivers
L_000001d2071709d0 .functor BUFT 1, C4<000000>, C4<0>, C4<0>, C4<0>;
v000001d20716d940_0 .net/2u *"_ivl_30", 5 0, L_000001d2071709d0;  1 drivers
L_000001d207170a18 .functor BUFT 1, C4<0000000001>, C4<0>, C4<0>, C4<0>;
v000001d20716d620_0 .net/2u *"_ivl_32", 9 0, L_000001d207170a18;  1 drivers
v000001d20716d3a0_0 .net *"_ivl_34", 9 0, L_000001d20716edc0;  1 drivers
v000001d20716df80_0 .net *"_ivl_36", 9 0, L_000001d20716f5e0;  1 drivers
v000001d20716cc20_0 .net *"_ivl_38", 8 0, L_000001d2071701c0;  1 drivers
L_000001d207170a60 .functor BUFT 1, C4<0>, C4<0>, C4<0>, C4<0>;
v000001d20716c860_0 .net *"_ivl_40", 0 0, L_000001d207170a60;  1 drivers
L_000001d207170aa8 .functor BUFT 1, C4<00000>, C4<0>, C4<0>, C4<0>;
v000001d20716dbc0_0 .net/2u *"_ivl_44", 4 0, L_000001d207170aa8;  1 drivers
L_000001d207170af0 .functor BUFT 1, C4<00000000011>, C4<0>, C4<0>, C4<0>;
v000001d20716e200_0 .net/2u *"_ivl_46", 10 0, L_000001d207170af0;  1 drivers
v000001d20716c9a0_0 .net *"_ivl_48", 10 0, L_000001d20716f220;  1 drivers
L_000001d207170b38 .functor BUFT 1, C4<00000000110>, C4<0>, C4<0>, C4<0>;
v000001d20716ca40_0 .net/2u *"_ivl_50", 10 0, L_000001d207170b38;  1 drivers
v000001d20716e480_0 .net *"_ivl_52", 10 0, L_000001d20716fea0;  1 drivers
L_000001d207170b80 .functor BUFT 1, C4<0000000010000000>, C4<0>, C4<0>, C4<0>;
v000001d20716cfe0_0 .net/2u *"_ivl_56", 15 0, L_000001d207170b80;  1 drivers
v000001d20716e020_0 .net *"_ivl_58", 15 0, L_000001d20716e960;  1 drivers
v000001d20716e0c0_0 .net *"_ivl_6", 15 0, L_000001d207170440;  1 drivers
v000001d20716cd60_0 .net *"_ivl_60", 15 0, L_000001d20716f2c0;  1 drivers
L_000001d207170868 .functor BUFT 1, C4<00000000>, C4<0>, C4<0>, C4<0>;
v000001d20716ce00_0 .net *"_ivl_9", 7 0, L_000001d207170868;  1 drivers
v000001d20716e160_0 .net "clk", 0 0, v000001d20716d800_0;  1 drivers
v000001d20716d080_0 .net "enable", 0 0, v000001d20716d8a0_0;  1 drivers
v000001d20716e2a0_0 .var "exp_out", 15 0;
v000001d20716e340_0 .net "rst", 0 0, v000001d20716efa0_0;  1 drivers
v000001d20716dc60_0 .var "stage1_valid", 0 0;
v000001d20716d440_0 .var "stage2_valid", 0 0;
v000001d20716d6c0_0 .net "sum_stage2", 15 0, L_000001d20716f040;  1 drivers
v000001d20716dd00_0 .net "x2_full", 15 0, L_000001d207170300;  1 drivers
v000001d20716dda0_0 .net "x2_scaled_next", 9 0, L_000001d20716ebe0;  1 drivers
v000001d20716cea0_0 .var "x2_scaled_s1", 9 0;
v000001d20716dee0_0 .net "x2_term_ext", 15 0, L_000001d20716ee60;  1 drivers
v000001d20716e3e0_0 .net "x3_full", 23 0, L_000001d20716ed20;  1 drivers
v000001d20716c5e0_0 .net "x3_scaled_next", 10 0, L_000001d2071703a0;  1 drivers
v000001d20716c720_0 .var "x3_scaled_s1", 10 0;
v000001d20716d580_0 .net "x3_term_ext", 15 0, L_000001d20716ef00;  1 drivers
v000001d20716d760_0 .net "x_in", 7 0, v000001d20716e820_0;  1 drivers
v000001d20716cf40_0 .var "x_s1", 7 0;
v000001d20716d120_0 .net "x_term_ext", 15 0, L_000001d20716f7c0;  1 drivers
E_000001d2070fff70 .event posedge, v000001d20716e160_0;
L_000001d207170748 .functor BUFT 1, C4<0000000001000000>, C4<0>, C4<0>, C4<0>;
L_000001d20716eaa0 .arith/sum 16, L_000001d207170300, L_000001d207170748;
L_000001d20716ffe0 .part L_000001d20716eaa0, 7, 9;
L_000001d2071707d8 .functor BUFT 1, C4<000000000010000000000000>, C4<0>, C4<0>, C4<0>;
L_000001d20716fae0 .arith/sum 24, L_000001d20716ed20, L_000001d2071707d8;
L_000001d20716f540 .part L_000001d20716fae0, 14, 10;
L_000001d207170440 .concat [ 8 8 0 0], v000001d20716e820_0, L_000001d207170868;
L_000001d20716f400 .concat [ 8 8 0 0], v000001d20716e820_0, L_000001d2071708b0;
L_000001d207170300 .arith/mult 16, L_000001d207170440, L_000001d20716f400;
L_000001d20716ec80 .concat [ 16 8 0 0], L_000001d207170300, L_000001d2071708f8;
L_000001d20716fc20 .concat [ 8 16 0 0], v000001d20716e820_0, L_000001d207170940;
L_000001d20716ed20 .arith/mult 24, L_000001d20716ec80, L_000001d20716fc20;
L_000001d20716f7c0 .concat [ 8 8 0 0], v000001d20716cf40_0, L_000001d207170988;
L_000001d20716edc0 .arith/sum 10, v000001d20716cea0_0, L_000001d207170a18;
L_000001d2071701c0 .part L_000001d20716edc0, 1, 9;
L_000001d20716f5e0 .concat [ 9 1 0 0], L_000001d2071701c0, L_000001d207170a60;
L_000001d20716ee60 .concat [ 10 6 0 0], L_000001d20716f5e0, L_000001d2071709d0;
L_000001d20716f220 .arith/sum 11, v000001d20716c720_0, L_000001d207170af0;
L_000001d20716fea0 .arith/div 11, L_000001d20716f220, L_000001d207170b38;
L_000001d20716ef00 .concat [ 11 5 0 0], L_000001d20716fea0, L_000001d207170aa8;
L_000001d20716e960 .arith/sum 16, L_000001d207170b80, L_000001d20716f7c0;
L_000001d20716f2c0 .arith/sum 16, L_000001d20716ee60, L_000001d20716ef00;
L_000001d20716f040 .arith/sum 16, L_000001d20716e960, L_000001d20716f2c0;
S_000001d2071110f0 .scope generate, "gen_frac_shift" "gen_frac_shift" 4 35, 4 35 0, S_000001d207118d90;
 .timescale 0 0;
v000001d2070fc420_0 .net/2u *"_ivl_0", 15 0, L_000001d207170748;  1 drivers
v000001d2070fbe80_0 .net *"_ivl_11", 23 0, L_000001d20716e8c0;  1 drivers
v000001d2070fbf20_0 .net *"_ivl_12", 9 0, L_000001d20716f540;  1 drivers
L_000001d207170820 .functor BUFT 1, C4<00000000000000>, C4<0>, C4<0>, C4<0>;
v000001d2070fbfc0_0 .net *"_ivl_14", 13 0, L_000001d207170820;  1 drivers
v000001d2070fc2e0_0 .net *"_ivl_2", 15 0, L_000001d20716f360;  1 drivers
v000001d2070fc560_0 .net *"_ivl_3", 8 0, L_000001d20716ffe0;  1 drivers
L_000001d207170790 .functor BUFT 1, C4<0000000>, C4<0>, C4<0>, C4<0>;
v000001d20716de40_0 .net *"_ivl_5", 6 0, L_000001d207170790;  1 drivers
v000001d20716d9e0_0 .net/2u *"_ivl_9", 23 0, L_000001d2071707d8;  1 drivers
L_000001d20716f360 .concat [ 9 7 0 0], L_000001d20716ffe0, L_000001d207170790;
L_000001d20716ebe0 .part L_000001d20716f360, 0, 10;
L_000001d20716e8c0 .concat [ 10 14 0 0], L_000001d20716f540, L_000001d207170820;
L_000001d2071703a0 .part L_000001d20716e8c0, 0, 11;
S_000001d20716e5a0 .scope autofunction.vec4.u8, "to_fixed" "to_fixed" 3 24, 3 24 0, S_000001d207118c00;
 .timescale 0 0;
v000001d20716d300_0 .var/2s "int_val", 31 0;
; Variable to_fixed is vec4 return value of scope S_000001d20716e5a0
TD_test_exp_fixed_point.to_fixed ;
    %load/vec4 v000001d20716d300_0;
    %ix/load 4, 7, 0;
    %flag_set/imm 4, 0;
    %shiftl 4;
    %pad/s 8;
    %ret/vec4 0, 0, 8;  Assign to to_fixed (store_vec4_to_lval)
    %end;
    .scope S_000001d207118d90;
T_1 ;
    %wait E_000001d2070fff70;
    %load/vec4 v000001d20716e340_0;
    %flag_set/vec4 8;
    %jmp/0xz  T_1.0, 8;
    %pushi/vec4 0, 0, 1;
    %assign/vec4 v000001d20716dc60_0, 0;
    %pushi/vec4 0, 0, 1;
    %assign/vec4 v000001d20716d440_0, 0;
    %pushi/vec4 0, 0, 8;
    %assign/vec4 v000001d20716cf40_0, 0;
    %pushi/vec4 0, 0, 10;
    %assign/vec4 v000001d20716cea0_0, 0;
    %pushi/vec4 0, 0, 11;
    %assign/vec4 v000001d20716c720_0, 0;
    %pushi/vec4 0, 0, 16;
    %assign/vec4 v000001d20716e2a0_0, 0;
    %jmp T_1.1;
T_1.0 ;
    %load/vec4 v000001d20716dc60_0;
    %assign/vec4 v000001d20716d440_0, 0;
    %load/vec4 v000001d20716d080_0;
    %flag_set/vec4 8;
    %jmp/0xz  T_1.2, 8;
    %pushi/vec4 1, 0, 1;
    %assign/vec4 v000001d20716dc60_0, 0;
    %load/vec4 v000001d20716d760_0;
    %assign/vec4 v000001d20716cf40_0, 0;
    %load/vec4 v000001d20716dda0_0;
    %assign/vec4 v000001d20716cea0_0, 0;
    %load/vec4 v000001d20716c5e0_0;
    %assign/vec4 v000001d20716c720_0, 0;
    %jmp T_1.3;
T_1.2 ;
    %pushi/vec4 0, 0, 1;
    %assign/vec4 v000001d20716dc60_0, 0;
T_1.3 ;
    %load/vec4 v000001d20716d440_0;
    %flag_set/vec4 8;
    %jmp/0xz  T_1.4, 8;
    %load/vec4 v000001d20716d6c0_0;
    %assign/vec4 v000001d20716e2a0_0, 0;
T_1.4 ;
T_1.1 ;
    %jmp T_1;
    .thread T_1;
    .scope S_000001d207118c00;
T_2 ;
    %delay 5, 0;
    %load/vec4 v000001d20716d800_0;
    %inv;
    %store/vec4 v000001d20716d800_0, 0, 1;
    %jmp T_2;
    .thread T_2;
    .scope S_000001d207118c00;
T_3 ;
    %pushi/vec4 0, 0, 1;
    %store/vec4 v000001d20716d800_0, 0, 1;
    %pushi/vec4 1, 0, 1;
    %store/vec4 v000001d20716efa0_0, 0, 1;
    %pushi/vec4 0, 0, 1;
    %store/vec4 v000001d20716d8a0_0, 0, 1;
    %pushi/vec4 0, 0, 8;
    %store/vec4 v000001d20716e820_0, 0, 8;
    %wait E_000001d2070ff5f0;
    %pushi/vec4 0, 0, 1;
    %store/vec4 v000001d20716efa0_0, 0, 1;
    %alloc S_000001d20716e5a0;
    %pushi/vec4 1, 0, 32;
    %store/vec4 v000001d20716d300_0, 0, 32;
    %callf/vec4 TD_test_exp_fixed_point.to_fixed, S_000001d20716e5a0;
    %free S_000001d20716e5a0;
    %store/vec4 v000001d20716e820_0, 0, 8;
    %pushi/vec4 1, 0, 1;
    %store/vec4 v000001d20716d8a0_0, 0, 1;
    %wait E_000001d2070ff5f0;
    %pushi/vec4 3, 0, 32;
T_3.0 %dup/vec4;
    %pushi/vec4 0, 0, 32;
    %cmp/s;
    %jmp/1xz T_3.1, 5;
    %jmp/1 T_3.1, 4;
    %pushi/vec4 1, 0, 32;
    %sub;
    %wait E_000001d2070ff5f0;
    %jmp T_3.0;
T_3.1 ;
    %pop/vec4 1;
    %pushi/vec4 341, 0, 16;
    %store/vec4 v000001d20716eb40_0, 0, 16;
    %vpi_call/w 3 48 "$display", "exp(1.0) = %0d (expected \342\211\210 %0d)", v000001d20716da80_0, v000001d20716eb40_0 {0 0 0};
    %load/vec4 v000001d20716da80_0;
    %load/vec4 v000001d20716eb40_0;
    %sub;
    %vpi_func/r 3 50 "$abs", S<0,vec4,s16> {1 0 0};
    %pushi/vec4 32, 0, 32;
    %cvt/rv/s;
    %cmp/wr;
    %jmp/0xz  T_3.2, 5;
    %vpi_call/w 3 51 "$display", "PASS" {0 0 0};
    %jmp T_3.3;
T_3.2 ;
    %vpi_call/w 3 53 "$display", "FAIL" {0 0 0};
T_3.3 ;
    %vpi_call/w 3 55 "$finish" {0 0 0};
    %end;
    .thread T_3;
# The file index is used to find the file name in the following table.
:file_names 5;
    "N/A";
    "<interactive>";
    "-";
    "tb\iclad_exp_tb.v";
    "rtl\p7_design.v";
