STDOUT:
rm -f ./results/sky130hd/exp_fixed_point/base/3_*place*.odb
rm -f ./results/sky130hd/exp_fixed_point/base/3_place.sdc
rm -f ./results/sky130hd/exp_fixed_point/base/3_*.def ./results/sky130hd/exp_fixed_point/base/3_*.v
rm -f ./reports/sky130hd/exp_fixed_point/base/3_*
rm -f ./logs/sky130hd/exp_fixed_point/base/3_*
/home/kyash/OpenROAD-flow-scripts-master/flow/scripts/flow.sh 2_1_floorplan floorplan
Running floorplan.tcl, stage 2_1_floorplan
read_liberty /home/kyash/OpenROAD-flow-scripts-master/flow/platforms/sky130hd/lib/sky130_fd_sc_hd__tt_025C_1v80.lib
read_db ./results/sky130hd/exp_fixed_point/base/1_synth.odb
read_sdc ./results/sky130hd/exp_fixed_point/base/1_synth.sdc
source /home/kyash/OpenROAD-flow-scripts-master/flow/platforms/sky130hd/setRC.tcl
Master sky130_ef_sc_hd__decap_12 is loaded but not used in the design
Removed 0 unused instances and 0 unused nets.

==========================================================================
Floorplan check_setup
--------------------------------------------------------------------------
number instances in verilog is 493
[WARNING IFP-0028] Core area lower left (30.000, 30.000) snapped to (30.360, 32.640).
[INFO IFP-0001] Added 65 rows of 390 site unithd.
[INFO IFP-0100] Die BBox:  (  0.000  0.000 ) ( 240.000 240.000 ) um
[INFO IFP-0101] Core BBox: ( 30.360 32.640 ) ( 209.760 209.440 ) um
[INFO IFP-0102] Core area:                        31717.920 um^2
[INFO IFP-0103] Total instances area:              3794.890 um^2
[INFO IFP-0104] Effective utilization:                0.120
[INFO IFP-0105] Number of instances:                    493
source /home/kyash/OpenROAD-flow-scripts-master/flow/platforms/sky130hd/make_tracks.tcl
source /home/kyash/OpenROAD-flow-scripts-master/flow/platforms/sky130hd/fastroute.tcl
Repair tie lo fanout...
[INFO RSZ-0042] Inserted 6 tie sky130_fd_sc_hd__conb_1 instances.
Repair tie hi fanout...
repair_timing -setup_margin 0 -hold_margin 0 -repair_tns 100 -match_cell_footprint -setup -skip_last_gasp -sequence unbuffer,sizeup,swap,vt_swap -verbose
[WARNING EST-0027] no estimated parasitics. Using wire load models.
[INFO RSZ-0100] Repair move sequence: UnbufferMove SizeUpMove SwapPinsMove 
[INFO RSZ-0098] No setup violations found
Default units for flow
 time 1ns
 capacitance 1pF
 resistance 1kohm
 voltage 1v
 current 1mA
 power 1nW
 distance 1um
   Layer   | Unit Resistance | Unit Capacitance 
           |       (kohm/um) |          (pF/um)
------------------------------------------------
       li1 |        7.18e-02 |         1.50e-04
      met1 |        8.93e-04 |         1.72e-04
      met2 |        8.93e-04 |         1.36e-04
      met3 |        1.57e-04 |         2.15e-04
      met4 |        1.57e-04 |         1.48e-04
      met5 |        1.78e-05 |         1.54e-04
------------------------------------------------

   Layer   | Via Resistance 
           |         (kohm) 
----------------------------
      mcon |       9.25e-03 
       via |       4.50e-03 
      via2 |       3.37e-03 
      via3 |       3.77e-04 
      via4 |       5.80e-06 
----------------------------
Report metrics stage 2, floorplan final...

==========================================================================
floorplan final report_design_area
--------------------------------------------------------------------------
Design area 3814 um^2 12% utilization.
write_db ./results/sky130hd/exp_fixed_point/base/2_1_floorplan.odb
write_sdc -no_timestamp ./results/sky130hd/exp_fixed_point/base/2_1_floorplan.sdc
Log                        Elapsed/s Peak Memory/MB  sha1sum .odb [0:20)
2_1_floorplan                      0            138 29e7b18996a577984e26
/home/kyash/OpenROAD-flow-scripts-master/flow/scripts/flow.sh 2_2_floorplan_macro macro_place
Running macro_place.tcl, stage 2_2_floorplan_macro
read_liberty /home/kyash/OpenROAD-flow-scripts-master/flow/platforms/sky130hd/lib/sky130_fd_sc_hd__tt_025C_1v80.lib
read_db ./results/sky130hd/exp_fixed_point/base/2_1_floorplan.odb
read_sdc ./results/sky130hd/exp_fixed_point/base/2_1_floorplan.sdc
source /home/kyash/OpenROAD-flow-scripts-master/flow/platforms/sky130hd/setRC.tcl
No macros found: Skipping macro_placement
Design area 3814 um^2 12% utilization.
write_db ./results/sky130hd/exp_fixed_point/base/2_2_floorplan_macro.odb
Log                        Elapsed/s Peak Memory/MB  sha1sum .odb [0:20)
2_2_floorplan_macro                0            115 29e7b18996a577984e26
/home/kyash/OpenROAD-flow-scripts-master/flow/scripts/flow.sh 2_3_floorplan_tapcell tapcell
Running tapcell.tcl, stage 2_3_floorplan_tapcell
read_liberty /home/kyash/OpenROAD-flow-scripts-master/flow/platforms/sky130hd/lib/sky130_fd_sc_hd__tt_025C_1v80.lib
read_db ./results/sky130hd/exp_fixed_point/base/2_2_floorplan_macro.odb
read_sdc ./results/sky130hd/exp_fixed_point/base/2_1_floorplan.sdc
source /home/kyash/OpenROAD-flow-scripts-master/flow/platforms/sky130hd/setRC.tcl
[INFO TAP-0005] Inserted 402 tapcells.
Design area 4317 um^2 14% utilization.
write_db ./results/sky130hd/exp_fixed_point/base/2_3_floorplan_tapcell.odb
Log                        Elapsed/s Peak Memory/MB  sha1sum .odb [0:20)
2_3_floorplan_tapcell              0            116 c24c53e9a55e04dd0751
/home/kyash/OpenROAD-flow-scripts-master/flow/scripts/flow.sh 2_4_floorplan_pdn pdn
Running pdn.tcl, stage 2_4_floorplan_pdn
read_liberty /home/kyash/OpenROAD-flow-scripts-master/flow/platforms/sky130hd/lib/sky130_fd_sc_hd__tt_025C_1v80.lib
read_db ./results/sky130hd/exp_fixed_point/base/2_3_floorplan_tapcell.odb
read_sdc ./results/sky130hd/exp_fixed_point/base/2_1_floorplan.sdc
source /home/kyash/OpenROAD-flow-scripts-master/flow/platforms/sky130hd/setRC.tcl
[INFO PDN-0001] Inserting grid: grid
Design area 4317 um^2 14% utilization.
write_db ./results/sky130hd/exp_fixed_point/base/2_4_floorplan_pdn.odb
Log                        Elapsed/s Peak Memory/MB  sha1sum .odb [0:20)
2_4_floorplan_pdn                  0            120 57c68b0c18d2b42fa77e
cp ./results/sky130hd/exp_fixed_point/base/2_4_floorplan_pdn.odb ./results/sky130hd/exp_fixed_point/base/2_floorplan.odb
cp ./results/sky130hd/exp_fixed_point/base/2_1_floorplan.sdc ./results/sky130hd/exp_fixed_point/base/2_floorplan.sdc
/home/kyash/OpenROAD-flow-scripts-master/flow/scripts/flow.sh 3_1_place_gp_skip_io global_place_skip_io
Running global_place_skip_io.tcl, stage 3_1_place_gp_skip_io
read_liberty /home/kyash/OpenROAD-flow-scripts-master/flow/platforms/sky130hd/lib/sky130_fd_sc_hd__tt_025C_1v80.lib
read_db ./results/sky130hd/exp_fixed_point/base/2_floorplan.odb
read_sdc ./results/sky130hd/exp_fixed_point/base/2_floorplan.sdc
source /home/kyash/OpenROAD-flow-scripts-master/flow/platforms/sky130hd/setRC.tcl
global_placement -skip_io -density 0.35 -pad_left 0 -pad_right 0
[INFO GPL-0001] ---- Initialize GPL Main Data Structures
[INFO GPL-0002] DBU: 1000
[INFO GPL-0003] SiteSize: (  0.460  2.720 ) um
[INFO GPL-0004] CoreBBox: ( 30.360 32.640 ) ( 209.760 209.440 ) um
[INFO GPL-0036] Movable instances area:       3813.658 um^2
[INFO GPL-0037] Total instances area:         4316.640 um^2
[INFO GPL-0035] Pin density area adjust:       469.437 um^2
[INFO GPL-0032] ---- Initialize Region: Top-level
[INFO GPL-0006] Number of instances:               900
[INFO GPL-0007] Movable instances:                 498
[INFO GPL-0008] Fixed instances:                   402
[INFO GPL-0009] Dummy instances:                     0
[INFO GPL-0010] Number of nets:                    520
[INFO GPL-0011] Number of pins:                   1801
[INFO GPL-0012] Die BBox:  (  0.000  0.000 ) ( 240.000 240.000 ) um
[INFO GPL-0013] Core BBox: ( 30.360 32.640 ) ( 209.760 209.440 ) um
[INFO GPL-0016] Core area:                   31717.920 um^2
[INFO GPL-0014] Region name: top-level.
[INFO GPL-0015] Region area:                 31717.920 um^2
[INFO GPL-0017] Fixed instances area:          502.982 um^2
[INFO GPL-0018] Movable instances area:       4283.095 um^2
[INFO GPL-0019] Utilization:                    13.721 %
[INFO GPL-0020] Standard cells area:          4283.095 um^2
[INFO GPL-0021] Large instances area:            0.000 um^2
[INFO GPL-0005] ---- Execute Conjugate Gradient Initial Placement.
[INFO GPL-0051] Source of initial instance position counters:
	Odb location = 6	Core center = 492	Region center = 0
[INFO GPL-0033] ---- Initialize Nesterov Region: Top-level
[INFO GPL-0023] Placement target density:       0.3500
[INFO GPL-0024] Movable insts average area:      8.601 um^2
[INFO GPL-0025] Ideal bin area:                 24.573 um^2
[INFO GPL-0026] Ideal bin count:                  1290
[INFO GPL-0027] Total bin area:              31717.920 um^2
[INFO GPL-0028] Bin count (X, Y):          32 ,     32
[INFO GPL-0029] Bin size (W * H):       5.606 *  5.525 um
[INFO GPL-0030] Number of bins:                   1024
[INFO GPL-0007] ---- Execute Nesterov Global Placement.
[INFO GPL-0031] HPWL: Half-Perimeter Wirelength
Iteration | Overflow |     HPWL (um) |  HPWL(%) |   Penalty | Group
---------------------------------------------------------------
        0 |   0.9789 |  9.945870e+02 |   +0.00% |  1.84e-14 |      
       10 |   0.9725 |  7.265530e+02 |  -26.95% |  3.00e-14 |      
       20 |   0.9677 |  6.997670e+02 |   -3.69% |  4.88e-14 |      
       30 |   0.9664 |  6.909850e+02 |   -1.25% |  7.95e-14 |      
       40 |   0.9669 |  6.946940e+02 |   +0.54% |  1.30e-13 |      
       50 |   0.9674 |  6.963830e+02 |   +0.24% |  2.11e-13 |      
       60 |   0.9668 |  6.954030e+02 |   -0.14% |  3.44e-13 |      
       70 |   0.9663 |  6.946020e+02 |   -0.12% |  5.60e-13 |      
       80 |   0.9661 |  6.964820e+02 |   +0.27% |  9.12e-13 |      
       90 |   0.9655 |  7.030360e+02 |   +0.94% |  1.49e-12 |      
      100 |   0.9644 |  7.158920e+02 |   +1.83% |  2.42e-12 |      
      110 |   0.9640 |  7.436580e+02 |   +3.88% |  3.94e-12 |      
      120 |   0.9638 |  7.893960e+02 |   +6.15% |  6.42e-12 |      
      130 |   0.9592 |  8.586270e+02 |   +8.77% |  1.05e-11 |      
      140 |   0.9596 |  9.484730e+02 |  +10.46% |  1.70e-11 |      
      150 |   0.9539 |  1.077205e+03 |  +13.57% |  2.77e-11 |      
      160 |   0.9440 |  1.298127e+03 |  +20.51% |  4.52e-11 |      
      170 |   0.9252 |  1.794154e+03 |  +38.21% |  7.36e-11 |      
      180 |   0.8817 |  2.449974e+03 |  +36.55% |  1.20e-10 |      
      190 |   0.8518 |  3.058480e+03 |  +24.84% |  1.95e-10 |      
      200 |   0.8257 |  3.684105e+03 |  +20.46% |  3.18e-10 |      
      210 |   0.7895 |  4.370723e+03 |  +18.64% |  5.18e-10 |      
      220 |   0.7503 |  5.037185e+03 |  +15.25% |  8.44e-10 |      
      230 |   0.7110 |  5.681623e+03 |  +12.79% |  1.37e-09 |      
      240 |   0.6703 |  6.387566e+03 |  +12.43% |  2.24e-09 |      
      250 |   0.6271 |  7.085908e+03 |  +10.93% |  3.65e-09 |      
      260 |   0.5846 |  7.905024e+03 |  +11.56% |  5.94e-09 |      
      270 |   0.5393 |  8.683112e+03 |   +9.84% |  9.67e-09 |      
      280 |   0.4893 |  9.337418e+03 |   +7.54% |  1.58e-08 |      
      290 |   0.4298 |  9.985279e+03 |   +6.94% |  2.57e-08 |      
      300 |   0.3596 |  1.073749e+04 |   +7.53% |  4.18e-08 |      
      310 |   0.2952 |  1.140381e+04 |   +6.21% |  6.35e-08 |      
      320 |   0.2484 |  1.194713e+04 |   +4.76% |  9.35e-08 |      
      330 |   0.2095 |  1.237015e+04 |   +3.54% |  1.38e-07 |      
      340 |   0.1825 |  1.266561e+04 |   +2.39% |  2.03e-07 |      
      350 |   0.1613 |  1.289687e+04 |   +1.83% |  2.99e-07 |      
      360 |   0.1370 |  1.309158e+04 |   +1.51% |  4.40e-07 |      
      370 |   0.1185 |  1.323792e+04 |   +1.12% |  6.48e-07 |      
      380 |   0.1044 |  1.327914e+04 |   +0.31% |  9.55e-07 |      
      382 |   0.0999 |  1.328236e+04 |          |  1.07e-06 |      
---------------------------------------------------------------
[INFO GPL-1001] Global placement finished at iteration 382
[INFO GPL-1002] Placed Cell Area             4283.0947
[INFO GPL-1003] Available Free Area         31214.9376
[INFO GPL-1004] Minimum Feasible Density        0.1400 (cell_area / free_area)
[INFO GPL-1006]   Suggested Target Densities:
[INFO GPL-1007]     - For 90% usage of free space: 0.1525
[INFO GPL-1008]     - For 80% usage of free space: 0.1715
[INFO GPL-1009]     - For 50% usage of free space: 0.2744
[INFO GPL-1014] Final placement area: 4283.09 (+0.00%)
Design area 4317 um^2 14% utilization.
write_db ./results/sky130hd/exp_fixed_point/base/3_1_place_gp_skip_io.odb
Log                        Elapsed/s Peak Memory/MB  sha1sum .odb [0:20)
3_1_place_gp_skip_io               1            118 8544fe99c1cb32abc2cf
/home/kyash/OpenROAD-flow-scripts-master/flow/scripts/flow.sh 3_2_place_iop io_placement
Running io_placement.tcl, stage 3_2_place_iop
read_liberty /home/kyash/OpenROAD-flow-scripts-master/flow/platforms/sky130hd/lib/sky130_fd_sc_hd__tt_025C_1v80.lib
read_db ./results/sky130hd/exp_fixed_point/base/3_1_place_gp_skip_io.odb
read_sdc ./results/sky130hd/exp_fixed_point/base/2_floorplan.sdc
source /home/kyash/OpenROAD-flow-scripts-master/flow/platforms/sky130hd/setRC.tcl
place_pins -hor_layers met3 -ver_layers met2
Found 0 macro blocks.
Using 2 tracks default min distance between IO pins.
[INFO PPL-0001] Number of available slots 864
[INFO PPL-0002] Number of I/O             27
[INFO PPL-0003] Number of I/O w/sink      27
[INFO PPL-0004] Number of I/O w/o sink    0
[INFO PPL-0005] Slots per section         200
[INFO PPL-0008] Successfully assigned pins to sections.
[INFO PPL-0012] I/O nets HPWL: 1939.87 um.
Design area 4317 um^2 14% utilization.
write_db ./results/sky130hd/exp_fixed_point/base/3_2_place_iop.odb
Log                        Elapsed/s Peak Memory/MB  sha1sum .odb [0:20)
3_2_place_iop                      0            117 dda6e13f077b3ad7266c
/home/kyash/OpenROAD-flow-scripts-master/flow/scripts/flow.sh 3_3_place_gp global_place
Running global_place.tcl, stage 3_3_place_gp
read_liberty /home/kyash/OpenROAD-flow-scripts-master/flow/platforms/sky130hd/lib/sky130_fd_sc_hd__tt_025C_1v80.lib
read_db ./results/sky130hd/exp_fixed_point/base/3_2_place_iop.odb
read_sdc ./results/sky130hd/exp_fixed_point/base/2_floorplan.sdc
source /home/kyash/OpenROAD-flow-scripts-master/flow/platforms/sky130hd/setRC.tcl
[INFO RSZ-0026] Removed 62 buffers.
Perform port buffering...
[INFO RSZ-0027] Inserted 10 sky130_fd_sc_hd__clkdlybuf4s50_1 input buffers.
[INFO RSZ-0028] Inserted 10 sky130_fd_sc_hd__clkdlybuf4s50_1 output buffers.
global_placement -density 0.35 -pad_left 0 -pad_right 0 -routability_driven -timing_driven -force_center_initial_place -min_phi_coef 0.95 -max_phi_coef 1.05
[INFO GPL-0001] ---- Initialize GPL Main Data Structures
[INFO GPL-0002] DBU: 1000
[INFO GPL-0003] SiteSize: (  0.460  2.720 ) um
[INFO GPL-0004] CoreBBox: ( 30.360 32.640 ) ( 209.760 209.440 ) um
[INFO GPL-0036] Movable instances area:       3652.253 um^2
[INFO GPL-0037] Total instances area:         4155.235 um^2
[INFO GPL-0035] Pin density area adjust:       473.987 um^2
[INFO GPL-0032] ---- Initialize Region: Top-level
[INFO GPL-0006] Number of instances:               858
[INFO GPL-0007] Movable instances:                 456
[INFO GPL-0008] Fixed instances:                   402
[INFO GPL-0009] Dummy instances:                     0
[INFO GPL-0010] Number of nets:                    478
[INFO GPL-0011] Number of pins:                   1744
[INFO GPL-0012] Die BBox:  (  0.000  0.000 ) ( 240.000 240.000 ) um
[INFO GPL-0013] Core BBox: ( 30.360 32.640 ) ( 209.760 209.440 ) um
[INFO GPL-0016] Core area:                   31717.920 um^2
[INFO GPL-0014] Region name: top-level.
[INFO GPL-0015] Region area:                 31717.920 um^2
[INFO GPL-0017] Fixed instances area:          502.982 um^2
[INFO GPL-0018] Movable instances area:       4126.239 um^2
[INFO GPL-0019] Utilization:                    13.219 %
[INFO GPL-0020] Standard cells area:          4126.239 um^2
[INFO GPL-0021] Large instances area:            0.000 um^2
[INFO GPL-0005] ---- Execute Conjugate Gradient Initial Placement.
[INFO GPL-0051] Source of initial instance position counters:
	Odb location = 0	Core center = 456	Region center = 0
[InitialPlace]  Iter: 1 conjugate gradient residual: 0.00000543 HPWL: 14191733
[InitialPlace]  Iter: 2 conjugate gradient residual: 0.00000012 HPWL: 6066699
[InitialPlace]  Iter: 3 conjugate gradient residual: 0.00000010 HPWL: 5755313
[InitialPlace]  Iter: 4 conjugate gradient residual: 0.00000011 HPWL: 5524259
[InitialPlace]  Iter: 5 conjugate gradient residual: 0.00000006 HPWL: 5327483
[INFO GPL-0033] ---- Initialize Nesterov Region: Top-level
[INFO GPL-0023] Placement target density:       0.3500
[INFO GPL-0024] Movable insts average area:      9.049 um^2
[INFO GPL-0025] Ideal bin area:                 25.854 um^2
[INFO GPL-0026] Ideal bin count:                  1226
[INFO GPL-0027] Total bin area:              31717.920 um^2
[INFO GPL-0028] Bin count (X, Y):          32 ,     32
[INFO GPL-0029] Bin size (W * H):       5.606 *  5.525 um
[INFO GPL-0030] Number of bins:                   1024
[INFO GPL-0007] ---- Execute Nesterov Global Placement.
[INFO GPL-0031] HPWL: Half-Perimeter Wirelength
Iteration | Overflow |     HPWL (um) |  HPWL(%) |   Penalty | Group
---------------------------------------------------------------
        0 |   0.9436 |  2.789737e+03 |   +0.00% |  4.50e-15 |      
       10 |   0.8856 |  3.118421e+03 |  +11.78% |  7.33e-15 |      
       20 |   0.8794 |  3.064619e+03 |   -1.73% |  1.19e-14 |      
       30 |   0.8783 |  3.026376e+03 |   -1.25% |  1.94e-14 |      
       40 |   0.8696 |  3.007842e+03 |   -0.61% |  3.17e-14 |      
       50 |   0.8625 |  2.981111e+03 |   -0.89% |  5.16e-14 |      
       60 |   0.8610 |  2.965656e+03 |   -0.52% |  8.41e-14 |      
       70 |   0.8540 |  2.966574e+03 |   +0.03% |  1.37e-13 |      
       80 |   0.8521 |  2.975127e+03 |   +0.29% |  2.23e-13 |      
       90 |   0.8495 |  2.981261e+03 |   +0.21% |  3.63e-13 |      
      100 |   0.8476 |  2.987770e+03 |   +0.22% |  5.92e-13 |      
      110 |   0.8473 |  2.993331e+03 |   +0.19% |  9.64e-13 |      
      120 |   0.8471 |  3.001872e+03 |   +0.29% |  1.57e-12 |      
      130 |   0.8462 |  3.018849e+03 |   +0.57% |  2.56e-12 |      
      140 |   0.8449 |  3.047871e+03 |   +0.96% |  4.17e-12 |      
      150 |   0.8434 |  3.096842e+03 |   +1.61% |  6.79e-12 |      
      160 |   0.8428 |  3.171043e+03 |   +2.40% |  1.11e-11 |      
      170 |   0.8377 |  3.269854e+03 |   +3.12% |  1.80e-11 |      
      180 |   0.8263 |  3.373186e+03 |   +3.16% |  2.93e-11 |      
      190 |   0.8161 |  3.448508e+03 |   +2.23% |  4.78e-11 |      
      200 |   0.8024 |  3.546508e+03 |   +2.84% |  7.78e-11 |      
      210 |   0.7883 |  3.867446e+03 |   +9.05% |  1.27e-10 |      
      220 |   0.7647 |  4.195342e+03 |   +8.48% |  2.06e-10 |      
      230 |   0.7361 |  4.574800e+03 |   +9.04% |  3.36e-10 |      
      240 |   0.7153 |  4.907510e+03 |   +7.27% |  5.48e-10 |      
      250 |   0.6848 |  5.355822e+03 |   +9.14% |  8.92e-10 |      
      260 |   0.6508 |  5.766230e+03 |   +7.66% |  1.45e-09 |      
[INFO GPL-0100] Timing-driven iteration 1/2, virtual: false.
[INFO GPL-0101]    Iter: 266, overflow: 0.633, keep resizer changes at: 1, HPWL: 5983497
Iteration |   Area    | Resized | Buffers | Nets repaired | Remaining
---------------------------------------------------------------------
        0 |     +0.0% |       0 |       0 |             0 |       484
    final |     +1.5% |       3 |       3 |             3 |         0
---------------------------------------------------------------------
[INFO RSZ-0034] Found 3 slew violations.
[INFO RSZ-0039] Resized 3 instances.
[INFO RSZ-0038] Inserted 3 buffers in 3 nets.
   Iter   |    Area   | Removed | Inserted |   Pins
          |           | Buffers | Buffers  | Remaining
-------------------------------------------------------
        0 |     +0.0% |       0 |        0 |       461
       46 |     +0.0% |       0 |        0 |       415
       92 |     +0.0% |       0 |        0 |       369
      138 |     +0.0% |       0 |        0 |       323
      184 |     +0.0% |       0 |        0 |       277
      230 |     +0.0% |       0 |        0 |       231
      276 |     +0.0% |       0 |        0 |       185
      322 |     +0.0% |       0 |        0 |       139
      368 |     +0.0% |       0 |        0 |        93
      414 |     +0.1% |       2 |        6 |        47
      460 |     +0.5% |       3 |       11 |         1
    final |     +0.5% |       3 |       11 |         0
-------------------------------------------------------
[INFO GPL-0106] Timing-driven: worst slack 1.1134277e-09
[INFO GPL-0107] Timing-driven: repair_design delta area: 92.188 um^2 (+2.23%)
[INFO GPL-0108] Timing-driven: repair_design, gpl delta gcells: 11 (+2.41%)
[INFO GPL-0109] Timing-driven: repair_design, gcells created: 14, deleted: 3
[INFO GPL-0110] Timing-driven: new target density: 0.35295334
Iteration | Overflow |     HPWL (um) |  HPWL(%) |   Penalty | Group
---------------------------------------------------------------
      270 |   0.6363 |  6.689260e+03 |  +16.01% |  2.37e-09 |      
[INFO GPL-0038] Routability snapshot saved at iter = 279
      278 |   0.5961 |  7.174742e+03 |          |           |      
      280 |   0.5870 |  7.283465e+03 |   +8.88% |  3.85e-09 |      
      290 |   0.5574 |  7.627717e+03 |   +4.73% |  6.28e-09 |      
      300 |   0.5128 |  8.131156e+03 |   +6.60% |  1.02e-08 |      
      310 |   0.4588 |  8.593782e+03 |   +5.69% |  1.67e-08 |      
      320 |   0.4101 |  9.053722e+03 |   +5.35% |  2.71e-08 |      
      330 |   0.3526 |  9.543378e+03 |   +5.41% |  4.42e-08 |      
[INFO GPL-0040] Routability iteration: 1
[INFO GPL-0041] Total routing overflow: 0.0000
[INFO GPL-0042] Number of overflowed tiles: 0 (0.00%)
[INFO GPL-0043] Average top 0.5% routing congestion: 0.9492
[INFO GPL-0044] Average top 1.0% routing congestion: 0.9203
[INFO GPL-0045] Average top 2.0% routing congestion: 0.8741
[INFO GPL-0046] Average top 5.0% routing congestion: 0.7888
[INFO GPL-0047] Routability iteration weighted routing congestion: 0.9347
[INFO GPL-0050] Weighted routing congestion is lower than target routing congestion(1.0100), end routability optimization.
[INFO GPL-0090] Routability finished. Target routing congestion achieved succesfully.
Iteration | Overflow |     HPWL (um) |  HPWL(%) |   Penalty | Group
---------------------------------------------------------------
      340 |   0.2922 |  9.971253e+03 |   +4.48% |  6.64e-08 |      
      350 |   0.2605 |  1.029740e+04 |   +3.27% |  9.78e-08 |      
      360 |   0.2247 |  1.057120e+04 |   +2.66% |  1.44e-07 |      
      370 |   0.1923 |  1.073391e+04 |   +1.54% |  2.12e-07 |      
[INFO GPL-0100] Timing-driven iteration 2/2, virtual: false.
[INFO GPL-0101]    Iter: 371, overflow: 0.192, keep resizer changes at: 1, HPWL: 10733906
Iteration |   Area    | Resized | Buffers | Nets repaired | Remaining
---------------------------------------------------------------------
        0 |     +0.0% |       0 |       0 |             0 |       495
    final |     +0.0% |       0 |       0 |             0 |         0
---------------------------------------------------------------------
   Iter   |    Area   | Removed | Inserted |   Pins
          |           | Buffers | Buffers  | Remaining
-------------------------------------------------------
        0 |     +0.0% |       0 |        0 |       461
       46 |     +0.0% |       0 |        0 |       415
       92 |     +0.0% |       0 |        0 |       369
      138 |     +0.0% |       0 |        0 |       323
      184 |     +0.0% |       0 |        0 |       277
      230 |     +0.0% |       0 |        0 |       231
      276 |     +0.2% |       0 |        1 |       185
      322 |     +0.2% |       0 |        1 |       139
      368 |     +0.2% |       0 |        1 |        93
      414 |     +0.6% |       6 |        8 |        47
      460 |     +0.6% |      11 |       13 |         1
    final |     +0.6% |      11 |       13 |         0
-------------------------------------------------------
[INFO GPL-0106] Timing-driven: worst slack 9.180263e-10
[INFO GPL-0107] Timing-driven: repair_design delta area: 27.526 um^2 (+0.65%)
[INFO GPL-0108] Timing-driven: repair_design, gpl delta gcells: 2 (+0.43%)
[INFO GPL-0109] Timing-driven: repair_design, gcells created: 13, deleted: 11
[INFO GPL-0110] Timing-driven: new target density: 0.35383517
Iteration | Overflow |     HPWL (um) |  HPWL(%) |   Penalty | Group
---------------------------------------------------------------
      380 |   0.1771 |  1.154615e+04 |   +7.57% |  3.13e-07 |      
      390 |   0.1479 |  1.160704e+04 |   +0.53% |  4.61e-07 |      
      400 |   0.1345 |  1.153226e+04 |   -0.64% |  6.79e-07 |      
      410 |   0.1149 |  1.157593e+04 |   +0.38% |  1.00e-06 |      
      417 |   0.0998 |  1.156772e+04 |          |  1.36e-06 |      
---------------------------------------------------------------
[INFO GPL-1001] Global placement finished at iteration 417
[INFO GPL-1003] Routability mode iteration count: 60
[INFO GPL-1005] Routability final weighted congestion: 0.8745
[INFO GPL-1002] Placed Cell Area             4245.9543
[INFO GPL-1003] Available Free Area         31214.9376
[INFO GPL-1004] Minimum Feasible Density        0.1400 (cell_area / free_area)
[INFO GPL-1006]   Suggested Target Densities:
[INFO GPL-1007]     - For 90% usage of free space: 0.1511
[INFO GPL-1008]     - For 80% usage of free space: 0.1700
[INFO GPL-1009]     - For 50% usage of free space: 0.2720
[INFO GPL-1011] Original area (um^2): 4126.24
[INFO GPL-1012] Total routability artificial inflation: 0.00 (+0.00%)
[INFO GPL-1013] Total timing-driven delta area: 119.71 (+2.90%)
[INFO GPL-1014] Final placement area: 4245.95 (+2.90%)
estimate_parasitics -placement
Report metrics stage 3, global place...

==========================================================================
global place report_design_area
--------------------------------------------------------------------------
Design area 4269 um^2 13% utilization.
write_db ./results/sky130hd/exp_fixed_point/base/3_3_place_gp.odb
Log                        Elapsed/s Peak Memory/MB  sha1sum .odb [0:20)
3_3_place_gp                       1            226 3f25dc97322d9bb07cc7
/home/kyash/OpenROAD-flow-scripts-master/flow/scripts/flow.sh 3_4_place_resized resize
Running resize.tcl, stage 3_4_place_resized
read_liberty /home/kyash/OpenROAD-flow-scripts-master/flow/platforms/sky130hd/lib/sky130_fd_sc_hd__tt_025C_1v80.lib
read_db ./results/sky130hd/exp_fixed_point/base/3_3_place_gp.odb
read_sdc ./results/sky130hd/exp_fixed_point/base/2_floorplan.sdc
source /home/kyash/OpenROAD-flow-scripts-master/flow/platforms/sky130hd/setRC.tcl
estimate_parasitics -placement
Perform buffer insertion and gate resizing...
repair_design -verbose -match_cell_footprint
Iteration |   Area    | Resized | Buffers | Nets repaired | Remaining
---------------------------------------------------------------------
        0 |     +0.0% |       0 |       0 |             0 |       497
       10 |     +0.0% |       0 |       0 |             0 |       487
       20 |     +0.0% |       0 |       0 |             0 |       477
       30 |     +0.0% |       0 |       0 |             0 |       467
       40 |     +0.0% |       0 |       0 |             0 |       457
       50 |     +0.0% |       0 |       0 |             0 |       447
       60 |     +0.0% |       0 |       0 |             0 |       437
       70 |     +0.0% |       0 |       0 |             0 |       427
       80 |     +0.0% |       0 |       0 |             0 |       417
       90 |     +0.0% |       0 |       0 |             0 |       407
      100 |     +0.0% |       0 |       0 |             0 |       397
      110 |     +0.0% |       0 |       0 |             0 |       387
      120 |     +0.0% |       0 |       0 |             0 |       377
      130 |     +0.0% |       0 |       0 |             0 |       367
      140 |     +0.0% |       0 |       0 |             0 |       357
      150 |     +0.0% |       0 |       0 |             0 |       347
      160 |     +0.0% |       0 |       0 |             0 |       337
      170 |     +0.0% |       0 |       0 |             0 |       327
      180 |     +0.0% |       0 |       0 |             0 |       317
      190 |     +0.0% |       0 |       0 |             0 |       307
      200 |     +0.0% |       0 |       0 |             0 |       297
      210 |     +0.0% |       0 |       0 |             0 |       287
      220 |     +0.0% |       0 |       0 |             0 |       277
      230 |     +0.0% |       0 |       0 |             0 |       267
      240 |     +0.0% |       0 |       0 |             0 |       257
      250 |     +0.0% |       0 |       0 |             0 |       247
      260 |     +0.0% |       0 |       0 |             0 |       237
      270 |     +0.0% |       0 |       0 |             0 |       227
      280 |     +0.0% |       0 |       0 |             0 |       217
      290 |     +0.0% |       0 |       0 |             0 |       207
      300 |     +0.0% |       0 |       0 |             0 |       197
      310 |     +0.0% |       0 |       0 |             0 |       187
      320 |     +0.0% |       0 |       0 |             0 |       177
      330 |     +0.0% |       0 |       0 |             0 |       167
      340 |     +0.0% |       0 |       0 |             0 |       157
      350 |     +0.0% |       0 |       0 |             0 |       147
      360 |     +0.0% |       0 |       0 |             0 |       137
      370 |     +0.0% |       0 |       0 |             0 |       127
      380 |     +0.0% |       0 |       0 |             0 |       117
      390 |     +0.0% |       0 |       0 |             0 |       107
      400 |     +0.0% |       0 |       0 |             0 |        97
      410 |     +0.0% |       0 |       0 |             0 |        87
      420 |     +0.0% |       0 |       0 |             0 |        77
      430 |     +0.0% |       0 |       0 |             0 |        67
      440 |     +0.0% |       0 |       0 |             0 |        57
      450 |     +0.0% |       0 |       0 |             0 |        47
      460 |     +0.0% |       0 |       0 |             0 |        37
      470 |     +0.0% |       0 |       0 |             0 |        27
      480 |     +0.0% |       0 |       0 |             0 |        17
      490 |     +0.0% |       0 |       0 |             0 |         7
    final |     +0.0% |       0 |       0 |             0 |         0
---------------------------------------------------------------------
Floating nets: 
Report metrics stage 3, resizer...

==========================================================================
resizer report_design_area
--------------------------------------------------------------------------
Design area 4269 um^2 13% utilization.
Instance count before 871, after 871
Pin count before 1749, after 1749
write_db ./results/sky130hd/exp_fixed_point/base/3_4_place_resized.odb
Log                        Elapsed/s Peak Memory/MB  sha1sum .odb [0:20)
3_4_place_resized                  0            137 3f25dc97322d9bb07cc7
/home/kyash/OpenROAD-flow-scripts-master/flow/scripts/flow.sh 3_5_place_dp detail_place
Running detail_place.tcl, stage 3_5_place_dp
read_liberty /home/kyash/OpenROAD-flow-scripts-master/flow/platforms/sky130hd/lib/sky130_fd_sc_hd__tt_025C_1v80.lib
read_db ./results/sky130hd/exp_fixed_point/base/3_4_place_resized.odb
read_sdc ./results/sky130hd/exp_fixed_point/base/2_floorplan.sdc
source /home/kyash/OpenROAD-flow-scripts-master/flow/platforms/sky130hd/setRC.tcl
[INFO DPL-0005] Max displacement: +/- 500 sites horizontally, +/- 100 rows vertically.
Movements Summary
---------------------------------------
Total cells:                     469
Diamond Move Success:            469 (100.00%)
Diamond Move Failure:              0
Rip-up and replace Success:        0 (  0.00% of diamond failures)
Rip-up and replace Failure:        0
Total Placement Failures:          0
---------------------------------------
Placement Analysis
---------------------------------
total displacement        596.1 u
average displacement        0.7 u
max displacement            4.2 u
original HPWL           11580.3 u
legalized HPWL          11864.5 u
delta HPWL                    2 %

Detailed placement improvement.
[INFO DPL-0401] Setting random seed to 1.
[INFO DPL-0402] Setting maximum displacement 5 1 to 13600 2720 units.
[INFO DPL-0320] Collected 429 fixed cells.
[INFO DPL-0318] Collected 469 single height cells.
[INFO DPL-0321] Collected 0 wide cells.
[INFO DPL-0322] Image (30360, 32640) - (209760, 209440)
[INFO DPL-0310] Assigned 469 cells into segments.  Movement in X-direction is 0.000000, movement in Y-direction is 0.000000.
[INFO DPL-0313] Found 0 cells in wrong regions.
[INFO DPL-0315] Found 0 row alignment problems.
[INFO DPL-0314] Found 0 site alignment problems.
[INFO DPL-0311] Found 0 overlaps between adjacent cells.
[INFO DPL-0312] Found 0 edge spacing violations and 0 padding violations.
[INFO DPL-0303] Running algorithm for independent set matching.
[INFO DPL-0300] Set matching objective is wirelength.
[INFO DPL-0301] Pass   1 of matching; objective is 1.187402e+07.
[INFO DPL-0302] End of matching; objective is 1.187402e+07, improvement is 0.00 percent.
[INFO DPL-0303] Running algorithm for global swaps.
[INFO DPL-0306] Pass   1 of global swaps; hpwl is 1.155070e+07.
[INFO DPL-0306] Pass   2 of global swaps; hpwl is 1.144004e+07.
[INFO DPL-0307] End of global swaps; objective is 1.144004e+07, improvement is 3.65 percent.
[INFO DPL-0303] Running algorithm for vertical swaps.
[INFO DPL-0308] Pass   1 of vertical swaps; hpwl is 1.133430e+07.
[INFO DPL-0309] End of vertical swaps; objective is 1.133430e+07, improvement is 0.92 percent.
[INFO DPL-0303] Running algorithm for reordering.
[INFO DPL-0304] Pass   1 of reordering; objective is 1.132946e+07.
[INFO DPL-0305] End of reordering; objective is 1.132946e+07, improvement is 0.04 percent.
[INFO DPL-0303] Running algorithm for random improvement.
[INFO DPL-0324] Random improver is using random generator.
[INFO DPL-0325] Random improver is using hpwl objective.
[INFO DPL-0326] Random improver cost string is (a).
[INFO DPL-0332] End of pass, Generator random called 9380 times.
[INFO DPL-0335] Generator random, Cumulative attempts 9380, swaps 646, moves  4094 since last reset.
[INFO DPL-0333] End of pass, Objective hpwl, Initial cost 1.132946e+07, Scratch cost 1.094231e+07, Incremental cost 1.094231e+07, Mismatch? N
[INFO DPL-0338] End of pass, Total cost is 1.094231e+07.
[INFO DPL-0327] Pass   1 of random improver; improvement in cost is 3.42 percent.
[INFO DPL-0332] End of pass, Generator random called 9380 times.
[INFO DPL-0335] Generator random, Cumulative attempts 18760, swaps 1240, moves  8117 since last reset.
[INFO DPL-0333] End of pass, Objective hpwl, Initial cost 1.094231e+07, Scratch cost 1.073438e+07, Incremental cost 1.073438e+07, Mismatch? N
[INFO DPL-0338] End of pass, Total cost is 1.073438e+07.
[INFO DPL-0327] Pass   2 of random improver; improvement in cost is 1.90 percent.
[INFO DPL-0332] End of pass, Generator random called 9380 times.
[INFO DPL-0335] Generator random, Cumulative attempts 28140, swaps 1923, moves 11880 since last reset.
[INFO DPL-0333] End of pass, Objective hpwl, Initial cost 1.073438e+07, Scratch cost 1.062143e+07, Incremental cost 1.062143e+07, Mismatch? N
[INFO DPL-0338] End of pass, Total cost is 1.062143e+07.
[INFO DPL-0327] Pass   3 of random improver; improvement in cost is 1.05 percent.
[INFO DPL-0332] End of pass, Generator random called 9380 times.
[INFO DPL-0335] Generator random, Cumulative attempts 37520, swaps 2531, moves 15579 since last reset.
[INFO DPL-0333] End of pass, Objective hpwl, Initial cost 1.062143e+07, Scratch cost 1.051280e+07, Incremental cost 1.051280e+07, Mismatch? N
[INFO DPL-0338] End of pass, Total cost is 1.051280e+07.
[INFO DPL-0327] Pass   4 of random improver; improvement in cost is 1.02 percent.
[INFO DPL-0332] End of pass, Generator random called 9380 times.
[INFO DPL-0335] Generator random, Cumulative attempts 46900, swaps 3130, moves 19425 since last reset.
[INFO DPL-0333] End of pass, Objective hpwl, Initial cost 1.051280e+07, Scratch cost 1.044160e+07, Incremental cost 1.044160e+07, Mismatch? N
[INFO DPL-0338] End of pass, Total cost is 1.044160e+07.
[INFO DPL-0327] Pass   5 of random improver; improvement in cost is 0.68 percent.
[INFO DPL-0328] End of random improver; improvement is 7.836703 percent.
[INFO DPL-0380] Cell flipping.
[INFO DPL-0382] Changed 0 cell orientations for row compatibility.
[INFO DPL-0383] Performed 129 cell flips.
[INFO DPL-0384] End of flipping; objective is 1.025274e+07, improvement is 1.81 percent.
[INFO DPL-0313] Found 0 cells in wrong regions.
[INFO DPL-0315] Found 0 row alignment problems.
[INFO DPL-0314] Found 0 site alignment problems.
[INFO DPL-0311] Found 0 overlaps between adjacent cells.
[INFO DPL-0312] Found 0 edge spacing violations and 0 padding violations.
Detailed Improvement Results
------------------------------------------
Original HPWL            11864.5 u (    5890.5,     5973.9)
Final HPWL               10254.2 u (    4704.4,     5549.8)
Delta HPWL                 -13.6 % (     -20.1,       -7.1)

[INFO DPL-0020] Mirrored 31 instances
[INFO DPL-0021] HPWL before           10254.2 u
[INFO DPL-0022] HPWL after            10252.0 u
[INFO DPL-0023] HPWL delta               -0.0 %
[INFO FLW-0012] Placement violations .
estimate_parasitics -placement
Report metrics stage 3, detailed place...

==========================================================================
detailed place report_design_area
--------------------------------------------------------------------------
Design area 4269 um^2 13% utilization.
write_db ./results/sky130hd/exp_fixed_point/base/3_5_place_dp.odb
Log                        Elapsed/s Peak Memory/MB  sha1sum .odb [0:20)
3_5_place_dp                       0            124 e5b2cb6348b9bcee36e9
cp ./results/sky130hd/exp_fixed_point/base/3_5_place_dp.odb ./results/sky130hd/exp_fixed_point/base/3_place.odb
cp ./results/sky130hd/exp_fixed_point/base/2_floorplan.sdc ./results/sky130hd/exp_fixed_point/base/3_place.sdc
/home/kyash/OpenROAD-flow-scripts-master/flow/scripts/flow.sh 4_1_cts cts
Running cts.tcl, stage 4_1_cts
read_liberty /home/kyash/OpenROAD-flow-scripts-master/flow/platforms/sky130hd/lib/sky130_fd_sc_hd__tt_025C_1v80.lib
read_db ./results/sky130hd/exp_fixed_point/base/3_place.odb
read_sdc ./results/sky130hd/exp_fixed_point/base/3_place.sdc
source /home/kyash/OpenROAD-flow-scripts-master/flow/platforms/sky130hd/setRC.tcl
clock_tree_synthesis -sink_clustering_enable -repair_clock_nets
[INFO CTS-0050] Root buffer is sky130_fd_sc_hd__clkbuf_16.
[INFO CTS-0051] Sink buffer is sky130_fd_sc_hd__clkbuf_16.
[INFO CTS-0052] The following clock buffers will be used for CTS:
                    sky130_fd_sc_hd__clkbuf_16
[INFO CTS-0049] Characterization buffer is sky130_fd_sc_hd__clkbuf_16.
[INFO CTS-0007] Net "clk" found for clock "clk".
[INFO CTS-0010]  Clock net "clk" has 41 sinks.
[INFO CTS-0008] TritonCTS found 1 clock nets.
[INFO CTS-0097] Characterization used 1 buffer(s) types.
[INFO CTS-0201] 0 blockages from hard placement blockages and placed macros will be used.
[INFO CTS-0027] Generating H-Tree topology for net clk.
[INFO CTS-0028]  Total number of sinks: 41.
[INFO CTS-0090]  Sinks will be clustered based on buffer max cap.
[INFO CTS-0030]  Number of static layers: 0.
[INFO CTS-0020]  Wire segment unit: 13600  dbu (13 um).
[INFO CTS-0023]  Original sink region: [(109675, 36780), (203515, 148180)].
[INFO CTS-0024]  Normalized sink region: [(8.06434, 2.70441), (14.9643, 10.8956)].
[INFO CTS-0025]     Width:  6.9000.
[INFO CTS-0026]     Height: 8.1912.
 Level 1
    Direction: Vertical
    Sinks per sub-region: 21
    Sub-region size: 6.9000 X 4.0956
[INFO CTS-0034]     Segment length (rounded): 2.
 Level 2
    Direction: Horizontal
    Sinks per sub-region: 11
    Sub-region size: 3.4500 X 4.0956
[INFO CTS-0034]     Segment length (rounded): 1.
[INFO CTS-0032]  Stop criterion found. Max number of sinks is 15.
[INFO CTS-0035]  Number of sinks covered: 41.
[INFO CTS-0018]     Created 5 clock buffers.
[INFO CTS-0012]     Minimum number of buffers in the clock path: 2.
[INFO CTS-0013]     Maximum number of buffers in the clock path: 2.
[INFO CTS-0015]     Created 5 clock nets.
[INFO CTS-0016]     Fanout distribution for the current clock = 8:1, 10:2, 13:1..
[INFO CTS-0017]     Max level of the clock tree: 2.
[INFO CTS-0098] Clock net "clk"
[INFO CTS-0099]  Sinks 44
[INFO CTS-0100]  Leaf buffers 0
[INFO CTS-0101]  Average sink wire length 164.21 um
[INFO CTS-0102]  Path depth 2 - 2
[INFO CTS-0207]  Dummy loads inserted 3
estimate_parasitics -placement
[INFO DPL-0005] Max displacement: +/- 500 sites horizontally, +/- 100 rows vertically.
Movements Summary
---------------------------------------
Total cells:                     477
Diamond Move Success:            477 (100.00%)
Diamond Move Failure:              0
Rip-up and replace Success:        0 (  0.00% of diamond failures)
Rip-up and replace Failure:        0
Total Placement Failures:          0
---------------------------------------
Placement Analysis
---------------------------------
total displacement         48.6 u
average displacement        0.1 u
max displacement            5.4 u
original HPWL           10537.6 u
legalized HPWL          10756.3 u
delta HPWL                    2 %

estimate_parasitics -placement
repair_timing -setup_margin 0 -hold_margin 0 -repair_tns 100 -match_cell_footprint -verbose
[INFO RSZ-0100] Repair move sequence: UnbufferMove SizeUpMove SwapPinsMove BufferMove CloneMove SplitLoadMove 
[INFO RSZ-0098] No setup violations found
[INFO RSZ-0033] No hold violations found.
[INFO DPL-0005] Max displacement: +/- 500 sites horizontally, +/- 100 rows vertically.
Movements Summary
---------------------------------------
Total cells:                     477
Diamond Move Success:            477 (100.00%)
Diamond Move Failure:              0
Rip-up and replace Success:        0 (  0.00% of diamond failures)
Rip-up and replace Failure:        0
Total Placement Failures:          0
---------------------------------------
Placement Analysis
---------------------------------
total displacement          0.0 u
average displacement        0.0 u
max displacement            0.0 u
original HPWL           10756.3 u
legalized HPWL          10756.3 u
delta HPWL                    0 %

Report metrics stage 4, cts final...

==========================================================================
cts final report_design_area
--------------------------------------------------------------------------
Design area 4412 um^2 14% utilization.
write_db ./results/sky130hd/exp_fixed_point/base/4_1_cts.odb
write_sdc -no_timestamp ./results/sky130hd/exp_fixed_point/base/4_cts.sdc
Log                        Elapsed/s Peak Memory/MB  sha1sum .odb [0:20)
4_1_cts                            0            148 e5ec92b177616e10b6f7
cp ./results/sky130hd/exp_fixed_point/base/4_1_cts.odb ./results/sky130hd/exp_fixed_point/base/4_cts.odb
/home/kyash/OpenROAD-flow-scripts-master/flow/scripts/flow.sh 5_1_grt global_route
Running global_route.tcl, stage 5_1_grt
read_liberty /home/kyash/OpenROAD-flow-scripts-master/flow/platforms/sky130hd/lib/sky130_fd_sc_hd__tt_025C_1v80.lib
read_db ./results/sky130hd/exp_fixed_point/base/4_cts.odb
read_sdc ./results/sky130hd/exp_fixed_point/base/4_cts.sdc
source /home/kyash/OpenROAD-flow-scripts-master/flow/platforms/sky130hd/setRC.tcl
pin_access
[INFO DRT-0149] Reading tech and libs.
[WARNING DRT-0349] LEF58_ENCLOSURE with no CUTCLASS is not supported. Skipping for layer mcon
[WARNING DRT-0349] LEF58_ENCLOSURE with no CUTCLASS is not supported. Skipping for layer mcon
[WARNING DRT-0349] LEF58_ENCLOSURE with no CUTCLASS is not supported. Skipping for layer via
[WARNING DRT-0349] LEF58_ENCLOSURE with no CUTCLASS is not supported. Skipping for layer via
[WARNING DRT-0349] LEF58_ENCLOSURE with no CUTCLASS is not supported. Skipping for layer via2
[WARNING DRT-0349] LEF58_ENCLOSURE with no CUTCLASS is not supported. Skipping for layer via2
[WARNING DRT-0349] LEF58_ENCLOSURE with no CUTCLASS is not supported. Skipping for layer via3
[WARNING DRT-0349] LEF58_ENCLOSURE with no CUTCLASS is not supported. Skipping for layer via3
[WARNING DRT-0349] LEF58_ENCLOSURE with no CUTCLASS is not supported. Skipping for layer via4
[WARNING DRT-0349] LEF58_ENCLOSURE with no CUTCLASS is not supported. Skipping for layer via4

Units:                1000
Number of layers:     13
Number of macros:     441
Number of vias:       29
Number of viarulegen: 25

[INFO DRT-0150] Reading design.

Design:                   exp_fixed_point
Die area:                 ( 0 0 ) ( 240000 240000 )
Number of track patterns: 12
Number of DEF vias:       0
Number of components:     879
Number of terminals:      29
Number of snets:          2
Number of nets:           496

[INFO DRT-0167] List of default vias:
  Layer via
    default via: M1M2_PR
  Layer via2
    default via: M2M3_PR
  Layer via3
    default via: M3M4_PR
  Layer via4
    default via: M4M5_PR
[INFO DRT-0162] Library cell analysis.
[INFO DRT-0163] Instance analysis.
[INFO DRT-0164] Number of unique instances = 115.
[INFO DRT-0168] Init region query.
[INFO DRT-0024]   Complete FR_MASTERSLICE.
[INFO DRT-0024]   Complete Fr_VIA.
[INFO DRT-0024]   Complete li1.
[INFO DRT-0024]   Complete mcon.
[INFO DRT-0024]   Complete met1.
[INFO DRT-0024]   Complete via.
[INFO DRT-0024]   Complete met2.
[INFO DRT-0024]   Complete via2.
[INFO DRT-0024]   Complete met3.
[INFO DRT-0024]   Complete via3.
[INFO DRT-0024]   Complete met4.
[INFO DRT-0024]   Complete via4.
[INFO DRT-0024]   Complete met5.
[INFO DRT-0033] FR_MASTERSLICE shape region query size = 0.
[INFO DRT-0033] FR_VIA shape region query size = 0.
[INFO DRT-0033] li1 shape region query size = 13573.
[INFO DRT-0033] mcon shape region query size = 7325.
[INFO DRT-0033] met1 shape region query size = 2629.
[INFO DRT-0033] via shape region query size = 2145.
[INFO DRT-0033] met2 shape region query size = 1297.
[INFO DRT-0033] via2 shape region query size = 1716.
[INFO DRT-0033] met3 shape region query size = 1304.
[INFO DRT-0033] via3 shape region query size = 1716.
[INFO DRT-0033] met4 shape region query size = 527.
[INFO DRT-0033] via4 shape region query size = 85.
[INFO DRT-0033] met5 shape region query size = 111.
[INFO DRT-0165] Start pin access.
[INFO DRT-0078]   Complete 924 pins.
[INFO DRT-0079]   Complete 100 unique inst patterns.
[INFO DRT-0081]   Complete 115 unique inst patterns.
[INFO DRT-0084]   Complete 336 groups.
#scanned instances     = 879
#unique  instances     = 115
#stdCellGenAp          = 3671
#stdCellValidPlanarAp  = 14
#stdCellValidViaAp     = 2870
#stdCellPinNoAp        = 0
#stdCellPinCnt         = 1756
#instTermValidViaApCnt = 0
#macroGenAp            = 0
#macroValidPlanarAp    = 0
#macroValidViaAp       = 0
#macroNoAp             = 0
[INFO DRT-0166] Complete pin access.
[INFO DRT-0267] cpu time = 00:00:44, elapsed time = 00:00:04, memory = 129.89 (MB), peak = 129.89 (MB)
global_route -congestion_report_file ./reports/sky130hd/exp_fixed_point/base/congestion.rpt -congestion_iterations 30 -congestion_report_iter_step 5 -verbose
[INFO GRT-0020] Min routing layer: met1
[INFO GRT-0021] Max routing layer: met5
[INFO GRT-0022] Global adjustment: 0%
[INFO GRT-0023] Grid origin: (0, 0)
[INFO GRT-0088] Layer li1     Track-Pitch = 0.4600  line-2-Via Pitch: 0.3400
[INFO GRT-0088] Layer met1    Track-Pitch = 0.3400  line-2-Via Pitch: 0.3400
[INFO GRT-0088] Layer met2    Track-Pitch = 0.4600  line-2-Via Pitch: 0.3500
[INFO GRT-0088] Layer met3    Track-Pitch = 0.6800  line-2-Via Pitch: 0.6150
[INFO GRT-0088] Layer met4    Track-Pitch = 0.9200  line-2-Via Pitch: 1.0400
[INFO GRT-0088] Layer met5    Track-Pitch = 3.4000  line-2-Via Pitch: 3.1100
[INFO GRT-0003] Macros: 0
[INFO GRT-0004] Blockages: 619
[INFO GRT-0019] Found 6 clock nets.
[INFO GRT-0001] Minimum degree: 2
[INFO GRT-0002] Maximum degree: 81

[INFO GRT-0053] Routing resources analysis:
          Routing      Original      Derated      Resource
Layer     Direction    Resources     Resources    Reduction (%)
---------------------------------------------------------------
li1        Vertical            0             0          0.00%
met1       Horizontal      19640         15327          21.96%
met2       Vertical        15796         12331          21.94%
met3       Horizontal      11194          8764          21.71%
met4       Vertical         7816          5831          25.40%
met5       Horizontal       1972          1188          39.76%
---------------------------------------------------------------

[INFO GRT-0101] Running extra iterations to remove overflow.
[INFO GRT-0102] Start extra iteration 1/30
[INFO GRT-0102] Start extra iteration 2/30
[INFO GRT-0102] Start extra iteration 3/30
[INFO GRT-0197] Via related to pin nodes: 2902
[INFO GRT-0198] Via related Steiner nodes: 77
[INFO GRT-0199] Via filling finished.
[INFO GRT-0111] Final number of vias: 3613
[INFO GRT-0112] Final usage 3D: 12854

[INFO GRT-0096] Final congestion report:
Layer         Resource        Demand        Usage (%)    Max H / Max V / Total Overflow
---------------------------------------------------------------------------------------
li1                  0             0            0.00%             0 /  0 /  0
met1             15327           998            6.51%             0 /  0 /  0
met2             12331           929            7.53%             0 /  0 /  0
met3              8764            54            0.62%             0 /  0 /  0
met4              5831            34            0.58%             0 /  0 /  0
met5              1188             0            0.00%             0 /  0 /  0
---------------------------------------------------------------------------------------
Total            43441          2015            4.64%             0 /  0 /  0

[INFO GRT-0018] Total wirelength: 22742 um
[INFO GRT-0014] Routed nets: 487
[INFO GRT-0303] Global routing runtime = 00:00:00
estimate_parasitics -global_routing
Perform buffer insertion and gate resizing...
repair_design -verbose
Iteration |   Area    | Resized | Buffers | Nets repaired | Remaining
---------------------------------------------------------------------
        0 |     +0.0% |       0 |       0 |             0 |       505
       10 |     +0.0% |       0 |       0 |             0 |       495
       20 |     +0.0% |       0 |       0 |             0 |       485
       30 |     +0.0% |       0 |       0 |             0 |       475
       40 |     +0.0% |       0 |       0 |             0 |       465
       50 |     +0.0% |       0 |       0 |             0 |       455
       60 |     +0.0% |       0 |       0 |             0 |       445
       70 |     +0.0% |       0 |       0 |             0 |       435
       80 |     +0.0% |       0 |       0 |             0 |       425
       90 |     +0.0% |       0 |       0 |             0 |       415
      100 |     +0.0% |       0 |       0 |             0 |       405
      110 |     +0.0% |       0 |       0 |             0 |       395
      120 |     +0.0% |       0 |       0 |             0 |       385
      130 |     +0.0% |       0 |       0 |             0 |       375
      140 |     +0.0% |       0 |       0 |             0 |       365
      150 |     +0.0% |       0 |       0 |             0 |       355
      160 |     +0.0% |       0 |       0 |             0 |       345
      170 |     +0.0% |       0 |       0 |             0 |       335
      180 |     +0.0% |       0 |       0 |             0 |       325
      190 |     +0.0% |       0 |       0 |             0 |       315
[WARNING RSZ-0104] Net _448_ only has one pin. Check if it is intended to be dangling.
[WARNING RSZ-0104] Net _447_ only has one pin. Check if it is intended to be dangling.
      200 |     +0.0% |       0 |       0 |             0 |       305
      210 |     +0.0% |       0 |       0 |             0 |       295
      220 |     +0.0% |       0 |       0 |             0 |       285
      230 |     +0.0% |       0 |       0 |             0 |       275
      240 |     +0.0% |       0 |       0 |             0 |       265
      250 |     +0.0% |       0 |       0 |             0 |       255
      260 |     +0.0% |       0 |       0 |             0 |       245
      270 |     +0.0% |       0 |       0 |             0 |       235
      280 |     +0.0% |       0 |       0 |             0 |       225
      290 |     +0.0% |       0 |       0 |             0 |       215
[WARNING RSZ-0104] Net _455_ only has one pin. Check if it is intended to be dangling.
      300 |     +0.0% |       0 |       0 |             0 |       205
[WARNING RSZ-0104] Net _454_ only has one pin. Check if it is intended to be dangling.
[WARNING RSZ-0104] Net _453_ only has one pin. Check if it is intended to be dangling.
[WARNING RSZ-0104] Net _452_ only has one pin. Check if it is intended to be dangling.
[WARNING RSZ-0104] Net _451_ only has one pin. Check if it is intended to be dangling.
[WARNING RSZ-0104] Net _450_ only has one pin. Check if it is intended to be dangling.
      310 |     +0.0% |       0 |       0 |             0 |       195
[WARNING RSZ-0104] Net _449_ only has one pin. Check if it is intended to be dangling.
      320 |     +0.0% |       0 |       0 |             0 |       185
      330 |     +0.0% |       0 |       0 |             0 |       175
      340 |     +0.0% |       0 |       0 |             0 |       165
      350 |     +0.0% |       0 |       0 |             0 |       155
      360 |     +0.0% |       0 |       0 |             0 |       145
      370 |     +0.0% |       0 |       0 |             0 |       135
      380 |     +0.0% |       0 |       0 |             0 |       125
      390 |     +0.0% |       0 |       0 |             0 |       115
      400 |     +0.0% |       0 |       0 |             0 |       105
      410 |     +0.0% |       0 |       0 |             0 |        95
      420 |     +0.0% |       0 |       0 |             0 |        85
      430 |     +0.0% |       0 |       0 |             0 |        75
      440 |     +0.0% |       0 |       0 |             0 |        65
      450 |     +0.0% |       0 |       0 |             0 |        55
      460 |     +0.0% |       0 |       0 |             0 |        45
      470 |     +0.0% |       0 |       0 |             0 |        35
      480 |     +0.0% |       0 |       0 |             0 |        25
      490 |     +0.0% |       0 |       0 |             0 |        15
      500 |     +0.0% |       0 |       0 |             0 |         5
    final |     +0.0% |       0 |       0 |             0 |         0
---------------------------------------------------------------------
global_route -start_incremental
detailed_placement
[INFO DPL-0005] Max displacement: +/- 500 sites horizontally, +/- 100 rows vertically.
Movements Summary
---------------------------------------
Total cells:                     477
Diamond Move Success:            477 (100.00%)
Diamond Move Failure:              0
Rip-up and replace Success:        0 (  0.00% of diamond failures)
Rip-up and replace Failure:        0
Total Placement Failures:          0
---------------------------------------
Placement Analysis
---------------------------------
total displacement          0.0 u
average displacement        0.0 u
max displacement            0.0 u
original HPWL           10756.3 u
legalized HPWL          10756.3 u
delta HPWL                    0 %

global_route -end_incremental -congestion_report_file ./reports/sky130hd/exp_fixed_point/base/congestion_post_repair_design.rpt
Repair setup and hold violations...
estimate_parasitics -global_routing
repair_timing -setup_margin 0 -hold_margin 0 -repair_tns 100 -verbose
[INFO RSZ-0100] Repair move sequence: UnbufferMove SizeUpMove SwapPinsMove BufferMove CloneMove SplitLoadMove 
[INFO RSZ-0098] No setup violations found
[INFO RSZ-0033] No hold violations found.
global_route -start_incremental
detailed_placement
[INFO DPL-0005] Max displacement: +/- 500 sites horizontally, +/- 100 rows vertically.
Movements Summary
---------------------------------------
Total cells:                     477
Diamond Move Success:            477 (100.00%)
Diamond Move Failure:              0
Rip-up and replace Success:        0 (  0.00% of diamond failures)
Rip-up and replace Failure:        0
Total Placement Failures:          0
---------------------------------------
Placement Analysis
---------------------------------
total displacement          0.0 u
average displacement        0.0 u
max displacement            0.0 u
original HPWL           10756.3 u
legalized HPWL          10756.3 u
delta HPWL                    0 %

global_route -end_incremental -congestion_report_file ./reports/sky130hd/exp_fixed_point/base/congestion_post_repair_timing.rpt
global_route -start_incremental
global_route -end_incremental -congestion_report_file ./reports/sky130hd/exp_fixed_point/base/congestion_post_recover_power.rpt
Repair antennas...
[INFO GRT-0012] Found 0 antenna violations.
[INFO ANT-0002] Found 0 net violations.
[INFO ANT-0001] Found 0 pin violations.
Estimate parasitics...
estimate_parasitics -global_routing
Report metrics stage 5, global route...

==========================================================================
global route report_design_area
--------------------------------------------------------------------------
Design area 4412 um^2 14% utilization.
[INFO FLW-0007] clock clk period 3.500000
[INFO FLW-0008] Clock clk period 2.622
[INFO FLW-0009] Clock clk slack 0.740
[INFO FLW-0011] Path endpoint path count 63
write_db ./results/sky130hd/exp_fixed_point/base/5_1_grt.odb
write_sdc -no_timestamp ./results/sky130hd/exp_fixed_point/base/5_1_grt.sdc
Log                        Elapsed/s Peak Memory/MB  sha1sum .odb [0:20)
5_1_grt                            5            245 fc8807257dfe8f788fbf
/home/kyash/OpenROAD-flow-scripts-master/flow/scripts/flow.sh 5_2_route detail_route
Running detail_route.tcl, stage 5_2_route
read_liberty /home/kyash/OpenROAD-flow-scripts-master/flow/platforms/sky130hd/lib/sky130_fd_sc_hd__tt_025C_1v80.lib
read_db ./results/sky130hd/exp_fixed_point/base/5_1_grt.odb
read_sdc ./results/sky130hd/exp_fixed_point/base/5_1_grt.sdc
source /home/kyash/OpenROAD-flow-scripts-master/flow/platforms/sky130hd/setRC.tcl
detailed_route -output_drc ./reports/sky130hd/exp_fixed_point/base/5_route_drc.rpt -output_maze ./results/sky130hd/exp_fixed_point/base/maze.log -droute_end_iter 64 -verbose 1 -drc_report_iter_step 5
[INFO DRT-0149] Reading tech and libs.
[WARNING DRT-0349] LEF58_ENCLOSURE with no CUTCLASS is not supported. Skipping for layer mcon
[WARNING DRT-0349] LEF58_ENCLOSURE with no CUTCLASS is not supported. Skipping for layer mcon
[WARNING DRT-0349] LEF58_ENCLOSURE with no CUTCLASS is not supported. Skipping for layer via
[WARNING DRT-0349] LEF58_ENCLOSURE with no CUTCLASS is not supported. Skipping for layer via
[WARNING DRT-0349] LEF58_ENCLOSURE with no CUTCLASS is not supported. Skipping for layer via2
[WARNING DRT-0349] LEF58_ENCLOSURE with no CUTCLASS is not supported. Skipping for layer via2
[WARNING DRT-0349] LEF58_ENCLOSURE with no CUTCLASS is not supported. Skipping for layer via3
[WARNING DRT-0349] LEF58_ENCLOSURE with no CUTCLASS is not supported. Skipping for layer via3
[WARNING DRT-0349] LEF58_ENCLOSURE with no CUTCLASS is not supported. Skipping for layer via4
[WARNING DRT-0349] LEF58_ENCLOSURE with no CUTCLASS is not supported. Skipping for layer via4

Units:                1000
Number of layers:     13
Number of macros:     441
Number of vias:       29
Number of viarulegen: 25

[INFO DRT-0150] Reading design.

Design:                   exp_fixed_point
Die area:                 ( 0 0 ) ( 240000 240000 )
Number of track patterns: 12
Number of DEF vias:       0
Number of components:     879
Number of terminals:      29
Number of snets:          2
Number of nets:           496

[INFO DRT-0167] List of default vias:
  Layer via
    default via: M1M2_PR
  Layer via2
    default via: M2M3_PR
  Layer via3
    default via: M3M4_PR
  Layer via4
    default via: M4M5_PR
[INFO DRT-0162] Library cell analysis.
[INFO DRT-0163] Instance analysis.
[INFO DRT-0164] Number of unique instances = 115.
[INFO DRT-0168] Init region query.
[INFO DRT-0024]   Complete FR_MASTERSLICE.
[INFO DRT-0024]   Complete Fr_VIA.
[INFO DRT-0024]   Complete li1.
[INFO DRT-0024]   Complete mcon.
[INFO DRT-0024]   Complete met1.
[INFO DRT-0024]   Complete via.
[INFO DRT-0024]   Complete met2.
[INFO DRT-0024]   Complete via2.
[INFO DRT-0024]   Complete met3.
[INFO DRT-0024]   Complete via3.
[INFO DRT-0024]   Complete met4.
[INFO DRT-0024]   Complete via4.
[INFO DRT-0024]   Complete met5.
[INFO DRT-0033] FR_MASTERSLICE shape region query size = 0.
[INFO DRT-0033] FR_VIA shape region query size = 0.
[INFO DRT-0033] li1 shape region query size = 13573.
[INFO DRT-0033] mcon shape region query size = 7325.
[INFO DRT-0033] met1 shape region query size = 2629.
[INFO DRT-0033] via shape region query size = 2145.
[INFO DRT-0033] met2 shape region query size = 1297.
[INFO DRT-0033] via2 shape region query size = 1716.
[INFO DRT-0033] met3 shape region query size = 1304.
[INFO DRT-0033] via3 shape region query size = 1716.
[INFO DRT-0033] met4 shape region query size = 527.
[INFO DRT-0033] via4 shape region query size = 85.
[INFO DRT-0033] met5 shape region query size = 111.
[INFO DRT-0165] Start pin access.
[INFO DRT-0078]   Complete 924 pins.
[INFO DRT-0079]   Complete 100 unique inst patterns.
[INFO DRT-0081]   Complete 115 unique inst patterns.
[INFO DRT-0084]   Complete 336 groups.
#scanned instances     = 879
#unique  instances     = 115
#stdCellGenAp          = 3671
#stdCellValidPlanarAp  = 14
#stdCellValidViaAp     = 2870
#stdCellPinNoAp        = 0
#stdCellPinCnt         = 1756
#instTermValidViaApCnt = 0
#macroGenAp            = 0
#macroValidPlanarAp    = 0
#macroValidViaAp       = 0
#macroNoAp             = 0
[INFO DRT-0166] Complete pin access.
[INFO DRT-0267] cpu time = 00:00:44, elapsed time = 00:00:04, memory = 211.46 (MB), peak = 211.46 (MB)

[INFO DRT-0157] Number of guides:     3958

[INFO DRT-0169] Post process guides.
[INFO DRT-0176] GCELLGRID X 0 DO 34 STEP 6900 ;
[INFO DRT-0177] GCELLGRID Y 0 DO 34 STEP 6900 ;
[INFO DRT-0028]   Complete FR_MASTERSLICE.
[INFO DRT-0028]   Complete Fr_VIA.
[INFO DRT-0028]   Complete li1.
[INFO DRT-0028]   Complete mcon.
[INFO DRT-0028]   Complete met1.
[INFO DRT-0028]   Complete via.
[INFO DRT-0028]   Complete met2.
[INFO DRT-0028]   Complete via2.
[INFO DRT-0028]   Complete met3.
[INFO DRT-0028]   Complete via3.
[INFO DRT-0028]   Complete met4.
[INFO DRT-0028]   Complete via4.
[INFO DRT-0028]   Complete met5.
[INFO DRT-0178] Init guide query.
[INFO DRT-0035]   Complete FR_MASTERSLICE (guide).
[INFO DRT-0035]   Complete Fr_VIA (guide).
[INFO DRT-0035]   Complete li1 (guide).
[INFO DRT-0035]   Complete mcon (guide).
[INFO DRT-0035]   Complete met1 (guide).
[INFO DRT-0035]   Complete via (guide).
[INFO DRT-0035]   Complete met2 (guide).
[INFO DRT-0035]   Complete via2 (guide).
[INFO DRT-0035]   Complete met3 (guide).
[INFO DRT-0035]   Complete via3 (guide).
[INFO DRT-0035]   Complete met4 (guide).
[INFO DRT-0035]   Complete via4 (guide).
[INFO DRT-0035]   Complete met5 (guide).
[INFO DRT-0036] FR_MASTERSLICE guide region query size = 0.
[INFO DRT-0036] FR_VIA guide region query size = 0.
[INFO DRT-0036] li1 guide region query size = 1439.
[INFO DRT-0036] mcon guide region query size = 0.
[INFO DRT-0036] met1 guide region query size = 1210.
[INFO DRT-0036] via guide region query size = 0.
[INFO DRT-0036] met2 guide region query size = 593.
[INFO DRT-0036] via2 guide region query size = 0.
[INFO DRT-0036] met3 guide region query size = 37.
[INFO DRT-0036] via3 guide region query size = 0.
[INFO DRT-0036] met4 guide region query size = 11.
[INFO DRT-0036] via4 guide region query size = 0.
[INFO DRT-0036] met5 guide region query size = 0.
[INFO DRT-0179] Init gr pin query.
[INFO DRT-0267] cpu time = 00:00:00, elapsed time = 00:00:00, memory = 211.96 (MB), peak = 211.96 (MB)
[INFO DRT-0245] skipped writing guide updates to database.
[INFO DRT-0181] Start track assignment.
[INFO DRT-0184] Done with 2043 vertical wires in 1 frboxes and 1247 horizontal wires in 1 frboxes.
[INFO DRT-0186] Done with 241 vertical wires in 1 frboxes and 402 horizontal wires in 1 frboxes.
[INFO DRT-0182] Complete track assignment.
[INFO DRT-0267] cpu time = 00:00:00, elapsed time = 00:00:00, memory = 217.21 (MB), peak = 217.21 (MB)
[INFO DRT-0187] Start routing data preparation.
[INFO DRT-0267] cpu time = 00:00:00, elapsed time = 00:00:00, memory = 217.46 (MB), peak = 217.46 (MB)
[INFO DRT-0194] Start detail routing.
[INFO DRT-0195] Start 0th optimization iteration.
    Completing 10% with 0 violations.
    elapsed time = 00:00:00, memory = 217.71 (MB).
    Completing 20% with 0 violations.
    elapsed time = 00:00:00, memory = 217.84 (MB).
    Completing 30% with 0 violations.
    elapsed time = 00:00:00, memory = 248.36 (MB).
    Completing 40% with 74 violations.
    elapsed time = 00:00:01, memory = 237.34 (MB).
    Completing 50% with 74 violations.
    elapsed time = 00:00:01, memory = 284.84 (MB).
    Completing 60% with 74 violations.
    elapsed time = 00:00:05, memory = 295.36 (MB).
    Completing 70% with 152 violations.
    elapsed time = 00:00:05, memory = 295.61 (MB).
    Completing 80% with 152 violations.
    elapsed time = 00:00:05, memory = 336.86 (MB).
    Completing 90% with 258 violations.
    elapsed time = 00:00:08, memory = 350.73 (MB).
    Completing 100% with 330 violations.
    elapsed time = 00:00:11, memory = 368.82 (MB).
[INFO DRT-0199]   Number of violations = 400.
Viol/Layer         li1   met1   met2   met3
Metal Spacing        0     67      6      2
Recheck              1     49     20      0
Short                0    239     16      0
[INFO DRT-0267] cpu time = 00:00:13, elapsed time = 00:00:11, memory = 731.20 (MB), peak = 731.20 (MB)
Total wire length = 14625 um.
Total wire length on LAYER li1 = 0 um.
Total wire length on LAYER met1 = 7430 um.
Total wire length on LAYER met2 = 6647 um.
Total wire length on LAYER met3 = 334 um.
Total wire length on LAYER met4 = 213 um.
Total wire length on LAYER met5 = 0 um.
Total number of vias = 3617.
Up-via summary (total 3617):

-----------------------
 FR_MASTERSLICE       0
            li1    1772
           met1    1782
           met2      43
           met3      20
           met4       0
-----------------------
               3617


[INFO DRT-0195] Start 1st optimization iteration.
    Completing 10% with 400 violations.
    elapsed time = 00:00:00, memory = 731.20 (MB).
    Completing 20% with 400 violations.
    elapsed time = 00:00:00, memory = 774.95 (MB).
    Completing 30% with 377 violations.
    elapsed time = 00:00:01, memory = 781.07 (MB).
    Completing 40% with 377 violations.
    elapsed time = 00:00:01, memory = 802.82 (MB).
    Completing 50% with 377 violations.
    elapsed time = 00:00:01, memory = 811.07 (MB).
    Completing 60% with 367 violations.
    elapsed time = 00:00:01, memory = 811.07 (MB).
    Completing 70% with 367 violations.
    elapsed time = 00:00:00, memory = 818.32 (MB).
    Completing 80% with 266 violations.
    elapsed time = 00:00:06, memory = 839.48 (MB).
    Completing 90% with 266 violations.
    elapsed time = 00:00:06, memory = 848.11 (MB).
    Completing 100% with 201 violations.
    elapsed time = 00:00:10, memory = 856.76 (MB).
[INFO DRT-0199]   Number of violations = 201.
Viol/Layer        met1   met2
Metal Spacing       32      3
Short              161      5
[INFO DRT-0267] cpu time = 00:00:13, elapsed time = 00:00:10, memory = 857.76 (MB), peak = 890.23 (MB)
Total wire length = 14450 um.
Total wire length on LAYER li1 = 0 um.
Total wire length on LAYER met1 = 7357 um.
Total wire length on LAYER met2 = 6556 um.
Total wire length on LAYER met3 = 363 um.
Total wire length on LAYER met4 = 172 um.
Total wire length on LAYER met5 = 0 um.
Total number of vias = 3594.
Up-via summary (total 3594):

-----------------------
 FR_MASTERSLICE       0
            li1    1773
           met1    1758
           met2      50
           met3      13
           met4       0
-----------------------
               3594


[INFO DRT-0195] Start 2nd optimization iteration.
    Completing 10% with 201 violations.
    elapsed time = 00:00:00, memory = 857.76 (MB).
    Completing 20% with 201 violations.
    elapsed time = 00:00:00, memory = 857.76 (MB).
    Completing 30% with 209 violations.
    elapsed time = 00:00:01, memory = 875.39 (MB).
    Completing 40% with 209 violations.
    elapsed time = 00:00:01, memory = 875.39 (MB).
    Completing 50% with 209 violations.
    elapsed time = 00:00:01, memory = 890.26 (MB).
    Completing 60% with 228 violations.
    elapsed time = 00:00:01, memory = 890.26 (MB).
    Completing 70% with 228 violations.
    elapsed time = 00:00:01, memory = 890.26 (MB).
    Completing 80% with 224 violations.
    elapsed time = 00:00:09, memory = 900.57 (MB).
    Completing 90% with 224 violations.
    elapsed time = 00:00:09, memory = 900.57 (MB).
    Completing 100% with 227 violations.
    elapsed time = 00:00:11, memory = 922.07 (MB).
[INFO DRT-0199]   Number of violations = 227.
Viol/Layer        mcon   met1   met2
Cut Spacing          1      0      0
Metal Spacing        0     32      2
Short                0    183      9
[INFO DRT-0267] cpu time = 00:00:13, elapsed time = 00:00:11, memory = 922.20 (MB), peak = 940.64 (MB)
Total wire length = 14488 um.
Total wire length on LAYER li1 = 0 um.
Total wire length on LAYER met1 = 7312 um.
Total wire length on LAYER met2 = 6639 um.
Total wire length on LAYER met3 = 374 um.
Total wire length on LAYER met4 = 162 um.
Total wire length on LAYER met5 = 0 um.
Total number of vias = 3641.
Up-via summary (total 3641):

-----------------------
 FR_MASTERSLICE       0
            li1    1770
           met1    1810
           met2      48
           met3      13
           met4       0
-----------------------
               3641


[INFO DRT-0195] Start 3rd optimization iteration.
    Completing 10% with 227 violations.
    elapsed time = 00:00:00, memory = 922.20 (MB).
    Completing 20% with 227 violations.
    elapsed time = 00:00:00, memory = 922.20 (MB).
    Completing 30% with 227 violations.
    elapsed time = 00:00:00, memory = 930.20 (MB).
    Completing 40% with 185 violations.
    elapsed time = 00:00:01, memory = 941.45 (MB).
    Completing 50% with 185 violations.
    elapsed time = 00:00:01, memory = 941.45 (MB).
    Completing 60% with 185 violations.
    elapsed time = 00:00:08, memory = 972.05 (MB).
    Completing 70% with 136 violations.
    elapsed time = 00:00:08, memory = 972.05 (MB).
    Completing 80% with 136 violations.
    elapsed time = 00:00:08, memory = 986.93 (MB).
    Completing 90% with 88 violations.
    elapsed time = 00:00:12, memory = 1001.00 (MB).
    Completing 100% with 24 violations.
    elapsed time = 00:00:14, memory = 1015.49 (MB).
[INFO DRT-0199]   Number of violations = 24.
Viol/Layer        met1
Metal Spacing       10
Short               14
[INFO DRT-0267] cpu time = 00:00:17, elapsed time = 00:00:14, memory = 1015.49 (MB), peak = 1023.87 (MB)
Total wire length = 14473 um.
Total wire length on LAYER li1 = 0 um.
Total wire length on LAYER met1 = 6852 um.
Total wire length on LAYER met2 = 6634 um.
Total wire length on LAYER met3 = 757 um.
Total wire length on LAYER met4 = 228 um.
Total wire length on LAYER met5 = 0 um.
Total number of vias = 3763.
Up-via summary (total 3763):

-----------------------
 FR_MASTERSLICE       0
            li1    1768
           met1    1819
           met2     155
           met3      21
           met4       0
-----------------------
               3763


[INFO DRT-0195] Start 4th guides tiles iteration.
    Completing 10% with 24 violations.
    elapsed time = 00:00:00, memory = 1017.86 (MB).
    Completing 20% with 24 violations.
    elapsed time = 00:00:00, memory = 1017.86 (MB).
    Completing 30% with 24 violations.
    elapsed time = 00:00:00, memory = 1017.86 (MB).
    Completing 50% with 24 violations.
    elapsed time = 00:00:00, memory = 1017.86 (MB).
    Completing 60% with 24 violations.
    elapsed time = 00:00:00, memory = 1017.86 (MB).
    Completing 70% with 4 violations.
    elapsed time = 00:00:00, memory = 1017.86 (MB).
    Completing 80% with 4 violations.
    elapsed time = 00:00:00, memory = 1017.86 (MB).
    Completing 100% with 0 violations.
    elapsed time = 00:00:00, memory = 1057.24 (MB).
[INFO DRT-0199]   Number of violations = 0.
[INFO DRT-0267] cpu time = 00:00:01, elapsed time = 00:00:00, memory = 1057.24 (MB), peak = 1057.24 (MB)
Total wire length = 14485 um.
Total wire length on LAYER li1 = 0 um.
Total wire length on LAYER met1 = 6843 um.
Total wire length on LAYER met2 = 6635 um.
Total wire length on LAYER met3 = 775 um.
Total wire length on LAYER met4 = 230 um.
Total wire length on LAYER met5 = 0 um.
Total number of vias = 3775.
Up-via summary (total 3775):

-----------------------
 FR_MASTERSLICE       0
            li1    1769
           met1    1821
           met2     163
           met3      22
           met4       0
-----------------------
               3775


[INFO DRT-0198] Complete detail routing.
Total wire length = 14485 um.
Total wire length on LAYER li1 = 0 um.
Total wire length on LAYER met1 = 6843 um.
Total wire length on LAYER met2 = 6635 um.
Total wire length on LAYER met3 = 775 um.
Total wire length on LAYER met4 = 230 um.
Total wire length on LAYER met5 = 0 um.
Total number of vias = 3775.
Up-via summary (total 3775):

-----------------------
 FR_MASTERSLICE       0
            li1    1769
           met1    1821
           met2     163
           met3      22
           met4       0
-----------------------
               3775


[INFO DRT-0267] cpu time = 00:00:58, elapsed time = 00:00:48, memory = 1057.36 (MB), peak = 1057.36 (MB)

[INFO DRT-0180] Post processing.
Took 53 seconds: detailed_route -output_drc ./reports/sky130hd/exp_fixed_point/base/5_route_drc.rpt -output_maze ./results/sky130hd/exp_fixed_point/base/maze.log -droute_end_iter 64 -verbose 1 -drc_report_iter_step 5
[INFO GRT-0012] Found 0 antenna violations.
[INFO ANT-0002] Found 0 net violations.
[INFO ANT-0001] Found 0 pin violations.
[INFO ANT-0002] Found 0 net violations.
[INFO ANT-0001] Found 0 pin violations.
Design area 4412 um^2 14% utilization.
write_db ./results/sky130hd/exp_fixed_point/base/5_2_route.odb
Log                        Elapsed/s Peak Memory/MB  sha1sum .odb [0:20)
5_2_route                         56           1057 9b26b14034e296806c6e
/home/kyash/OpenROAD-flow-scripts-master/flow/scripts/flow.sh 5_3_fillcell fillcell
Running fillcell.tcl, stage 5_3_fillcell
read_liberty /home/kyash/OpenROAD-flow-scripts-master/flow/platforms/sky130hd/lib/sky130_fd_sc_hd__tt_025C_1v80.lib
read_db ./results/sky130hd/exp_fixed_point/base/5_2_route.odb
read_sdc ./results/sky130hd/exp_fixed_point/base/5_1_grt.sdc
source /home/kyash/OpenROAD-flow-scripts-master/flow/platforms/sky130hd/setRC.tcl
filler_placement "sky130_fd_sc_hd__fill_1 sky130_fd_sc_hd__fill_2 sky130_fd_sc_hd__fill_4 sky130_fd_sc_hd__fill_8"
[INFO DPL-0001] Placed 3652 filler instances.
Design area 4412 um^2 14% utilization.
write_db ./results/sky130hd/exp_fixed_point/base/5_3_fillcell.odb
Log                        Elapsed/s Peak Memory/MB  sha1sum .odb [0:20)
5_3_fillcell                       0            123 af3308ab1c5ebbadbe2e
cp ./results/sky130hd/exp_fixed_point/base/5_3_fillcell.odb ./results/sky130hd/exp_fixed_point/base/5_route.odb
cp ./results/sky130hd/exp_fixed_point/base/5_1_grt.sdc ./results/sky130hd/exp_fixed_point/base/5_route.sdc
/home/kyash/OpenROAD-flow-scripts-master/flow/scripts/flow.sh 6_1_fill density_fill
Running density_fill.tcl, stage 6_1_fill
read_liberty /home/kyash/OpenROAD-flow-scripts-master/flow/platforms/sky130hd/lib/sky130_fd_sc_hd__tt_025C_1v80.lib
read_db ./results/sky130hd/exp_fixed_point/base/5_route.odb
read_sdc ./results/sky130hd/exp_fixed_point/base/5_route.sdc
source /home/kyash/OpenROAD-flow-scripts-master/flow/platforms/sky130hd/setRC.tcl
exec cp ./results/sky130hd/exp_fixed_point/base/5_route.odb ./results/sky130hd/exp_fixed_point/base/6_1_fill.odb
Log                        Elapsed/s Peak Memory/MB  sha1sum .odb [0:20)
6_1_fill                           0            118 af3308ab1c5ebbadbe2e
cp ./results/sky130hd/exp_fixed_point/base/5_route.sdc ./results/sky130hd/exp_fixed_point/base/6_1_fill.sdc
/home/kyash/OpenROAD-flow-scripts-master/flow/scripts/flow.sh 6_report final_report
Running final_report.tcl, stage 6_report
read_liberty /home/kyash/OpenROAD-flow-scripts-master/flow/platforms/sky130hd/lib/sky130_fd_sc_hd__tt_025C_1v80.lib
read_db ./results/sky130hd/exp_fixed_point/base/6_1_fill.odb
read_sdc ./results/sky130hd/exp_fixed_point/base/6_1_fill.sdc
source /home/kyash/OpenROAD-flow-scripts-master/flow/platforms/sky130hd/setRC.tcl
write_db ./results/sky130hd/exp_fixed_point/base/6_final.odb
Deleted 0 routing obstructions
Warning: master sky130_ef_sc_hd__decap_12 has signal pins but no liberty cell
[INFO RCX-0431] Defined process_corner X with ext_model_index 0
[INFO RCX-0029] Defined extraction corner X
[INFO RCX-0435] Reading extraction model file /home/kyash/OpenROAD-flow-scripts-master/flow/platforms/sky130hd/rcx_patterns.rules ...
[INFO RCX-0436] RC segment generation exp_fixed_point (max_merge_res 50.0) ...
[INFO RCX-0040] Final 2170 rc segments
[INFO RCX-0439] Coupling Cap extraction exp_fixed_point ...
[INFO RCX-0440] Coupling threshhold is 0.1000 fF, coupling capacitance less than 0.1000 fF will be grounded.
[INFO RCX-0442] 60% of 4821 wires extracted
[INFO RCX-0442] 100% of 4821 wires extracted
[INFO RCX-0045] Extract 496 nets, 2657 rsegs, 2657 caps, 4397 ccs
[INFO RCX-0443] 496 nets finished
[INFO PSM-0040] All shapes on net VDD are connected.
########## IR report #################
Net              : VDD
Corner           : default
Total power      : 1.40e-03 W
Supply voltage   : 1.80e+00 V
Worstcase voltage: 1.80e+00 V
Average voltage  : 1.80e+00 V
Average IR drop  : 9.88e-06 V
Worstcase IR drop: 1.37e-04 V
Percentage drop  : 0.01 %
######################################
[INFO PSM-0040] All shapes on net VSS are connected.
########## IR report #################
Net              : VSS
Corner           : default
Total power      : 1.40e-03 W
Supply voltage   : 0.00e+00 V
Worstcase voltage: 1.61e-04 V
Average voltage  : 8.14e-06 V
Average IR drop  : 8.14e-06 V
Worstcase IR drop: 1.61e-04 V
Percentage drop  : 0.01 %
######################################
Cell type report:                       Count       Area
  Fill cell                              3652   27306.19
  Tap cell                                402     502.98
  Clock buffer                              5     125.12
  Timing Repair Buffer                     33     310.30
  Inverter                                 11      41.29
  Clock inverter                            3      17.52
  Sequential cell                          41     824.54
  Multi-Input combinational cell          384    2589.98
  Total                                  4531   31717.92
Report metrics stage 6, finish...

==========================================================================
finish report_design_area
--------------------------------------------------------------------------
Design area 4412 um^2 14% utilization.
Skipping GUI image generation.
Log                        Elapsed/s Peak Memory/MB  sha1sum .odb [0:20)
6_report                           0            138                  N/A
cp ./results/sky130hd/exp_fixed_point/base/5_route.sdc ./results/sky130hd/exp_fixed_point/base/6_final.sdc
cp /home/kyash/OpenROAD-flow-scripts-master/flow/platforms/sky130hd/lef/sky130_fd_sc_hd.tlef ./objects/sky130hd/exp_fixed_point/base/klayout_tech.lef
/usr/bin/python3 /home/kyash/OpenROAD-flow-scripts-master/flow/util/generate_klayout_tech.py \
	--template /home/kyash/OpenROAD-flow-scripts-master/flow/platforms/sky130hd/sky130hd.lyt \
	--output ./objects/sky130hd/exp_fixed_point/base/klayout.lyt \
	--lef-files ./objects/sky130hd/exp_fixed_point/base/klayout_tech.lef /home/kyash/OpenROAD-flow-scripts-master/flow/platforms/sky130hd/lef/sky130_fd_sc_hd_merged.lef   \
	--reference-dir ./results/sky130hd/exp_fixed_point/base \
	--map-files 
/usr/bin/python3 /home/kyash/OpenROAD-flow-scripts-master/flow/scripts/run_command.py --log /home/kyash/OpenROAD-flow-scripts-master/flow/logs/sky130hd/exp_fixed_point/base/6_1_merge.log --tee -- \
        /home/kyash/OpenROAD-flow-scripts-master/flow/scripts/klayout.sh -zz -rd design_name=exp_fixed_point \
        -rd in_def=./results/sky130hd/exp_fixed_point/base/6_final.def \
        -rd in_files="/home/kyash/OpenROAD-flow-scripts-master/flow/platforms/sky130hd/gds/sky130_fd_sc_hd.gds  " \
        -rd seal_file="" \
        -rd out_file=./results/sky130hd/exp_fixed_point/base/6_1_merged.gds \
        -rd tech_file=./objects/sky130hd/exp_fixed_point/base/klayout.lyt \
        -rd layer_map= \
        -r /home/kyash/OpenROAD-flow-scripts-master/flow/util/def2stream.py
KLayout 0.28.16
[INFO] Reporting cells prior to loading DEF ...
	/home/kyash/OpenROAD-flow-scripts-master/flow/platforms/sky130hd/gds/sky130_fd_sc_hd.gds
[INFO] All LEF cells have matching GDS/OAS cells
[INFO] No orphan cells in the final layout
cp results/sky130hd/exp_fixed_point/base/6_1_merged.gds results/sky130hd/exp_fixed_point/base/6_final.gds
./logs/sky130hd/exp_fixed_point/base
Log                        Elapsed/s Peak Memory/MB  sha1sum .odb [0:20)
1_1_yosys_canonicalize             0             54 66f419b4abdacdfecda8
1_2_yosys                          0             57 addbb89f8443881019bc
1_synth                            0            118 946ef59ff296e02eb066
2_1_floorplan                      0            138 29e7b18996a577984e26
2_2_floorplan_macro                0            115 29e7b18996a577984e26
2_3_floorplan_tapcell              0            116 c24c53e9a55e04dd0751
2_4_floorplan_pdn                  0            120 57c68b0c18d2b42fa77e
3_1_place_gp_skip_io               1            118 8544fe99c1cb32abc2cf
3_2_place_iop                      0            117 dda6e13f077b3ad7266c
3_3_place_gp                       1            226 3f25dc97322d9bb07cc7
3_4_place_resized                  0            137 3f25dc97322d9bb07cc7
3_5_place_dp                       0            124 e5b2cb6348b9bcee36e9
4_1_cts                            0            148 e5ec92b177616e10b6f7
5_1_grt                            5            245 fc8807257dfe8f788fbf
5_2_route                         56           1057 9b26b14034e296806c6e
5_3_fillcell                       0            123 af3308ab1c5ebbadbe2e
6_1_fill                           0            118 af3308ab1c5ebbadbe2e
6_1_merge                          1            376                  N/A
6_report                           0            138                  N/A
Total                             64           1057                     

STDERR:
Elapsed time: 0:00.43[h:]min:sec. CPU time: user 0.35 sys 0.09 (102%). Peak memory: 142192KB.
Elapsed time: 0:00.32[h:]min:sec. CPU time: user 0.26 sys 0.05 (95%). Peak memory: 118368KB.
Elapsed time: 0:00.31[h:]min:sec. CPU time: user 0.26 sys 0.03 (95%). Peak memory: 118908KB.
Elapsed time: 0:00.32[h:]min:sec. CPU time: user 0.29 sys 0.03 (100%). Peak memory: 123016KB.
Elapsed time: 0:01.12[h:]min:sec. CPU time: user 13.18 sys 0.04 (1182%). Peak memory: 121180KB.
Elapsed time: 0:00.31[h:]min:sec. CPU time: user 0.23 sys 0.08 (99%). Peak memory: 120196KB.
Elapsed time: 0:01.67[h:]min:sec. CPU time: user 14.81 sys 0.36 (908%). Peak memory: 232180KB.
Elapsed time: 0:00.49[h:]min:sec. CPU time: user 0.41 sys 0.14 (113%). Peak memory: 141048KB.
Elapsed time: 0:00.52[h:]min:sec. CPU time: user 0.48 sys 0.10 (111%). Peak memory: 127056KB.
Elapsed time: 0:00.96[h:]min:sec. CPU time: user 0.86 sys 0.21 (110%). Peak memory: 151892KB.
Elapsed time: 0:05.27[h:]min:sec. CPU time: user 47.90 sys 0.33 (915%). Peak memory: 251692KB.
Elapsed time: 0:56.26[h:]min:sec. CPU time: user 105.77 sys 0.93 (189%). Peak memory: 1082868KB.
Elapsed time: 0:00.34[h:]min:sec. CPU time: user 0.28 sys 0.03 (92%). Peak memory: 126620KB.
Elapsed time: 0:00.34[h:]min:sec. CPU time: user 0.27 sys 0.04 (92%). Peak memory: 121816KB.
Elapsed time: 0:00.68[h:]min:sec. CPU time: user 0.60 sys 0.15 (111%). Peak memory: 142164KB.
Elapsed time: 0:01.18[h:]min:sec. CPU time: user 0.97 sys 0.20 (98%). Peak memory: 385516KB.
