
==========================================================================
finish report_tns
--------------------------------------------------------------------------
tns max 0.00

==========================================================================
finish report_wns
--------------------------------------------------------------------------
wns max 0.00

==========================================================================
finish report_worst_slack
--------------------------------------------------------------------------
worst slack max 0.90

==========================================================================
finish report_clock_min_period
--------------------------------------------------------------------------
clk period_min = 2.60 fmax = 384.34

==========================================================================
finish report_clock_skew
--------------------------------------------------------------------------
Clock clk
   0.29 source latency x_s1[3]$_SDFFE_PP0P_/CLK ^
  -0.29 target latency approx_s2[6]$_SDFF_PP0_/CLK ^
   0.00 CRPR
--------------
   0.01 setup skew


==========================================================================
finish report_checks -path_delay min
--------------------------------------------------------------------------
Startpoint: approx_s2[7]$_SDFF_PP0_
            (rising edge-triggered flip-flop clocked by clk)
Endpoint: approx_s3[7]$_SDFF_PP0_
          (rising edge-triggered flip-flop clocked by clk)
Path Group: clk
Path Type: min

Fanout     Cap    Slew   Delay    Time   Description
-----------------------------------------------------------------------------
                          0.00    0.00   clock clk (rise edge)
                          0.00    0.00   clock source latency
     1    0.02    0.00    0.00    0.00 ^ clk (in)
                                         clk (net)
                  0.00    0.00    0.00 ^ clkbuf_0_clk/A (sky130_fd_sc_hd__clkbuf_16)
     4    0.05    0.07    0.13    0.13 ^ clkbuf_0_clk/X (sky130_fd_sc_hd__clkbuf_16)
                                         clknet_0_clk (net)
                  0.07    0.00    0.13 ^ clkbuf_2_3__f_clk/A (sky130_fd_sc_hd__clkbuf_16)
    13    0.04    0.06    0.15    0.28 ^ clkbuf_2_3__f_clk/X (sky130_fd_sc_hd__clkbuf_16)
                                         clknet_2_3__leaf_clk (net)
                  0.06    0.00    0.29 ^ approx_s2[7]$_SDFF_PP0_/CLK (sky130_fd_sc_hd__dfxtp_1)
     1    0.00    0.03    0.30    0.58 ^ approx_s2[7]$_SDFF_PP0_/Q (sky130_fd_sc_hd__dfxtp_1)
                                         approx_s2[7] (net)
                  0.03    0.00    0.58 ^ _874_/B_N (sky130_fd_sc_hd__nor2b_1)
     1    0.00    0.07    0.10    0.69 ^ _874_/Y (sky130_fd_sc_hd__nor2b_1)
                                         _043_ (net)
                  0.07    0.00    0.69 ^ approx_s3[7]$_SDFF_PP0_/D (sky130_fd_sc_hd__dfxtp_1)
                                  0.69   data arrival time

                          0.00    0.00   clock clk (rise edge)
                          0.00    0.00   clock source latency
     1    0.02    0.00    0.00    0.00 ^ clk (in)
                                         clk (net)
                  0.00    0.00    0.00 ^ clkbuf_0_clk/A (sky130_fd_sc_hd__clkbuf_16)
     4    0.05    0.07    0.13    0.13 ^ clkbuf_0_clk/X (sky130_fd_sc_hd__clkbuf_16)
                                         clknet_0_clk (net)
                  0.07    0.00    0.13 ^ clkbuf_2_3__f_clk/A (sky130_fd_sc_hd__clkbuf_16)
    13    0.04    0.06    0.15    0.28 ^ clkbuf_2_3__f_clk/X (sky130_fd_sc_hd__clkbuf_16)
                                         clknet_2_3__leaf_clk (net)
                  0.06    0.00    0.29 ^ approx_s3[7]$_SDFF_PP0_/CLK (sky130_fd_sc_hd__dfxtp_1)
                          0.00    0.29   clock reconvergence pessimism
                         -0.03    0.25   library hold time
                                  0.25   data required time
-----------------------------------------------------------------------------
                                  0.25   data required time
                                 -0.69   data arrival time
-----------------------------------------------------------------------------
                                  0.43   slack (MET)



==========================================================================
finish report_checks -path_delay max
--------------------------------------------------------------------------
Startpoint: x_s1[1]$_SDFFE_PP0P_
            (rising edge-triggered flip-flop clocked by clk)
Endpoint: approx_s2[1]$_SDFF_PP0_
          (rising edge-triggered flip-flop clocked by clk)
Path Group: clk
Path Type: max

Fanout     Cap    Slew   Delay    Time   Description
-----------------------------------------------------------------------------
                          0.00    0.00   clock clk (rise edge)
                          0.00    0.00   clock source latency
     1    0.02    0.00    0.00    0.00 ^ clk (in)
                                         clk (net)
                  0.00    0.00    0.00 ^ clkbuf_0_clk/A (sky130_fd_sc_hd__clkbuf_16)
     4    0.05    0.07    0.13    0.13 ^ clkbuf_0_clk/X (sky130_fd_sc_hd__clkbuf_16)
                                         clknet_0_clk (net)
                  0.07    0.00    0.13 ^ clkbuf_2_0__f_clk/A (sky130_fd_sc_hd__clkbuf_16)
     9    0.05    0.07    0.15    0.29 ^ clkbuf_2_0__f_clk/X (sky130_fd_sc_hd__clkbuf_16)
                                         clknet_2_0__leaf_clk (net)
                  0.07    0.00    0.29 ^ x_s1[1]$_SDFFE_PP0P_/CLK (sky130_fd_sc_hd__dfxtp_1)
     2    0.01    0.04    0.31    0.60 v x_s1[1]$_SDFFE_PP0P_/Q (sky130_fd_sc_hd__dfxtp_1)
                                         x_s1[1] (net)
                  0.04    0.00    0.60 v _461_/A (sky130_fd_sc_hd__inv_1)
     9    0.04    0.33    0.25    0.85 ^ _461_/Y (sky130_fd_sc_hd__inv_1)
                                         _000_ (net)
                  0.33    0.00    0.85 ^ _894_/B (sky130_fd_sc_hd__ha_1)
    16    0.06    0.30    0.51    1.36 v _894_/SUM (sky130_fd_sc_hd__ha_1)
                                         _008_ (net)
                  0.30    0.00    1.36 v _743_/B (sky130_fd_sc_hd__nand2b_1)
     3    0.01    0.18    0.26    1.62 ^ _743_/Y (sky130_fd_sc_hd__nand2b_1)
                                         _325_ (net)
                  0.18    0.00    1.62 ^ _768_/B1 (sky130_fd_sc_hd__o21ai_0)
     1    0.00    0.08    0.12    1.74 v _768_/Y (sky130_fd_sc_hd__o21ai_0)
                                         _349_ (net)
                  0.08    0.00    1.74 v _770_/A2 (sky130_fd_sc_hd__mux4_2)
     1    0.00    0.09    0.48    2.21 v _770_/X (sky130_fd_sc_hd__mux4_2)
                                         _351_ (net)
                  0.09    0.00    2.21 v _775_/A2 (sky130_fd_sc_hd__a221oi_2)
     1    0.01    0.32    0.38    2.59 ^ _775_/Y (sky130_fd_sc_hd__a221oi_2)
                                         _356_ (net)
                  0.32    0.00    2.59 ^ _810_/A2 (sky130_fd_sc_hd__o311ai_1)
     1    0.00    0.12    0.16    2.75 v _810_/Y (sky130_fd_sc_hd__o311ai_1)
                                         _032_ (net)
                  0.12    0.00    2.75 v approx_s2[1]$_SDFF_PP0_/D (sky130_fd_sc_hd__dfxtp_1)
                                  2.75   data arrival time

                          3.50    3.50   clock clk (rise edge)
                          0.00    3.50   clock source latency
     1    0.02    0.00    0.00    3.50 ^ clk (in)
                                         clk (net)
                  0.00    0.00    3.50 ^ clkbuf_0_clk/A (sky130_fd_sc_hd__clkbuf_16)
     4    0.05    0.07    0.13    3.63 ^ clkbuf_0_clk/X (sky130_fd_sc_hd__clkbuf_16)
                                         clknet_0_clk (net)
                  0.07    0.00    3.63 ^ clkbuf_2_2__f_clk/A (sky130_fd_sc_hd__clkbuf_16)
    11    0.04    0.06    0.15    3.79 ^ clkbuf_2_2__f_clk/X (sky130_fd_sc_hd__clkbuf_16)
                                         clknet_2_2__leaf_clk (net)
                  0.06    0.00    3.79 ^ approx_s2[1]$_SDFF_PP0_/CLK (sky130_fd_sc_hd__dfxtp_1)
                          0.00    3.79   clock reconvergence pessimism
                         -0.14    3.65   library setup time
                                  3.65   data required time
-----------------------------------------------------------------------------
                                  3.65   data required time
                                 -2.75   data arrival time
-----------------------------------------------------------------------------
                                  0.90   slack (MET)



==========================================================================
finish report_checks -unconstrained
--------------------------------------------------------------------------
Startpoint: x_s1[1]$_SDFFE_PP0P_
            (rising edge-triggered flip-flop clocked by clk)
Endpoint: approx_s2[1]$_SDFF_PP0_
          (rising edge-triggered flip-flop clocked by clk)
Path Group: clk
Path Type: max

Fanout     Cap    Slew   Delay    Time   Description
-----------------------------------------------------------------------------
                          0.00    0.00   clock clk (rise edge)
                          0.00    0.00   clock source latency
     1    0.02    0.00    0.00    0.00 ^ clk (in)
                                         clk (net)
                  0.00    0.00    0.00 ^ clkbuf_0_clk/A (sky130_fd_sc_hd__clkbuf_16)
     4    0.05    0.07    0.13    0.13 ^ clkbuf_0_clk/X (sky130_fd_sc_hd__clkbuf_16)
                                         clknet_0_clk (net)
                  0.07    0.00    0.13 ^ clkbuf_2_0__f_clk/A (sky130_fd_sc_hd__clkbuf_16)
     9    0.05    0.07    0.15    0.29 ^ clkbuf_2_0__f_clk/X (sky130_fd_sc_hd__clkbuf_16)
                                         clknet_2_0__leaf_clk (net)
                  0.07    0.00    0.29 ^ x_s1[1]$_SDFFE_PP0P_/CLK (sky130_fd_sc_hd__dfxtp_1)
     2    0.01    0.04    0.31    0.60 v x_s1[1]$_SDFFE_PP0P_/Q (sky130_fd_sc_hd__dfxtp_1)
                                         x_s1[1] (net)
                  0.04    0.00    0.60 v _461_/A (sky130_fd_sc_hd__inv_1)
     9    0.04    0.33    0.25    0.85 ^ _461_/Y (sky130_fd_sc_hd__inv_1)
                                         _000_ (net)
                  0.33    0.00    0.85 ^ _894_/B (sky130_fd_sc_hd__ha_1)
    16    0.06    0.30    0.51    1.36 v _894_/SUM (sky130_fd_sc_hd__ha_1)
                                         _008_ (net)
                  0.30    0.00    1.36 v _743_/B (sky130_fd_sc_hd__nand2b_1)
     3    0.01    0.18    0.26    1.62 ^ _743_/Y (sky130_fd_sc_hd__nand2b_1)
                                         _325_ (net)
                  0.18    0.00    1.62 ^ _768_/B1 (sky130_fd_sc_hd__o21ai_0)
     1    0.00    0.08    0.12    1.74 v _768_/Y (sky130_fd_sc_hd__o21ai_0)
                                         _349_ (net)
                  0.08    0.00    1.74 v _770_/A2 (sky130_fd_sc_hd__mux4_2)
     1    0.00    0.09    0.48    2.21 v _770_/X (sky130_fd_sc_hd__mux4_2)
                                         _351_ (net)
                  0.09    0.00    2.21 v _775_/A2 (sky130_fd_sc_hd__a221oi_2)
     1    0.01    0.32    0.38    2.59 ^ _775_/Y (sky130_fd_sc_hd__a221oi_2)
                                         _356_ (net)
                  0.32    0.00    2.59 ^ _810_/A2 (sky130_fd_sc_hd__o311ai_1)
     1    0.00    0.12    0.16    2.75 v _810_/Y (sky130_fd_sc_hd__o311ai_1)
                                         _032_ (net)
                  0.12    0.00    2.75 v approx_s2[1]$_SDFF_PP0_/D (sky130_fd_sc_hd__dfxtp_1)
                                  2.75   data arrival time

                          3.50    3.50   clock clk (rise edge)
                          0.00    3.50   clock source latency
     1    0.02    0.00    0.00    3.50 ^ clk (in)
                                         clk (net)
                  0.00    0.00    3.50 ^ clkbuf_0_clk/A (sky130_fd_sc_hd__clkbuf_16)
     4    0.05    0.07    0.13    3.63 ^ clkbuf_0_clk/X (sky130_fd_sc_hd__clkbuf_16)
                                         clknet_0_clk (net)
                  0.07    0.00    3.63 ^ clkbuf_2_2__f_clk/A (sky130_fd_sc_hd__clkbuf_16)
    11    0.04    0.06    0.15    3.79 ^ clkbuf_2_2__f_clk/X (sky130_fd_sc_hd__clkbuf_16)
                                         clknet_2_2__leaf_clk (net)
                  0.06    0.00    3.79 ^ approx_s2[1]$_SDFF_PP0_/CLK (sky130_fd_sc_hd__dfxtp_1)
                          0.00    3.79   clock reconvergence pessimism
                         -0.14    3.65   library setup time
                                  3.65   data required time
-----------------------------------------------------------------------------
                                  3.65   data required time
                                 -2.75   data arrival time
-----------------------------------------------------------------------------
                                  0.90   slack (MET)



==========================================================================
finish report_check_types -max_slew -max_cap -max_fanout -violators
--------------------------------------------------------------------------

==========================================================================
finish max_slew_check_slack
--------------------------------------------------------------------------
0.6568312048912048

==========================================================================
finish max_slew_check_limit
--------------------------------------------------------------------------
1.49691903591156

==========================================================================
finish max_slew_check_slack_limit
--------------------------------------------------------------------------
0.4388

==========================================================================
finish max_fanout_check_slack
--------------------------------------------------------------------------
1.0000000150474662e+30

==========================================================================
finish max_fanout_check_limit
--------------------------------------------------------------------------
1.0000000150474662e+30

==========================================================================
finish max_capacitance_check_slack
--------------------------------------------------------------------------
0.01704481802880764

==========================================================================
finish max_capacitance_check_limit
--------------------------------------------------------------------------
0.021067000925540924

==========================================================================
finish max_capacitance_check_slack_limit
--------------------------------------------------------------------------
0.8091

==========================================================================
finish max_slew_violation_count
--------------------------------------------------------------------------
max slew violation count 0

==========================================================================
finish max_fanout_violation_count
--------------------------------------------------------------------------
max fanout violation count 0

==========================================================================
finish max_cap_violation_count
--------------------------------------------------------------------------
max cap violation count 0

==========================================================================
finish setup_violation_count
--------------------------------------------------------------------------
setup violation count 0

==========================================================================
finish hold_violation_count
--------------------------------------------------------------------------
hold violation count 0

==========================================================================
finish report_checks -path_delay max reg to reg
--------------------------------------------------------------------------
Startpoint: x_s1[1]$_SDFFE_PP0P_
            (rising edge-triggered flip-flop clocked by clk)
Endpoint: approx_s2[1]$_SDFF_PP0_
          (rising edge-triggered flip-flop clocked by clk)
Path Group: clk
Path Type: max

  Delay    Time   Description
---------------------------------------------------------
   0.00    0.00   clock clk (rise edge)
   0.00    0.00   clock source latency
   0.00    0.00 ^ clk (in)
   0.13    0.13 ^ clkbuf_0_clk/X (sky130_fd_sc_hd__clkbuf_16)
   0.16    0.29 ^ clkbuf_2_0__f_clk/X (sky130_fd_sc_hd__clkbuf_16)
   0.00    0.29 ^ x_s1[1]$_SDFFE_PP0P_/CLK (sky130_fd_sc_hd__dfxtp_1)
   0.31    0.60 v x_s1[1]$_SDFFE_PP0P_/Q (sky130_fd_sc_hd__dfxtp_1)
   0.25    0.85 ^ _461_/Y (sky130_fd_sc_hd__inv_1)
   0.51    1.36 v _894_/SUM (sky130_fd_sc_hd__ha_1)
   0.26    1.62 ^ _743_/Y (sky130_fd_sc_hd__nand2b_1)
   0.12    1.74 v _768_/Y (sky130_fd_sc_hd__o21ai_0)
   0.48    2.21 v _770_/X (sky130_fd_sc_hd__mux4_2)
   0.38    2.59 ^ _775_/Y (sky130_fd_sc_hd__a221oi_2)
   0.16    2.75 v _810_/Y (sky130_fd_sc_hd__o311ai_1)
   0.00    2.75 v approx_s2[1]$_SDFF_PP0_/D (sky130_fd_sc_hd__dfxtp_1)
           2.75   data arrival time

   3.50    3.50   clock clk (rise edge)
   0.00    3.50   clock source latency
   0.00    3.50 ^ clk (in)
   0.13    3.63 ^ clkbuf_0_clk/X (sky130_fd_sc_hd__clkbuf_16)
   0.15    3.79 ^ clkbuf_2_2__f_clk/X (sky130_fd_sc_hd__clkbuf_16)
   0.00    3.79 ^ approx_s2[1]$_SDFF_PP0_/CLK (sky130_fd_sc_hd__dfxtp_1)
   0.00    3.79   clock reconvergence pessimism
  -0.14    3.65   library setup time
           3.65   data required time
---------------------------------------------------------
           3.65   data required time
          -2.75   data arrival time
---------------------------------------------------------
           0.90   slack (MET)



==========================================================================
finish report_checks -path_delay min reg to reg
--------------------------------------------------------------------------
Startpoint: approx_s2[7]$_SDFF_PP0_
            (rising edge-triggered flip-flop clocked by clk)
Endpoint: approx_s3[7]$_SDFF_PP0_
          (rising edge-triggered flip-flop clocked by clk)
Path Group: clk
Path Type: min

  Delay    Time   Description
---------------------------------------------------------
   0.00    0.00   clock clk (rise edge)
   0.00    0.00   clock source latency
   0.00    0.00 ^ clk (in)
   0.13    0.13 ^ clkbuf_0_clk/X (sky130_fd_sc_hd__clkbuf_16)
   0.15    0.28 ^ clkbuf_2_3__f_clk/X (sky130_fd_sc_hd__clkbuf_16)
   0.00    0.29 ^ approx_s2[7]$_SDFF_PP0_/CLK (sky130_fd_sc_hd__dfxtp_1)
   0.30    0.58 ^ approx_s2[7]$_SDFF_PP0_/Q (sky130_fd_sc_hd__dfxtp_1)
   0.10    0.69 ^ _874_/Y (sky130_fd_sc_hd__nor2b_1)
   0.00    0.69 ^ approx_s3[7]$_SDFF_PP0_/D (sky130_fd_sc_hd__dfxtp_1)
           0.69   data arrival time

   0.00    0.00   clock clk (rise edge)
   0.00    0.00   clock source latency
   0.00    0.00 ^ clk (in)
   0.13    0.13 ^ clkbuf_0_clk/X (sky130_fd_sc_hd__clkbuf_16)
   0.15    0.28 ^ clkbuf_2_3__f_clk/X (sky130_fd_sc_hd__clkbuf_16)
   0.00    0.29 ^ approx_s3[7]$_SDFF_PP0_/CLK (sky130_fd_sc_hd__dfxtp_1)
   0.00    0.29   clock reconvergence pessimism
  -0.03    0.25   library hold time
           0.25   data required time
---------------------------------------------------------
           0.25   data required time
          -0.69   data arrival time
---------------------------------------------------------
           0.43   slack (MET)



==========================================================================
finish critical path target clock latency max path
--------------------------------------------------------------------------
0.2869

==========================================================================
finish critical path target clock latency min path
--------------------------------------------------------------------------
0.2910

==========================================================================
finish critical path source clock latency min path
--------------------------------------------------------------------------
0.0000

==========================================================================
finish critical path delay
--------------------------------------------------------------------------
2.7488

==========================================================================
finish critical path slack
--------------------------------------------------------------------------
0.8981

==========================================================================
finish slack div critical path delay
--------------------------------------------------------------------------
32.672439

==========================================================================
finish report_power
--------------------------------------------------------------------------
Group                  Internal  Switching    Leakage      Total
                          Power      Power      Power      Power (Watts)
----------------------------------------------------------------
Sequential             4.91e-04   1.94e-05   3.37e-10   5.11e-04  36.3%
Combinational          1.63e-04   2.69e-04   9.97e-10   4.32e-04  30.7%
Clock                  2.62e-04   2.01e-04   6.96e-11   4.63e-04  32.9%
Macro                  0.00e+00   0.00e+00   0.00e+00   0.00e+00   0.0%
Pad                    0.00e+00   0.00e+00   0.00e+00   0.00e+00   0.0%
----------------------------------------------------------------
Total                  9.16e-04   4.89e-04   1.40e-09   1.40e-03 100.0%
                          65.2%      34.8%       0.0%
