STDOUT:
rm -f ./results/sky130hd/exp_fixed_point/base/3_*place*.odb
rm -f ./results/sky130hd/exp_fixed_point/base/3_place.sdc
rm -f ./results/sky130hd/exp_fixed_point/base/3_*.def ./results/sky130hd/exp_fixed_point/base/3_*.v
rm -f ./reports/sky130hd/exp_fixed_point/base/3_*
rm -f ./logs/sky130hd/exp_fixed_point/base/3_*
/home/kyash/OpenROAD-flow-scripts-master/flow/scripts/flow.sh 2_1_floorplan floorplan
Running floorplan.tcl, stage 2_1_floorplan
read_liberty /home/kyash/OpenROAD-flow-scripts-master/flow/platforms/sky130hd/lib/sky130_fd_sc_hd__tt_025C_1v80.lib
read_db ./results/sky130hd/exp_fixed_point/base/1_synth.odb
read_sdc ./results/sky130hd/exp_fixed_point/base/1_synth.sdc
source /home/kyash/OpenROAD-flow-scripts-master/flow/platforms/sky130hd/setRC.tcl
Master sky130_ef_sc_hd__decap_12 is loaded but not used in the design
Removed 0 unused instances and 0 unused nets.

==========================================================================
Floorplan check_setup
--------------------------------------------------------------------------
number instances in verilog is 515
[WARNING IFP-0028] Core area lower left (50.000, 50.000) snapped to (50.140, 51.680).
[INFO IFP-0001] Added 94 rows of 564 site unithd.
[INFO IFP-0100] Die BBox:  (  0.000  0.000 ) ( 360.000 360.000 ) um
[INFO IFP-0101] Core BBox: ( 50.140 51.680 ) ( 309.580 307.360 ) um
[INFO IFP-0102] Core area:                        66333.619 um^2
[INFO IFP-0103] Total instances area:              3716.064 um^2
[INFO IFP-0104] Effective utilization:                0.056
[INFO IFP-0105] Number of instances:                    515
source /home/kyash/OpenROAD-flow-scripts-master/flow/platforms/sky130hd/make_tracks.tcl
source /home/kyash/OpenROAD-flow-scripts-master/flow/platforms/sky130hd/fastroute.tcl
Repair tie lo fanout...
[INFO RSZ-0042] Inserted 6 tie sky130_fd_sc_hd__conb_1 instances.
Repair tie hi fanout...
repair_timing -setup_margin 0 -hold_margin 0 -repair_tns 100 -match_cell_footprint -setup -skip_last_gasp -sequence unbuffer,sizeup,swap,vt_swap -verbose
[WARNING EST-0027] no estimated parasitics. Using wire load models.
[INFO RSZ-0100] Repair move sequence: UnbufferMove SizeUpMove SwapPinsMove 
[INFO RSZ-0098] No setup violations found
Default units for flow
 time 1ns
 capacitance 1pF
 resistance 1kohm
 voltage 1v
 current 1mA
 power 1nW
 distance 1um
   Layer   | Unit Resistance | Unit Capacitance 
           |       (kohm/um) |          (pF/um)
------------------------------------------------
       li1 |        7.18e-02 |         1.50e-04
      met1 |        8.93e-04 |         1.72e-04
      met2 |        8.93e-04 |         1.36e-04
      met3 |        1.57e-04 |         2.15e-04
      met4 |        1.57e-04 |         1.48e-04
      met5 |        1.78e-05 |         1.54e-04
------------------------------------------------

   Layer   | Via Resistance 
           |         (kohm) 
----------------------------
      mcon |       9.25e-03 
       via |       4.50e-03 
      via2 |       3.37e-03 
      via3 |       3.77e-04 
      via4 |       5.80e-06 
----------------------------
Report metrics stage 2, floorplan final...

==========================================================================
floorplan final report_design_area
--------------------------------------------------------------------------
Design area 3735 um^2 6% utilization.
write_db ./results/sky130hd/exp_fixed_point/base/2_1_floorplan.odb
write_sdc -no_timestamp ./results/sky130hd/exp_fixed_point/base/2_1_floorplan.sdc
Log                        Elapsed/s Peak Memory/MB  sha1sum .odb [0:20)
2_1_floorplan                      0            138 b6ad6776cbf8247817b8
/home/kyash/OpenROAD-flow-scripts-master/flow/scripts/flow.sh 2_2_floorplan_macro macro_place
Running macro_place.tcl, stage 2_2_floorplan_macro
read_liberty /home/kyash/OpenROAD-flow-scripts-master/flow/platforms/sky130hd/lib/sky130_fd_sc_hd__tt_025C_1v80.lib
read_db ./results/sky130hd/exp_fixed_point/base/2_1_floorplan.odb
read_sdc ./results/sky130hd/exp_fixed_point/base/2_1_floorplan.sdc
source /home/kyash/OpenROAD-flow-scripts-master/flow/platforms/sky130hd/setRC.tcl
No macros found: Skipping macro_placement
Design area 3735 um^2 6% utilization.
write_db ./results/sky130hd/exp_fixed_point/base/2_2_floorplan_macro.odb
Log                        Elapsed/s Peak Memory/MB  sha1sum .odb [0:20)
2_2_floorplan_macro                0            115 b6ad6776cbf8247817b8
/home/kyash/OpenROAD-flow-scripts-master/flow/scripts/flow.sh 2_3_floorplan_tapcell tapcell
Running tapcell.tcl, stage 2_3_floorplan_tapcell
read_liberty /home/kyash/OpenROAD-flow-scripts-master/flow/platforms/sky130hd/lib/sky130_fd_sc_hd__tt_025C_1v80.lib
read_db ./results/sky130hd/exp_fixed_point/base/2_2_floorplan_macro.odb
read_sdc ./results/sky130hd/exp_fixed_point/base/2_1_floorplan.sdc
source /home/kyash/OpenROAD-flow-scripts-master/flow/platforms/sky130hd/setRC.tcl
[INFO TAP-0005] Inserted 864 tapcells.
Design area 4816 um^2 7% utilization.
write_db ./results/sky130hd/exp_fixed_point/base/2_3_floorplan_tapcell.odb
Log                        Elapsed/s Peak Memory/MB  sha1sum .odb [0:20)
2_3_floorplan_tapcell              0            115 160a5c137574c3fee739
/home/kyash/OpenROAD-flow-scripts-master/flow/scripts/flow.sh 2_4_floorplan_pdn pdn
Running pdn.tcl, stage 2_4_floorplan_pdn
read_liberty /home/kyash/OpenROAD-flow-scripts-master/flow/platforms/sky130hd/lib/sky130_fd_sc_hd__tt_025C_1v80.lib
read_db ./results/sky130hd/exp_fixed_point/base/2_3_floorplan_tapcell.odb
read_sdc ./results/sky130hd/exp_fixed_point/base/2_1_floorplan.sdc
source /home/kyash/OpenROAD-flow-scripts-master/flow/platforms/sky130hd/setRC.tcl
[INFO PDN-0001] Inserting grid: grid
Design area 4816 um^2 7% utilization.
write_db ./results/sky130hd/exp_fixed_point/base/2_4_floorplan_pdn.odb
Log                        Elapsed/s Peak Memory/MB  sha1sum .odb [0:20)
2_4_floorplan_pdn                  0            120 7d5a10b018c13f0d202c
cp ./results/sky130hd/exp_fixed_point/base/2_4_floorplan_pdn.odb ./results/sky130hd/exp_fixed_point/base/2_floorplan.odb
cp ./results/sky130hd/exp_fixed_point/base/2_1_floorplan.sdc ./results/sky130hd/exp_fixed_point/base/2_floorplan.sdc
/home/kyash/OpenROAD-flow-scripts-master/flow/scripts/flow.sh 3_1_place_gp_skip_io global_place_skip_io
Running global_place_skip_io.tcl, stage 3_1_place_gp_skip_io
read_liberty /home/kyash/OpenROAD-flow-scripts-master/flow/platforms/sky130hd/lib/sky130_fd_sc_hd__tt_025C_1v80.lib
read_db ./results/sky130hd/exp_fixed_point/base/2_floorplan.odb
read_sdc ./results/sky130hd/exp_fixed_point/base/2_floorplan.sdc
source /home/kyash/OpenROAD-flow-scripts-master/flow/platforms/sky130hd/setRC.tcl
global_placement -skip_io -density 0.22 -pad_left 0 -pad_right 0
[INFO GPL-0001] ---- Initialize GPL Main Data Structures
[INFO GPL-0002] DBU: 1000
[INFO GPL-0003] SiteSize: (  0.460  2.720 ) um
[INFO GPL-0004] CoreBBox: ( 50.140 51.680 ) ( 309.580 307.360 ) um
[INFO GPL-0036] Movable instances area:       3734.832 um^2
[INFO GPL-0037] Total instances area:         4815.869 um^2
[INFO GPL-0035] Pin density area adjust:       466.875 um^2
[INFO GPL-0032] ---- Initialize Region: Top-level
[INFO GPL-0006] Number of instances:              1384
[INFO GPL-0007] Movable instances:                 520
[INFO GPL-0008] Fixed instances:                   864
[INFO GPL-0009] Dummy instances:                     0
[INFO GPL-0010] Number of nets:                    542
[INFO GPL-0011] Number of pins:                   1864
[INFO GPL-0012] Die BBox:  (  0.000  0.000 ) ( 360.000 360.000 ) um
[INFO GPL-0013] Core BBox: ( 50.140 51.680 ) ( 309.580 307.360 ) um
[INFO GPL-0016] Core area:                   66333.619 um^2
[INFO GPL-0014] Region name: top-level.
[INFO GPL-0015] Region area:                 66333.619 um^2
[INFO GPL-0017] Fixed instances area:         1081.037 um^2
[INFO GPL-0018] Movable instances area:       4201.707 um^2
[INFO GPL-0019] Utilization:                     6.439 %
[INFO GPL-0020] Standard cells area:          4201.707 um^2
[INFO GPL-0021] Large instances area:            0.000 um^2
[INFO GPL-0005] ---- Execute Conjugate Gradient Initial Placement.
[INFO GPL-0051] Source of initial instance position counters:
	Odb location = 6	Core center = 514	Region center = 0
[INFO GPL-0033] ---- Initialize Nesterov Region: Top-level
[INFO GPL-0023] Placement target density:       0.2200
[INFO GPL-0024] Movable insts average area:      8.080 um^2
[INFO GPL-0025] Ideal bin area:                 36.728 um^2
[INFO GPL-0026] Ideal bin count:                  1806
[INFO GPL-0027] Total bin area:              66333.619 um^2
[INFO GPL-0028] Bin count (X, Y):          32 ,     32
[INFO GPL-0029] Bin size (W * H):       8.107 *  7.990 um
[INFO GPL-0030] Number of bins:                   1024
[INFO GPL-0007] ---- Execute Nesterov Global Placement.
[INFO GPL-0031] HPWL: Half-Perimeter Wirelength
Iteration | Overflow |     HPWL (um) |  HPWL(%) |   Penalty | Group
---------------------------------------------------------------
        0 |   0.9733 |  9.647940e+02 |   +0.00% |  1.93e-14 |      
       10 |   0.9729 |  7.253470e+02 |  -24.82% |  3.14e-14 |      
       20 |   0.9711 |  7.241400e+02 |   -0.17% |  5.11e-14 |      
       30 |   0.9693 |  7.241800e+02 |   +0.01% |  8.33e-14 |      
       40 |   0.9697 |  7.243320e+02 |   +0.02% |  1.36e-13 |      
       50 |   0.9704 |  7.246980e+02 |   +0.05% |  2.21e-13 |      
       60 |   0.9705 |  7.275200e+02 |   +0.39% |  3.60e-13 |      
       70 |   0.9700 |  7.356310e+02 |   +1.11% |  5.86e-13 |      
       80 |   0.9698 |  7.498580e+02 |   +1.93% |  9.55e-13 |      
       90 |   0.9694 |  7.707190e+02 |   +2.78% |  1.56e-12 |      
      100 |   0.9683 |  8.012500e+02 |   +3.96% |  2.53e-12 |      
      110 |   0.9665 |  8.447350e+02 |   +5.43% |  4.13e-12 |      
      120 |   0.9640 |  9.046040e+02 |   +7.09% |  6.72e-12 |      
      130 |   0.9578 |  9.987830e+02 |  +10.41% |  1.10e-11 |      
      140 |   0.9518 |  1.193406e+03 |  +19.49% |  1.78e-11 |      
      150 |   0.9405 |  1.379624e+03 |  +15.60% |  2.91e-11 |      
      160 |   0.9322 |  1.499019e+03 |   +8.65% |  4.73e-11 |      
      170 |   0.9060 |  2.337312e+03 |  +55.92% |  7.71e-11 |      
      180 |   0.8801 |  3.004435e+03 |  +28.54% |  1.26e-10 |      
      190 |   0.8540 |  3.912939e+03 |  +30.24% |  2.05e-10 |      
      200 |   0.8262 |  4.724287e+03 |  +20.74% |  3.33e-10 |      
      210 |   0.7894 |  5.617940e+03 |  +18.92% |  5.42e-10 |      
      220 |   0.7556 |  6.594622e+03 |  +17.39% |  8.84e-10 |      
      230 |   0.7172 |  7.493880e+03 |  +13.64% |  1.44e-09 |      
      240 |   0.6759 |  8.427767e+03 |  +12.46% |  2.34e-09 |      
      250 |   0.6299 |  9.355161e+03 |  +11.00% |  3.82e-09 |      
      260 |   0.5875 |  1.033764e+04 |  +10.50% |  6.22e-09 |      
      270 |   0.5405 |  1.133127e+04 |   +9.61% |  1.01e-08 |      
      280 |   0.4924 |  1.226072e+04 |   +8.20% |  1.65e-08 |      
      290 |   0.4413 |  1.319902e+04 |   +7.65% |  2.69e-08 |      
      300 |   0.3752 |  1.398247e+04 |   +5.94% |  4.38e-08 |      
      310 |   0.3101 |  1.474683e+04 |   +5.47% |  6.78e-08 |      
      320 |   0.2551 |  1.528425e+04 |   +3.64% |  9.98e-08 |      
      330 |   0.2159 |  1.575527e+04 |   +3.08% |  1.47e-07 |      
      340 |   0.1830 |  1.612543e+04 |   +2.35% |  2.17e-07 |      
      350 |   0.1551 |  1.643154e+04 |   +1.90% |  3.19e-07 |      
      360 |   0.1289 |  1.667595e+04 |   +1.49% |  4.70e-07 |      
      370 |   0.1134 |  1.685033e+04 |   +1.05% |  6.93e-07 |      
      377 |   0.0987 |  1.692583e+04 |          |  9.44e-07 |      
---------------------------------------------------------------
[INFO GPL-1001] Global placement finished at iteration 377
[INFO GPL-1002] Placed Cell Area             4201.7065
[INFO GPL-1003] Available Free Area         65252.5824
[INFO GPL-1004] Minimum Feasible Density        0.0700 (cell_area / free_area)
[INFO GPL-1006]   Suggested Target Densities:
[INFO GPL-1007]     - For 90% usage of free space: 0.0715
[INFO GPL-1008]     - For 80% usage of free space: 0.0805
[INFO GPL-1009]     - For 50% usage of free space: 0.1288
[INFO GPL-1014] Final placement area: 4201.71 (+0.00%)
Design area 4816 um^2 7% utilization.
write_db ./results/sky130hd/exp_fixed_point/base/3_1_place_gp_skip_io.odb
Log                        Elapsed/s Peak Memory/MB  sha1sum .odb [0:20)
3_1_place_gp_skip_io               1            119 1dff5a8cd4a4cbb94b7e
/home/kyash/OpenROAD-flow-scripts-master/flow/scripts/flow.sh 3_2_place_iop io_placement
Running io_placement.tcl, stage 3_2_place_iop
read_liberty /home/kyash/OpenROAD-flow-scripts-master/flow/platforms/sky130hd/lib/sky130_fd_sc_hd__tt_025C_1v80.lib
read_db ./results/sky130hd/exp_fixed_point/base/3_1_place_gp_skip_io.odb
read_sdc ./results/sky130hd/exp_fixed_point/base/2_floorplan.sdc
source /home/kyash/OpenROAD-flow-scripts-master/flow/platforms/sky130hd/setRC.tcl
place_pins -hor_layers met3 -ver_layers met2
Found 0 macro blocks.
Using 2 tracks default min distance between IO pins.
[INFO PPL-0001] Number of available slots 1300
[INFO PPL-0002] Number of I/O             27
[INFO PPL-0003] Number of I/O w/sink      27
[INFO PPL-0004] Number of I/O w/o sink    0
[INFO PPL-0005] Slots per section         200
[INFO PPL-0008] Successfully assigned pins to sections.
[INFO PPL-0012] I/O nets HPWL: 3611.86 um.
Design area 4816 um^2 7% utilization.
write_db ./results/sky130hd/exp_fixed_point/base/3_2_place_iop.odb
Log                        Elapsed/s Peak Memory/MB  sha1sum .odb [0:20)
3_2_place_iop                      0            117 454cc5a46597db2bedec
/home/kyash/OpenROAD-flow-scripts-master/flow/scripts/flow.sh 3_3_place_gp global_place
Running global_place.tcl, stage 3_3_place_gp
read_liberty /home/kyash/OpenROAD-flow-scripts-master/flow/platforms/sky130hd/lib/sky130_fd_sc_hd__tt_025C_1v80.lib
read_db ./results/sky130hd/exp_fixed_point/base/3_2_place_iop.odb
read_sdc ./results/sky130hd/exp_fixed_point/base/2_floorplan.sdc
source /home/kyash/OpenROAD-flow-scripts-master/flow/platforms/sky130hd/setRC.tcl
[INFO RSZ-0026] Removed 64 buffers.
Perform port buffering...
[INFO RSZ-0027] Inserted 10 sky130_fd_sc_hd__clkdlybuf4s50_1 input buffers.
[INFO RSZ-0028] Inserted 10 sky130_fd_sc_hd__clkdlybuf4s50_1 output buffers.
global_placement -density 0.22 -pad_left 0 -pad_right 0 -routability_driven -timing_driven -force_center_initial_place -min_phi_coef 0.95 -max_phi_coef 1.05
[INFO GPL-0001] ---- Initialize GPL Main Data Structures
[INFO GPL-0002] DBU: 1000
[INFO GPL-0003] SiteSize: (  0.460  2.720 ) um
[INFO GPL-0004] CoreBBox: ( 50.140 51.680 ) ( 309.580 307.360 ) um
[INFO GPL-0036] Movable instances area:       3610.963 um^2
[INFO GPL-0037] Total instances area:         4692.000 um^2
[INFO GPL-0035] Pin density area adjust:       484.934 um^2
[INFO GPL-0032] ---- Initialize Region: Top-level
[INFO GPL-0006] Number of instances:              1340
[INFO GPL-0007] Movable instances:                 476
[INFO GPL-0008] Fixed instances:                   864
[INFO GPL-0009] Dummy instances:                     0
[INFO GPL-0010] Number of nets:                    498
[INFO GPL-0011] Number of pins:                   1803
[INFO GPL-0012] Die BBox:  (  0.000  0.000 ) ( 360.000 360.000 ) um
[INFO GPL-0013] Core BBox: ( 50.140 51.680 ) ( 309.580 307.360 ) um
[INFO GPL-0016] Core area:                   66333.619 um^2
[INFO GPL-0014] Region name: top-level.
[INFO GPL-0015] Region area:                 66333.619 um^2
[INFO GPL-0017] Fixed instances area:         1081.037 um^2
[INFO GPL-0018] Movable instances area:       4095.897 um^2
[INFO GPL-0019] Utilization:                     6.277 %
[INFO GPL-0020] Standard cells area:          4095.897 um^2
[INFO GPL-0021] Large instances area:            0.000 um^2
[INFO GPL-0005] ---- Execute Conjugate Gradient Initial Placement.
[INFO GPL-0051] Source of initial instance position counters:
	Odb location = 0	Core center = 476	Region center = 0
[InitialPlace]  Iter: 1 conjugate gradient residual: 0.00000014 HPWL: 18867186
[InitialPlace]  Iter: 2 conjugate gradient residual: 0.00000008 HPWL: 8047546
[InitialPlace]  Iter: 3 conjugate gradient residual: 0.00000005 HPWL: 7704948
[InitialPlace]  Iter: 4 conjugate gradient residual: 0.00000011 HPWL: 7646495
[InitialPlace]  Iter: 5 conjugate gradient residual: 0.00000003 HPWL: 7599262
[INFO GPL-0033] ---- Initialize Nesterov Region: Top-level
[INFO GPL-0023] Placement target density:       0.2200
[INFO GPL-0024] Movable insts average area:      8.605 um^2
[INFO GPL-0025] Ideal bin area:                 39.113 um^2
[INFO GPL-0026] Ideal bin count:                  1695
[INFO GPL-0027] Total bin area:              66333.619 um^2
[INFO GPL-0028] Bin count (X, Y):          32 ,     32
[INFO GPL-0029] Bin size (W * H):       8.107 *  7.990 um
[INFO GPL-0030] Number of bins:                   1024
[INFO GPL-0007] ---- Execute Nesterov Global Placement.
[INFO GPL-0031] HPWL: Half-Perimeter Wirelength
Iteration | Overflow |     HPWL (um) |  HPWL(%) |   Penalty | Group
---------------------------------------------------------------
        0 |   0.9058 |  4.646924e+03 |   +0.00% |  1.40e-14 |      
       10 |   0.7748 |  6.160752e+03 |  +32.58% |  2.29e-14 |      
       20 |   0.7604 |  6.114728e+03 |   -0.75% |  3.72e-14 |      
       30 |   0.7562 |  6.153207e+03 |   +0.63% |  6.07e-14 |      
       40 |   0.7551 |  6.133984e+03 |   -0.31% |  9.88e-14 |      
       50 |   0.7531 |  6.131991e+03 |   -0.03% |  1.61e-13 |      
       60 |   0.7494 |  6.148231e+03 |   +0.26% |  2.62e-13 |      
       70 |   0.7458 |  6.152590e+03 |   +0.07% |  4.27e-13 |      
       80 |   0.7460 |  6.149452e+03 |   -0.05% |  6.96e-13 |      
       90 |   0.7467 |  6.150660e+03 |   +0.02% |  1.13e-12 |      
      100 |   0.7465 |  6.157011e+03 |   +0.10% |  1.85e-12 |      
      110 |   0.7458 |  6.163520e+03 |   +0.11% |  3.01e-12 |      
      120 |   0.7449 |  6.174226e+03 |   +0.17% |  4.90e-12 |      
      130 |   0.7454 |  6.202900e+03 |   +0.46% |  7.98e-12 |      
      140 |   0.7457 |  6.257960e+03 |   +0.89% |  1.30e-11 |      
      150 |   0.7454 |  6.341541e+03 |   +1.34% |  2.12e-11 |      
      160 |   0.7437 |  6.446190e+03 |   +1.65% |  3.45e-11 |      
      170 |   0.7374 |  6.540755e+03 |   +1.47% |  5.61e-11 |      
      180 |   0.7271 |  6.589609e+03 |   +0.75% |  9.15e-11 |      
      190 |   0.7218 |  6.677584e+03 |   +1.34% |  1.49e-10 |      
      200 |   0.7071 |  7.017005e+03 |   +5.08% |  2.43e-10 |      
      210 |   0.6898 |  7.356178e+03 |   +4.83% |  3.95e-10 |      
      220 |   0.6727 |  7.763740e+03 |   +5.54% |  6.44e-10 |      
      230 |   0.6501 |  8.132076e+03 |   +4.74% |  1.05e-09 |      
[INFO GPL-0100] Timing-driven iteration 1/2, virtual: false.
[INFO GPL-0101]    Iter: 237, overflow: 0.634, keep resizer changes at: 1, HPWL: 8448215
Iteration |   Area    | Resized | Buffers | Nets repaired | Remaining
---------------------------------------------------------------------
        0 |     +0.0% |       0 |       0 |             0 |       504
    final |     +1.5% |       4 |       3 |             4 |         0
---------------------------------------------------------------------
[INFO RSZ-0034] Found 4 slew violations.
[INFO RSZ-0039] Resized 4 instances.
[INFO RSZ-0038] Inserted 3 buffers in 4 nets.
   Iter   |    Area   | Removed | Inserted |   Pins
          |           | Buffers | Buffers  | Remaining
-------------------------------------------------------
        0 |     +0.0% |       0 |        0 |       481
       48 |     +0.2% |       0 |        1 |       433
       96 |     +0.3% |       0 |        2 |       385
      144 |     +0.5% |       0 |        3 |       337
      192 |     +0.6% |       0 |        4 |       289
      240 |     +1.7% |       0 |       11 |       241
      288 |     +4.4% |       0 |       28 |       193
      336 |     +4.4% |       0 |       28 |       145
      384 |     +4.7% |       0 |       30 |        97
      432 |     +5.7% |       0 |       36 |        49
      480 |     +6.2% |       3 |       47 |         1
    final |     +6.2% |       3 |       47 |         0
-------------------------------------------------------
[INFO GPL-0106] Timing-driven: worst slack 6.2828964e-10
[INFO GPL-0107] Timing-driven: repair_design delta area: 378.163 um^2 (+9.23%)
[INFO GPL-0108] Timing-driven: repair_design, gpl delta gcells: 47 (+9.87%)
[INFO GPL-0109] Timing-driven: repair_design, gcells created: 50, deleted: 3
[INFO GPL-0110] Timing-driven: new target density: 0.22579536
Iteration | Overflow |     HPWL (um) |  HPWL(%) |   Penalty | Group
---------------------------------------------------------------
      240 |   0.6328 |  9.442075e+03 |  +16.11% |  1.71e-09 |      
[INFO GPL-0038] Routability snapshot saved at iter = 247
      246 |   0.5983 |  1.019122e+04 |          |           |      
      250 |   0.5774 |  1.037586e+04 |   +9.89% |  2.78e-09 |      
      260 |   0.5652 |  1.065528e+04 |   +2.69% |  4.53e-09 |      
      270 |   0.5071 |  1.148511e+04 |   +7.79% |  7.38e-09 |      
      280 |   0.4710 |  1.179319e+04 |   +2.68% |  1.20e-08 |      
      290 |   0.4128 |  1.262462e+04 |   +7.05% |  1.96e-08 |      
      300 |   0.3647 |  1.310596e+04 |   +3.81% |  3.19e-08 |      
      310 |   0.2988 |  1.382757e+04 |   +5.51% |  4.89e-08 |      
[INFO GPL-0040] Routability iteration: 1
[INFO GPL-0041] Total routing overflow: 0.0000
[INFO GPL-0042] Number of overflowed tiles: 0 (0.00%)
[INFO GPL-0043] Average top 0.5% routing congestion: 0.8648
[INFO GPL-0044] Average top 1.0% routing congestion: 0.8233
[INFO GPL-0045] Average top 2.0% routing congestion: 0.7807
[INFO GPL-0046] Average top 5.0% routing congestion: 0.6839
[INFO GPL-0047] Routability iteration weighted routing congestion: 0.8440
[INFO GPL-0050] Weighted routing congestion is lower than target routing congestion(1.0100), end routability optimization.
[INFO GPL-0090] Routability finished. Target routing congestion achieved succesfully.
Iteration | Overflow |     HPWL (um) |  HPWL(%) |   Penalty | Group
---------------------------------------------------------------
      320 |   0.2666 |  1.436275e+04 |   +3.87% |  7.20e-08 |      
      330 |   0.2221 |  1.485510e+04 |   +3.43% |  1.06e-07 |      
[INFO GPL-0100] Timing-driven iteration 2/2, virtual: false.
[INFO GPL-0101]    Iter: 340, overflow: 0.193, keep resizer changes at: 1, HPWL: 15219823
Iteration |   Area    | Resized | Buffers | Nets repaired | Remaining
---------------------------------------------------------------------
        0 |     +0.0% |       0 |       0 |             0 |       551
    final |     +0.0% |       0 |       0 |             0 |         0
---------------------------------------------------------------------
   Iter   |    Area   | Removed | Inserted |   Pins
          |           | Buffers | Buffers  | Remaining
-------------------------------------------------------
        0 |     +0.0% |       0 |        0 |       481
       48 |     -0.1% |       1 |        0 |       433
       96 |     -0.3% |       2 |        0 |       385
      144 |     -0.4% |       3 |        0 |       337
      192 |     -0.6% |       4 |        0 |       289
      240 |     -1.6% |      11 |        0 |       241
      288 |     -3.4% |      28 |        5 |       193
      336 |     -3.4% |      28 |        5 |       145
      384 |     -3.4% |      30 |        7 |        97
      432 |     -3.6% |      36 |       12 |        49
      480 |     -2.3% |      47 |       30 |         1
    final |     -2.3% |      47 |       30 |         0
-------------------------------------------------------
[INFO GPL-0106] Timing-driven: worst slack 3.3829506e-10
[INFO GPL-0107] Timing-driven: repair_design delta area: -115.110 um^2 (-2.57%)
[INFO GPL-0108] Timing-driven: repair_design, gpl delta gcells: -17 (-3.25%)
[INFO GPL-0109] Timing-driven: repair_design, gcells created: 30, deleted: 47
[INFO GPL-0110] Timing-driven: new target density: 0.22403128
Iteration | Overflow |     HPWL (um) |  HPWL(%) |   Penalty | Group
---------------------------------------------------------------
      340 |   0.1957 |  1.597802e+04 |   +7.56% |  1.56e-07 |      
      350 |   0.1748 |  1.638345e+04 |   +2.54% |  2.30e-07 |      
      360 |   0.1549 |  1.633703e+04 |   -0.28% |  3.39e-07 |      
      370 |   0.1288 |  1.640595e+04 |   +0.42% |  5.00e-07 |      
      380 |   0.1107 |  1.642785e+04 |   +0.13% |  7.36e-07 |      
      384 |   0.0983 |  1.645830e+04 |          |  8.93e-07 |      
---------------------------------------------------------------
[INFO GPL-1001] Global placement finished at iteration 384
[INFO GPL-1003] Routability mode iteration count: 63
[INFO GPL-1005] Routability final weighted congestion: 0.7989
[INFO GPL-1002] Placed Cell Area             4358.9491
[INFO GPL-1003] Available Free Area         65252.5824
[INFO GPL-1004] Minimum Feasible Density        0.0700 (cell_area / free_area)
[INFO GPL-1006]   Suggested Target Densities:
[INFO GPL-1007]     - For 90% usage of free space: 0.0742
[INFO GPL-1008]     - For 80% usage of free space: 0.0835
[INFO GPL-1009]     - For 50% usage of free space: 0.1336
[INFO GPL-1011] Original area (um^2): 4095.90
[INFO GPL-1012] Total routability artificial inflation: 0.00 (+0.00%)
[INFO GPL-1013] Total timing-driven delta area: 263.05 (+6.42%)
[INFO GPL-1014] Final placement area: 4358.95 (+6.42%)
estimate_parasitics -placement
Report metrics stage 3, global place...

==========================================================================
global place report_design_area
--------------------------------------------------------------------------
Design area 4947 um^2 7% utilization.
write_db ./results/sky130hd/exp_fixed_point/base/3_3_place_gp.odb
Log                        Elapsed/s Peak Memory/MB  sha1sum .odb [0:20)
3_3_place_gp                       1            228 c147a16781b17d039328
/home/kyash/OpenROAD-flow-scripts-master/flow/scripts/flow.sh 3_4_place_resized resize
Running resize.tcl, stage 3_4_place_resized
read_liberty /home/kyash/OpenROAD-flow-scripts-master/flow/platforms/sky130hd/lib/sky130_fd_sc_hd__tt_025C_1v80.lib
read_db ./results/sky130hd/exp_fixed_point/base/3_3_place_gp.odb
read_sdc ./results/sky130hd/exp_fixed_point/base/2_floorplan.sdc
source /home/kyash/OpenROAD-flow-scripts-master/flow/platforms/sky130hd/setRC.tcl
estimate_parasitics -placement
Perform buffer insertion and gate resizing...
repair_design -verbose -match_cell_footprint
Iteration |   Area    | Resized | Buffers | Nets repaired | Remaining
---------------------------------------------------------------------
        0 |     +0.0% |       0 |       0 |             0 |       534
       10 |     +0.0% |       0 |       0 |             0 |       524
       20 |     +0.0% |       0 |       0 |             0 |       514
       30 |     +0.0% |       0 |       0 |             0 |       504
       40 |     +0.0% |       0 |       0 |             0 |       494
       50 |     +0.0% |       0 |       0 |             0 |       484
       60 |     +0.0% |       0 |       0 |             0 |       474
       70 |     +0.0% |       0 |       0 |             0 |       464
       80 |     +0.0% |       0 |       0 |             0 |       454
       90 |     +0.0% |       0 |       0 |             0 |       444
      100 |     +0.0% |       0 |       0 |             0 |       434
      110 |     +0.0% |       0 |       0 |             0 |       424
      120 |     +0.0% |       0 |       0 |             0 |       414
      130 |     +0.0% |       0 |       0 |             0 |       404
      140 |     +0.0% |       0 |       0 |             0 |       394
      150 |     +0.0% |       0 |       0 |             0 |       384
      160 |     +0.0% |       0 |       0 |             0 |       374
      170 |     +0.0% |       0 |       0 |             0 |       364
      180 |     +0.0% |       0 |       0 |             0 |       354
      190 |     +0.0% |       0 |       0 |             0 |       344
      200 |     +0.0% |       0 |       0 |             0 |       334
      210 |     +0.0% |       0 |       0 |             0 |       324
      220 |     +0.0% |       0 |       0 |             0 |       314
      230 |     +0.0% |       0 |       0 |             0 |       304
      240 |     +0.0% |       0 |       0 |             0 |       294
      250 |     +0.0% |       0 |       0 |             0 |       284
      260 |     +0.0% |       0 |       0 |             0 |       274
      270 |     +0.0% |       0 |       0 |             0 |       264
      280 |     +0.0% |       0 |       0 |             0 |       254
      290 |     +0.0% |       0 |       0 |             0 |       244
      300 |     +0.0% |       0 |       0 |             0 |       234
      310 |     +0.0% |       0 |       0 |             0 |       224
      320 |     +0.0% |       0 |       0 |             0 |       214
      330 |     +0.0% |       0 |       0 |             0 |       204
      340 |     +0.0% |       0 |       0 |             0 |       194
      350 |     +0.0% |       0 |       0 |             0 |       184
      360 |     +0.0% |       0 |       0 |             0 |       174
      370 |     +0.0% |       0 |       0 |             0 |       164
      380 |     +0.0% |       0 |       0 |             0 |       154
      390 |     +0.0% |       0 |       0 |             0 |       144
      400 |     +0.0% |       0 |       0 |             0 |       134
      410 |     +0.0% |       0 |       0 |             0 |       124
      420 |     +0.0% |       0 |       0 |             0 |       114
      430 |     +0.0% |       0 |       0 |             0 |       104
      440 |     +0.0% |       0 |       0 |             0 |        94
      450 |     +0.0% |       0 |       0 |             0 |        84
      460 |     +0.0% |       0 |       0 |             0 |        74
      470 |     +0.0% |       0 |       0 |             0 |        64
      480 |     +0.0% |       0 |       0 |             0 |        54
      490 |     +0.0% |       0 |       0 |             0 |        44
      500 |     +0.0% |       0 |       0 |             0 |        34
      510 |     +0.0% |       0 |       0 |             0 |        24
      520 |     +0.0% |       0 |       0 |             0 |        14
      530 |     +0.0% |       0 |       0 |             0 |         4
    final |     +0.0% |       0 |       0 |             0 |         0
---------------------------------------------------------------------
Floating nets: 
Report metrics stage 3, resizer...

==========================================================================
resizer report_design_area
--------------------------------------------------------------------------
Design area 4947 um^2 7% utilization.
Instance count before 1370, after 1370
Pin count before 1842, after 1842
write_db ./results/sky130hd/exp_fixed_point/base/3_4_place_resized.odb
Log                        Elapsed/s Peak Memory/MB  sha1sum .odb [0:20)
3_4_place_resized                  0            138 c147a16781b17d039328
/home/kyash/OpenROAD-flow-scripts-master/flow/scripts/flow.sh 3_5_place_dp detail_place
Running detail_place.tcl, stage 3_5_place_dp
read_liberty /home/kyash/OpenROAD-flow-scripts-master/flow/platforms/sky130hd/lib/sky130_fd_sc_hd__tt_025C_1v80.lib
read_db ./results/sky130hd/exp_fixed_point/base/3_4_place_resized.odb
read_sdc ./results/sky130hd/exp_fixed_point/base/2_floorplan.sdc
source /home/kyash/OpenROAD-flow-scripts-master/flow/platforms/sky130hd/setRC.tcl
[INFO DPL-0005] Max displacement: +/- 500 sites horizontally, +/- 100 rows vertically.
Movements Summary
---------------------------------------
Total cells:                     506
Diamond Move Success:            506 (100.00%)
Diamond Move Failure:              0
Rip-up and replace Success:        0 (  0.00% of diamond failures)
Rip-up and replace Failure:        0
Total Placement Failures:          0
---------------------------------------
Placement Analysis
---------------------------------
total displacement        609.7 u
average displacement        0.4 u
max displacement            4.9 u
original HPWL           16479.0 u
legalized HPWL          16735.9 u
delta HPWL                    2 %

Detailed placement improvement.
[INFO DPL-0401] Setting random seed to 1.
[INFO DPL-0402] Setting maximum displacement 5 1 to 13600 2720 units.
[INFO DPL-0320] Collected 891 fixed cells.
[INFO DPL-0318] Collected 506 single height cells.
[INFO DPL-0321] Collected 0 wide cells.
[INFO DPL-0322] Image (50140, 51680) - (309580, 307360)
[INFO DPL-0310] Assigned 506 cells into segments.  Movement in X-direction is 0.000000, movement in Y-direction is 0.000000.
[INFO DPL-0313] Found 0 cells in wrong regions.
[INFO DPL-0315] Found 0 row alignment problems.
[INFO DPL-0314] Found 0 site alignment problems.
[INFO DPL-0311] Found 0 overlaps between adjacent cells.
[INFO DPL-0312] Found 0 edge spacing violations and 0 padding violations.
[INFO DPL-0303] Running algorithm for independent set matching.
[INFO DPL-0300] Set matching objective is wirelength.
[INFO DPL-0301] Pass   1 of matching; objective is 1.674278e+07.
[INFO DPL-0302] End of matching; objective is 1.674278e+07, improvement is 0.00 percent.
[INFO DPL-0303] Running algorithm for global swaps.
[INFO DPL-0306] Pass   1 of global swaps; hpwl is 1.631139e+07.
[INFO DPL-0306] Pass   2 of global swaps; hpwl is 1.598376e+07.
[INFO DPL-0306] Pass   3 of global swaps; hpwl is 1.586944e+07.
[INFO DPL-0307] End of global swaps; objective is 1.586944e+07, improvement is 5.22 percent.
[INFO DPL-0303] Running algorithm for vertical swaps.
[INFO DPL-0308] Pass   1 of vertical swaps; hpwl is 1.576252e+07.
[INFO DPL-0309] End of vertical swaps; objective is 1.576252e+07, improvement is 0.67 percent.
[INFO DPL-0303] Running algorithm for reordering.
[INFO DPL-0304] Pass   1 of reordering; objective is 1.576073e+07.
[INFO DPL-0305] End of reordering; objective is 1.576073e+07, improvement is 0.01 percent.
[INFO DPL-0303] Running algorithm for random improvement.
[INFO DPL-0324] Random improver is using random generator.
[INFO DPL-0325] Random improver is using hpwl objective.
[INFO DPL-0326] Random improver cost string is (a).
[INFO DPL-0332] End of pass, Generator random called 10120 times.
[INFO DPL-0335] Generator random, Cumulative attempts 10120, swaps 432, moves  4487 since last reset.
[INFO DPL-0333] End of pass, Objective hpwl, Initial cost 1.576073e+07, Scratch cost 1.537165e+07, Incremental cost 1.537165e+07, Mismatch? N
[INFO DPL-0338] End of pass, Total cost is 1.537165e+07.
[INFO DPL-0327] Pass   1 of random improver; improvement in cost is 2.47 percent.
[INFO DPL-0332] End of pass, Generator random called 10120 times.
[INFO DPL-0335] Generator random, Cumulative attempts 20240, swaps 813, moves  8868 since last reset.
[INFO DPL-0333] End of pass, Objective hpwl, Initial cost 1.537165e+07, Scratch cost 1.520498e+07, Incremental cost 1.520498e+07, Mismatch? N
[INFO DPL-0338] End of pass, Total cost is 1.520498e+07.
[INFO DPL-0327] Pass   2 of random improver; improvement in cost is 1.08 percent.
[INFO DPL-0332] End of pass, Generator random called 10120 times.
[INFO DPL-0335] Generator random, Cumulative attempts 30360, swaps 1205, moves 13399 since last reset.
[INFO DPL-0333] End of pass, Objective hpwl, Initial cost 1.520498e+07, Scratch cost 1.511794e+07, Incremental cost 1.511794e+07, Mismatch? N
[INFO DPL-0338] End of pass, Total cost is 1.511794e+07.
[INFO DPL-0327] Pass   3 of random improver; improvement in cost is 0.57 percent.
[INFO DPL-0328] End of random improver; improvement is 4.078384 percent.
[INFO DPL-0380] Cell flipping.
[INFO DPL-0382] Changed 0 cell orientations for row compatibility.
[INFO DPL-0383] Performed 130 cell flips.
[INFO DPL-0384] End of flipping; objective is 1.492055e+07, improvement is 1.31 percent.
[INFO DPL-0313] Found 0 cells in wrong regions.
[INFO DPL-0315] Found 0 row alignment problems.
[INFO DPL-0314] Found 0 site alignment problems.
[INFO DPL-0311] Found 0 overlaps between adjacent cells.
[INFO DPL-0312] Found 0 edge spacing violations and 0 padding violations.
Detailed Improvement Results
------------------------------------------
Original HPWL            16735.9 u (    8083.7,     8652.2)
Final HPWL               14922.8 u (    6737.7,     8185.1)
Delta HPWL                 -10.8 % (     -16.7,       -5.4)

[INFO DPL-0020] Mirrored 31 instances
[INFO DPL-0021] HPWL before           14922.8 u
[INFO DPL-0022] HPWL after            14916.0 u
[INFO DPL-0023] HPWL delta               -0.0 %
[INFO FLW-0012] Placement violations .
estimate_parasitics -placement
Report metrics stage 3, detailed place...

==========================================================================
detailed place report_design_area
--------------------------------------------------------------------------
Design area 4947 um^2 7% utilization.
write_db ./results/sky130hd/exp_fixed_point/base/3_5_place_dp.odb
Log                        Elapsed/s Peak Memory/MB  sha1sum .odb [0:20)
3_5_place_dp                       0            125 980edfa39658e5c721d2
cp ./results/sky130hd/exp_fixed_point/base/3_5_place_dp.odb ./results/sky130hd/exp_fixed_point/base/3_place.odb
cp ./results/sky130hd/exp_fixed_point/base/2_floorplan.sdc ./results/sky130hd/exp_fixed_point/base/3_place.sdc
/home/kyash/OpenROAD-flow-scripts-master/flow/scripts/flow.sh 4_1_cts cts
Running cts.tcl, stage 4_1_cts
read_liberty /home/kyash/OpenROAD-flow-scripts-master/flow/platforms/sky130hd/lib/sky130_fd_sc_hd__tt_025C_1v80.lib
read_db ./results/sky130hd/exp_fixed_point/base/3_place.odb
read_sdc ./results/sky130hd/exp_fixed_point/base/3_place.sdc
source /home/kyash/OpenROAD-flow-scripts-master/flow/platforms/sky130hd/setRC.tcl
clock_tree_synthesis -sink_clustering_enable -repair_clock_nets
[INFO CTS-0050] Root buffer is sky130_fd_sc_hd__clkbuf_16.
[INFO CTS-0051] Sink buffer is sky130_fd_sc_hd__clkbuf_16.
[INFO CTS-0052] The following clock buffers will be used for CTS:
                    sky130_fd_sc_hd__clkbuf_16
[INFO CTS-0049] Characterization buffer is sky130_fd_sc_hd__clkbuf_16.
[INFO CTS-0007] Net "clk" found for clock "clk".
[INFO CTS-0010]  Clock net "clk" has 37 sinks.
[INFO CTS-0008] TritonCTS found 1 clock nets.
[INFO CTS-0097] Characterization used 1 buffer(s) types.
[INFO CTS-0201] 0 blockages from hard placement blockages and placed macros will be used.
[INFO CTS-0027] Generating H-Tree topology for net clk.
[INFO CTS-0028]  Total number of sinks: 37.
[INFO CTS-0090]  Sinks will be clustered based on buffer max cap.
[INFO CTS-0030]  Number of static layers: 0.
[INFO CTS-0020]  Wire segment unit: 13600  dbu (13 um).
[INFO CTS-0023]  Original sink region: [(125845, 175500), (275345, 297780)].
[INFO CTS-0024]  Normalized sink region: [(9.25331, 12.9044), (20.246, 21.8956)].
[INFO CTS-0025]     Width:  10.9926.
[INFO CTS-0026]     Height: 8.9912.
 Level 1
    Direction: Horizontal
    Sinks per sub-region: 19
    Sub-region size: 5.4963 X 8.9912
[INFO CTS-0034]     Segment length (rounded): 2.
 Level 2
    Direction: Vertical
    Sinks per sub-region: 10
    Sub-region size: 5.4963 X 4.4956
[INFO CTS-0034]     Segment length (rounded): 2.
[INFO CTS-0032]  Stop criterion found. Max number of sinks is 15.
[INFO CTS-0035]  Number of sinks covered: 37.
[INFO CTS-0018]     Created 5 clock buffers.
[INFO CTS-0012]     Minimum number of buffers in the clock path: 2.
[INFO CTS-0013]     Maximum number of buffers in the clock path: 2.
[INFO CTS-0015]     Created 5 clock nets.
[INFO CTS-0016]     Fanout distribution for the current clock = 6:1, 8:1, 10:1, 13:1..
[INFO CTS-0017]     Max level of the clock tree: 2.
[INFO CTS-0098] Clock net "clk"
[INFO CTS-0099]  Sinks 40
[INFO CTS-0100]  Leaf buffers 0
[INFO CTS-0101]  Average sink wire length 303.97 um
[INFO CTS-0102]  Path depth 2 - 2
[INFO CTS-0207]  Dummy loads inserted 3
estimate_parasitics -placement
[INFO DPL-0005] Max displacement: +/- 500 sites horizontally, +/- 100 rows vertically.
Movements Summary
---------------------------------------
Total cells:                     514
Diamond Move Success:            514 (100.00%)
Diamond Move Failure:              0
Rip-up and replace Success:        0 (  0.00% of diamond failures)
Rip-up and replace Failure:        0
Total Placement Failures:          0
---------------------------------------
Placement Analysis
---------------------------------
total displacement         23.4 u
average displacement        0.0 u
max displacement            2.7 u
original HPWL           15268.2 u
legalized HPWL          15481.2 u
delta HPWL                    1 %

estimate_parasitics -placement
repair_timing -setup_margin 0 -hold_margin 0 -repair_tns 100 -match_cell_footprint -verbose
[INFO RSZ-0100] Repair move sequence: UnbufferMove SizeUpMove SwapPinsMove BufferMove CloneMove SplitLoadMove 
[INFO RSZ-0098] No setup violations found
[INFO RSZ-0033] No hold violations found.
[INFO DPL-0005] Max displacement: +/- 500 sites horizontally, +/- 100 rows vertically.
Movements Summary
---------------------------------------
Total cells:                     514
Diamond Move Success:            514 (100.00%)
Diamond Move Failure:              0
Rip-up and replace Success:        0 (  0.00% of diamond failures)
Rip-up and replace Failure:        0
Total Placement Failures:          0
---------------------------------------
Placement Analysis
---------------------------------
total displacement          0.0 u
average displacement        0.0 u
max displacement            0.0 u
original HPWL           15481.2 u
legalized HPWL          15481.2 u
delta HPWL                    0 %

Report metrics stage 4, cts final...

==========================================================================
cts final report_design_area
--------------------------------------------------------------------------
Design area 5094 um^2 8% utilization.
write_db ./results/sky130hd/exp_fixed_point/base/4_1_cts.odb
write_sdc -no_timestamp ./results/sky130hd/exp_fixed_point/base/4_cts.sdc
Log                        Elapsed/s Peak Memory/MB  sha1sum .odb [0:20)
4_1_cts                            1            148 480525f4a344fad6577b
cp ./results/sky130hd/exp_fixed_point/base/4_1_cts.odb ./results/sky130hd/exp_fixed_point/base/4_cts.odb
/home/kyash/OpenROAD-flow-scripts-master/flow/scripts/flow.sh 5_1_grt global_route
Running global_route.tcl, stage 5_1_grt
read_liberty /home/kyash/OpenROAD-flow-scripts-master/flow/platforms/sky130hd/lib/sky130_fd_sc_hd__tt_025C_1v80.lib
read_db ./results/sky130hd/exp_fixed_point/base/4_cts.odb
read_sdc ./results/sky130hd/exp_fixed_point/base/4_cts.sdc
source /home/kyash/OpenROAD-flow-scripts-master/flow/platforms/sky130hd/setRC.tcl
pin_access
[INFO DRT-0149] Reading tech and libs.
[WARNING DRT-0349] LEF58_ENCLOSURE with no CUTCLASS is not supported. Skipping for layer mcon
[WARNING DRT-0349] LEF58_ENCLOSURE with no CUTCLASS is not supported. Skipping for layer mcon
[WARNING DRT-0349] LEF58_ENCLOSURE with no CUTCLASS is not supported. Skipping for layer via
[WARNING DRT-0349] LEF58_ENCLOSURE with no CUTCLASS is not supported. Skipping for layer via
[WARNING DRT-0349] LEF58_ENCLOSURE with no CUTCLASS is not supported. Skipping for layer via2
[WARNING DRT-0349] LEF58_ENCLOSURE with no CUTCLASS is not supported. Skipping for layer via2
[WARNING DRT-0349] LEF58_ENCLOSURE with no CUTCLASS is not supported. Skipping for layer via3
[WARNING DRT-0349] LEF58_ENCLOSURE with no CUTCLASS is not supported. Skipping for layer via3
[WARNING DRT-0349] LEF58_ENCLOSURE with no CUTCLASS is not supported. Skipping for layer via4
[WARNING DRT-0349] LEF58_ENCLOSURE with no CUTCLASS is not supported. Skipping for layer via4

Units:                1000
Number of layers:     13
Number of macros:     441
Number of vias:       29
Number of viarulegen: 25

[INFO DRT-0150] Reading design.

Design:                   exp_fixed_point
Die area:                 ( 0 0 ) ( 360000 360000 )
Number of track patterns: 12
Number of DEF vias:       0
Number of components:     1378
Number of terminals:      29
Number of snets:          2
Number of nets:           533

[INFO DRT-0167] List of default vias:
  Layer via
    default via: M1M2_PR
  Layer via2
    default via: M2M3_PR
  Layer via3
    default via: M3M4_PR
  Layer via4
    default via: M4M5_PR
[INFO DRT-0162] Library cell analysis.
[INFO DRT-0163] Instance analysis.
[INFO DRT-0164] Number of unique instances = 110.
[INFO DRT-0168] Init region query.
[INFO DRT-0024]   Complete FR_MASTERSLICE.
[INFO DRT-0024]   Complete Fr_VIA.
[INFO DRT-0024]   Complete li1.
[INFO DRT-0024]   Complete mcon.
[INFO DRT-0024]   Complete met1.
[INFO DRT-0024]   Complete via.
[INFO DRT-0024]   Complete met2.
[INFO DRT-0024]   Complete via2.
[INFO DRT-0024]   Complete met3.
[INFO DRT-0024]   Complete via3.
[INFO DRT-0024]   Complete met4.
[INFO DRT-0024]   Complete via4.
[INFO DRT-0024]   Complete met5.
[INFO DRT-0033] FR_MASTERSLICE shape region query size = 0.
[INFO DRT-0033] FR_VIA shape region query size = 0.
[INFO DRT-0033] li1 shape region query size = 15784.
[INFO DRT-0033] mcon shape region query size = 8400.
[INFO DRT-0033] met1 shape region query size = 4114.
[INFO DRT-0033] via shape region query size = 4515.
[INFO DRT-0033] met2 shape region query size = 2727.
[INFO DRT-0033] via2 shape region query size = 3612.
[INFO DRT-0033] met3 shape region query size = 2718.
[INFO DRT-0033] via3 shape region query size = 3612.
[INFO DRT-0033] met4 shape region query size = 1093.
[INFO DRT-0033] via4 shape region query size = 171.
[INFO DRT-0033] met5 shape region query size = 207.
[INFO DRT-0165] Start pin access.
[INFO DRT-0078]   Complete 888 pins.
[INFO DRT-0079]   Complete 100 unique inst patterns.
[INFO DRT-0081]   Complete 110 unique inst patterns.
[INFO DRT-0084]   Complete 397 groups.
#scanned instances     = 1378
#unique  instances     = 110
#stdCellGenAp          = 3582
#stdCellValidPlanarAp  = 28
#stdCellValidViaAp     = 2790
#stdCellPinNoAp        = 0
#stdCellPinCnt         = 1849
#instTermValidViaApCnt = 0
#macroGenAp            = 0
#macroValidPlanarAp    = 0
#macroValidViaAp       = 0
#macroNoAp             = 0
[INFO DRT-0166] Complete pin access.
[INFO DRT-0267] cpu time = 00:00:51, elapsed time = 00:00:04, memory = 131.44 (MB), peak = 131.44 (MB)
global_route -congestion_report_file ./reports/sky130hd/exp_fixed_point/base/congestion.rpt -congestion_iterations 30 -congestion_report_iter_step 5 -verbose
[INFO GRT-0020] Min routing layer: met1
[INFO GRT-0021] Max routing layer: met5
[INFO GRT-0022] Global adjustment: 0%
[INFO GRT-0023] Grid origin: (0, 0)
[INFO GRT-0088] Layer li1     Track-Pitch = 0.4600  line-2-Via Pitch: 0.3400
[INFO GRT-0088] Layer met1    Track-Pitch = 0.3400  line-2-Via Pitch: 0.3400
[INFO GRT-0088] Layer met2    Track-Pitch = 0.4600  line-2-Via Pitch: 0.3500
[INFO GRT-0088] Layer met3    Track-Pitch = 0.6800  line-2-Via Pitch: 0.6150
[INFO GRT-0088] Layer met4    Track-Pitch = 0.9200  line-2-Via Pitch: 1.0400
[INFO GRT-0088] Layer met5    Track-Pitch = 3.4000  line-2-Via Pitch: 3.1100
[INFO GRT-0003] Macros: 0
[INFO GRT-0004] Blockages: 578
[INFO GRT-0019] Found 6 clock nets.
[INFO GRT-0001] Minimum degree: 2
[INFO GRT-0002] Maximum degree: 36

[INFO GRT-0053] Routing resources analysis:
          Routing      Original      Derated      Resource
Layer     Direction    Resources     Resources    Reduction (%)
---------------------------------------------------------------
li1        Vertical            0             0          0.00%
met1       Horizontal      46558         36432          21.75%
met2       Vertical        36842         28835          21.73%
met3       Horizontal      26029         20431          21.51%
met4       Vertical        18269         13383          26.74%
met5       Horizontal       4506          2716          39.72%
---------------------------------------------------------------

[INFO GRT-0101] Running extra iterations to remove overflow.
[INFO GRT-0102] Start extra iteration 1/30
[INFO GRT-0102] Start extra iteration 2/30
[INFO GRT-0102] Start extra iteration 3/30
[INFO GRT-0197] Via related to pin nodes: 3190
[INFO GRT-0198] Via related Steiner nodes: 103
[INFO GRT-0199] Via filling finished.
[INFO GRT-0111] Final number of vias: 4019
[INFO GRT-0112] Final usage 3D: 14904

[INFO GRT-0096] Final congestion report:
Layer         Resource        Demand        Usage (%)    Max H / Max V / Total Overflow
---------------------------------------------------------------------------------------
li1                  0             0            0.00%             0 /  0 /  0
met1             36432          1294            3.55%             0 /  0 /  0
met2             28835          1353            4.69%             0 /  0 /  0
met3             20431           160            0.78%             0 /  0 /  0
met4             13383            40            0.30%             0 /  0 /  0
met5              2716             0            0.00%             0 /  0 /  0
---------------------------------------------------------------------------------------
Total           101797          2847            2.80%             0 /  0 /  0

[INFO GRT-0018] Total wirelength: 29538 um
[INFO GRT-0014] Routed nets: 524
[INFO GRT-0303] Global routing runtime = 00:00:00
estimate_parasitics -global_routing
Perform buffer insertion and gate resizing...
repair_design -verbose
Iteration |   Area    | Resized | Buffers | Nets repaired | Remaining
---------------------------------------------------------------------
        0 |     +0.0% |       0 |       0 |             0 |       542
       10 |     +0.0% |       0 |       0 |             0 |       532
       20 |     +0.0% |       0 |       0 |             0 |       522
       30 |     +0.0% |       0 |       0 |             0 |       512
       40 |     +0.0% |       0 |       0 |             0 |       502
       50 |     +0.0% |       0 |       0 |             0 |       492
       60 |     +0.0% |       0 |       0 |             0 |       482
       70 |     +0.0% |       0 |       0 |             0 |       472
       80 |     +0.0% |       0 |       0 |             0 |       462
       90 |     +0.0% |       0 |       0 |             0 |       452
      100 |     +0.0% |       0 |       0 |             0 |       442
      110 |     +0.0% |       0 |       0 |             0 |       432
      120 |     +0.0% |       0 |       0 |             0 |       422
      130 |     +0.0% |       0 |       0 |             0 |       412
      140 |     +0.0% |       0 |       0 |             0 |       402
      150 |     +0.0% |       0 |       0 |             0 |       392
      160 |     +0.0% |       0 |       0 |             0 |       382
      170 |     +0.0% |       0 |       0 |             0 |       372
      180 |     +0.0% |       0 |       0 |             0 |       362
      190 |     +0.0% |       0 |       0 |             0 |       352
      200 |     +0.0% |       0 |       0 |             0 |       342
      210 |     +0.0% |       0 |       0 |             0 |       332
      220 |     +0.0% |       0 |       0 |             0 |       322
      230 |     +0.0% |       0 |       0 |             0 |       312
      240 |     +0.0% |       0 |       0 |             0 |       302
      250 |     +0.0% |       0 |       0 |             0 |       292
      260 |     +0.0% |       0 |       0 |             0 |       282
[WARNING RSZ-0104] Net _479_ only has one pin. Check if it is intended to be dangling.
[WARNING RSZ-0104] Net _478_ only has one pin. Check if it is intended to be dangling.
[WARNING RSZ-0104] Net _475_ only has one pin. Check if it is intended to be dangling.
      270 |     +0.0% |       0 |       0 |             0 |       272
[WARNING RSZ-0104] Net _473_ only has one pin. Check if it is intended to be dangling.
      280 |     +0.0% |       0 |       0 |             0 |       262
      290 |     +0.0% |       0 |       0 |             0 |       252
      300 |     +0.0% |       0 |       0 |             0 |       242
      310 |     +0.0% |       0 |       0 |             0 |       232
      320 |     +0.0% |       0 |       0 |             0 |       222
[WARNING RSZ-0104] Net _481_ only has one pin. Check if it is intended to be dangling.
      330 |     +0.0% |       0 |       0 |             0 |       212
[WARNING RSZ-0104] Net _480_ only has one pin. Check if it is intended to be dangling.
[WARNING RSZ-0104] Net _477_ only has one pin. Check if it is intended to be dangling.
[WARNING RSZ-0104] Net _476_ only has one pin. Check if it is intended to be dangling.
[WARNING RSZ-0104] Net _474_ only has one pin. Check if it is intended to be dangling.
      340 |     +0.0% |       0 |       0 |             0 |       202
      350 |     +0.0% |       0 |       0 |             0 |       192
      360 |     +0.0% |       0 |       0 |             0 |       182
      370 |     +0.0% |       0 |       0 |             0 |       172
      380 |     +0.0% |       0 |       0 |             0 |       162
      390 |     +0.0% |       0 |       0 |             0 |       152
      400 |     +0.0% |       0 |       0 |             0 |       142
      410 |     +0.0% |       0 |       0 |             0 |       132
      420 |     +0.0% |       0 |       0 |             0 |       122
      430 |     +0.0% |       0 |       0 |             0 |       112
      440 |     +0.0% |       0 |       0 |             0 |       102
      450 |     +0.0% |       0 |       0 |             0 |        92
      460 |     +0.0% |       0 |       0 |             0 |        82
      470 |     +0.0% |       0 |       0 |             0 |        72
      480 |     +0.0% |       0 |       0 |             0 |        62
      490 |     +0.0% |       0 |       0 |             0 |        52
      500 |     +0.0% |       0 |       0 |             0 |        42
      510 |     +0.0% |       0 |       0 |             0 |        32
      520 |     +0.0% |       0 |       0 |             0 |        22
      530 |     +0.0% |       0 |       0 |             0 |        12
      540 |     +0.0% |       0 |       0 |             0 |         2
    final |     +0.0% |       0 |       0 |             0 |         0
---------------------------------------------------------------------
global_route -start_incremental
detailed_placement
[INFO DPL-0005] Max displacement: +/- 500 sites horizontally, +/- 100 rows vertically.
Movements Summary
---------------------------------------
Total cells:                     514
Diamond Move Success:            514 (100.00%)
Diamond Move Failure:              0
Rip-up and replace Success:        0 (  0.00% of diamond failures)
Rip-up and replace Failure:        0
Total Placement Failures:          0
---------------------------------------
Placement Analysis
---------------------------------
total displacement          0.0 u
average displacement        0.0 u
max displacement            0.0 u
original HPWL           15481.2 u
legalized HPWL          15481.2 u
delta HPWL                    0 %

global_route -end_incremental -congestion_report_file ./reports/sky130hd/exp_fixed_point/base/congestion_post_repair_design.rpt
Repair setup and hold violations...
estimate_parasitics -global_routing
repair_timing -setup_margin 0 -hold_margin 0 -repair_tns 100 -verbose
[INFO RSZ-0100] Repair move sequence: UnbufferMove SizeUpMove SwapPinsMove BufferMove CloneMove SplitLoadMove 
[INFO RSZ-0098] No setup violations found
[INFO RSZ-0033] No hold violations found.
global_route -start_incremental
detailed_placement
[INFO DPL-0005] Max displacement: +/- 500 sites horizontally, +/- 100 rows vertically.
Movements Summary
---------------------------------------
Total cells:                     514
Diamond Move Success:            514 (100.00%)
Diamond Move Failure:              0
Rip-up and replace Success:        0 (  0.00% of diamond failures)
Rip-up and replace Failure:        0
Total Placement Failures:          0
---------------------------------------
Placement Analysis
---------------------------------
total displacement          0.0 u
average displacement        0.0 u
max displacement            0.0 u
original HPWL           15481.2 u
legalized HPWL          15481.2 u
delta HPWL                    0 %

global_route -end_incremental -congestion_report_file ./reports/sky130hd/exp_fixed_point/base/congestion_post_repair_timing.rpt
global_route -start_incremental
global_route -end_incremental -congestion_report_file ./reports/sky130hd/exp_fixed_point/base/congestion_post_recover_power.rpt
Repair antennas...
[INFO GRT-0012] Found 1 antenna violations.
[INFO GRT-0302] Inserted 1 jumpers for 1 nets.
[INFO GRT-0012] Found 0 antenna violations.
[INFO ANT-0002] Found 0 net violations.
[INFO ANT-0001] Found 0 pin violations.
Estimate parasitics...
estimate_parasitics -global_routing
Report metrics stage 5, global route...

==========================================================================
global route report_design_area
--------------------------------------------------------------------------
Design area 5094 um^2 8% utilization.
[INFO FLW-0007] clock clk period 3.000000
[INFO FLW-0008] Clock clk period 2.617
[INFO FLW-0009] Clock clk slack 0.245
[INFO FLW-0011] Path endpoint path count 59
write_db ./results/sky130hd/exp_fixed_point/base/5_1_grt.odb
write_sdc -no_timestamp ./results/sky130hd/exp_fixed_point/base/5_1_grt.sdc
Log                        Elapsed/s Peak Memory/MB  sha1sum .odb [0:20)
5_1_grt                            6            249 4f7f1989f1aec94a0966
/home/kyash/OpenROAD-flow-scripts-master/flow/scripts/flow.sh 5_2_route detail_route
Running detail_route.tcl, stage 5_2_route
read_liberty /home/kyash/OpenROAD-flow-scripts-master/flow/platforms/sky130hd/lib/sky130_fd_sc_hd__tt_025C_1v80.lib
read_db ./results/sky130hd/exp_fixed_point/base/5_1_grt.odb
read_sdc ./results/sky130hd/exp_fixed_point/base/5_1_grt.sdc
source /home/kyash/OpenROAD-flow-scripts-master/flow/platforms/sky130hd/setRC.tcl
detailed_route -output_drc ./reports/sky130hd/exp_fixed_point/base/5_route_drc.rpt -output_maze ./results/sky130hd/exp_fixed_point/base/maze.log -droute_end_iter 64 -verbose 1 -drc_report_iter_step 5
[INFO DRT-0149] Reading tech and libs.
[WARNING DRT-0349] LEF58_ENCLOSURE with no CUTCLASS is not supported. Skipping for layer mcon
[WARNING DRT-0349] LEF58_ENCLOSURE with no CUTCLASS is not supported. Skipping for layer mcon
[WARNING DRT-0349] LEF58_ENCLOSURE with no CUTCLASS is not supported. Skipping for layer via
[WARNING DRT-0349] LEF58_ENCLOSURE with no CUTCLASS is not supported. Skipping for layer via
[WARNING DRT-0349] LEF58_ENCLOSURE with no CUTCLASS is not supported. Skipping for layer via2
[WARNING DRT-0349] LEF58_ENCLOSURE with no CUTCLASS is not supported. Skipping for layer via2
[WARNING DRT-0349] LEF58_ENCLOSURE with no CUTCLASS is not supported. Skipping for layer via3
[WARNING DRT-0349] LEF58_ENCLOSURE with no CUTCLASS is not supported. Skipping for layer via3
[WARNING DRT-0349] LEF58_ENCLOSURE with no CUTCLASS is not supported. Skipping for layer via4
[WARNING DRT-0349] LEF58_ENCLOSURE with no CUTCLASS is not supported. Skipping for layer via4

Units:                1000
Number of layers:     13
Number of macros:     441
Number of vias:       29
Number of viarulegen: 25

[INFO DRT-0150] Reading design.

Design:                   exp_fixed_point
Die area:                 ( 0 0 ) ( 360000 360000 )
Number of track patterns: 12
Number of DEF vias:       0
Number of components:     1378
Number of terminals:      29
Number of snets:          2
Number of nets:           533

[INFO DRT-0167] List of default vias:
  Layer via
    default via: M1M2_PR
  Layer via2
    default via: M2M3_PR
  Layer via3
    default via: M3M4_PR
  Layer via4
    default via: M4M5_PR
[INFO DRT-0162] Library cell analysis.
[INFO DRT-0163] Instance analysis.
[INFO DRT-0164] Number of unique instances = 110.
[INFO DRT-0168] Init region query.
[INFO DRT-0024]   Complete FR_MASTERSLICE.
[INFO DRT-0024]   Complete Fr_VIA.
[INFO DRT-0024]   Complete li1.
[INFO DRT-0024]   Complete mcon.
[INFO DRT-0024]   Complete met1.
[INFO DRT-0024]   Complete via.
[INFO DRT-0024]   Complete met2.
[INFO DRT-0024]   Complete via2.
[INFO DRT-0024]   Complete met3.
[INFO DRT-0024]   Complete via3.
[INFO DRT-0024]   Complete met4.
[INFO DRT-0024]   Complete via4.
[INFO DRT-0024]   Complete met5.
[INFO DRT-0033] FR_MASTERSLICE shape region query size = 0.
[INFO DRT-0033] FR_VIA shape region query size = 0.
[INFO DRT-0033] li1 shape region query size = 15784.
[INFO DRT-0033] mcon shape region query size = 8400.
[INFO DRT-0033] met1 shape region query size = 4114.
[INFO DRT-0033] via shape region query size = 4515.
[INFO DRT-0033] met2 shape region query size = 2727.
[INFO DRT-0033] via2 shape region query size = 3612.
[INFO DRT-0033] met3 shape region query size = 2718.
[INFO DRT-0033] via3 shape region query size = 3612.
[INFO DRT-0033] met4 shape region query size = 1093.
[INFO DRT-0033] via4 shape region query size = 171.
[INFO DRT-0033] met5 shape region query size = 207.
[INFO DRT-0165] Start pin access.
[INFO DRT-0078]   Complete 888 pins.
[INFO DRT-0079]   Complete 100 unique inst patterns.
[INFO DRT-0081]   Complete 110 unique inst patterns.
[INFO DRT-0084]   Complete 397 groups.
#scanned instances     = 1378
#unique  instances     = 110
#stdCellGenAp          = 3582
#stdCellValidPlanarAp  = 28
#stdCellValidViaAp     = 2790
#stdCellPinNoAp        = 0
#stdCellPinCnt         = 1849
#instTermValidViaApCnt = 0
#macroGenAp            = 0
#macroValidPlanarAp    = 0
#macroValidViaAp       = 0
#macroNoAp             = 0
[INFO DRT-0166] Complete pin access.
[INFO DRT-0267] cpu time = 00:00:51, elapsed time = 00:00:04, memory = 214.43 (MB), peak = 214.43 (MB)

[INFO DRT-0157] Number of guides:     4405

[INFO DRT-0169] Post process guides.
[INFO DRT-0176] GCELLGRID X 0 DO 52 STEP 6900 ;
[INFO DRT-0177] GCELLGRID Y 0 DO 52 STEP 6900 ;
[INFO DRT-0028]   Complete FR_MASTERSLICE.
[INFO DRT-0028]   Complete Fr_VIA.
[INFO DRT-0028]   Complete li1.
[INFO DRT-0028]   Complete mcon.
[INFO DRT-0028]   Complete met1.
[INFO DRT-0028]   Complete via.
[INFO DRT-0028]   Complete met2.
[INFO DRT-0028]   Complete via2.
[INFO DRT-0028]   Complete met3.
[INFO DRT-0028]   Complete via3.
[INFO DRT-0028]   Complete met4.
[INFO DRT-0028]   Complete via4.
[INFO DRT-0028]   Complete met5.
[INFO DRT-0178] Init guide query.
[INFO DRT-0035]   Complete FR_MASTERSLICE (guide).
[INFO DRT-0035]   Complete Fr_VIA (guide).
[INFO DRT-0035]   Complete li1 (guide).
[INFO DRT-0035]   Complete mcon (guide).
[INFO DRT-0035]   Complete met1 (guide).
[INFO DRT-0035]   Complete via (guide).
[INFO DRT-0035]   Complete met2 (guide).
[INFO DRT-0035]   Complete via2 (guide).
[INFO DRT-0035]   Complete met3 (guide).
[INFO DRT-0035]   Complete via3 (guide).
[INFO DRT-0035]   Complete met4 (guide).
[INFO DRT-0035]   Complete via4 (guide).
[INFO DRT-0035]   Complete met5 (guide).
[INFO DRT-0036] FR_MASTERSLICE guide region query size = 0.
[INFO DRT-0036] FR_VIA guide region query size = 0.
[INFO DRT-0036] li1 guide region query size = 1575.
[INFO DRT-0036] mcon guide region query size = 0.
[INFO DRT-0036] met1 guide region query size = 1387.
[INFO DRT-0036] via guide region query size = 0.
[INFO DRT-0036] met2 guide region query size = 699.
[INFO DRT-0036] via2 guide region query size = 0.
[INFO DRT-0036] met3 guide region query size = 29.
[INFO DRT-0036] via3 guide region query size = 0.
[INFO DRT-0036] met4 guide region query size = 11.
[INFO DRT-0036] via4 guide region query size = 0.
[INFO DRT-0036] met5 guide region query size = 1.
[INFO DRT-0179] Init gr pin query.
[INFO DRT-0267] cpu time = 00:00:00, elapsed time = 00:00:00, memory = 215.18 (MB), peak = 215.18 (MB)
[INFO DRT-0245] skipped writing guide updates to database.
[INFO DRT-0181] Start track assignment.
[INFO DRT-0184] Done with 2285 vertical wires in 2 frboxes and 1417 horizontal wires in 2 frboxes.
[INFO DRT-0186] Done with 261 vertical wires in 2 frboxes and 408 horizontal wires in 2 frboxes.
[INFO DRT-0182] Complete track assignment.
[INFO DRT-0267] cpu time = 00:00:00, elapsed time = 00:00:00, memory = 222.68 (MB), peak = 222.68 (MB)
[INFO DRT-0187] Start routing data preparation.
[INFO DRT-0267] cpu time = 00:00:00, elapsed time = 00:00:00, memory = 223.18 (MB), peak = 223.18 (MB)
[INFO DRT-0194] Start detail routing.
[INFO DRT-0195] Start 0th optimization iteration.
    Completing 10% with 0 violations.
    elapsed time = 00:00:00, memory = 223.68 (MB).
    Completing 20% with 0 violations.
    elapsed time = 00:00:00, memory = 264.96 (MB).
    Completing 30% with 80 violations.
    elapsed time = 00:00:04, memory = 248.75 (MB).
    Completing 40% with 80 violations.
    elapsed time = 00:00:04, memory = 285.88 (MB).
    Completing 50% with 80 violations.
    elapsed time = 00:00:04, memory = 344.00 (MB).
    Completing 60% with 144 violations.
    elapsed time = 00:00:04, memory = 344.38 (MB).
    Completing 70% with 144 violations.
    elapsed time = 00:00:05, memory = 380.50 (MB).
    Completing 80% with 191 violations.
    elapsed time = 00:00:06, memory = 397.38 (MB).
    Completing 90% with 191 violations.
    elapsed time = 00:00:06, memory = 419.75 (MB).
    Completing 100% with 225 violations.
    elapsed time = 00:00:06, memory = 452.00 (MB).
[INFO DRT-0199]   Number of violations = 287.
Viol/Layer        met1   met2   met3
Metal Spacing       45     14      0
Recheck             45     15      2
Short              150     16      0
[INFO DRT-0267] cpu time = 00:00:12, elapsed time = 00:00:07, memory = 812.50 (MB), peak = 812.50 (MB)
Total wire length = 20207 um.
Total wire length on LAYER li1 = 0 um.
Total wire length on LAYER met1 = 9527 um.
Total wire length on LAYER met2 = 9563 um.
Total wire length on LAYER met3 = 838 um.
Total wire length on LAYER met4 = 264 um.
Total wire length on LAYER met5 = 13 um.
Total number of vias = 3914.
Up-via summary (total 3914):

-----------------------
 FR_MASTERSLICE       0
            li1    1861
           met1    1996
           met2      37
           met3      18
           met4       2
-----------------------
               3914


[INFO DRT-0195] Start 1st optimization iteration.
    Completing 10% with 287 violations.
    elapsed time = 00:00:00, memory = 812.50 (MB).
    Completing 20% with 287 violations.
    elapsed time = 00:00:00, memory = 833.13 (MB).
    Completing 30% with 288 violations.
    elapsed time = 00:00:01, memory = 853.50 (MB).
    Completing 40% with 288 violations.
    elapsed time = 00:00:01, memory = 865.88 (MB).
    Completing 50% with 288 violations.
    elapsed time = 00:00:03, memory = 897.18 (MB).
    Completing 60% with 260 violations.
    elapsed time = 00:00:03, memory = 897.18 (MB).
    Completing 70% with 260 violations.
    elapsed time = 00:00:03, memory = 923.43 (MB).
    Completing 80% with 208 violations.
    elapsed time = 00:00:04, memory = 936.55 (MB).
    Completing 90% with 208 violations.
    elapsed time = 00:00:04, memory = 948.30 (MB).
    Completing 100% with 132 violations.
    elapsed time = 00:00:05, memory = 962.55 (MB).
[INFO DRT-0199]   Number of violations = 132.
Viol/Layer        met1   met2
Metal Spacing       12      4
Short              115      1
[INFO DRT-0267] cpu time = 00:00:09, elapsed time = 00:00:05, memory = 963.55 (MB), peak = 963.55 (MB)
Total wire length = 20081 um.
Total wire length on LAYER li1 = 0 um.
Total wire length on LAYER met1 = 9407 um.
Total wire length on LAYER met2 = 9549 um.
Total wire length on LAYER met3 = 855 um.
Total wire length on LAYER met4 = 255 um.
Total wire length on LAYER met5 = 13 um.
Total number of vias = 3885.
Up-via summary (total 3885):

-----------------------
 FR_MASTERSLICE       0
            li1    1864
           met1    1963
           met2      40
           met3      16
           met4       2
-----------------------
               3885


[INFO DRT-0195] Start 2nd optimization iteration.
    Completing 10% with 132 violations.
    elapsed time = 00:00:00, memory = 963.55 (MB).
    Completing 20% with 132 violations.
    elapsed time = 00:00:00, memory = 963.55 (MB).
    Completing 30% with 132 violations.
    elapsed time = 00:00:00, memory = 983.43 (MB).
    Completing 40% with 151 violations.
    elapsed time = 00:00:00, memory = 983.43 (MB).
    Completing 50% with 151 violations.
    elapsed time = 00:00:00, memory = 983.43 (MB).
    Completing 60% with 142 violations.
    elapsed time = 00:00:01, memory = 983.43 (MB).
    Completing 70% with 142 violations.
    elapsed time = 00:00:01, memory = 983.43 (MB).
    Completing 80% with 142 violations.
    elapsed time = 00:00:03, memory = 987.16 (MB).
    Completing 90% with 115 violations.
    elapsed time = 00:00:03, memory = 987.16 (MB).
    Completing 100% with 99 violations.
    elapsed time = 00:00:05, memory = 992.67 (MB).
[INFO DRT-0199]   Number of violations = 99.
Viol/Layer        met1   met2
Metal Spacing       17      6
Short               75      1
[INFO DRT-0267] cpu time = 00:00:08, elapsed time = 00:00:05, memory = 992.67 (MB), peak = 1023.79 (MB)
Total wire length = 19945 um.
Total wire length on LAYER li1 = 0 um.
Total wire length on LAYER met1 = 9383 um.
Total wire length on LAYER met2 = 9467 um.
Total wire length on LAYER met3 = 828 um.
Total wire length on LAYER met4 = 252 um.
Total wire length on LAYER met5 = 13 um.
Total number of vias = 3836.
Up-via summary (total 3836):

-----------------------
 FR_MASTERSLICE       0
            li1    1859
           met1    1922
           met2      39
           met3      14
           met4       2
-----------------------
               3836


[INFO DRT-0195] Start 3rd guides tiles iteration.
    Completing 10% with 99 violations.
    elapsed time = 00:00:00, memory = 1085.42 (MB).
    Completing 20% with 99 violations.
    elapsed time = 00:00:01, memory = 1106.54 (MB).
    Completing 30% with 99 violations.
    elapsed time = 00:00:04, memory = 1045.45 (MB).
    Completing 40% with 0 violations.
    elapsed time = 00:00:04, memory = 1045.45 (MB).
    Completing 50% with 0 violations.
    elapsed time = 00:00:04, memory = 1045.45 (MB).
    Completing 60% with 0 violations.
    elapsed time = 00:00:04, memory = 1045.45 (MB).
    Completing 70% with 0 violations.
    elapsed time = 00:00:04, memory = 1045.45 (MB).
    Completing 80% with 0 violations.
    elapsed time = 00:00:04, memory = 1045.45 (MB).
    Completing 90% with 0 violations.
    elapsed time = 00:00:04, memory = 1045.45 (MB).
    Completing 100% with 0 violations.
    elapsed time = 00:00:04, memory = 1045.45 (MB).
[INFO DRT-0199]   Number of violations = 0.
[INFO DRT-0267] cpu time = 00:00:06, elapsed time = 00:00:04, memory = 1045.45 (MB), peak = 1118.29 (MB)
Total wire length = 19947 um.
Total wire length on LAYER li1 = 0 um.
Total wire length on LAYER met1 = 8875 um.
Total wire length on LAYER met2 = 9480 um.
Total wire length on LAYER met3 = 1278 um.
Total wire length on LAYER met4 = 299 um.
Total wire length on LAYER met5 = 13 um.
Total number of vias = 3869.
Up-via summary (total 3869):

-----------------------
 FR_MASTERSLICE       0
            li1    1854
           met1    1903
           met2      92
           met3      18
           met4       2
-----------------------
               3869


[INFO DRT-0198] Complete detail routing.
Total wire length = 19947 um.
Total wire length on LAYER li1 = 0 um.
Total wire length on LAYER met1 = 8875 um.
Total wire length on LAYER met2 = 9480 um.
Total wire length on LAYER met3 = 1278 um.
Total wire length on LAYER met4 = 299 um.
Total wire length on LAYER met5 = 13 um.
Total number of vias = 3869.
Up-via summary (total 3869):

-----------------------
 FR_MASTERSLICE       0
            li1    1854
           met1    1903
           met2      92
           met3      18
           met4       2
-----------------------
               3869


[INFO DRT-0267] cpu time = 00:00:36, elapsed time = 00:00:23, memory = 1045.58 (MB), peak = 1118.29 (MB)

[INFO DRT-0180] Post processing.
Took 28 seconds: detailed_route -output_drc ./reports/sky130hd/exp_fixed_point/base/5_route_drc.rpt -output_maze ./results/sky130hd/exp_fixed_point/base/maze.log -droute_end_iter 64 -verbose 1 -drc_report_iter_step 5
[INFO GRT-0012] Found 0 antenna violations.
[INFO ANT-0002] Found 0 net violations.
[INFO ANT-0001] Found 0 pin violations.
[INFO ANT-0002] Found 0 net violations.
[INFO ANT-0001] Found 0 pin violations.
Design area 5094 um^2 8% utilization.
write_db ./results/sky130hd/exp_fixed_point/base/5_2_route.odb
Log                        Elapsed/s Peak Memory/MB  sha1sum .odb [0:20)
5_2_route                         29           1118 fe08856220f9b15a3855
/home/kyash/OpenROAD-flow-scripts-master/flow/scripts/flow.sh 5_3_fillcell fillcell
Running fillcell.tcl, stage 5_3_fillcell
read_liberty /home/kyash/OpenROAD-flow-scripts-master/flow/platforms/sky130hd/lib/sky130_fd_sc_hd__tt_025C_1v80.lib
read_db ./results/sky130hd/exp_fixed_point/base/5_2_route.odb
read_sdc ./results/sky130hd/exp_fixed_point/base/5_1_grt.sdc
source /home/kyash/OpenROAD-flow-scripts-master/flow/platforms/sky130hd/setRC.tcl
filler_placement "sky130_fd_sc_hd__fill_1 sky130_fd_sc_hd__fill_2 sky130_fd_sc_hd__fill_4 sky130_fd_sc_hd__fill_8"
[INFO DPL-0001] Placed 7852 filler instances.
Design area 5094 um^2 8% utilization.
write_db ./results/sky130hd/exp_fixed_point/base/5_3_fillcell.odb
Log                        Elapsed/s Peak Memory/MB  sha1sum .odb [0:20)
5_3_fillcell                       0            128 cc75e748ba4eb80a2ad2
cp ./results/sky130hd/exp_fixed_point/base/5_3_fillcell.odb ./results/sky130hd/exp_fixed_point/base/5_route.odb
cp ./results/sky130hd/exp_fixed_point/base/5_1_grt.sdc ./results/sky130hd/exp_fixed_point/base/5_route.sdc
/home/kyash/OpenROAD-flow-scripts-master/flow/scripts/flow.sh 6_1_fill density_fill
Running density_fill.tcl, stage 6_1_fill
read_liberty /home/kyash/OpenROAD-flow-scripts-master/flow/platforms/sky130hd/lib/sky130_fd_sc_hd__tt_025C_1v80.lib
read_db ./results/sky130hd/exp_fixed_point/base/5_route.odb
read_sdc ./results/sky130hd/exp_fixed_point/base/5_route.sdc
source /home/kyash/OpenROAD-flow-scripts-master/flow/platforms/sky130hd/setRC.tcl
exec cp ./results/sky130hd/exp_fixed_point/base/5_route.odb ./results/sky130hd/exp_fixed_point/base/6_1_fill.odb
Log                        Elapsed/s Peak Memory/MB  sha1sum .odb [0:20)
6_1_fill                           0            122 cc75e748ba4eb80a2ad2
cp ./results/sky130hd/exp_fixed_point/base/5_route.sdc ./results/sky130hd/exp_fixed_point/base/6_1_fill.sdc
/home/kyash/OpenROAD-flow-scripts-master/flow/scripts/flow.sh 6_report final_report
Running final_report.tcl, stage 6_report
read_liberty /home/kyash/OpenROAD-flow-scripts-master/flow/platforms/sky130hd/lib/sky130_fd_sc_hd__tt_025C_1v80.lib
read_db ./results/sky130hd/exp_fixed_point/base/6_1_fill.odb
read_sdc ./results/sky130hd/exp_fixed_point/base/6_1_fill.sdc
source /home/kyash/OpenROAD-flow-scripts-master/flow/platforms/sky130hd/setRC.tcl
write_db ./results/sky130hd/exp_fixed_point/base/6_final.odb
Deleted 0 routing obstructions
Warning: master sky130_ef_sc_hd__decap_12 has signal pins but no liberty cell
[INFO RCX-0431] Defined process_corner X with ext_model_index 0
[INFO RCX-0029] Defined extraction corner X
[INFO RCX-0435] Reading extraction model file /home/kyash/OpenROAD-flow-scripts-master/flow/platforms/sky130hd/rcx_patterns.rules ...
[INFO RCX-0436] RC segment generation exp_fixed_point (max_merge_res 50.0) ...
[INFO RCX-0040] Final 2316 rc segments
[INFO RCX-0439] Coupling Cap extraction exp_fixed_point ...
[INFO RCX-0440] Coupling threshhold is 0.1000 fF, coupling capacitance less than 0.1000 fF will be grounded.
[INFO RCX-0442] 66% of 5779 wires extracted
[INFO RCX-0442] 100% of 5779 wires extracted
[INFO RCX-0045] Extract 533 nets, 2840 rsegs, 2840 caps, 4207 ccs
[INFO RCX-0443] 533 nets finished
[INFO PSM-0040] All shapes on net VDD are connected.
########## IR report #################
Net              : VDD
Corner           : default
Total power      : 1.18e-03 W
Supply voltage   : 1.80e+00 V
Worstcase voltage: 1.80e+00 V
Average voltage  : 1.80e+00 V
Average IR drop  : 3.45e-06 V
Worstcase IR drop: 2.05e-04 V
Percentage drop  : 0.01 %
######################################
[INFO PSM-0040] All shapes on net VSS are connected.
########## IR report #################
Net              : VSS
Corner           : default
Total power      : 1.18e-03 W
Supply voltage   : 0.00e+00 V
Worstcase voltage: 1.74e-04 V
Average voltage  : 3.64e-06 V
Average IR drop  : 3.64e-06 V
Worstcase IR drop: 1.74e-04 V
Percentage drop  : 0.01 %
######################################
Cell type report:                       Count       Area
  Fill cell                              7852   61239.98
  Tap cell                                864    1081.04
  Clock buffer                              5     125.12
  Timing Repair Buffer                     50     450.43
  Inverter                                  9      33.78
  Clock inverter                            3      21.27
  Sequential cell                          37     745.72
  Multi-Input combinational cell          410    2636.28
  Total                                  9230   66333.62
Report metrics stage 6, finish...

==========================================================================
finish report_design_area
--------------------------------------------------------------------------
Design area 5094 um^2 8% utilization.
Skipping GUI image generation.
Log                        Elapsed/s Peak Memory/MB  sha1sum .odb [0:20)
6_report                           0            153                  N/A
cp ./results/sky130hd/exp_fixed_point/base/5_route.sdc ./results/sky130hd/exp_fixed_point/base/6_final.sdc
cp /home/kyash/OpenROAD-flow-scripts-master/flow/platforms/sky130hd/lef/sky130_fd_sc_hd.tlef ./objects/sky130hd/exp_fixed_point/base/klayout_tech.lef
/usr/bin/python3 /home/kyash/OpenROAD-flow-scripts-master/flow/util/generate_klayout_tech.py \
	--template /home/kyash/OpenROAD-flow-scripts-master/flow/platforms/sky130hd/sky130hd.lyt \
	--output ./objects/sky130hd/exp_fixed_point/base/klayout.lyt \
	--lef-files ./objects/sky130hd/exp_fixed_point/base/klayout_tech.lef /home/kyash/OpenROAD-flow-scripts-master/flow/platforms/sky130hd/lef/sky130_fd_sc_hd_merged.lef   \
	--reference-dir ./results/sky130hd/exp_fixed_point/base \
	--map-files 
/usr/bin/python3 /home/kyash/OpenROAD-flow-scripts-master/flow/scripts/run_command.py --log /home/kyash/OpenROAD-flow-scripts-master/flow/logs/sky130hd/exp_fixed_point/base/6_1_merge.log --tee -- \
        /home/kyash/OpenROAD-flow-scripts-master/flow/scripts/klayout.sh -zz -rd design_name=exp_fixed_point \
        -rd in_def=./results/sky130hd/exp_fixed_point/base/6_final.def \
        -rd in_files="/home/kyash/OpenROAD-flow-scripts-master/flow/platforms/sky130hd/gds/sky130_fd_sc_hd.gds  " \
        -rd seal_file="" \
        -rd out_file=./results/sky130hd/exp_fixed_point/base/6_1_merged.gds \
        -rd tech_file=./objects/sky130hd/exp_fixed_point/base/klayout.lyt \
        -rd layer_map= \
        -r /home/kyash/OpenROAD-flow-scripts-master/flow/util/def2stream.py
KLayout 0.28.16
[INFO] Reporting cells prior to loading DEF ...
	/home/kyash/OpenROAD-flow-scripts-master/flow/platforms/sky130hd/gds/sky130_fd_sc_hd.gds
[INFO] All LEF cells have matching GDS/OAS cells
[INFO] No orphan cells in the final layout
cp results/sky130hd/exp_fixed_point/base/6_1_merged.gds results/sky130hd/exp_fixed_point/base/6_final.gds
./logs/sky130hd/exp_fixed_point/base
Log                        Elapsed/s Peak Memory/MB  sha1sum .odb [0:20)
1_1_yosys_canonicalize             0             54 14486b6ddbb80557bbe4
1_2_yosys                          1             57 cdd899e53a6193a3b797
1_synth                            0            118 a660b1219fbab5a5b551
2_1_floorplan                      0            138 b6ad6776cbf8247817b8
2_2_floorplan_macro                0            115 b6ad6776cbf8247817b8
2_3_floorplan_tapcell              0            115 160a5c137574c3fee739
2_4_floorplan_pdn                  0            120 7d5a10b018c13f0d202c
3_1_place_gp_skip_io               1            119 1dff5a8cd4a4cbb94b7e
3_2_place_iop                      0            117 454cc5a46597db2bedec
3_3_place_gp                       1            228 c147a16781b17d039328
3_4_place_resized                  0            138 c147a16781b17d039328
3_5_place_dp                       0            125 980edfa39658e5c721d2
4_1_cts                            1            148 480525f4a344fad6577b
5_1_grt                            6            249 4f7f1989f1aec94a0966
5_2_route                         29           1118 fe08856220f9b15a3855
5_3_fillcell                       0            128 cc75e748ba4eb80a2ad2
6_1_fill                           0            122 cc75e748ba4eb80a2ad2
6_1_merge                          1            384                  N/A
6_report                           0            153                  N/A
Total                             40           1118                     

STDERR:
Elapsed time: 0:00.47[h:]min:sec. CPU time: user 0.39 sys 0.10 (102%). Peak memory: 142084KB.
Elapsed time: 0:00.35[h:]min:sec. CPU time: user 0.31 sys 0.03 (96%). Peak memory: 118120KB.
Elapsed time: 0:00.35[h:]min:sec. CPU time: user 0.32 sys 0.03 (96%). Peak memory: 118692KB.
Elapsed time: 0:00.38[h:]min:sec. CPU time: user 0.35 sys 0.02 (97%). Peak memory: 123864KB.
Elapsed time: 0:01.34[h:]min:sec. CPU time: user 15.49 sys 0.08 (1160%). Peak memory: 121956KB.
Elapsed time: 0:00.35[h:]min:sec. CPU time: user 0.31 sys 0.03 (96%). Peak memory: 120308KB.
Elapsed time: 0:01.96[h:]min:sec. CPU time: user 16.52 sys 0.40 (863%). Peak memory: 234140KB.
Elapsed time: 0:00.59[h:]min:sec. CPU time: user 0.52 sys 0.16 (114%). Peak memory: 141408KB.
Elapsed time: 0:00.59[h:]min:sec. CPU time: user 0.52 sys 0.14 (112%). Peak memory: 128392KB.
Elapsed time: 0:01.26[h:]min:sec. CPU time: user 1.14 sys 0.19 (105%). Peak memory: 152320KB.
Elapsed time: 0:06.15[h:]min:sec. CPU time: user 58.18 sys 0.37 (951%). Peak memory: 255444KB.
Elapsed time: 0:29.60[h:]min:sec. CPU time: user 90.94 sys 1.02 (310%). Peak memory: 1145132KB.
Elapsed time: 0:00.37[h:]min:sec. CPU time: user 0.32 sys 0.03 (92%). Peak memory: 131560KB.
Elapsed time: 0:00.35[h:]min:sec. CPU time: user 0.30 sys 0.04 (96%). Peak memory: 125168KB.
Elapsed time: 0:00.87[h:]min:sec. CPU time: user 0.85 sys 0.16 (116%). Peak memory: 156920KB.
Elapsed time: 0:01.44[h:]min:sec. CPU time: user 1.10 sys 0.30 (97%). Peak memory: 393448KB.
