
==========================================================================
finish report_tns
--------------------------------------------------------------------------
tns max 0.00

==========================================================================
finish report_wns
--------------------------------------------------------------------------
wns max 0.00

==========================================================================
finish report_worst_slack
--------------------------------------------------------------------------
worst slack max 0.36

==========================================================================
finish report_clock_min_period
--------------------------------------------------------------------------
clk period_min = 2.64 fmax = 378.77

==========================================================================
finish report_clock_skew
--------------------------------------------------------------------------
Clock clk
   0.29 source latency x_s3[3]$_SDFFE_PP0P_/CLK ^
  -0.29 target latency exp_out[6]$_SDFFE_PP0P_/CLK ^
   0.00 CRPR
--------------
   0.01 setup skew


==========================================================================
finish report_checks -path_delay min
--------------------------------------------------------------------------
Startpoint: exp_out[8]$_SDFFE_PP0P_
            (rising edge-triggered flip-flop clocked by clk)
Endpoint: exp_out[8]$_SDFFE_PP0P_
          (rising edge-triggered flip-flop clocked by clk)
Path Group: clk
Path Type: min

Fanout     Cap    Slew   Delay    Time   Description
-----------------------------------------------------------------------------
                          0.00    0.00   clock clk (rise edge)
                          0.00    0.00   clock source latency
     1    0.03    0.00    0.00    0.00 ^ clk (in)
                                         clk (net)
                  0.00    0.00    0.00 ^ clkbuf_0_clk/A (sky130_fd_sc_hd__clkbuf_16)
     4    0.05    0.07    0.13    0.13 ^ clkbuf_0_clk/X (sky130_fd_sc_hd__clkbuf_16)
                                         clknet_0_clk (net)
                  0.07    0.00    0.14 ^ clkbuf_2_3__f_clk/A (sky130_fd_sc_hd__clkbuf_16)
     9    0.04    0.06    0.15    0.29 ^ clkbuf_2_3__f_clk/X (sky130_fd_sc_hd__clkbuf_16)
                                         clknet_2_3__leaf_clk (net)
                  0.06    0.00    0.29 ^ exp_out[8]$_SDFFE_PP0P_/CLK (sky130_fd_sc_hd__dfxtp_1)
     2    0.01    0.04    0.31    0.60 v exp_out[8]$_SDFFE_PP0P_/Q (sky130_fd_sc_hd__dfxtp_1)
                                         net24 (net)
                  0.04    0.00    0.60 v _823_/B (sky130_fd_sc_hd__nand2b_1)
     1    0.00    0.05    0.06    0.66 ^ _823_/Y (sky130_fd_sc_hd__nand2b_1)
                                         _376_ (net)
                  0.05    0.00    0.66 ^ _824_/A2 (sky130_fd_sc_hd__a21oi_1)
     1    0.00    0.03    0.06    0.72 v _824_/Y (sky130_fd_sc_hd__a21oi_1)
                                         _030_ (net)
                  0.03    0.00    0.72 v exp_out[8]$_SDFFE_PP0P_/D (sky130_fd_sc_hd__dfxtp_1)
                                  0.72   data arrival time

                          0.00    0.00   clock clk (rise edge)
                          0.00    0.00   clock source latency
     1    0.03    0.00    0.00    0.00 ^ clk (in)
                                         clk (net)
                  0.00    0.00    0.00 ^ clkbuf_0_clk/A (sky130_fd_sc_hd__clkbuf_16)
     4    0.05    0.07    0.13    0.13 ^ clkbuf_0_clk/X (sky130_fd_sc_hd__clkbuf_16)
                                         clknet_0_clk (net)
                  0.07    0.00    0.14 ^ clkbuf_2_3__f_clk/A (sky130_fd_sc_hd__clkbuf_16)
     9    0.04    0.06    0.15    0.29 ^ clkbuf_2_3__f_clk/X (sky130_fd_sc_hd__clkbuf_16)
                                         clknet_2_3__leaf_clk (net)
                  0.06    0.00    0.29 ^ exp_out[8]$_SDFFE_PP0P_/CLK (sky130_fd_sc_hd__dfxtp_1)
                          0.00    0.29   clock reconvergence pessimism
                         -0.05    0.24   library hold time
                                  0.24   data required time
-----------------------------------------------------------------------------
                                  0.24   data required time
                                 -0.72   data arrival time
-----------------------------------------------------------------------------
                                  0.48   slack (MET)



==========================================================================
finish report_checks -path_delay max
--------------------------------------------------------------------------
Startpoint: x_s3[1]$_SDFFE_PP0P_
            (rising edge-triggered flip-flop clocked by clk)
Endpoint: exp_out[2]$_SDFFE_PP0P_
          (rising edge-triggered flip-flop clocked by clk)
Path Group: clk
Path Type: max

Fanout     Cap    Slew   Delay    Time   Description
-----------------------------------------------------------------------------
                          0.00    0.00   clock clk (rise edge)
                          0.00    0.00   clock source latency
     1    0.03    0.00    0.00    0.00 ^ clk (in)
                                         clk (net)
                  0.00    0.00    0.00 ^ clkbuf_0_clk/A (sky130_fd_sc_hd__clkbuf_16)
     4    0.05    0.07    0.13    0.13 ^ clkbuf_0_clk/X (sky130_fd_sc_hd__clkbuf_16)
                                         clknet_0_clk (net)
                  0.07    0.00    0.14 ^ clkbuf_2_0__f_clk/A (sky130_fd_sc_hd__clkbuf_16)
    11    0.04    0.06    0.15    0.29 ^ clkbuf_2_0__f_clk/X (sky130_fd_sc_hd__clkbuf_16)
                                         clknet_2_0__leaf_clk (net)
                  0.06    0.00    0.29 ^ x_s3[1]$_SDFFE_PP0P_/CLK (sky130_fd_sc_hd__dfxtp_1)
     2    0.01    0.04    0.31    0.60 v x_s3[1]$_SDFFE_PP0P_/Q (sky130_fd_sc_hd__dfxtp_1)
                                         x_s3[1] (net)
                  0.04    0.00    0.60 v _487_/A (sky130_fd_sc_hd__clkinv_1)
     2    0.01    0.05    0.06    0.66 ^ _487_/Y (sky130_fd_sc_hd__clkinv_1)
                                         _000_ (net)
                  0.05    0.00    0.66 ^ place87/A (sky130_fd_sc_hd__buf_4)
    12    0.06    0.18    0.21    0.87 ^ place87/X (sky130_fd_sc_hd__buf_4)
                                         net86 (net)
                  0.18    0.00    0.88 ^ _943_/A (sky130_fd_sc_hd__ha_1)
    10    0.05    0.44    0.46    1.34 ^ _943_/COUT (sky130_fd_sc_hd__ha_1)
                                         _002_ (net)
                  0.44    0.00    1.34 ^ _597_/A (sky130_fd_sc_hd__nor2_1)
     3    0.01    0.13    0.17    1.51 v _597_/Y (sky130_fd_sc_hd__nor2_1)
                                         _156_ (net)
                  0.13    0.00    1.51 v _635_/A2 (sky130_fd_sc_hd__a21oi_1)
     1    0.00    0.10    0.17    1.68 ^ _635_/Y (sky130_fd_sc_hd__a21oi_1)
                                         _194_ (net)
                  0.10    0.00    1.68 ^ _637_/A (sky130_fd_sc_hd__nor2_1)
     1    0.00    0.04    0.05    1.73 v _637_/Y (sky130_fd_sc_hd__nor2_1)
                                         _196_ (net)
                  0.04    0.00    1.73 v _639_/B1 (sky130_fd_sc_hd__a2111oi_0)
     1    0.01    0.94    0.83    2.56 ^ _639_/Y (sky130_fd_sc_hd__a2111oi_0)
                                         _198_ (net)
                  0.94    0.00    2.56 ^ _641_/A3 (sky130_fd_sc_hd__o31ai_1)
     1    0.01    0.15    0.16    2.72 v _641_/Y (sky130_fd_sc_hd__o31ai_1)
                                         _200_ (net)
                  0.15    0.00    2.72 v _644_/A2 (sky130_fd_sc_hd__o21ai_1)
     1    0.00    0.10    0.15    2.87 ^ _644_/Y (sky130_fd_sc_hd__o21ai_1)
                                         _024_ (net)
                  0.10    0.00    2.87 ^ exp_out[2]$_SDFFE_PP0P_/D (sky130_fd_sc_hd__dfxtp_1)
                                  2.87   data arrival time

                          3.00    3.00   clock clk (rise edge)
                          0.00    3.00   clock source latency
     1    0.03    0.00    0.00    3.00 ^ clk (in)
                                         clk (net)
                  0.00    0.00    3.00 ^ clkbuf_0_clk/A (sky130_fd_sc_hd__clkbuf_16)
     4    0.05    0.07    0.13    3.13 ^ clkbuf_0_clk/X (sky130_fd_sc_hd__clkbuf_16)
                                         clknet_0_clk (net)
                  0.07    0.00    3.14 ^ clkbuf_2_2__f_clk/A (sky130_fd_sc_hd__clkbuf_16)
     7    0.05    0.07    0.16    3.29 ^ clkbuf_2_2__f_clk/X (sky130_fd_sc_hd__clkbuf_16)
                                         clknet_2_2__leaf_clk (net)
                  0.07    0.00    3.29 ^ exp_out[2]$_SDFFE_PP0P_/CLK (sky130_fd_sc_hd__dfxtp_1)
                          0.00    3.29   clock reconvergence pessimism
                         -0.06    3.23   library setup time
                                  3.23   data required time
-----------------------------------------------------------------------------
                                  3.23   data required time
                                 -2.87   data arrival time
-----------------------------------------------------------------------------
                                  0.36   slack (MET)



==========================================================================
finish report_checks -unconstrained
--------------------------------------------------------------------------
Startpoint: x_s3[1]$_SDFFE_PP0P_
            (rising edge-triggered flip-flop clocked by clk)
Endpoint: exp_out[2]$_SDFFE_PP0P_
          (rising edge-triggered flip-flop clocked by clk)
Path Group: clk
Path Type: max

Fanout     Cap    Slew   Delay    Time   Description
-----------------------------------------------------------------------------
                          0.00    0.00   clock clk (rise edge)
                          0.00    0.00   clock source latency
     1    0.03    0.00    0.00    0.00 ^ clk (in)
                                         clk (net)
                  0.00    0.00    0.00 ^ clkbuf_0_clk/A (sky130_fd_sc_hd__clkbuf_16)
     4    0.05    0.07    0.13    0.13 ^ clkbuf_0_clk/X (sky130_fd_sc_hd__clkbuf_16)
                                         clknet_0_clk (net)
                  0.07    0.00    0.14 ^ clkbuf_2_0__f_clk/A (sky130_fd_sc_hd__clkbuf_16)
    11    0.04    0.06    0.15    0.29 ^ clkbuf_2_0__f_clk/X (sky130_fd_sc_hd__clkbuf_16)
                                         clknet_2_0__leaf_clk (net)
                  0.06    0.00    0.29 ^ x_s3[1]$_SDFFE_PP0P_/CLK (sky130_fd_sc_hd__dfxtp_1)
     2    0.01    0.04    0.31    0.60 v x_s3[1]$_SDFFE_PP0P_/Q (sky130_fd_sc_hd__dfxtp_1)
                                         x_s3[1] (net)
                  0.04    0.00    0.60 v _487_/A (sky130_fd_sc_hd__clkinv_1)
     2    0.01    0.05    0.06    0.66 ^ _487_/Y (sky130_fd_sc_hd__clkinv_1)
                                         _000_ (net)
                  0.05    0.00    0.66 ^ place87/A (sky130_fd_sc_hd__buf_4)
    12    0.06    0.18    0.21    0.87 ^ place87/X (sky130_fd_sc_hd__buf_4)
                                         net86 (net)
                  0.18    0.00    0.88 ^ _943_/A (sky130_fd_sc_hd__ha_1)
    10    0.05    0.44    0.46    1.34 ^ _943_/COUT (sky130_fd_sc_hd__ha_1)
                                         _002_ (net)
                  0.44    0.00    1.34 ^ _597_/A (sky130_fd_sc_hd__nor2_1)
     3    0.01    0.13    0.17    1.51 v _597_/Y (sky130_fd_sc_hd__nor2_1)
                                         _156_ (net)
                  0.13    0.00    1.51 v _635_/A2 (sky130_fd_sc_hd__a21oi_1)
     1    0.00    0.10    0.17    1.68 ^ _635_/Y (sky130_fd_sc_hd__a21oi_1)
                                         _194_ (net)
                  0.10    0.00    1.68 ^ _637_/A (sky130_fd_sc_hd__nor2_1)
     1    0.00    0.04    0.05    1.73 v _637_/Y (sky130_fd_sc_hd__nor2_1)
                                         _196_ (net)
                  0.04    0.00    1.73 v _639_/B1 (sky130_fd_sc_hd__a2111oi_0)
     1    0.01    0.94    0.83    2.56 ^ _639_/Y (sky130_fd_sc_hd__a2111oi_0)
                                         _198_ (net)
                  0.94    0.00    2.56 ^ _641_/A3 (sky130_fd_sc_hd__o31ai_1)
     1    0.01    0.15    0.16    2.72 v _641_/Y (sky130_fd_sc_hd__o31ai_1)
                                         _200_ (net)
                  0.15    0.00    2.72 v _644_/A2 (sky130_fd_sc_hd__o21ai_1)
     1    0.00    0.10    0.15    2.87 ^ _644_/Y (sky130_fd_sc_hd__o21ai_1)
                                         _024_ (net)
                  0.10    0.00    2.87 ^ exp_out[2]$_SDFFE_PP0P_/D (sky130_fd_sc_hd__dfxtp_1)
                                  2.87   data arrival time

                          3.00    3.00   clock clk (rise edge)
                          0.00    3.00   clock source latency
     1    0.03    0.00    0.00    3.00 ^ clk (in)
                                         clk (net)
                  0.00    0.00    3.00 ^ clkbuf_0_clk/A (sky130_fd_sc_hd__clkbuf_16)
     4    0.05    0.07    0.13    3.13 ^ clkbuf_0_clk/X (sky130_fd_sc_hd__clkbuf_16)
                                         clknet_0_clk (net)
                  0.07    0.00    3.14 ^ clkbuf_2_2__f_clk/A (sky130_fd_sc_hd__clkbuf_16)
     7    0.05    0.07    0.16    3.29 ^ clkbuf_2_2__f_clk/X (sky130_fd_sc_hd__clkbuf_16)
                                         clknet_2_2__leaf_clk (net)
                  0.07    0.00    3.29 ^ exp_out[2]$_SDFFE_PP0P_/CLK (sky130_fd_sc_hd__dfxtp_1)
                          0.00    3.29   clock reconvergence pessimism
                         -0.06    3.23   library setup time
                                  3.23   data required time
-----------------------------------------------------------------------------
                                  3.23   data required time
                                 -2.87   data arrival time
-----------------------------------------------------------------------------
                                  0.36   slack (MET)



==========================================================================
finish report_check_types -max_slew -max_cap -max_fanout -violators
--------------------------------------------------------------------------

==========================================================================
finish max_slew_check_slack
--------------------------------------------------------------------------
0.5208578109741211

==========================================================================
finish max_slew_check_limit
--------------------------------------------------------------------------
1.46219003200531

==========================================================================
finish max_slew_check_slack_limit
--------------------------------------------------------------------------
0.3562

==========================================================================
finish max_fanout_check_slack
--------------------------------------------------------------------------
1.0000000150474662e+30

==========================================================================
finish max_fanout_check_limit
--------------------------------------------------------------------------
1.0000000150474662e+30

==========================================================================
finish max_capacitance_check_slack
--------------------------------------------------------------------------
0.007895643822848797

==========================================================================
finish max_capacitance_check_limit
--------------------------------------------------------------------------
0.021067000925540924

==========================================================================
finish max_capacitance_check_slack_limit
--------------------------------------------------------------------------
0.3748

==========================================================================
finish max_slew_violation_count
--------------------------------------------------------------------------
max slew violation count 0

==========================================================================
finish max_fanout_violation_count
--------------------------------------------------------------------------
max fanout violation count 0

==========================================================================
finish max_cap_violation_count
--------------------------------------------------------------------------
max cap violation count 0

==========================================================================
finish setup_violation_count
--------------------------------------------------------------------------
setup violation count 0

==========================================================================
finish hold_violation_count
--------------------------------------------------------------------------
hold violation count 0

==========================================================================
finish report_checks -path_delay max reg to reg
--------------------------------------------------------------------------
Startpoint: x_s3[1]$_SDFFE_PP0P_
            (rising edge-triggered flip-flop clocked by clk)
Endpoint: exp_out[2]$_SDFFE_PP0P_
          (rising edge-triggered flip-flop clocked by clk)
Path Group: clk
Path Type: max

  Delay    Time   Description
---------------------------------------------------------
   0.00    0.00   clock clk (rise edge)
   0.00    0.00   clock source latency
   0.00    0.00 ^ clk (in)
   0.13    0.13 ^ clkbuf_0_clk/X (sky130_fd_sc_hd__clkbuf_16)
   0.15    0.29 ^ clkbuf_2_0__f_clk/X (sky130_fd_sc_hd__clkbuf_16)
   0.00    0.29 ^ x_s3[1]$_SDFFE_PP0P_/CLK (sky130_fd_sc_hd__dfxtp_1)
   0.31    0.60 v x_s3[1]$_SDFFE_PP0P_/Q (sky130_fd_sc_hd__dfxtp_1)
   0.06    0.66 ^ _487_/Y (sky130_fd_sc_hd__clkinv_1)
   0.21    0.87 ^ place87/X (sky130_fd_sc_hd__buf_4)
   0.46    1.34 ^ _943_/COUT (sky130_fd_sc_hd__ha_1)
   0.17    1.51 v _597_/Y (sky130_fd_sc_hd__nor2_1)
   0.17    1.68 ^ _635_/Y (sky130_fd_sc_hd__a21oi_1)
   0.05    1.73 v _637_/Y (sky130_fd_sc_hd__nor2_1)
   0.83    2.56 ^ _639_/Y (sky130_fd_sc_hd__a2111oi_0)
   0.16    2.72 v _641_/Y (sky130_fd_sc_hd__o31ai_1)
   0.15    2.87 ^ _644_/Y (sky130_fd_sc_hd__o21ai_1)
   0.00    2.87 ^ exp_out[2]$_SDFFE_PP0P_/D (sky130_fd_sc_hd__dfxtp_1)
           2.87   data arrival time

   3.00    3.00   clock clk (rise edge)
   0.00    3.00   clock source latency
   0.00    3.00 ^ clk (in)
   0.13    3.13 ^ clkbuf_0_clk/X (sky130_fd_sc_hd__clkbuf_16)
   0.16    3.29 ^ clkbuf_2_2__f_clk/X (sky130_fd_sc_hd__clkbuf_16)
   0.00    3.29 ^ exp_out[2]$_SDFFE_PP0P_/CLK (sky130_fd_sc_hd__dfxtp_1)
   0.00    3.29   clock reconvergence pessimism
  -0.06    3.23   library setup time
           3.23   data required time
---------------------------------------------------------
           3.23   data required time
          -2.87   data arrival time
---------------------------------------------------------
           0.36   slack (MET)



==========================================================================
finish report_checks -path_delay min reg to reg
--------------------------------------------------------------------------
Startpoint: exp_out[8]$_SDFFE_PP0P_
            (rising edge-triggered flip-flop clocked by clk)
Endpoint: exp_out[8]$_SDFFE_PP0P_
          (rising edge-triggered flip-flop clocked by clk)
Path Group: clk
Path Type: min

  Delay    Time   Description
---------------------------------------------------------
   0.00    0.00   clock clk (rise edge)
   0.00    0.00   clock source latency
   0.00    0.00 ^ clk (in)
   0.13    0.13 ^ clkbuf_0_clk/X (sky130_fd_sc_hd__clkbuf_16)
   0.15    0.29 ^ clkbuf_2_3__f_clk/X (sky130_fd_sc_hd__clkbuf_16)
   0.00    0.29 ^ exp_out[8]$_SDFFE_PP0P_/CLK (sky130_fd_sc_hd__dfxtp_1)
   0.31    0.60 v exp_out[8]$_SDFFE_PP0P_/Q (sky130_fd_sc_hd__dfxtp_1)
   0.06    0.66 ^ _823_/Y (sky130_fd_sc_hd__nand2b_1)
   0.06    0.72 v _824_/Y (sky130_fd_sc_hd__a21oi_1)
   0.00    0.72 v exp_out[8]$_SDFFE_PP0P_/D (sky130_fd_sc_hd__dfxtp_1)
           0.72   data arrival time

   0.00    0.00   clock clk (rise edge)
   0.00    0.00   clock source latency
   0.00    0.00 ^ clk (in)
   0.13    0.13 ^ clkbuf_0_clk/X (sky130_fd_sc_hd__clkbuf_16)
   0.15    0.29 ^ clkbuf_2_3__f_clk/X (sky130_fd_sc_hd__clkbuf_16)
   0.00    0.29 ^ exp_out[8]$_SDFFE_PP0P_/CLK (sky130_fd_sc_hd__dfxtp_1)
   0.00    0.29   clock reconvergence pessimism
  -0.05    0.24   library hold time
           0.24   data required time
---------------------------------------------------------
           0.24   data required time
          -0.72   data arrival time
---------------------------------------------------------
           0.48   slack (MET)



==========================================================================
finish critical path target clock latency max path
--------------------------------------------------------------------------
0.2930

==========================================================================
finish critical path target clock latency min path
--------------------------------------------------------------------------
0.2945

==========================================================================
finish critical path source clock latency min path
--------------------------------------------------------------------------
0.0000

==========================================================================
finish critical path delay
--------------------------------------------------------------------------
2.8703

==========================================================================
finish critical path slack
--------------------------------------------------------------------------
0.3599

==========================================================================
finish slack div critical path delay
--------------------------------------------------------------------------
12.538759

==========================================================================
finish report_power
--------------------------------------------------------------------------
Group                  Internal  Switching    Leakage      Total
                          Power      Power      Power      Power (Watts)
----------------------------------------------------------------
Sequential             5.04e-04   1.53e-05   3.03e-10   5.19e-04  44.2%
Combinational          4.47e-05   5.26e-05   1.12e-09   9.73e-05   8.3%
Clock                  3.10e-04   2.48e-04   7.02e-11   5.58e-04  47.5%
Macro                  0.00e+00   0.00e+00   0.00e+00   0.00e+00   0.0%
Pad                    0.00e+00   0.00e+00   0.00e+00   0.00e+00   0.0%
----------------------------------------------------------------
Total                  8.59e-04   3.16e-04   1.49e-09   1.18e-03 100.0%
                          73.1%      26.9%       0.0%
