
==========================================================================
finish report_tns
--------------------------------------------------------------------------
tns max 0.00

==========================================================================
finish report_wns
--------------------------------------------------------------------------
wns max 0.00

==========================================================================
finish report_worst_slack
--------------------------------------------------------------------------
worst slack max 0.39

==========================================================================
finish report_clock_min_period
--------------------------------------------------------------------------
clk period_min = 2.61 fmax = 383.28

==========================================================================
finish report_clock_skew
--------------------------------------------------------------------------
Clock clk
   0.29 source latency x_s1[6]$_SDFFE_PP0P_/CLK ^
  -0.30 target latency approx_s2[0]$_SDFFE_PP0P_/CLK ^
   0.00 CRPR
--------------
  -0.01 setup skew


==========================================================================
finish report_checks -path_delay min
--------------------------------------------------------------------------
Startpoint: approx_s2[3]$_SDFFE_PP0P_
            (rising edge-triggered flip-flop clocked by clk)
Endpoint: approx_s2[3]$_SDFFE_PP0P_
          (rising edge-triggered flip-flop clocked by clk)
Path Group: clk
Path Type: min

Fanout     Cap    Slew   Delay    Time   Description
-----------------------------------------------------------------------------
                          0.00    0.00   clock clk (rise edge)
                          0.00    0.00   clock source latency
     1    0.02    0.00    0.00    0.00 ^ clk (in)
                                         clk (net)
                  0.00    0.00    0.00 ^ clkbuf_0_clk/A (sky130_fd_sc_hd__clkbuf_16)
     4    0.05    0.07    0.14    0.14 ^ clkbuf_0_clk/X (sky130_fd_sc_hd__clkbuf_16)
                                         clknet_0_clk (net)
                  0.07    0.00    0.14 ^ clkbuf_2_2__f_clk/A (sky130_fd_sc_hd__clkbuf_16)
    11    0.05    0.07    0.16    0.29 ^ clkbuf_2_2__f_clk/X (sky130_fd_sc_hd__clkbuf_16)
                                         clknet_2_2__leaf_clk (net)
                  0.07    0.00    0.29 ^ approx_s2[3]$_SDFFE_PP0P_/CLK (sky130_fd_sc_hd__dfxtp_1)
     2    0.01    0.08    0.34    0.64 ^ approx_s2[3]$_SDFFE_PP0P_/Q (sky130_fd_sc_hd__dfxtp_1)
                                         approx_s2[3] (net)
                  0.08    0.00    0.64 ^ _915_/B2 (sky130_fd_sc_hd__a32o_1)
     1    0.00    0.04    0.12    0.75 ^ _915_/X (sky130_fd_sc_hd__a32o_1)
                                         _048_ (net)
                  0.04    0.00    0.75 ^ approx_s2[3]$_SDFFE_PP0P_/D (sky130_fd_sc_hd__dfxtp_1)
                                  0.75   data arrival time

                          0.00    0.00   clock clk (rise edge)
                          0.00    0.00   clock source latency
     1    0.02    0.00    0.00    0.00 ^ clk (in)
                                         clk (net)
                  0.00    0.00    0.00 ^ clkbuf_0_clk/A (sky130_fd_sc_hd__clkbuf_16)
     4    0.05    0.07    0.14    0.14 ^ clkbuf_0_clk/X (sky130_fd_sc_hd__clkbuf_16)
                                         clknet_0_clk (net)
                  0.07    0.00    0.14 ^ clkbuf_2_2__f_clk/A (sky130_fd_sc_hd__clkbuf_16)
    11    0.05    0.07    0.16    0.29 ^ clkbuf_2_2__f_clk/X (sky130_fd_sc_hd__clkbuf_16)
                                         clknet_2_2__leaf_clk (net)
                  0.07    0.00    0.29 ^ approx_s2[3]$_SDFFE_PP0P_/CLK (sky130_fd_sc_hd__dfxtp_1)
                          0.00    0.29   clock reconvergence pessimism
                         -0.03    0.27   library hold time
                                  0.27   data required time
-----------------------------------------------------------------------------
                                  0.27   data required time
                                 -0.75   data arrival time
-----------------------------------------------------------------------------
                                  0.49   slack (MET)



==========================================================================
finish report_checks -path_delay max
--------------------------------------------------------------------------
Startpoint: x_s1[1]$_SDFFE_PP0P_
            (rising edge-triggered flip-flop clocked by clk)
Endpoint: approx_s2[0]$_SDFFE_PP0P_
          (rising edge-triggered flip-flop clocked by clk)
Path Group: clk
Path Type: max

Fanout     Cap    Slew   Delay    Time   Description
-----------------------------------------------------------------------------
                          0.00    0.00   clock clk (rise edge)
                          0.00    0.00   clock source latency
     1    0.02    0.00    0.00    0.00 ^ clk (in)
                                         clk (net)
                  0.00    0.00    0.00 ^ clkbuf_0_clk/A (sky130_fd_sc_hd__clkbuf_16)
     4    0.05    0.07    0.14    0.14 ^ clkbuf_0_clk/X (sky130_fd_sc_hd__clkbuf_16)
                                         clknet_0_clk (net)
                  0.07    0.00    0.14 ^ clkbuf_2_0__f_clk/A (sky130_fd_sc_hd__clkbuf_16)
    10    0.04    0.06    0.15    0.29 ^ clkbuf_2_0__f_clk/X (sky130_fd_sc_hd__clkbuf_16)
                                         clknet_2_0__leaf_clk (net)
                  0.06    0.00    0.29 ^ x_s1[1]$_SDFFE_PP0P_/CLK (sky130_fd_sc_hd__dfxtp_1)
     2    0.01    0.07    0.33    0.62 ^ x_s1[1]$_SDFFE_PP0P_/Q (sky130_fd_sc_hd__dfxtp_1)
                                         x_s1[1] (net)
                  0.07    0.00    0.62 ^ _479_/A (sky130_fd_sc_hd__clkinv_1)
     5    0.02    0.15    0.15    0.78 v _479_/Y (sky130_fd_sc_hd__clkinv_1)
                                         _000_ (net)
                  0.15    0.00    0.78 v _932_/B (sky130_fd_sc_hd__ha_1)
     9    0.03    0.29    0.50    1.27 ^ _932_/SUM (sky130_fd_sc_hd__ha_1)
                                         _008_ (net)
                  0.29    0.00    1.28 ^ place71/A (sky130_fd_sc_hd__buf_4)
     9    0.03    0.10    0.23    1.50 ^ place71/X (sky130_fd_sc_hd__buf_4)
                                         net70 (net)
                  0.10    0.00    1.50 ^ _577_/B (sky130_fd_sc_hd__nand2b_1)
     3    0.01    0.07    0.09    1.60 v _577_/Y (sky130_fd_sc_hd__nand2b_1)
                                         _131_ (net)
                  0.07    0.00    1.60 v _782_/B1 (sky130_fd_sc_hd__o2111a_1)
     1    0.00    0.04    0.15    1.74 v _782_/X (sky130_fd_sc_hd__o2111a_1)
                                         _332_ (net)
                  0.04    0.00    1.74 v _783_/C1 (sky130_fd_sc_hd__a2111oi_0)
     1    0.01    0.69    0.61    2.35 ^ _783_/Y (sky130_fd_sc_hd__a2111oi_0)
                                         _333_ (net)
                  0.69    0.00    2.35 ^ _784_/A3 (sky130_fd_sc_hd__o31a_1)
     1    0.00    0.06    0.19    2.55 ^ _784_/X (sky130_fd_sc_hd__o31a_1)
                                         _334_ (net)
                  0.06    0.00    2.55 ^ _785_/C (sky130_fd_sc_hd__nand3_1)
     1    0.00    0.08    0.08    2.62 v _785_/Y (sky130_fd_sc_hd__nand3_1)
                                         _335_ (net)
                  0.08    0.00    2.62 v _786_/D_N (sky130_fd_sc_hd__nor4b_1)
     1    0.00    0.10    0.15    2.78 v _786_/Y (sky130_fd_sc_hd__nor4b_1)
                                         _043_ (net)
                  0.10    0.00    2.78 v approx_s2[0]$_SDFFE_PP0P_/D (sky130_fd_sc_hd__dfxtp_1)
                                  2.78   data arrival time

                          3.00    3.00   clock clk (rise edge)
                          0.00    3.00   clock source latency
     1    0.02    0.00    0.00    3.00 ^ clk (in)
                                         clk (net)
                  0.00    0.00    3.00 ^ clkbuf_0_clk/A (sky130_fd_sc_hd__clkbuf_16)
     4    0.05    0.07    0.14    3.14 ^ clkbuf_0_clk/X (sky130_fd_sc_hd__clkbuf_16)
                                         clknet_0_clk (net)
                  0.07    0.00    3.14 ^ clkbuf_2_2__f_clk/A (sky130_fd_sc_hd__clkbuf_16)
    11    0.05    0.07    0.16    3.29 ^ clkbuf_2_2__f_clk/X (sky130_fd_sc_hd__clkbuf_16)
                                         clknet_2_2__leaf_clk (net)
                  0.07    0.00    3.30 ^ approx_s2[0]$_SDFFE_PP0P_/CLK (sky130_fd_sc_hd__dfxtp_1)
                          0.00    3.30   clock reconvergence pessimism
                         -0.13    3.17   library setup time
                                  3.17   data required time
-----------------------------------------------------------------------------
                                  3.17   data required time
                                 -2.78   data arrival time
-----------------------------------------------------------------------------
                                  0.39   slack (MET)



==========================================================================
finish report_checks -unconstrained
--------------------------------------------------------------------------
Startpoint: x_s1[1]$_SDFFE_PP0P_
            (rising edge-triggered flip-flop clocked by clk)
Endpoint: approx_s2[0]$_SDFFE_PP0P_
          (rising edge-triggered flip-flop clocked by clk)
Path Group: clk
Path Type: max

Fanout     Cap    Slew   Delay    Time   Description
-----------------------------------------------------------------------------
                          0.00    0.00   clock clk (rise edge)
                          0.00    0.00   clock source latency
     1    0.02    0.00    0.00    0.00 ^ clk (in)
                                         clk (net)
                  0.00    0.00    0.00 ^ clkbuf_0_clk/A (sky130_fd_sc_hd__clkbuf_16)
     4    0.05    0.07    0.14    0.14 ^ clkbuf_0_clk/X (sky130_fd_sc_hd__clkbuf_16)
                                         clknet_0_clk (net)
                  0.07    0.00    0.14 ^ clkbuf_2_0__f_clk/A (sky130_fd_sc_hd__clkbuf_16)
    10    0.04    0.06    0.15    0.29 ^ clkbuf_2_0__f_clk/X (sky130_fd_sc_hd__clkbuf_16)
                                         clknet_2_0__leaf_clk (net)
                  0.06    0.00    0.29 ^ x_s1[1]$_SDFFE_PP0P_/CLK (sky130_fd_sc_hd__dfxtp_1)
     2    0.01    0.07    0.33    0.62 ^ x_s1[1]$_SDFFE_PP0P_/Q (sky130_fd_sc_hd__dfxtp_1)
                                         x_s1[1] (net)
                  0.07    0.00    0.62 ^ _479_/A (sky130_fd_sc_hd__clkinv_1)
     5    0.02    0.15    0.15    0.78 v _479_/Y (sky130_fd_sc_hd__clkinv_1)
                                         _000_ (net)
                  0.15    0.00    0.78 v _932_/B (sky130_fd_sc_hd__ha_1)
     9    0.03    0.29    0.50    1.27 ^ _932_/SUM (sky130_fd_sc_hd__ha_1)
                                         _008_ (net)
                  0.29    0.00    1.28 ^ place71/A (sky130_fd_sc_hd__buf_4)
     9    0.03    0.10    0.23    1.50 ^ place71/X (sky130_fd_sc_hd__buf_4)
                                         net70 (net)
                  0.10    0.00    1.50 ^ _577_/B (sky130_fd_sc_hd__nand2b_1)
     3    0.01    0.07    0.09    1.60 v _577_/Y (sky130_fd_sc_hd__nand2b_1)
                                         _131_ (net)
                  0.07    0.00    1.60 v _782_/B1 (sky130_fd_sc_hd__o2111a_1)
     1    0.00    0.04    0.15    1.74 v _782_/X (sky130_fd_sc_hd__o2111a_1)
                                         _332_ (net)
                  0.04    0.00    1.74 v _783_/C1 (sky130_fd_sc_hd__a2111oi_0)
     1    0.01    0.69    0.61    2.35 ^ _783_/Y (sky130_fd_sc_hd__a2111oi_0)
                                         _333_ (net)
                  0.69    0.00    2.35 ^ _784_/A3 (sky130_fd_sc_hd__o31a_1)
     1    0.00    0.06    0.19    2.55 ^ _784_/X (sky130_fd_sc_hd__o31a_1)
                                         _334_ (net)
                  0.06    0.00    2.55 ^ _785_/C (sky130_fd_sc_hd__nand3_1)
     1    0.00    0.08    0.08    2.62 v _785_/Y (sky130_fd_sc_hd__nand3_1)
                                         _335_ (net)
                  0.08    0.00    2.62 v _786_/D_N (sky130_fd_sc_hd__nor4b_1)
     1    0.00    0.10    0.15    2.78 v _786_/Y (sky130_fd_sc_hd__nor4b_1)
                                         _043_ (net)
                  0.10    0.00    2.78 v approx_s2[0]$_SDFFE_PP0P_/D (sky130_fd_sc_hd__dfxtp_1)
                                  2.78   data arrival time

                          3.00    3.00   clock clk (rise edge)
                          0.00    3.00   clock source latency
     1    0.02    0.00    0.00    3.00 ^ clk (in)
                                         clk (net)
                  0.00    0.00    3.00 ^ clkbuf_0_clk/A (sky130_fd_sc_hd__clkbuf_16)
     4    0.05    0.07    0.14    3.14 ^ clkbuf_0_clk/X (sky130_fd_sc_hd__clkbuf_16)
                                         clknet_0_clk (net)
                  0.07    0.00    3.14 ^ clkbuf_2_2__f_clk/A (sky130_fd_sc_hd__clkbuf_16)
    11    0.05    0.07    0.16    3.29 ^ clkbuf_2_2__f_clk/X (sky130_fd_sc_hd__clkbuf_16)
                                         clknet_2_2__leaf_clk (net)
                  0.07    0.00    3.30 ^ approx_s2[0]$_SDFFE_PP0P_/CLK (sky130_fd_sc_hd__dfxtp_1)
                          0.00    3.30   clock reconvergence pessimism
                         -0.13    3.17   library setup time
                                  3.17   data required time
-----------------------------------------------------------------------------
                                  3.17   data required time
                                 -2.78   data arrival time
-----------------------------------------------------------------------------
                                  0.39   slack (MET)



==========================================================================
finish report_check_types -max_slew -max_cap -max_fanout -violators
--------------------------------------------------------------------------

==========================================================================
finish max_slew_check_slack
--------------------------------------------------------------------------
0.6477267742156982

==========================================================================
finish max_slew_check_limit
--------------------------------------------------------------------------
1.5

==========================================================================
finish max_slew_check_slack_limit
--------------------------------------------------------------------------
0.4318

==========================================================================
finish max_fanout_check_slack
--------------------------------------------------------------------------
1.0000000150474662e+30

==========================================================================
finish max_fanout_check_limit
--------------------------------------------------------------------------
1.0000000150474662e+30

==========================================================================
finish max_capacitance_check_slack
--------------------------------------------------------------------------
0.01218495238572359

==========================================================================
finish max_capacitance_check_limit
--------------------------------------------------------------------------
0.021067000925540924

==========================================================================
finish max_capacitance_check_slack_limit
--------------------------------------------------------------------------
0.5784

==========================================================================
finish max_slew_violation_count
--------------------------------------------------------------------------
max slew violation count 0

==========================================================================
finish max_fanout_violation_count
--------------------------------------------------------------------------
max fanout violation count 0

==========================================================================
finish max_cap_violation_count
--------------------------------------------------------------------------
max cap violation count 0

==========================================================================
finish setup_violation_count
--------------------------------------------------------------------------
setup violation count 0

==========================================================================
finish hold_violation_count
--------------------------------------------------------------------------
hold violation count 0

==========================================================================
finish report_checks -path_delay max reg to reg
--------------------------------------------------------------------------
Startpoint: x_s1[1]$_SDFFE_PP0P_
            (rising edge-triggered flip-flop clocked by clk)
Endpoint: approx_s2[0]$_SDFFE_PP0P_
          (rising edge-triggered flip-flop clocked by clk)
Path Group: clk
Path Type: max

  Delay    Time   Description
---------------------------------------------------------
   0.00    0.00   clock clk (rise edge)
   0.00    0.00   clock source latency
   0.00    0.00 ^ clk (in)
   0.14    0.14 ^ clkbuf_0_clk/X (sky130_fd_sc_hd__clkbuf_16)
   0.15    0.29 ^ clkbuf_2_0__f_clk/X (sky130_fd_sc_hd__clkbuf_16)
   0.00    0.29 ^ x_s1[1]$_SDFFE_PP0P_/CLK (sky130_fd_sc_hd__dfxtp_1)
   0.33    0.62 ^ x_s1[1]$_SDFFE_PP0P_/Q (sky130_fd_sc_hd__dfxtp_1)
   0.15    0.78 v _479_/Y (sky130_fd_sc_hd__clkinv_1)
   0.50    1.27 ^ _932_/SUM (sky130_fd_sc_hd__ha_1)
   0.23    1.50 ^ place71/X (sky130_fd_sc_hd__buf_4)
   0.09    1.60 v _577_/Y (sky130_fd_sc_hd__nand2b_1)
   0.15    1.74 v _782_/X (sky130_fd_sc_hd__o2111a_1)
   0.61    2.35 ^ _783_/Y (sky130_fd_sc_hd__a2111oi_0)
   0.20    2.55 ^ _784_/X (sky130_fd_sc_hd__o31a_1)
   0.08    2.62 v _785_/Y (sky130_fd_sc_hd__nand3_1)
   0.15    2.78 v _786_/Y (sky130_fd_sc_hd__nor4b_1)
   0.00    2.78 v approx_s2[0]$_SDFFE_PP0P_/D (sky130_fd_sc_hd__dfxtp_1)
           2.78   data arrival time

   3.00    3.00   clock clk (rise edge)
   0.00    3.00   clock source latency
   0.00    3.00 ^ clk (in)
   0.14    3.14 ^ clkbuf_0_clk/X (sky130_fd_sc_hd__clkbuf_16)
   0.16    3.29 ^ clkbuf_2_2__f_clk/X (sky130_fd_sc_hd__clkbuf_16)
   0.00    3.30 ^ approx_s2[0]$_SDFFE_PP0P_/CLK (sky130_fd_sc_hd__dfxtp_1)
   0.00    3.30   clock reconvergence pessimism
  -0.13    3.17   library setup time
           3.17   data required time
---------------------------------------------------------
           3.17   data required time
          -2.78   data arrival time
---------------------------------------------------------
           0.39   slack (MET)



==========================================================================
finish report_checks -path_delay min reg to reg
--------------------------------------------------------------------------
Startpoint: approx_s2[3]$_SDFFE_PP0P_
            (rising edge-triggered flip-flop clocked by clk)
Endpoint: approx_s2[3]$_SDFFE_PP0P_
          (rising edge-triggered flip-flop clocked by clk)
Path Group: clk
Path Type: min

  Delay    Time   Description
---------------------------------------------------------
   0.00    0.00   clock clk (rise edge)
   0.00    0.00   clock source latency
   0.00    0.00 ^ clk (in)
   0.14    0.14 ^ clkbuf_0_clk/X (sky130_fd_sc_hd__clkbuf_16)
   0.16    0.29 ^ clkbuf_2_2__f_clk/X (sky130_fd_sc_hd__clkbuf_16)
   0.00    0.29 ^ approx_s2[3]$_SDFFE_PP0P_/CLK (sky130_fd_sc_hd__dfxtp_1)
   0.34    0.64 ^ approx_s2[3]$_SDFFE_PP0P_/Q (sky130_fd_sc_hd__dfxtp_1)
   0.12    0.75 ^ _915_/X (sky130_fd_sc_hd__a32o_1)
   0.00    0.75 ^ approx_s2[3]$_SDFFE_PP0P_/D (sky130_fd_sc_hd__dfxtp_1)
           0.75   data arrival time

   0.00    0.00   clock clk (rise edge)
   0.00    0.00   clock source latency
   0.00    0.00 ^ clk (in)
   0.14    0.14 ^ clkbuf_0_clk/X (sky130_fd_sc_hd__clkbuf_16)
   0.16    0.29 ^ clkbuf_2_2__f_clk/X (sky130_fd_sc_hd__clkbuf_16)
   0.00    0.29 ^ approx_s2[3]$_SDFFE_PP0P_/CLK (sky130_fd_sc_hd__dfxtp_1)
   0.00    0.29   clock reconvergence pessimism
  -0.03    0.27   library hold time
           0.27   data required time
---------------------------------------------------------
           0.27   data required time
          -0.75   data arrival time
---------------------------------------------------------
           0.49   slack (MET)



==========================================================================
finish critical path target clock latency max path
--------------------------------------------------------------------------
0.2942

==========================================================================
finish critical path target clock latency min path
--------------------------------------------------------------------------
0.2902

==========================================================================
finish critical path source clock latency min path
--------------------------------------------------------------------------
0.0000

==========================================================================
finish critical path delay
--------------------------------------------------------------------------
2.7760

==========================================================================
finish critical path slack
--------------------------------------------------------------------------
0.3909

==========================================================================
finish slack div critical path delay
--------------------------------------------------------------------------
14.081412

==========================================================================
finish report_power
--------------------------------------------------------------------------
Group                  Internal  Switching    Leakage      Total
                          Power      Power      Power      Power (Watts)
----------------------------------------------------------------
Sequential             5.63e-04   2.71e-05   3.35e-10   5.90e-04  32.4%
Combinational          1.98e-04   3.17e-04   1.09e-09   5.16e-04  28.3%
Clock                  4.76e-04   2.40e-04   9.38e-11   7.16e-04  39.3%
Macro                  0.00e+00   0.00e+00   0.00e+00   0.00e+00   0.0%
Pad                    0.00e+00   0.00e+00   0.00e+00   0.00e+00   0.0%
----------------------------------------------------------------
Total                  1.24e-03   5.84e-04   1.52e-09   1.82e-03 100.0%
                          67.9%      32.1%       0.0%
