
==========================================================================
finish report_tns
--------------------------------------------------------------------------
tns max 0.00

==========================================================================
finish report_wns
--------------------------------------------------------------------------
wns max 0.00

==========================================================================
finish report_worst_slack
--------------------------------------------------------------------------
worst slack max 1.66

==========================================================================
finish report_clock_min_period
--------------------------------------------------------------------------
clk period_min = 2.84 fmax = 351.96

==========================================================================
finish report_clock_skew
--------------------------------------------------------------------------
Clock clk
   0.29 source latency x_s1[1]$_SDFFE_PP0P_/CLK ^
  -0.28 target latency approx_s2[8]$_SDFF_PP0_/CLK ^
   0.00 CRPR
--------------
   0.01 setup skew


==========================================================================
finish report_checks -path_delay min
--------------------------------------------------------------------------
Startpoint: approx_s2[7]$_SDFF_PP0_
            (rising edge-triggered flip-flop clocked by clk)
Endpoint: approx_s3[7]$_SDFF_PP0_
          (rising edge-triggered flip-flop clocked by clk)
Path Group: clk
Path Type: min

Fanout     Cap    Slew   Delay    Time   Description
-----------------------------------------------------------------------------
                          0.00    0.00   clock clk (rise edge)
                          0.00    0.00   clock source latency
     1    0.02    0.00    0.00    0.00 ^ clk (in)
                                         clk (net)
                  0.00    0.00    0.00 ^ clkbuf_0_clk/A (sky130_fd_sc_hd__clkbuf_16)
     4    0.05    0.06    0.13    0.13 ^ clkbuf_0_clk/X (sky130_fd_sc_hd__clkbuf_16)
                                         clknet_0_clk (net)
                  0.07    0.00    0.13 ^ clkbuf_2_1__f_clk/A (sky130_fd_sc_hd__clkbuf_16)
    12    0.04    0.06    0.15    0.28 ^ clkbuf_2_1__f_clk/X (sky130_fd_sc_hd__clkbuf_16)
                                         clknet_2_1__leaf_clk (net)
                  0.06    0.00    0.28 ^ approx_s2[7]$_SDFF_PP0_/CLK (sky130_fd_sc_hd__dfxtp_1)
     1    0.00    0.03    0.30    0.58 ^ approx_s2[7]$_SDFF_PP0_/Q (sky130_fd_sc_hd__dfxtp_1)
                                         approx_s2[7] (net)
                  0.03    0.00    0.58 ^ _874_/B_N (sky130_fd_sc_hd__nor2b_1)
     1    0.00    0.07    0.10    0.68 ^ _874_/Y (sky130_fd_sc_hd__nor2b_1)
                                         _043_ (net)
                  0.07    0.00    0.68 ^ approx_s3[7]$_SDFF_PP0_/D (sky130_fd_sc_hd__dfxtp_1)
                                  0.68   data arrival time

                          0.00    0.00   clock clk (rise edge)
                          0.00    0.00   clock source latency
     1    0.02    0.00    0.00    0.00 ^ clk (in)
                                         clk (net)
                  0.00    0.00    0.00 ^ clkbuf_0_clk/A (sky130_fd_sc_hd__clkbuf_16)
     4    0.05    0.06    0.13    0.13 ^ clkbuf_0_clk/X (sky130_fd_sc_hd__clkbuf_16)
                                         clknet_0_clk (net)
                  0.07    0.00    0.13 ^ clkbuf_2_1__f_clk/A (sky130_fd_sc_hd__clkbuf_16)
    12    0.04    0.06    0.15    0.28 ^ clkbuf_2_1__f_clk/X (sky130_fd_sc_hd__clkbuf_16)
                                         clknet_2_1__leaf_clk (net)
                  0.06    0.00    0.28 ^ approx_s3[7]$_SDFF_PP0_/CLK (sky130_fd_sc_hd__dfxtp_1)
                          0.00    0.28   clock reconvergence pessimism
                         -0.03    0.25   library hold time
                                  0.25   data required time
-----------------------------------------------------------------------------
                                  0.25   data required time
                                 -0.68   data arrival time
-----------------------------------------------------------------------------
                                  0.43   slack (MET)



==========================================================================
finish report_checks -path_delay max
--------------------------------------------------------------------------
Startpoint: x_s1[2]$_SDFFE_PP0P_
            (rising edge-triggered flip-flop clocked by clk)
Endpoint: approx_s2[2]$_SDFF_PP0_
          (rising edge-triggered flip-flop clocked by clk)
Path Group: clk
Path Type: max

Fanout     Cap    Slew   Delay    Time   Description
-----------------------------------------------------------------------------
                          0.00    0.00   clock clk (rise edge)
                          0.00    0.00   clock source latency
     1    0.02    0.00    0.00    0.00 ^ clk (in)
                                         clk (net)
                  0.00    0.00    0.00 ^ clkbuf_0_clk/A (sky130_fd_sc_hd__clkbuf_16)
     4    0.05    0.06    0.13    0.13 ^ clkbuf_0_clk/X (sky130_fd_sc_hd__clkbuf_16)
                                         clknet_0_clk (net)
                  0.07    0.00    0.13 ^ clkbuf_2_0__f_clk/A (sky130_fd_sc_hd__clkbuf_16)
     9    0.05    0.07    0.16    0.29 ^ clkbuf_2_0__f_clk/X (sky130_fd_sc_hd__clkbuf_16)
                                         clknet_2_0__leaf_clk (net)
                  0.07    0.00    0.29 ^ x_s1[2]$_SDFFE_PP0P_/CLK (sky130_fd_sc_hd__dfxtp_2)
    33    0.13    0.63    0.74    1.03 ^ x_s1[2]$_SDFFE_PP0P_/Q (sky130_fd_sc_hd__dfxtp_2)
                                         x_s1[2] (net)
                  0.63    0.01    1.03 ^ _457_/A (sky130_fd_sc_hd__inv_2)
    21    0.09    0.30    0.35    1.39 v _457_/Y (sky130_fd_sc_hd__inv_2)
                                         _057_ (net)
                  0.30    0.01    1.39 v _891_/B (sky130_fd_sc_hd__ha_1)
    14    0.06    0.28    0.51    1.90 v _891_/COUT (sky130_fd_sc_hd__ha_1)
                                         _002_ (net)
                  0.28    0.00    1.90 v _752_/A1 (sky130_fd_sc_hd__o21a_1)
     1    0.00    0.03    0.26    2.16 v _752_/X (sky130_fd_sc_hd__o21a_1)
                                         _334_ (net)
                  0.03    0.00    2.16 v _753_/B1 (sky130_fd_sc_hd__a211o_1)
     1    0.00    0.04    0.25    2.41 v _753_/X (sky130_fd_sc_hd__a211o_1)
                                         _335_ (net)
                  0.04    0.00    2.41 v _756_/C (sky130_fd_sc_hd__and4_1)
     1    0.00    0.04    0.19    2.60 v _756_/X (sky130_fd_sc_hd__and4_1)
                                         _338_ (net)
                  0.04    0.00    2.60 v _764_/B1 (sky130_fd_sc_hd__a311oi_1)
     1    0.00    0.25    0.27    2.87 ^ _764_/Y (sky130_fd_sc_hd__a311oi_1)
                                         _346_ (net)
                  0.25    0.00    2.87 ^ _765_/C1 (sky130_fd_sc_hd__o211ai_1)
     1    0.00    0.09    0.13    3.00 v _765_/Y (sky130_fd_sc_hd__o211ai_1)
                                         _031_ (net)
                  0.09    0.00    3.00 v approx_s2[2]$_SDFF_PP0_/D (sky130_fd_sc_hd__dfxtp_1)
                                  3.00   data arrival time

                          4.50    4.50   clock clk (rise edge)
                          0.00    4.50   clock source latency
     1    0.02    0.00    0.00    4.50 ^ clk (in)
                                         clk (net)
                  0.00    0.00    4.50 ^ clkbuf_0_clk/A (sky130_fd_sc_hd__clkbuf_16)
     4    0.05    0.06    0.13    4.63 ^ clkbuf_0_clk/X (sky130_fd_sc_hd__clkbuf_16)
                                         clknet_0_clk (net)
                  0.07    0.00    4.63 ^ clkbuf_2_2__f_clk/A (sky130_fd_sc_hd__clkbuf_16)
    10    0.04    0.06    0.15    4.78 ^ clkbuf_2_2__f_clk/X (sky130_fd_sc_hd__clkbuf_16)
                                         clknet_2_2__leaf_clk (net)
                  0.06    0.00    4.78 ^ approx_s2[2]$_SDFF_PP0_/CLK (sky130_fd_sc_hd__dfxtp_1)
                          0.00    4.78   clock reconvergence pessimism
                         -0.13    4.66   library setup time
                                  4.66   data required time
-----------------------------------------------------------------------------
                                  4.66   data required time
                                 -3.00   data arrival time
-----------------------------------------------------------------------------
                                  1.66   slack (MET)



==========================================================================
finish report_checks -unconstrained
--------------------------------------------------------------------------
Startpoint: x_s1[2]$_SDFFE_PP0P_
            (rising edge-triggered flip-flop clocked by clk)
Endpoint: approx_s2[2]$_SDFF_PP0_
          (rising edge-triggered flip-flop clocked by clk)
Path Group: clk
Path Type: max

Fanout     Cap    Slew   Delay    Time   Description
-----------------------------------------------------------------------------
                          0.00    0.00   clock clk (rise edge)
                          0.00    0.00   clock source latency
     1    0.02    0.00    0.00    0.00 ^ clk (in)
                                         clk (net)
                  0.00    0.00    0.00 ^ clkbuf_0_clk/A (sky130_fd_sc_hd__clkbuf_16)
     4    0.05    0.06    0.13    0.13 ^ clkbuf_0_clk/X (sky130_fd_sc_hd__clkbuf_16)
                                         clknet_0_clk (net)
                  0.07    0.00    0.13 ^ clkbuf_2_0__f_clk/A (sky130_fd_sc_hd__clkbuf_16)
     9    0.05    0.07    0.16    0.29 ^ clkbuf_2_0__f_clk/X (sky130_fd_sc_hd__clkbuf_16)
                                         clknet_2_0__leaf_clk (net)
                  0.07    0.00    0.29 ^ x_s1[2]$_SDFFE_PP0P_/CLK (sky130_fd_sc_hd__dfxtp_2)
    33    0.13    0.63    0.74    1.03 ^ x_s1[2]$_SDFFE_PP0P_/Q (sky130_fd_sc_hd__dfxtp_2)
                                         x_s1[2] (net)
                  0.63    0.01    1.03 ^ _457_/A (sky130_fd_sc_hd__inv_2)
    21    0.09    0.30    0.35    1.39 v _457_/Y (sky130_fd_sc_hd__inv_2)
                                         _057_ (net)
                  0.30    0.01    1.39 v _891_/B (sky130_fd_sc_hd__ha_1)
    14    0.06    0.28    0.51    1.90 v _891_/COUT (sky130_fd_sc_hd__ha_1)
                                         _002_ (net)
                  0.28    0.00    1.90 v _752_/A1 (sky130_fd_sc_hd__o21a_1)
     1    0.00    0.03    0.26    2.16 v _752_/X (sky130_fd_sc_hd__o21a_1)
                                         _334_ (net)
                  0.03    0.00    2.16 v _753_/B1 (sky130_fd_sc_hd__a211o_1)
     1    0.00    0.04    0.25    2.41 v _753_/X (sky130_fd_sc_hd__a211o_1)
                                         _335_ (net)
                  0.04    0.00    2.41 v _756_/C (sky130_fd_sc_hd__and4_1)
     1    0.00    0.04    0.19    2.60 v _756_/X (sky130_fd_sc_hd__and4_1)
                                         _338_ (net)
                  0.04    0.00    2.60 v _764_/B1 (sky130_fd_sc_hd__a311oi_1)
     1    0.00    0.25    0.27    2.87 ^ _764_/Y (sky130_fd_sc_hd__a311oi_1)
                                         _346_ (net)
                  0.25    0.00    2.87 ^ _765_/C1 (sky130_fd_sc_hd__o211ai_1)
     1    0.00    0.09    0.13    3.00 v _765_/Y (sky130_fd_sc_hd__o211ai_1)
                                         _031_ (net)
                  0.09    0.00    3.00 v approx_s2[2]$_SDFF_PP0_/D (sky130_fd_sc_hd__dfxtp_1)
                                  3.00   data arrival time

                          4.50    4.50   clock clk (rise edge)
                          0.00    4.50   clock source latency
     1    0.02    0.00    0.00    4.50 ^ clk (in)
                                         clk (net)
                  0.00    0.00    4.50 ^ clkbuf_0_clk/A (sky130_fd_sc_hd__clkbuf_16)
     4    0.05    0.06    0.13    4.63 ^ clkbuf_0_clk/X (sky130_fd_sc_hd__clkbuf_16)
                                         clknet_0_clk (net)
                  0.07    0.00    4.63 ^ clkbuf_2_2__f_clk/A (sky130_fd_sc_hd__clkbuf_16)
    10    0.04    0.06    0.15    4.78 ^ clkbuf_2_2__f_clk/X (sky130_fd_sc_hd__clkbuf_16)
                                         clknet_2_2__leaf_clk (net)
                  0.06    0.00    4.78 ^ approx_s2[2]$_SDFF_PP0_/CLK (sky130_fd_sc_hd__dfxtp_1)
                          0.00    4.78   clock reconvergence pessimism
                         -0.13    4.66   library setup time
                                  4.66   data required time
-----------------------------------------------------------------------------
                                  4.66   data required time
                                 -3.00   data arrival time
-----------------------------------------------------------------------------
                                  1.66   slack (MET)



==========================================================================
finish report_check_types -max_slew -max_cap -max_fanout -violators
--------------------------------------------------------------------------

==========================================================================
finish max_slew_check_slack
--------------------------------------------------------------------------
0.6646088361740112

==========================================================================
finish max_slew_check_limit
--------------------------------------------------------------------------
1.49691903591156

==========================================================================
finish max_slew_check_slack_limit
--------------------------------------------------------------------------
0.4440

==========================================================================
finish max_fanout_check_slack
--------------------------------------------------------------------------
1.0000000150474662e+30

==========================================================================
finish max_fanout_check_limit
--------------------------------------------------------------------------
1.0000000150474662e+30

==========================================================================
finish max_capacitance_check_slack
--------------------------------------------------------------------------
0.018336761742830276

==========================================================================
finish max_capacitance_check_limit
--------------------------------------------------------------------------
0.021067000925540924

==========================================================================
finish max_capacitance_check_slack_limit
--------------------------------------------------------------------------
0.8704

==========================================================================
finish max_slew_violation_count
--------------------------------------------------------------------------
max slew violation count 0

==========================================================================
finish max_fanout_violation_count
--------------------------------------------------------------------------
max fanout violation count 0

==========================================================================
finish max_cap_violation_count
--------------------------------------------------------------------------
max cap violation count 0

==========================================================================
finish setup_violation_count
--------------------------------------------------------------------------
setup violation count 0

==========================================================================
finish hold_violation_count
--------------------------------------------------------------------------
hold violation count 0

==========================================================================
finish report_checks -path_delay max reg to reg
--------------------------------------------------------------------------
Startpoint: x_s1[2]$_SDFFE_PP0P_
            (rising edge-triggered flip-flop clocked by clk)
Endpoint: approx_s2[2]$_SDFF_PP0_
          (rising edge-triggered flip-flop clocked by clk)
Path Group: clk
Path Type: max

  Delay    Time   Description
---------------------------------------------------------
   0.00    0.00   clock clk (rise edge)
   0.00    0.00   clock source latency
   0.00    0.00 ^ clk (in)
   0.13    0.13 ^ clkbuf_0_clk/X (sky130_fd_sc_hd__clkbuf_16)
   0.16    0.29 ^ clkbuf_2_0__f_clk/X (sky130_fd_sc_hd__clkbuf_16)
   0.00    0.29 ^ x_s1[2]$_SDFFE_PP0P_/CLK (sky130_fd_sc_hd__dfxtp_2)
   0.74    1.03 ^ x_s1[2]$_SDFFE_PP0P_/Q (sky130_fd_sc_hd__dfxtp_2)
   0.36    1.39 v _457_/Y (sky130_fd_sc_hd__inv_2)
   0.51    1.90 v _891_/COUT (sky130_fd_sc_hd__ha_1)
   0.26    2.16 v _752_/X (sky130_fd_sc_hd__o21a_1)
   0.25    2.41 v _753_/X (sky130_fd_sc_hd__a211o_1)
   0.19    2.60 v _756_/X (sky130_fd_sc_hd__and4_1)
   0.27    2.87 ^ _764_/Y (sky130_fd_sc_hd__a311oi_1)
   0.13    3.00 v _765_/Y (sky130_fd_sc_hd__o211ai_1)
   0.00    3.00 v approx_s2[2]$_SDFF_PP0_/D (sky130_fd_sc_hd__dfxtp_1)
           3.00   data arrival time

   4.50    4.50   clock clk (rise edge)
   0.00    4.50   clock source latency
   0.00    4.50 ^ clk (in)
   0.13    4.63 ^ clkbuf_0_clk/X (sky130_fd_sc_hd__clkbuf_16)
   0.15    4.78 ^ clkbuf_2_2__f_clk/X (sky130_fd_sc_hd__clkbuf_16)
   0.00    4.78 ^ approx_s2[2]$_SDFF_PP0_/CLK (sky130_fd_sc_hd__dfxtp_1)
   0.00    4.78   clock reconvergence pessimism
  -0.13    4.66   library setup time
           4.66   data required time
---------------------------------------------------------
           4.66   data required time
          -3.00   data arrival time
---------------------------------------------------------
           1.66   slack (MET)



==========================================================================
finish report_checks -path_delay min reg to reg
--------------------------------------------------------------------------
Startpoint: approx_s2[7]$_SDFF_PP0_
            (rising edge-triggered flip-flop clocked by clk)
Endpoint: approx_s3[7]$_SDFF_PP0_
          (rising edge-triggered flip-flop clocked by clk)
Path Group: clk
Path Type: min

  Delay    Time   Description
---------------------------------------------------------
   0.00    0.00   clock clk (rise edge)
   0.00    0.00   clock source latency
   0.00    0.00 ^ clk (in)
   0.13    0.13 ^ clkbuf_0_clk/X (sky130_fd_sc_hd__clkbuf_16)
   0.15    0.28 ^ clkbuf_2_1__f_clk/X (sky130_fd_sc_hd__clkbuf_16)
   0.00    0.28 ^ approx_s2[7]$_SDFF_PP0_/CLK (sky130_fd_sc_hd__dfxtp_1)
   0.30    0.58 ^ approx_s2[7]$_SDFF_PP0_/Q (sky130_fd_sc_hd__dfxtp_1)
   0.10    0.68 ^ _874_/Y (sky130_fd_sc_hd__nor2b_1)
   0.00    0.68 ^ approx_s3[7]$_SDFF_PP0_/D (sky130_fd_sc_hd__dfxtp_1)
           0.68   data arrival time

   0.00    0.00   clock clk (rise edge)
   0.00    0.00   clock source latency
   0.00    0.00 ^ clk (in)
   0.13    0.13 ^ clkbuf_0_clk/X (sky130_fd_sc_hd__clkbuf_16)
   0.15    0.28 ^ clkbuf_2_1__f_clk/X (sky130_fd_sc_hd__clkbuf_16)
   0.00    0.28 ^ approx_s3[7]$_SDFF_PP0_/CLK (sky130_fd_sc_hd__dfxtp_1)
   0.00    0.28   clock reconvergence pessimism
  -0.03    0.25   library hold time
           0.25   data required time
---------------------------------------------------------
           0.25   data required time
          -0.68   data arrival time
---------------------------------------------------------
           0.43   slack (MET)



==========================================================================
finish critical path target clock latency max path
--------------------------------------------------------------------------
0.2885

==========================================================================
finish critical path target clock latency min path
--------------------------------------------------------------------------
0.2921

==========================================================================
finish critical path source clock latency min path
--------------------------------------------------------------------------
0.0000

==========================================================================
finish critical path delay
--------------------------------------------------------------------------
2.9965

==========================================================================
finish critical path slack
--------------------------------------------------------------------------
1.6588

==========================================================================
finish slack div critical path delay
--------------------------------------------------------------------------
55.357918

==========================================================================
finish report_power
--------------------------------------------------------------------------
Group                  Internal  Switching    Leakage      Total
                          Power      Power      Power      Power (Watts)
----------------------------------------------------------------
Sequential             3.82e-04   2.38e-05   3.37e-10   4.06e-04  35.5%
Combinational          1.24e-04   2.01e-04   9.83e-10   3.25e-04  28.4%
Clock                  2.58e-04   1.54e-04   7.97e-11   4.12e-04  36.0%
Macro                  0.00e+00   0.00e+00   0.00e+00   0.00e+00   0.0%
Pad                    0.00e+00   0.00e+00   0.00e+00   0.00e+00   0.0%
----------------------------------------------------------------
Total                  7.64e-04   3.78e-04   1.40e-09   1.14e-03 100.0%
                          66.9%      33.1%       0.0%
