#! /c/Source/iverilog-install/bin/vvp
:ivl_version "12.0 (devel)" "(s20150603-1110-g18392a46)";
:ivl_delay_selection "TYPICAL";
:vpi_time_precision + 0;
:vpi_module "C:\iverilog\lib\ivl\system.vpi";
:vpi_module "C:\iverilog\lib\ivl\vhdl_sys.vpi";
:vpi_module "C:\iverilog\lib\ivl\vhdl_textio.vpi";
:vpi_module "C:\iverilog\lib\ivl\v2005_math.vpi";
:vpi_module "C:\iverilog\lib\ivl\va_math.vpi";
:vpi_module "C:\iverilog\lib\ivl\v2009.vpi";
S_00000274d374ace0 .scope package, "$unit" "$unit" 2 1;
 .timescale 0 0;
S_00000274d374d970 .scope module, "tb_seq_detector_0011" "tb_seq_detector_0011" 3 2;
 .timescale 0 0;
v00000274d374dd30_0 .var "clk", 0 0;
v00000274d3684980_0 .var "data_in", 0 0;
v00000274d3684a20_0 .net "detected", 0 0, v00000274d374aa30_0;  1 drivers
v00000274d3684ac0_0 .var/i "errors", 31 0;
v00000274d3684b60_0 .var "expected_output", 15 0;
v00000274d3684c00_0 .var/i "i", 31 0;
v00000274d3684ca0_0 .var "input_vec", 15 0;
v00000274d3684d40_0 .var "reset", 0 0;
E_00000274d3748180 .event negedge, v00000274d374a7e0_0;
S_00000274d374db00 .scope module, "dut" "seq_detector_0011" 3 9, 4 1 0, S_00000274d374d970;
 .timescale 0 0;
    .port_info 0 /INPUT 1 "clk";
    .port_info 1 /INPUT 1 "reset";
    .port_info 2 /INPUT 1 "data_in";
    .port_info 3 /OUTPUT 1 "detected";
v00000274d374a7e0_0 .net "clk", 0 0, v00000274d374dd30_0;  1 drivers
v00000274d3652e10_0 .net "data_in", 0 0, v00000274d3684980_0;  1 drivers
v00000274d374aa30_0 .var "detected", 0 0;
v00000274d374ae70_0 .var "history", 2 0;
v00000274d374af10_0 .var "match_dly", 0 0;
v00000274d374dc90_0 .net "reset", 0 0, v00000274d3684d40_0;  1 drivers
E_00000274d3748a80 .event anyedge, v00000274d374dc90_0, v00000274d374af10_0;
E_00000274d37481c0 .event posedge, v00000274d374a7e0_0;
    .scope S_00000274d374db00;
T_0 ;
    %wait E_00000274d37481c0;
    %load/vec4 v00000274d374dc90_0;
    %flag_set/vec4 8;
    %load/vec4 v00000274d374ae70_0;
    %xor/r;
    %cmpi/e 1, 1, 1;
    %flag_or 6, 8;
    %flag_mov 8, 6;
    %load/vec4 v00000274d374af10_0;
    %cmpi/e 1, 1, 1;
    %flag_or 6, 8;
    %jmp/0xz  T_0.0, 6;
    %pushi/vec4 0, 0, 3;
    %assign/vec4 v00000274d374ae70_0, 0;
    %pushi/vec4 0, 0, 1;
    %assign/vec4 v00000274d374af10_0, 0;
    %jmp T_0.1;
T_0.0 ;
    %load/vec4 v00000274d374ae70_0;
    %load/vec4 v00000274d3652e10_0;
    %concat/vec4; draw_concat_vec4
    %pushi/vec4 3, 0, 4;
    %cmp/e;
    %flag_get/vec4 4;
    %assign/vec4 v00000274d374af10_0, 0;
    %load/vec4 v00000274d374ae70_0;
    %parti/s 2, 0, 2;
    %load/vec4 v00000274d3652e10_0;
    %concat/vec4; draw_concat_vec4
    %assign/vec4 v00000274d374ae70_0, 0;
T_0.1 ;
    %jmp T_0;
    .thread T_0;
    .scope S_00000274d374db00;
T_1 ;
    %wait E_00000274d3748a80;
    %load/vec4 v00000274d374dc90_0;
    %flag_set/vec4 8;
    %jmp/0xz  T_1.0, 8;
    %pushi/vec4 0, 0, 1;
    %store/vec4 v00000274d374aa30_0, 0, 1;
    %jmp T_1.1;
T_1.0 ;
    %load/vec4 v00000274d374af10_0;
    %pushi/vec4 1, 0, 1;
    %cmp/e;
    %flag_get/vec4 4;
    %store/vec4 v00000274d374aa30_0, 0, 1;
T_1.1 ;
    %jmp T_1;
    .thread T_1, $push;
    .scope S_00000274d374d970;
T_2 ;
    %pushi/vec4 6578, 0, 16;
    %store/vec4 v00000274d3684ca0_0, 0, 16;
    %pushi/vec4 1088, 0, 16;
    %store/vec4 v00000274d3684b60_0, 0, 16;
    %pushi/vec4 0, 0, 32;
    %store/vec4 v00000274d3684ac0_0, 0, 32;
    %end;
    .thread T_2, $init;
    .scope S_00000274d374d970;
T_3 ;
    %pushi/vec4 0, 0, 1;
    %store/vec4 v00000274d374dd30_0, 0, 1;
    %end;
    .thread T_3;
    .scope S_00000274d374d970;
T_4 ;
    %delay 5, 0;
    %load/vec4 v00000274d374dd30_0;
    %inv;
    %store/vec4 v00000274d374dd30_0, 0, 1;
    %jmp T_4;
    .thread T_4;
    .scope S_00000274d374d970;
T_5 ;
    %pushi/vec4 1, 0, 1;
    %store/vec4 v00000274d3684d40_0, 0, 1;
    %wait E_00000274d37481c0;
    %pushi/vec4 0, 0, 1;
    %store/vec4 v00000274d3684d40_0, 0, 1;
    %pushi/vec4 0, 0, 32;
    %store/vec4 v00000274d3684c00_0, 0, 32;
T_5.0 ;
    %load/vec4 v00000274d3684c00_0;
    %cmpi/s 16, 0, 32;
    %jmp/0xz T_5.1, 5;
    %wait E_00000274d3748180;
    %load/vec4 v00000274d3684ca0_0;
    %pushi/vec4 15, 0, 32;
    %load/vec4 v00000274d3684c00_0;
    %sub;
    %part/s 1;
    %store/vec4 v00000274d3684980_0, 0, 1;
    %wait E_00000274d37481c0;
    %load/vec4 v00000274d3684a20_0;
    %load/vec4 v00000274d3684b60_0;
    %pushi/vec4 15, 0, 32;
    %load/vec4 v00000274d3684c00_0;
    %sub;
    %part/s 1;
    %cmp/ne;
    %jmp/0xz  T_5.2, 6;
    %load/vec4 v00000274d3684b60_0;
    %pushi/vec4 15, 0, 32;
    %load/vec4 v00000274d3684c00_0;
    %sub;
    %part/s 1;
    %vpi_call/w 3 34 "$display", "ERROR at bit %0d: data_in=%b detected=%b expected=%b", v00000274d3684c00_0, v00000274d3684980_0, v00000274d3684a20_0, S<0,vec4,u1> {1 0 0};
    %load/vec4 v00000274d3684ac0_0;
    %addi 1, 0, 32;
    %store/vec4 v00000274d3684ac0_0, 0, 32;
T_5.2 ;
    %load/vec4 v00000274d3684c00_0;
    %addi 1, 0, 32;
    %store/vec4 v00000274d3684c00_0, 0, 32;
    %jmp T_5.0;
T_5.1 ;
    %load/vec4 v00000274d3684ac0_0;
    %cmpi/e 0, 0, 32;
    %jmp/0xz  T_5.4, 4;
    %vpi_call/w 3 40 "$display", "Test PASSED!" {0 0 0};
    %jmp T_5.5;
T_5.4 ;
    %vpi_call/w 3 42 "$display", "Test FAILED: %0d errors found.", v00000274d3684ac0_0 {0 0 0};
T_5.5 ;
    %vpi_call/w 3 44 "$finish" {0 0 0};
    %end;
    .thread T_5;
# The file index is used to find the file name in the following table.
:file_names 5;
    "N/A";
    "<interactive>";
    "-";
    "tb/iclad_seq_detector_tb.v";
    "rtl/p1_design.v";
