
==========================================================================
finish report_tns
--------------------------------------------------------------------------
tns max 0.00

==========================================================================
finish report_wns
--------------------------------------------------------------------------
wns max 0.00

==========================================================================
finish report_worst_slack
--------------------------------------------------------------------------
worst slack max 3.19

==========================================================================
finish report_clock_min_period
--------------------------------------------------------------------------
clk period_min = 2.81 fmax = 355.46

==========================================================================
finish report_clock_skew
--------------------------------------------------------------------------
Clock clk
   0.28 source latency x_s1[4]$_SDFFE_PP0P_/CLK ^
  -0.27 target latency approx_s2[8]$_SDFF_PP0_/CLK ^
   0.00 CRPR
--------------
   0.01 setup skew


==========================================================================
finish report_checks -path_delay min
--------------------------------------------------------------------------
Startpoint: approx_s2[4]$_SDFF_PP0_
            (rising edge-triggered flip-flop clocked by clk)
Endpoint: approx_s3[4]$_SDFF_PP0_
          (rising edge-triggered flip-flop clocked by clk)
Path Group: clk
Path Type: min

Fanout     Cap    Slew   Delay    Time   Description
-----------------------------------------------------------------------------
                          0.00    0.00   clock clk (rise edge)
                          0.00    0.00   clock source latency
     1    0.02    0.00    0.00    0.00 ^ clk (in)
                                         clk (net)
                  0.00    0.00    0.00 ^ clkbuf_0_clk/A (sky130_fd_sc_hd__clkbuf_16)
     4    0.04    0.06    0.13    0.13 ^ clkbuf_0_clk/X (sky130_fd_sc_hd__clkbuf_16)
                                         clknet_0_clk (net)
                  0.06    0.00    0.13 ^ clkbuf_2_2__f_clk/A (sky130_fd_sc_hd__clkbuf_16)
     9    0.03    0.05    0.14    0.27 ^ clkbuf_2_2__f_clk/X (sky130_fd_sc_hd__clkbuf_16)
                                         clknet_2_2__leaf_clk (net)
                  0.05    0.00    0.27 ^ approx_s2[4]$_SDFF_PP0_/CLK (sky130_fd_sc_hd__dfxtp_1)
     1    0.00    0.03    0.29    0.57 ^ approx_s2[4]$_SDFF_PP0_/Q (sky130_fd_sc_hd__dfxtp_1)
                                         approx_s2[4] (net)
                  0.03    0.00    0.57 ^ _877_/B_N (sky130_fd_sc_hd__nor2b_1)
     1    0.00    0.07    0.11    0.68 ^ _877_/Y (sky130_fd_sc_hd__nor2b_1)
                                         _046_ (net)
                  0.07    0.00    0.68 ^ approx_s3[4]$_SDFF_PP0_/D (sky130_fd_sc_hd__dfxtp_1)
                                  0.68   data arrival time

                          0.00    0.00   clock clk (rise edge)
                          0.00    0.00   clock source latency
     1    0.02    0.00    0.00    0.00 ^ clk (in)
                                         clk (net)
                  0.00    0.00    0.00 ^ clkbuf_0_clk/A (sky130_fd_sc_hd__clkbuf_16)
     4    0.04    0.06    0.13    0.13 ^ clkbuf_0_clk/X (sky130_fd_sc_hd__clkbuf_16)
                                         clknet_0_clk (net)
                  0.06    0.00    0.13 ^ clkbuf_2_3__f_clk/A (sky130_fd_sc_hd__clkbuf_16)
    12    0.04    0.06    0.15    0.28 ^ clkbuf_2_3__f_clk/X (sky130_fd_sc_hd__clkbuf_16)
                                         clknet_2_3__leaf_clk (net)
                  0.06    0.00    0.28 ^ approx_s3[4]$_SDFF_PP0_/CLK (sky130_fd_sc_hd__dfxtp_1)
                          0.00    0.28   clock reconvergence pessimism
                         -0.04    0.24   library hold time
                                  0.24   data required time
-----------------------------------------------------------------------------
                                  0.24   data required time
                                 -0.68   data arrival time
-----------------------------------------------------------------------------
                                  0.43   slack (MET)



==========================================================================
finish report_checks -path_delay max
--------------------------------------------------------------------------
Startpoint: x_s1[1]$_SDFFE_PP0P_
            (rising edge-triggered flip-flop clocked by clk)
Endpoint: approx_s2[1]$_SDFF_PP0_
          (rising edge-triggered flip-flop clocked by clk)
Path Group: clk
Path Type: max

Fanout     Cap    Slew   Delay    Time   Description
-----------------------------------------------------------------------------
                          0.00    0.00   clock clk (rise edge)
                          0.00    0.00   clock source latency
     1    0.02    0.00    0.00    0.00 ^ clk (in)
                                         clk (net)
                  0.00    0.00    0.00 ^ clkbuf_0_clk/A (sky130_fd_sc_hd__clkbuf_16)
     4    0.04    0.06    0.13    0.13 ^ clkbuf_0_clk/X (sky130_fd_sc_hd__clkbuf_16)
                                         clknet_0_clk (net)
                  0.06    0.00    0.13 ^ clkbuf_2_0__f_clk/A (sky130_fd_sc_hd__clkbuf_16)
    10    0.04    0.06    0.15    0.28 ^ clkbuf_2_0__f_clk/X (sky130_fd_sc_hd__clkbuf_16)
                                         clknet_2_0__leaf_clk (net)
                  0.06    0.00    0.28 ^ x_s1[1]$_SDFFE_PP0P_/CLK (sky130_fd_sc_hd__dfxtp_1)
     1    0.00    0.04    0.30    0.59 ^ x_s1[1]$_SDFFE_PP0P_/Q (sky130_fd_sc_hd__dfxtp_1)
                                         x_s1[1] (net)
                  0.04    0.00    0.59 ^ place44/A (sky130_fd_sc_hd__buf_4)
    24    0.10    0.27    0.27    0.85 ^ place44/X (sky130_fd_sc_hd__buf_4)
                                         net43 (net)
                  0.27    0.01    0.87 ^ _461_/A (sky130_fd_sc_hd__inv_1)
     9    0.04    0.18    0.23    1.10 v _461_/Y (sky130_fd_sc_hd__inv_1)
                                         _000_ (net)
                  0.18    0.00    1.10 v _894_/B (sky130_fd_sc_hd__ha_1)
    16    0.07    0.34    0.59    1.69 v _894_/SUM (sky130_fd_sc_hd__ha_1)
                                         _008_ (net)
                  0.34    0.00    1.69 v _743_/B (sky130_fd_sc_hd__nand2b_1)
     3    0.01    0.16    0.25    1.94 ^ _743_/Y (sky130_fd_sc_hd__nand2b_1)
                                         _325_ (net)
                  0.16    0.00    1.94 ^ _768_/B1 (sky130_fd_sc_hd__o21ai_0)
     1    0.00    0.08    0.12    2.06 v _768_/Y (sky130_fd_sc_hd__o21ai_0)
                                         _349_ (net)
                  0.08    0.00    2.06 v _770_/A2 (sky130_fd_sc_hd__mux4_2)
     1    0.00    0.09    0.48    2.54 v _770_/X (sky130_fd_sc_hd__mux4_2)
                                         _351_ (net)
                  0.09    0.00    2.54 v _775_/A2 (sky130_fd_sc_hd__a221oi_2)
     1    0.00    0.20    0.29    2.83 ^ _775_/Y (sky130_fd_sc_hd__a221oi_2)
                                         _356_ (net)
                  0.20    0.00    2.83 ^ _810_/A2 (sky130_fd_sc_hd__o311ai_1)
     1    0.00    0.13    0.12    2.95 v _810_/Y (sky130_fd_sc_hd__o311ai_1)
                                         _032_ (net)
                  0.13    0.00    2.95 v approx_s2[1]$_SDFF_PP0_/D (sky130_fd_sc_hd__dfxtp_1)
                                  2.95   data arrival time

                          6.00    6.00   clock clk (rise edge)
                          0.00    6.00   clock source latency
     1    0.02    0.00    0.00    6.00 ^ clk (in)
                                         clk (net)
                  0.00    0.00    6.00 ^ clkbuf_0_clk/A (sky130_fd_sc_hd__clkbuf_16)
     4    0.04    0.06    0.13    6.13 ^ clkbuf_0_clk/X (sky130_fd_sc_hd__clkbuf_16)
                                         clknet_0_clk (net)
                  0.06    0.00    6.13 ^ clkbuf_2_0__f_clk/A (sky130_fd_sc_hd__clkbuf_16)
    10    0.04    0.06    0.15    6.28 ^ clkbuf_2_0__f_clk/X (sky130_fd_sc_hd__clkbuf_16)
                                         clknet_2_0__leaf_clk (net)
                  0.06    0.00    6.28 ^ approx_s2[1]$_SDFF_PP0_/CLK (sky130_fd_sc_hd__dfxtp_1)
                          0.00    6.28   clock reconvergence pessimism
                         -0.15    6.14   library setup time
                                  6.14   data required time
-----------------------------------------------------------------------------
                                  6.14   data required time
                                 -2.95   data arrival time
-----------------------------------------------------------------------------
                                  3.19   slack (MET)



==========================================================================
finish report_checks -unconstrained
--------------------------------------------------------------------------
Startpoint: x_s1[1]$_SDFFE_PP0P_
            (rising edge-triggered flip-flop clocked by clk)
Endpoint: approx_s2[1]$_SDFF_PP0_
          (rising edge-triggered flip-flop clocked by clk)
Path Group: clk
Path Type: max

Fanout     Cap    Slew   Delay    Time   Description
-----------------------------------------------------------------------------
                          0.00    0.00   clock clk (rise edge)
                          0.00    0.00   clock source latency
     1    0.02    0.00    0.00    0.00 ^ clk (in)
                                         clk (net)
                  0.00    0.00    0.00 ^ clkbuf_0_clk/A (sky130_fd_sc_hd__clkbuf_16)
     4    0.04    0.06    0.13    0.13 ^ clkbuf_0_clk/X (sky130_fd_sc_hd__clkbuf_16)
                                         clknet_0_clk (net)
                  0.06    0.00    0.13 ^ clkbuf_2_0__f_clk/A (sky130_fd_sc_hd__clkbuf_16)
    10    0.04    0.06    0.15    0.28 ^ clkbuf_2_0__f_clk/X (sky130_fd_sc_hd__clkbuf_16)
                                         clknet_2_0__leaf_clk (net)
                  0.06    0.00    0.28 ^ x_s1[1]$_SDFFE_PP0P_/CLK (sky130_fd_sc_hd__dfxtp_1)
     1    0.00    0.04    0.30    0.59 ^ x_s1[1]$_SDFFE_PP0P_/Q (sky130_fd_sc_hd__dfxtp_1)
                                         x_s1[1] (net)
                  0.04    0.00    0.59 ^ place44/A (sky130_fd_sc_hd__buf_4)
    24    0.10    0.27    0.27    0.85 ^ place44/X (sky130_fd_sc_hd__buf_4)
                                         net43 (net)
                  0.27    0.01    0.87 ^ _461_/A (sky130_fd_sc_hd__inv_1)
     9    0.04    0.18    0.23    1.10 v _461_/Y (sky130_fd_sc_hd__inv_1)
                                         _000_ (net)
                  0.18    0.00    1.10 v _894_/B (sky130_fd_sc_hd__ha_1)
    16    0.07    0.34    0.59    1.69 v _894_/SUM (sky130_fd_sc_hd__ha_1)
                                         _008_ (net)
                  0.34    0.00    1.69 v _743_/B (sky130_fd_sc_hd__nand2b_1)
     3    0.01    0.16    0.25    1.94 ^ _743_/Y (sky130_fd_sc_hd__nand2b_1)
                                         _325_ (net)
                  0.16    0.00    1.94 ^ _768_/B1 (sky130_fd_sc_hd__o21ai_0)
     1    0.00    0.08    0.12    2.06 v _768_/Y (sky130_fd_sc_hd__o21ai_0)
                                         _349_ (net)
                  0.08    0.00    2.06 v _770_/A2 (sky130_fd_sc_hd__mux4_2)
     1    0.00    0.09    0.48    2.54 v _770_/X (sky130_fd_sc_hd__mux4_2)
                                         _351_ (net)
                  0.09    0.00    2.54 v _775_/A2 (sky130_fd_sc_hd__a221oi_2)
     1    0.00    0.20    0.29    2.83 ^ _775_/Y (sky130_fd_sc_hd__a221oi_2)
                                         _356_ (net)
                  0.20    0.00    2.83 ^ _810_/A2 (sky130_fd_sc_hd__o311ai_1)
     1    0.00    0.13    0.12    2.95 v _810_/Y (sky130_fd_sc_hd__o311ai_1)
                                         _032_ (net)
                  0.13    0.00    2.95 v approx_s2[1]$_SDFF_PP0_/D (sky130_fd_sc_hd__dfxtp_1)
                                  2.95   data arrival time

                          6.00    6.00   clock clk (rise edge)
                          0.00    6.00   clock source latency
     1    0.02    0.00    0.00    6.00 ^ clk (in)
                                         clk (net)
                  0.00    0.00    6.00 ^ clkbuf_0_clk/A (sky130_fd_sc_hd__clkbuf_16)
     4    0.04    0.06    0.13    6.13 ^ clkbuf_0_clk/X (sky130_fd_sc_hd__clkbuf_16)
                                         clknet_0_clk (net)
                  0.06    0.00    6.13 ^ clkbuf_2_0__f_clk/A (sky130_fd_sc_hd__clkbuf_16)
    10    0.04    0.06    0.15    6.28 ^ clkbuf_2_0__f_clk/X (sky130_fd_sc_hd__clkbuf_16)
                                         clknet_2_0__leaf_clk (net)
                  0.06    0.00    6.28 ^ approx_s2[1]$_SDFF_PP0_/CLK (sky130_fd_sc_hd__dfxtp_1)
                          0.00    6.28   clock reconvergence pessimism
                         -0.15    6.14   library setup time
                                  6.14   data required time
-----------------------------------------------------------------------------
                                  6.14   data required time
                                 -2.95   data arrival time
-----------------------------------------------------------------------------
                                  3.19   slack (MET)



==========================================================================
finish report_check_types -max_slew -max_cap -max_fanout -violators
--------------------------------------------------------------------------

==========================================================================
finish max_slew_check_slack
--------------------------------------------------------------------------
0.7216832041740417

==========================================================================
finish max_slew_check_limit
--------------------------------------------------------------------------
1.5

==========================================================================
finish max_slew_check_slack_limit
--------------------------------------------------------------------------
0.4811

==========================================================================
finish max_fanout_check_slack
--------------------------------------------------------------------------
1.0000000150474662e+30

==========================================================================
finish max_fanout_check_limit
--------------------------------------------------------------------------
1.0000000150474662e+30

==========================================================================
finish max_capacitance_check_slack
--------------------------------------------------------------------------
0.017507588490843773

==========================================================================
finish max_capacitance_check_limit
--------------------------------------------------------------------------
0.021067000925540924

==========================================================================
finish max_capacitance_check_slack_limit
--------------------------------------------------------------------------
0.8310

==========================================================================
finish max_slew_violation_count
--------------------------------------------------------------------------
max slew violation count 0

==========================================================================
finish max_fanout_violation_count
--------------------------------------------------------------------------
max fanout violation count 0

==========================================================================
finish max_cap_violation_count
--------------------------------------------------------------------------
max cap violation count 0

==========================================================================
finish setup_violation_count
--------------------------------------------------------------------------
setup violation count 0

==========================================================================
finish hold_violation_count
--------------------------------------------------------------------------
hold violation count 0

==========================================================================
finish report_checks -path_delay max reg to reg
--------------------------------------------------------------------------
Startpoint: x_s1[1]$_SDFFE_PP0P_
            (rising edge-triggered flip-flop clocked by clk)
Endpoint: approx_s2[1]$_SDFF_PP0_
          (rising edge-triggered flip-flop clocked by clk)
Path Group: clk
Path Type: max

  Delay    Time   Description
---------------------------------------------------------
   0.00    0.00   clock clk (rise edge)
   0.00    0.00   clock source latency
   0.00    0.00 ^ clk (in)
   0.13    0.13 ^ clkbuf_0_clk/X (sky130_fd_sc_hd__clkbuf_16)
   0.15    0.28 ^ clkbuf_2_0__f_clk/X (sky130_fd_sc_hd__clkbuf_16)
   0.00    0.28 ^ x_s1[1]$_SDFFE_PP0P_/CLK (sky130_fd_sc_hd__dfxtp_1)
   0.30    0.59 ^ x_s1[1]$_SDFFE_PP0P_/Q (sky130_fd_sc_hd__dfxtp_1)
   0.27    0.85 ^ place44/X (sky130_fd_sc_hd__buf_4)
   0.24    1.10 v _461_/Y (sky130_fd_sc_hd__inv_1)
   0.59    1.69 v _894_/SUM (sky130_fd_sc_hd__ha_1)
   0.25    1.94 ^ _743_/Y (sky130_fd_sc_hd__nand2b_1)
   0.12    2.06 v _768_/Y (sky130_fd_sc_hd__o21ai_0)
   0.48    2.54 v _770_/X (sky130_fd_sc_hd__mux4_2)
   0.29    2.83 ^ _775_/Y (sky130_fd_sc_hd__a221oi_2)
   0.12    2.95 v _810_/Y (sky130_fd_sc_hd__o311ai_1)
   0.00    2.95 v approx_s2[1]$_SDFF_PP0_/D (sky130_fd_sc_hd__dfxtp_1)
           2.95   data arrival time

   6.00    6.00   clock clk (rise edge)
   0.00    6.00   clock source latency
   0.00    6.00 ^ clk (in)
   0.13    6.13 ^ clkbuf_0_clk/X (sky130_fd_sc_hd__clkbuf_16)
   0.15    6.28 ^ clkbuf_2_0__f_clk/X (sky130_fd_sc_hd__clkbuf_16)
   0.00    6.28 ^ approx_s2[1]$_SDFF_PP0_/CLK (sky130_fd_sc_hd__dfxtp_1)
   0.00    6.28   clock reconvergence pessimism
  -0.15    6.14   library setup time
           6.14   data required time
---------------------------------------------------------
           6.14   data required time
          -2.95   data arrival time
---------------------------------------------------------
           3.19   slack (MET)



==========================================================================
finish report_checks -path_delay min reg to reg
--------------------------------------------------------------------------
Startpoint: approx_s2[4]$_SDFF_PP0_
            (rising edge-triggered flip-flop clocked by clk)
Endpoint: approx_s3[4]$_SDFF_PP0_
          (rising edge-triggered flip-flop clocked by clk)
Path Group: clk
Path Type: min

  Delay    Time   Description
---------------------------------------------------------
   0.00    0.00   clock clk (rise edge)
   0.00    0.00   clock source latency
   0.00    0.00 ^ clk (in)
   0.13    0.13 ^ clkbuf_0_clk/X (sky130_fd_sc_hd__clkbuf_16)
   0.14    0.27 ^ clkbuf_2_2__f_clk/X (sky130_fd_sc_hd__clkbuf_16)
   0.00    0.27 ^ approx_s2[4]$_SDFF_PP0_/CLK (sky130_fd_sc_hd__dfxtp_1)
   0.29    0.57 ^ approx_s2[4]$_SDFF_PP0_/Q (sky130_fd_sc_hd__dfxtp_1)
   0.11    0.68 ^ _877_/Y (sky130_fd_sc_hd__nor2b_1)
   0.00    0.68 ^ approx_s3[4]$_SDFF_PP0_/D (sky130_fd_sc_hd__dfxtp_1)
           0.68   data arrival time

   0.00    0.00   clock clk (rise edge)
   0.00    0.00   clock source latency
   0.00    0.00 ^ clk (in)
   0.13    0.13 ^ clkbuf_0_clk/X (sky130_fd_sc_hd__clkbuf_16)
   0.15    0.28 ^ clkbuf_2_3__f_clk/X (sky130_fd_sc_hd__clkbuf_16)
   0.00    0.28 ^ approx_s3[4]$_SDFF_PP0_/CLK (sky130_fd_sc_hd__dfxtp_1)
   0.00    0.28   clock reconvergence pessimism
  -0.04    0.24   library hold time
           0.24   data required time
---------------------------------------------------------
           0.24   data required time
          -0.68   data arrival time
---------------------------------------------------------
           0.43   slack (MET)



==========================================================================
finish critical path target clock latency max path
--------------------------------------------------------------------------
0.2754

==========================================================================
finish critical path target clock latency min path
--------------------------------------------------------------------------
0.2765

==========================================================================
finish critical path source clock latency min path
--------------------------------------------------------------------------
0.0000

==========================================================================
finish critical path delay
--------------------------------------------------------------------------
2.9492

==========================================================================
finish critical path slack
--------------------------------------------------------------------------
3.1867

==========================================================================
finish slack div critical path delay
--------------------------------------------------------------------------
108.053031

==========================================================================
finish report_power
--------------------------------------------------------------------------
Group                  Internal  Switching    Leakage      Total
                          Power      Power      Power      Power (Watts)
----------------------------------------------------------------
Sequential             2.87e-04   9.89e-06   3.37e-10   2.97e-04  35.3%
Combinational          9.24e-05   1.57e-04   9.74e-10   2.49e-04  29.6%
Clock                  1.93e-04   1.03e-04   7.97e-11   2.95e-04  35.1%
Macro                  0.00e+00   0.00e+00   0.00e+00   0.00e+00   0.0%
Pad                    0.00e+00   0.00e+00   0.00e+00   0.00e+00   0.0%
----------------------------------------------------------------
Total                  5.72e-04   2.69e-04   1.39e-09   8.41e-04 100.0%
                          68.0%      32.0%       0.0%
