
==========================================================================
finish report_tns
--------------------------------------------------------------------------
tns max 0.00

==========================================================================
finish report_wns
--------------------------------------------------------------------------
wns max 0.00

==========================================================================
finish report_worst_slack
--------------------------------------------------------------------------
worst slack max 0.29

==========================================================================
finish report_clock_min_period
--------------------------------------------------------------------------
clk period_min = 2.71 fmax = 369.06

==========================================================================
finish report_clock_skew
--------------------------------------------------------------------------
Clock clk
   0.30 source latency x_s1[1]$_SDFFE_PP0P_/CLK ^
  -0.29 target latency approx_s2[6]$_SDFFE_PP0P_/CLK ^
   0.00 CRPR
--------------
   0.01 setup skew


==========================================================================
finish report_checks -path_delay min
--------------------------------------------------------------------------
Startpoint: approx_s2[9]$_SDFFE_PP0P_
            (rising edge-triggered flip-flop clocked by clk)
Endpoint: approx_s2[9]$_SDFFE_PP0P_
          (rising edge-triggered flip-flop clocked by clk)
Path Group: clk
Path Type: min

Fanout     Cap    Slew   Delay    Time   Description
-----------------------------------------------------------------------------
                          0.00    0.00   clock clk (rise edge)
                          0.00    0.00   clock source latency
     1    0.02    0.00    0.00    0.00 ^ clk (in)
                                         clk (net)
                  0.00    0.00    0.00 ^ clkbuf_0_clk/A (sky130_fd_sc_hd__clkbuf_16)
     4    0.05    0.07    0.14    0.14 ^ clkbuf_0_clk/X (sky130_fd_sc_hd__clkbuf_16)
                                         clknet_0_clk (net)
                  0.07    0.00    0.14 ^ clkbuf_2_3__f_clk/A (sky130_fd_sc_hd__clkbuf_16)
    14    0.05    0.07    0.16    0.29 ^ clkbuf_2_3__f_clk/X (sky130_fd_sc_hd__clkbuf_16)
                                         clknet_2_3__leaf_clk (net)
                  0.07    0.00    0.30 ^ approx_s2[9]$_SDFFE_PP0P_/CLK (sky130_fd_sc_hd__dfxtp_1)
     2    0.01    0.04    0.31    0.61 v approx_s2[9]$_SDFFE_PP0P_/Q (sky130_fd_sc_hd__dfxtp_1)
                                         approx_s2[9] (net)
                  0.04    0.00    0.61 v _916_/B (sky130_fd_sc_hd__nand2b_1)
     1    0.00    0.05    0.07    0.68 ^ _916_/Y (sky130_fd_sc_hd__nand2b_1)
                                         _460_ (net)
                  0.05    0.00    0.68 ^ _918_/A1 (sky130_fd_sc_hd__a21oi_1)
     1    0.00    0.04    0.06    0.73 v _918_/Y (sky130_fd_sc_hd__a21oi_1)
                                         _049_ (net)
                  0.04    0.00    0.73 v approx_s2[9]$_SDFFE_PP0P_/D (sky130_fd_sc_hd__dfxtp_1)
                                  0.73   data arrival time

                          0.00    0.00   clock clk (rise edge)
                          0.00    0.00   clock source latency
     1    0.02    0.00    0.00    0.00 ^ clk (in)
                                         clk (net)
                  0.00    0.00    0.00 ^ clkbuf_0_clk/A (sky130_fd_sc_hd__clkbuf_16)
     4    0.05    0.07    0.14    0.14 ^ clkbuf_0_clk/X (sky130_fd_sc_hd__clkbuf_16)
                                         clknet_0_clk (net)
                  0.07    0.00    0.14 ^ clkbuf_2_3__f_clk/A (sky130_fd_sc_hd__clkbuf_16)
    14    0.05    0.07    0.16    0.29 ^ clkbuf_2_3__f_clk/X (sky130_fd_sc_hd__clkbuf_16)
                                         clknet_2_3__leaf_clk (net)
                  0.07    0.00    0.30 ^ approx_s2[9]$_SDFFE_PP0P_/CLK (sky130_fd_sc_hd__dfxtp_1)
                          0.00    0.30   clock reconvergence pessimism
                         -0.05    0.25   library hold time
                                  0.25   data required time
-----------------------------------------------------------------------------
                                  0.25   data required time
                                 -0.73   data arrival time
-----------------------------------------------------------------------------
                                  0.48   slack (MET)



==========================================================================
finish report_checks -path_delay max
--------------------------------------------------------------------------
Startpoint: x_s1[3]$_SDFFE_PP0P_
            (rising edge-triggered flip-flop clocked by clk)
Endpoint: approx_s2[4]$_SDFFE_PP0P_
          (rising edge-triggered flip-flop clocked by clk)
Path Group: clk
Path Type: max

Fanout     Cap    Slew   Delay    Time   Description
-----------------------------------------------------------------------------
                          0.00    0.00   clock clk (rise edge)
                          0.00    0.00   clock source latency
     1    0.02    0.00    0.00    0.00 ^ clk (in)
                                         clk (net)
                  0.00    0.00    0.00 ^ clkbuf_0_clk/A (sky130_fd_sc_hd__clkbuf_16)
     4    0.05    0.07    0.14    0.14 ^ clkbuf_0_clk/X (sky130_fd_sc_hd__clkbuf_16)
                                         clknet_0_clk (net)
                  0.07    0.00    0.14 ^ clkbuf_2_0__f_clk/A (sky130_fd_sc_hd__clkbuf_16)
     8    0.06    0.07    0.16    0.30 ^ clkbuf_2_0__f_clk/X (sky130_fd_sc_hd__clkbuf_16)
                                         clknet_2_0__leaf_clk (net)
                  0.07    0.00    0.30 ^ x_s1[3]$_SDFFE_PP0P_/CLK (sky130_fd_sc_hd__dfxtp_2)
    39    0.18    0.90    0.91    1.21 ^ x_s1[3]$_SDFFE_PP0P_/Q (sky130_fd_sc_hd__dfxtp_2)
                                         x_s1[3] (net)
                  0.90    0.01    1.22 ^ place114/A (sky130_fd_sc_hd__buf_12)
    19    0.09    0.12    0.25    1.47 ^ place114/X (sky130_fd_sc_hd__buf_12)
                                         net113 (net)
                  0.12    0.01    1.48 ^ place113/A (sky130_fd_sc_hd__buf_4)
    11    0.05    0.13    0.20    1.68 ^ place113/X (sky130_fd_sc_hd__buf_4)
                                         net112 (net)
                  0.13    0.00    1.68 ^ _866_/A (sky130_fd_sc_hd__xnor2_1)
     1    0.00    0.12    0.13    1.81 ^ _866_/Y (sky130_fd_sc_hd__xnor2_1)
                                         _412_ (net)
                  0.12    0.00    1.81 ^ _867_/C (sky130_fd_sc_hd__nor3_1)
     1    0.00    0.08    0.07    1.87 v _867_/Y (sky130_fd_sc_hd__nor3_1)
                                         _413_ (net)
                  0.08    0.00    1.87 v _868_/C1 (sky130_fd_sc_hd__a2111oi_0)
     1    0.01    0.57    0.53    2.40 ^ _868_/Y (sky130_fd_sc_hd__a2111oi_0)
                                         _414_ (net)
                  0.57    0.00    2.40 ^ _869_/B1 (sky130_fd_sc_hd__a311oi_1)
     1    0.01    0.17    0.14    2.55 v _869_/Y (sky130_fd_sc_hd__a311oi_1)
                                         _415_ (net)
                  0.17    0.00    2.55 v _870_/B1 (sky130_fd_sc_hd__a41oi_1)
     1    0.01    0.22    0.25    2.80 ^ _870_/Y (sky130_fd_sc_hd__a41oi_1)
                                         _416_ (net)
                  0.22    0.00    2.80 ^ _872_/A2 (sky130_fd_sc_hd__a21o_1)
     1    0.00    0.05    0.15    2.95 ^ _872_/X (sky130_fd_sc_hd__a21o_1)
                                         _047_ (net)
                  0.05    0.00    2.95 ^ approx_s2[4]$_SDFFE_PP0P_/D (sky130_fd_sc_hd__dfxtp_1)
                                  2.95   data arrival time

                          3.00    3.00   clock clk (rise edge)
                          0.00    3.00   clock source latency
     1    0.02    0.00    0.00    3.00 ^ clk (in)
                                         clk (net)
                  0.00    0.00    3.00 ^ clkbuf_0_clk/A (sky130_fd_sc_hd__clkbuf_16)
     4    0.05    0.07    0.14    3.14 ^ clkbuf_0_clk/X (sky130_fd_sc_hd__clkbuf_16)
                                         clknet_0_clk (net)
                  0.07    0.00    3.14 ^ clkbuf_2_2__f_clk/A (sky130_fd_sc_hd__clkbuf_16)
    11    0.05    0.07    0.16    3.29 ^ clkbuf_2_2__f_clk/X (sky130_fd_sc_hd__clkbuf_16)
                                         clknet_2_2__leaf_clk (net)
                  0.07    0.00    3.30 ^ approx_s2[4]$_SDFFE_PP0P_/CLK (sky130_fd_sc_hd__dfxtp_1)
                          0.00    3.30   clock reconvergence pessimism
                         -0.05    3.24   library setup time
                                  3.24   data required time
-----------------------------------------------------------------------------
                                  3.24   data required time
                                 -2.95   data arrival time
-----------------------------------------------------------------------------
                                  0.29   slack (MET)



==========================================================================
finish report_checks -unconstrained
--------------------------------------------------------------------------
Startpoint: x_s1[3]$_SDFFE_PP0P_
            (rising edge-triggered flip-flop clocked by clk)
Endpoint: approx_s2[4]$_SDFFE_PP0P_
          (rising edge-triggered flip-flop clocked by clk)
Path Group: clk
Path Type: max

Fanout     Cap    Slew   Delay    Time   Description
-----------------------------------------------------------------------------
                          0.00    0.00   clock clk (rise edge)
                          0.00    0.00   clock source latency
     1    0.02    0.00    0.00    0.00 ^ clk (in)
                                         clk (net)
                  0.00    0.00    0.00 ^ clkbuf_0_clk/A (sky130_fd_sc_hd__clkbuf_16)
     4    0.05    0.07    0.14    0.14 ^ clkbuf_0_clk/X (sky130_fd_sc_hd__clkbuf_16)
                                         clknet_0_clk (net)
                  0.07    0.00    0.14 ^ clkbuf_2_0__f_clk/A (sky130_fd_sc_hd__clkbuf_16)
     8    0.06    0.07    0.16    0.30 ^ clkbuf_2_0__f_clk/X (sky130_fd_sc_hd__clkbuf_16)
                                         clknet_2_0__leaf_clk (net)
                  0.07    0.00    0.30 ^ x_s1[3]$_SDFFE_PP0P_/CLK (sky130_fd_sc_hd__dfxtp_2)
    39    0.18    0.90    0.91    1.21 ^ x_s1[3]$_SDFFE_PP0P_/Q (sky130_fd_sc_hd__dfxtp_2)
                                         x_s1[3] (net)
                  0.90    0.01    1.22 ^ place114/A (sky130_fd_sc_hd__buf_12)
    19    0.09    0.12    0.25    1.47 ^ place114/X (sky130_fd_sc_hd__buf_12)
                                         net113 (net)
                  0.12    0.01    1.48 ^ place113/A (sky130_fd_sc_hd__buf_4)
    11    0.05    0.13    0.20    1.68 ^ place113/X (sky130_fd_sc_hd__buf_4)
                                         net112 (net)
                  0.13    0.00    1.68 ^ _866_/A (sky130_fd_sc_hd__xnor2_1)
     1    0.00    0.12    0.13    1.81 ^ _866_/Y (sky130_fd_sc_hd__xnor2_1)
                                         _412_ (net)
                  0.12    0.00    1.81 ^ _867_/C (sky130_fd_sc_hd__nor3_1)
     1    0.00    0.08    0.07    1.87 v _867_/Y (sky130_fd_sc_hd__nor3_1)
                                         _413_ (net)
                  0.08    0.00    1.87 v _868_/C1 (sky130_fd_sc_hd__a2111oi_0)
     1    0.01    0.57    0.53    2.40 ^ _868_/Y (sky130_fd_sc_hd__a2111oi_0)
                                         _414_ (net)
                  0.57    0.00    2.40 ^ _869_/B1 (sky130_fd_sc_hd__a311oi_1)
     1    0.01    0.17    0.14    2.55 v _869_/Y (sky130_fd_sc_hd__a311oi_1)
                                         _415_ (net)
                  0.17    0.00    2.55 v _870_/B1 (sky130_fd_sc_hd__a41oi_1)
     1    0.01    0.22    0.25    2.80 ^ _870_/Y (sky130_fd_sc_hd__a41oi_1)
                                         _416_ (net)
                  0.22    0.00    2.80 ^ _872_/A2 (sky130_fd_sc_hd__a21o_1)
     1    0.00    0.05    0.15    2.95 ^ _872_/X (sky130_fd_sc_hd__a21o_1)
                                         _047_ (net)
                  0.05    0.00    2.95 ^ approx_s2[4]$_SDFFE_PP0P_/D (sky130_fd_sc_hd__dfxtp_1)
                                  2.95   data arrival time

                          3.00    3.00   clock clk (rise edge)
                          0.00    3.00   clock source latency
     1    0.02    0.00    0.00    3.00 ^ clk (in)
                                         clk (net)
                  0.00    0.00    3.00 ^ clkbuf_0_clk/A (sky130_fd_sc_hd__clkbuf_16)
     4    0.05    0.07    0.14    3.14 ^ clkbuf_0_clk/X (sky130_fd_sc_hd__clkbuf_16)
                                         clknet_0_clk (net)
                  0.07    0.00    3.14 ^ clkbuf_2_2__f_clk/A (sky130_fd_sc_hd__clkbuf_16)
    11    0.05    0.07    0.16    3.29 ^ clkbuf_2_2__f_clk/X (sky130_fd_sc_hd__clkbuf_16)
                                         clknet_2_2__leaf_clk (net)
                  0.07    0.00    3.30 ^ approx_s2[4]$_SDFFE_PP0P_/CLK (sky130_fd_sc_hd__dfxtp_1)
                          0.00    3.30   clock reconvergence pessimism
                         -0.05    3.24   library setup time
                                  3.24   data required time
-----------------------------------------------------------------------------
                                  3.24   data required time
                                 -2.95   data arrival time
-----------------------------------------------------------------------------
                                  0.29   slack (MET)



==========================================================================
finish report_check_types -max_slew -max_cap -max_fanout -violators
--------------------------------------------------------------------------

==========================================================================
finish max_slew_check_slack
--------------------------------------------------------------------------
0.5959427356719971

==========================================================================
finish max_slew_check_limit
--------------------------------------------------------------------------
1.5

==========================================================================
finish max_slew_check_slack_limit
--------------------------------------------------------------------------
0.3973

==========================================================================
finish max_fanout_check_slack
--------------------------------------------------------------------------
1.0000000150474662e+30

==========================================================================
finish max_fanout_check_limit
--------------------------------------------------------------------------
1.0000000150474662e+30

==========================================================================
finish max_capacitance_check_slack
--------------------------------------------------------------------------
0.014224671758711338

==========================================================================
finish max_capacitance_check_limit
--------------------------------------------------------------------------
0.021067000925540924

==========================================================================
finish max_capacitance_check_slack_limit
--------------------------------------------------------------------------
0.6752

==========================================================================
finish max_slew_violation_count
--------------------------------------------------------------------------
max slew violation count 0

==========================================================================
finish max_fanout_violation_count
--------------------------------------------------------------------------
max fanout violation count 0

==========================================================================
finish max_cap_violation_count
--------------------------------------------------------------------------
max cap violation count 0

==========================================================================
finish setup_violation_count
--------------------------------------------------------------------------
setup violation count 0

==========================================================================
finish hold_violation_count
--------------------------------------------------------------------------
hold violation count 0

==========================================================================
finish report_checks -path_delay max reg to reg
--------------------------------------------------------------------------
Startpoint: x_s1[3]$_SDFFE_PP0P_
            (rising edge-triggered flip-flop clocked by clk)
Endpoint: approx_s2[4]$_SDFFE_PP0P_
          (rising edge-triggered flip-flop clocked by clk)
Path Group: clk
Path Type: max

  Delay    Time   Description
---------------------------------------------------------
   0.00    0.00   clock clk (rise edge)
   0.00    0.00   clock source latency
   0.00    0.00 ^ clk (in)
   0.14    0.14 ^ clkbuf_0_clk/X (sky130_fd_sc_hd__clkbuf_16)
   0.16    0.30 ^ clkbuf_2_0__f_clk/X (sky130_fd_sc_hd__clkbuf_16)
   0.00    0.30 ^ x_s1[3]$_SDFFE_PP0P_/CLK (sky130_fd_sc_hd__dfxtp_2)
   0.91    1.21 ^ x_s1[3]$_SDFFE_PP0P_/Q (sky130_fd_sc_hd__dfxtp_2)
   0.26    1.47 ^ place114/X (sky130_fd_sc_hd__buf_12)
   0.21    1.68 ^ place113/X (sky130_fd_sc_hd__buf_4)
   0.13    1.81 ^ _866_/Y (sky130_fd_sc_hd__xnor2_1)
   0.07    1.87 v _867_/Y (sky130_fd_sc_hd__nor3_1)
   0.53    2.40 ^ _868_/Y (sky130_fd_sc_hd__a2111oi_0)
   0.14    2.55 v _869_/Y (sky130_fd_sc_hd__a311oi_1)
   0.25    2.80 ^ _870_/Y (sky130_fd_sc_hd__a41oi_1)
   0.15    2.95 ^ _872_/X (sky130_fd_sc_hd__a21o_1)
   0.00    2.95 ^ approx_s2[4]$_SDFFE_PP0P_/D (sky130_fd_sc_hd__dfxtp_1)
           2.95   data arrival time

   3.00    3.00   clock clk (rise edge)
   0.00    3.00   clock source latency
   0.00    3.00 ^ clk (in)
   0.14    3.14 ^ clkbuf_0_clk/X (sky130_fd_sc_hd__clkbuf_16)
   0.16    3.29 ^ clkbuf_2_2__f_clk/X (sky130_fd_sc_hd__clkbuf_16)
   0.00    3.30 ^ approx_s2[4]$_SDFFE_PP0P_/CLK (sky130_fd_sc_hd__dfxtp_1)
   0.00    3.30   clock reconvergence pessimism
  -0.05    3.24   library setup time
           3.24   data required time
---------------------------------------------------------
           3.24   data required time
          -2.95   data arrival time
---------------------------------------------------------
           0.29   slack (MET)



==========================================================================
finish report_checks -path_delay min reg to reg
--------------------------------------------------------------------------
Startpoint: approx_s2[9]$_SDFFE_PP0P_
            (rising edge-triggered flip-flop clocked by clk)
Endpoint: approx_s2[9]$_SDFFE_PP0P_
          (rising edge-triggered flip-flop clocked by clk)
Path Group: clk
Path Type: min

  Delay    Time   Description
---------------------------------------------------------
   0.00    0.00   clock clk (rise edge)
   0.00    0.00   clock source latency
   0.00    0.00 ^ clk (in)
   0.14    0.14 ^ clkbuf_0_clk/X (sky130_fd_sc_hd__clkbuf_16)
   0.16    0.29 ^ clkbuf_2_3__f_clk/X (sky130_fd_sc_hd__clkbuf_16)
   0.00    0.30 ^ approx_s2[9]$_SDFFE_PP0P_/CLK (sky130_fd_sc_hd__dfxtp_1)
   0.31    0.61 v approx_s2[9]$_SDFFE_PP0P_/Q (sky130_fd_sc_hd__dfxtp_1)
   0.07    0.68 ^ _916_/Y (sky130_fd_sc_hd__nand2b_1)
   0.06    0.73 v _918_/Y (sky130_fd_sc_hd__a21oi_1)
   0.00    0.73 v approx_s2[9]$_SDFFE_PP0P_/D (sky130_fd_sc_hd__dfxtp_1)
           0.73   data arrival time

   0.00    0.00   clock clk (rise edge)
   0.00    0.00   clock source latency
   0.00    0.00 ^ clk (in)
   0.14    0.14 ^ clkbuf_0_clk/X (sky130_fd_sc_hd__clkbuf_16)
   0.16    0.29 ^ clkbuf_2_3__f_clk/X (sky130_fd_sc_hd__clkbuf_16)
   0.00    0.30 ^ approx_s2[9]$_SDFFE_PP0P_/CLK (sky130_fd_sc_hd__dfxtp_1)
   0.00    0.30   clock reconvergence pessimism
  -0.05    0.25   library hold time
           0.25   data required time
---------------------------------------------------------
           0.25   data required time
          -0.73   data arrival time
---------------------------------------------------------
           0.48   slack (MET)



==========================================================================
finish critical path target clock latency max path
--------------------------------------------------------------------------
0.2936

==========================================================================
finish critical path target clock latency min path
--------------------------------------------------------------------------
0.2963

==========================================================================
finish critical path source clock latency min path
--------------------------------------------------------------------------
0.0000

==========================================================================
finish critical path delay
--------------------------------------------------------------------------
2.9544

==========================================================================
finish critical path slack
--------------------------------------------------------------------------
0.2904

==========================================================================
finish slack div critical path delay
--------------------------------------------------------------------------
9.829407

==========================================================================
finish report_power
--------------------------------------------------------------------------
Group                  Internal  Switching    Leakage      Total
                          Power      Power      Power      Power (Watts)
----------------------------------------------------------------
Sequential             5.63e-04   3.56e-05   3.35e-10   5.98e-04  31.1%
Combinational          2.20e-04   3.53e-04   1.18e-09   5.73e-04  29.8%
Clock                  4.81e-04   2.71e-04   9.44e-11   7.52e-04  39.1%
Macro                  0.00e+00   0.00e+00   0.00e+00   0.00e+00   0.0%
Pad                    0.00e+00   0.00e+00   0.00e+00   0.00e+00   0.0%
----------------------------------------------------------------
Total                  1.26e-03   6.60e-04   1.61e-09   1.92e-03 100.0%
                          65.7%      34.3%       0.0%
