STDOUT:
rm -f ./results/sky130hd/exp_fixed_point/base/3_*place*.odb
rm -f ./results/sky130hd/exp_fixed_point/base/3_place.sdc
rm -f ./results/sky130hd/exp_fixed_point/base/3_*.def ./results/sky130hd/exp_fixed_point/base/3_*.v
rm -f ./reports/sky130hd/exp_fixed_point/base/3_*
rm -f ./logs/sky130hd/exp_fixed_point/base/3_*
/home/kyash/OpenROAD-flow-scripts-master/flow/scripts/flow.sh 2_1_floorplan floorplan
Running floorplan.tcl, stage 2_1_floorplan
read_liberty /home/kyash/OpenROAD-flow-scripts-master/flow/platforms/sky130hd/lib/sky130_fd_sc_hd__tt_025C_1v80.lib
read_db ./results/sky130hd/exp_fixed_point/base/1_synth.odb
read_sdc ./results/sky130hd/exp_fixed_point/base/1_synth.sdc
source /home/kyash/OpenROAD-flow-scripts-master/flow/platforms/sky130hd/setRC.tcl
Master sky130_ef_sc_hd__decap_12 is loaded but not used in the design
Removed 0 unused instances and 0 unused nets.

==========================================================================
Floorplan check_setup
--------------------------------------------------------------------------
number instances in verilog is 512
[WARNING IFP-0028] Core area lower left (40.000, 40.000) snapped to (40.020, 40.800).
[INFO IFP-0001] Added 80 rows of 478 site unithd.
[INFO IFP-0100] Die BBox:  (  0.000  0.000 ) ( 300.000 300.000 ) um
[INFO IFP-0101] Core BBox: ( 40.020 40.800 ) ( 259.900 258.400 ) um
[INFO IFP-0102] Core area:                        47845.888 um^2
[INFO IFP-0103] Total instances area:              3828.672 um^2
[INFO IFP-0104] Effective utilization:                0.080
[INFO IFP-0105] Number of instances:                    512
source /home/kyash/OpenROAD-flow-scripts-master/flow/platforms/sky130hd/make_tracks.tcl
source /home/kyash/OpenROAD-flow-scripts-master/flow/platforms/sky130hd/fastroute.tcl
Repair tie lo fanout...
[INFO RSZ-0042] Inserted 6 tie sky130_fd_sc_hd__conb_1 instances.
Repair tie hi fanout...
repair_timing -setup_margin 0 -hold_margin 0 -repair_tns 100 -match_cell_footprint -setup -skip_last_gasp -sequence unbuffer,sizeup,swap,vt_swap -verbose
[WARNING EST-0027] no estimated parasitics. Using wire load models.
[INFO RSZ-0100] Repair move sequence: UnbufferMove SizeUpMove SwapPinsMove 
[INFO RSZ-0098] No setup violations found
Default units for flow
 time 1ns
 capacitance 1pF
 resistance 1kohm
 voltage 1v
 current 1mA
 power 1nW
 distance 1um
   Layer   | Unit Resistance | Unit Capacitance 
           |       (kohm/um) |          (pF/um)
------------------------------------------------
       li1 |        7.18e-02 |         1.50e-04
      met1 |        8.93e-04 |         1.72e-04
      met2 |        8.93e-04 |         1.36e-04
      met3 |        1.57e-04 |         2.15e-04
      met4 |        1.57e-04 |         1.48e-04
      met5 |        1.78e-05 |         1.54e-04
------------------------------------------------

   Layer   | Via Resistance 
           |         (kohm) 
----------------------------
      mcon |       9.25e-03 
       via |       4.50e-03 
      via2 |       3.37e-03 
      via3 |       3.77e-04 
      via4 |       5.80e-06 
----------------------------
Report metrics stage 2, floorplan final...

==========================================================================
floorplan final report_design_area
--------------------------------------------------------------------------
Design area 3847 um^2 8% utilization.
write_db ./results/sky130hd/exp_fixed_point/base/2_1_floorplan.odb
write_sdc -no_timestamp ./results/sky130hd/exp_fixed_point/base/2_1_floorplan.sdc
Log                        Elapsed/s Peak Memory/MB  sha1sum .odb [0:20)
2_1_floorplan                      0            139 3e8953a01b1287537a61
/home/kyash/OpenROAD-flow-scripts-master/flow/scripts/flow.sh 2_2_floorplan_macro macro_place
Running macro_place.tcl, stage 2_2_floorplan_macro
read_liberty /home/kyash/OpenROAD-flow-scripts-master/flow/platforms/sky130hd/lib/sky130_fd_sc_hd__tt_025C_1v80.lib
read_db ./results/sky130hd/exp_fixed_point/base/2_1_floorplan.odb
read_sdc ./results/sky130hd/exp_fixed_point/base/2_1_floorplan.sdc
source /home/kyash/OpenROAD-flow-scripts-master/flow/platforms/sky130hd/setRC.tcl
No macros found: Skipping macro_placement
Design area 3847 um^2 8% utilization.
write_db ./results/sky130hd/exp_fixed_point/base/2_2_floorplan_macro.odb
Log                        Elapsed/s Peak Memory/MB  sha1sum .odb [0:20)
2_2_floorplan_macro                0            115 3e8953a01b1287537a61
/home/kyash/OpenROAD-flow-scripts-master/flow/scripts/flow.sh 2_3_floorplan_tapcell tapcell
Running tapcell.tcl, stage 2_3_floorplan_tapcell
read_liberty /home/kyash/OpenROAD-flow-scripts-master/flow/platforms/sky130hd/lib/sky130_fd_sc_hd__tt_025C_1v80.lib
read_db ./results/sky130hd/exp_fixed_point/base/2_2_floorplan_macro.odb
read_sdc ./results/sky130hd/exp_fixed_point/base/2_1_floorplan.sdc
source /home/kyash/OpenROAD-flow-scripts-master/flow/platforms/sky130hd/setRC.tcl
[INFO TAP-0005] Inserted 615 tapcells.
Design area 4617 um^2 10% utilization.
write_db ./results/sky130hd/exp_fixed_point/base/2_3_floorplan_tapcell.odb
Log                        Elapsed/s Peak Memory/MB  sha1sum .odb [0:20)
2_3_floorplan_tapcell              0            116 c3698bed52532bb5d4aa
/home/kyash/OpenROAD-flow-scripts-master/flow/scripts/flow.sh 2_4_floorplan_pdn pdn
Running pdn.tcl, stage 2_4_floorplan_pdn
read_liberty /home/kyash/OpenROAD-flow-scripts-master/flow/platforms/sky130hd/lib/sky130_fd_sc_hd__tt_025C_1v80.lib
read_db ./results/sky130hd/exp_fixed_point/base/2_3_floorplan_tapcell.odb
read_sdc ./results/sky130hd/exp_fixed_point/base/2_1_floorplan.sdc
source /home/kyash/OpenROAD-flow-scripts-master/flow/platforms/sky130hd/setRC.tcl
[INFO PDN-0001] Inserting grid: grid
Design area 4617 um^2 10% utilization.
write_db ./results/sky130hd/exp_fixed_point/base/2_4_floorplan_pdn.odb
Log                        Elapsed/s Peak Memory/MB  sha1sum .odb [0:20)
2_4_floorplan_pdn                  0            120 b3d92e34446a7efb3681
cp ./results/sky130hd/exp_fixed_point/base/2_4_floorplan_pdn.odb ./results/sky130hd/exp_fixed_point/base/2_floorplan.odb
cp ./results/sky130hd/exp_fixed_point/base/2_1_floorplan.sdc ./results/sky130hd/exp_fixed_point/base/2_floorplan.sdc
/home/kyash/OpenROAD-flow-scripts-master/flow/scripts/flow.sh 3_1_place_gp_skip_io global_place_skip_io
Running global_place_skip_io.tcl, stage 3_1_place_gp_skip_io
read_liberty /home/kyash/OpenROAD-flow-scripts-master/flow/platforms/sky130hd/lib/sky130_fd_sc_hd__tt_025C_1v80.lib
read_db ./results/sky130hd/exp_fixed_point/base/2_floorplan.odb
read_sdc ./results/sky130hd/exp_fixed_point/base/2_floorplan.sdc
source /home/kyash/OpenROAD-flow-scripts-master/flow/platforms/sky130hd/setRC.tcl
global_placement -skip_io -density 0.28 -pad_left 0 -pad_right 0
[INFO GPL-0001] ---- Initialize GPL Main Data Structures
[INFO GPL-0002] DBU: 1000
[INFO GPL-0003] SiteSize: (  0.460  2.720 ) um
[INFO GPL-0004] CoreBBox: ( 40.020 40.800 ) ( 259.900 258.400 ) um
[INFO GPL-0036] Movable instances area:       3847.440 um^2
[INFO GPL-0037] Total instances area:         4616.928 um^2
[INFO GPL-0035] Pin density area adjust:       492.964 um^2
[INFO GPL-0032] ---- Initialize Region: Top-level
[INFO GPL-0006] Number of instances:              1132
[INFO GPL-0007] Movable instances:                 517
[INFO GPL-0008] Fixed instances:                   615
[INFO GPL-0009] Dummy instances:                     0
[INFO GPL-0010] Number of nets:                    539
[INFO GPL-0011] Number of pins:                   1883
[INFO GPL-0012] Die BBox:  (  0.000  0.000 ) ( 300.000 300.000 ) um
[INFO GPL-0013] Core BBox: ( 40.020 40.800 ) ( 259.900 258.400 ) um
[INFO GPL-0016] Core area:                   47845.888 um^2
[INFO GPL-0014] Region name: top-level.
[INFO GPL-0015] Region area:                 47845.888 um^2
[INFO GPL-0017] Fixed instances area:          769.488 um^2
[INFO GPL-0018] Movable instances area:       4340.404 um^2
[INFO GPL-0019] Utilization:                     9.220 %
[INFO GPL-0020] Standard cells area:          4340.404 um^2
[INFO GPL-0021] Large instances area:            0.000 um^2
[INFO GPL-0005] ---- Execute Conjugate Gradient Initial Placement.
[INFO GPL-0051] Source of initial instance position counters:
	Odb location = 6	Core center = 511	Region center = 0
[INFO GPL-0033] ---- Initialize Nesterov Region: Top-level
[INFO GPL-0023] Placement target density:       0.2800
[INFO GPL-0024] Movable insts average area:      8.395 um^2
[INFO GPL-0025] Ideal bin area:                 29.983 um^2
[INFO GPL-0026] Ideal bin count:                  1595
[INFO GPL-0027] Total bin area:              47845.888 um^2
[INFO GPL-0028] Bin count (X, Y):          32 ,     32
[INFO GPL-0029] Bin size (W * H):       6.871 *  6.800 um
[INFO GPL-0030] Number of bins:                   1024
[INFO GPL-0007] ---- Execute Nesterov Global Placement.
[INFO GPL-0031] HPWL: Half-Perimeter Wirelength
Iteration | Overflow |     HPWL (um) |  HPWL(%) |   Penalty | Group
---------------------------------------------------------------
        0 |   0.9759 |  9.957250e+02 |   +0.00% |  1.90e-14 |      
       10 |   0.9737 |  7.585910e+02 |  -23.82% |  3.09e-14 |      
       20 |   0.9718 |  7.564900e+02 |   -0.28% |  5.04e-14 |      
       30 |   0.9711 |  7.560850e+02 |   -0.05% |  8.21e-14 |      
       40 |   0.9714 |  7.563940e+02 |   +0.04% |  1.34e-13 |      
       50 |   0.9717 |  7.569770e+02 |   +0.08% |  2.18e-13 |      
       60 |   0.9716 |  7.582620e+02 |   +0.17% |  3.55e-13 |      
       70 |   0.9713 |  7.601010e+02 |   +0.24% |  5.78e-13 |      
       80 |   0.9711 |  7.627270e+02 |   +0.35% |  9.41e-13 |      
       90 |   0.9703 |  7.665740e+02 |   +0.50% |  1.53e-12 |      
      100 |   0.9705 |  7.723440e+02 |   +0.75% |  2.50e-12 |      
      110 |   0.9704 |  7.804880e+02 |   +1.05% |  4.07e-12 |      
      120 |   0.9694 |  7.931260e+02 |   +1.62% |  6.63e-12 |      
      130 |   0.9670 |  8.391730e+02 |   +5.81% |  1.08e-11 |      
      140 |   0.9564 |  1.054486e+03 |  +25.66% |  1.76e-11 |      
      150 |   0.9486 |  1.308527e+03 |  +24.09% |  2.86e-11 |      
      160 |   0.9480 |  1.496449e+03 |  +14.36% |  4.67e-11 |      
      170 |   0.9342 |  2.037384e+03 |  +36.15% |  7.60e-11 |      
      180 |   0.9109 |  2.750638e+03 |  +35.01% |  1.24e-10 |      
      190 |   0.8641 |  3.483431e+03 |  +26.64% |  2.02e-10 |      
      200 |   0.8294 |  4.408337e+03 |  +26.55% |  3.28e-10 |      
      210 |   0.7969 |  5.244668e+03 |  +18.97% |  5.35e-10 |      
      220 |   0.7620 |  5.985710e+03 |  +14.13% |  8.71e-10 |      
      230 |   0.7214 |  6.706467e+03 |  +12.04% |  1.42e-09 |      
      240 |   0.6783 |  7.596109e+03 |  +13.27% |  2.31e-09 |      
      250 |   0.6314 |  8.395607e+03 |  +10.53% |  3.76e-09 |      
      260 |   0.5876 |  9.257270e+03 |  +10.26% |  6.13e-09 |      
      270 |   0.5410 |  1.008375e+04 |   +8.93% |  9.98e-09 |      
      280 |   0.4936 |  1.088439e+04 |   +7.94% |  1.63e-08 |      
      290 |   0.4372 |  1.157574e+04 |   +6.35% |  2.65e-08 |      
      300 |   0.3683 |  1.230665e+04 |   +6.31% |  4.31e-08 |      
      310 |   0.3078 |  1.294604e+04 |   +5.20% |  6.61e-08 |      
      320 |   0.2554 |  1.348905e+04 |   +4.19% |  9.74e-08 |      
      330 |   0.2148 |  1.397867e+04 |   +3.63% |  1.44e-07 |      
      340 |   0.1797 |  1.429120e+04 |   +2.24% |  2.11e-07 |      
      350 |   0.1521 |  1.457640e+04 |   +2.00% |  3.11e-07 |      
      360 |   0.1280 |  1.477367e+04 |   +1.35% |  4.59e-07 |      
      370 |   0.1104 |  1.493882e+04 |   +1.12% |  6.76e-07 |      
      377 |   0.0997 |  1.503754e+04 |          |  9.22e-07 |      
---------------------------------------------------------------
[INFO GPL-1001] Global placement finished at iteration 377
[INFO GPL-1002] Placed Cell Area             4340.4041
[INFO GPL-1003] Available Free Area         47076.4000
[INFO GPL-1004] Minimum Feasible Density        0.1000 (cell_area / free_area)
[INFO GPL-1006]   Suggested Target Densities:
[INFO GPL-1007]     - For 90% usage of free space: 0.1024
[INFO GPL-1008]     - For 80% usage of free space: 0.1152
[INFO GPL-1009]     - For 50% usage of free space: 0.1844
[INFO GPL-1014] Final placement area: 4340.40 (+0.00%)
Design area 4617 um^2 10% utilization.
write_db ./results/sky130hd/exp_fixed_point/base/3_1_place_gp_skip_io.odb
Log                        Elapsed/s Peak Memory/MB  sha1sum .odb [0:20)
3_1_place_gp_skip_io               1            118 bf8addb3d5e39732d563
/home/kyash/OpenROAD-flow-scripts-master/flow/scripts/flow.sh 3_2_place_iop io_placement
Running io_placement.tcl, stage 3_2_place_iop
read_liberty /home/kyash/OpenROAD-flow-scripts-master/flow/platforms/sky130hd/lib/sky130_fd_sc_hd__tt_025C_1v80.lib
read_db ./results/sky130hd/exp_fixed_point/base/3_1_place_gp_skip_io.odb
read_sdc ./results/sky130hd/exp_fixed_point/base/2_floorplan.sdc
source /home/kyash/OpenROAD-flow-scripts-master/flow/platforms/sky130hd/setRC.tcl
place_pins -hor_layers met3 -ver_layers met2
Found 0 macro blocks.
Using 2 tracks default min distance between IO pins.
[INFO PPL-0001] Number of available slots 1082
[INFO PPL-0002] Number of I/O             27
[INFO PPL-0003] Number of I/O w/sink      27
[INFO PPL-0004] Number of I/O w/o sink    0
[INFO PPL-0005] Slots per section         200
[INFO PPL-0008] Successfully assigned pins to sections.
[INFO PPL-0012] I/O nets HPWL: 2759.86 um.
Design area 4617 um^2 10% utilization.
write_db ./results/sky130hd/exp_fixed_point/base/3_2_place_iop.odb
Log                        Elapsed/s Peak Memory/MB  sha1sum .odb [0:20)
3_2_place_iop                      0            117 2d6b432310e9dae01ac1
/home/kyash/OpenROAD-flow-scripts-master/flow/scripts/flow.sh 3_3_place_gp global_place
Running global_place.tcl, stage 3_3_place_gp
read_liberty /home/kyash/OpenROAD-flow-scripts-master/flow/platforms/sky130hd/lib/sky130_fd_sc_hd__tt_025C_1v80.lib
read_db ./results/sky130hd/exp_fixed_point/base/3_2_place_iop.odb
read_sdc ./results/sky130hd/exp_fixed_point/base/2_floorplan.sdc
source /home/kyash/OpenROAD-flow-scripts-master/flow/platforms/sky130hd/setRC.tcl
[INFO RSZ-0026] Removed 64 buffers.
Perform port buffering...
[INFO RSZ-0027] Inserted 10 sky130_fd_sc_hd__clkdlybuf4s50_1 input buffers.
[INFO RSZ-0028] Inserted 10 sky130_fd_sc_hd__clkdlybuf4s50_1 output buffers.
global_placement -density 0.28 -pad_left 0 -pad_right 0 -routability_driven -timing_driven -force_center_initial_place -min_phi_coef 0.95 -max_phi_coef 1.05
[INFO GPL-0001] ---- Initialize GPL Main Data Structures
[INFO GPL-0002] DBU: 1000
[INFO GPL-0003] SiteSize: (  0.460  2.720 ) um
[INFO GPL-0004] CoreBBox: ( 40.020 40.800 ) ( 259.900 258.400 ) um
[INFO GPL-0036] Movable instances area:       3716.064 um^2
[INFO GPL-0037] Total instances area:         4485.552 um^2
[INFO GPL-0035] Pin density area adjust:       510.916 um^2
[INFO GPL-0032] ---- Initialize Region: Top-level
[INFO GPL-0006] Number of instances:              1088
[INFO GPL-0007] Movable instances:                 473
[INFO GPL-0008] Fixed instances:                   615
[INFO GPL-0009] Dummy instances:                     0
[INFO GPL-0010] Number of nets:                    495
[INFO GPL-0011] Number of pins:                   1822
[INFO GPL-0012] Die BBox:  (  0.000  0.000 ) ( 300.000 300.000 ) um
[INFO GPL-0013] Core BBox: ( 40.020 40.800 ) ( 259.900 258.400 ) um
[INFO GPL-0016] Core area:                   47845.888 um^2
[INFO GPL-0014] Region name: top-level.
[INFO GPL-0015] Region area:                 47845.888 um^2
[INFO GPL-0017] Fixed instances area:          769.488 um^2
[INFO GPL-0018] Movable instances area:       4226.980 um^2
[INFO GPL-0019] Utilization:                     8.979 %
[INFO GPL-0020] Standard cells area:          4226.980 um^2
[INFO GPL-0021] Large instances area:            0.000 um^2
[INFO GPL-0005] ---- Execute Conjugate Gradient Initial Placement.
[INFO GPL-0051] Source of initial instance position counters:
	Odb location = 0	Core center = 473	Region center = 0
[InitialPlace]  Iter: 1 conjugate gradient residual: 0.00000012 HPWL: 16521240
[InitialPlace]  Iter: 2 conjugate gradient residual: 0.00000008 HPWL: 7240492
[InitialPlace]  Iter: 3 conjugate gradient residual: 0.00000011 HPWL: 7053597
[InitialPlace]  Iter: 4 conjugate gradient residual: 0.00000010 HPWL: 6939071
[InitialPlace]  Iter: 5 conjugate gradient residual: 0.00000011 HPWL: 6870262
[INFO GPL-0033] ---- Initialize Nesterov Region: Top-level
[INFO GPL-0023] Placement target density:       0.2800
[INFO GPL-0024] Movable insts average area:      8.937 um^2
[INFO GPL-0025] Ideal bin area:                 31.916 um^2
[INFO GPL-0026] Ideal bin count:                  1499
[INFO GPL-0027] Total bin area:              47845.888 um^2
[INFO GPL-0028] Bin count (X, Y):          32 ,     32
[INFO GPL-0029] Bin size (W * H):       6.871 *  6.800 um
[INFO GPL-0030] Number of bins:                   1024
[INFO GPL-0007] ---- Execute Nesterov Global Placement.
[INFO GPL-0031] HPWL: Half-Perimeter Wirelength
Iteration | Overflow |     HPWL (um) |  HPWL(%) |   Penalty | Group
---------------------------------------------------------------
        0 |   0.9069 |  3.917151e+03 |   +0.00% |  1.39e-14 |      
       10 |   0.7752 |  4.622379e+03 |  +18.00% |  2.27e-14 |      
       20 |   0.7761 |  4.675928e+03 |   +1.16% |  3.69e-14 |      
       30 |   0.7748 |  4.639078e+03 |   -0.79% |  6.02e-14 |      
       40 |   0.7752 |  4.621087e+03 |   -0.39% |  9.80e-14 |      
       50 |   0.7818 |  4.615710e+03 |   -0.12% |  1.60e-13 |      
       60 |   0.7829 |  4.603856e+03 |   -0.26% |  2.60e-13 |      
       70 |   0.7829 |  4.589905e+03 |   -0.30% |  4.23e-13 |      
       80 |   0.7902 |  4.583941e+03 |   -0.13% |  6.90e-13 |      
       90 |   0.7917 |  4.581682e+03 |   -0.05% |  1.12e-12 |      
      100 |   0.7918 |  4.584841e+03 |   +0.07% |  1.83e-12 |      
      110 |   0.7914 |  4.598469e+03 |   +0.30% |  2.98e-12 |      
      120 |   0.7906 |  4.621173e+03 |   +0.49% |  4.86e-12 |      
      130 |   0.7869 |  4.659251e+03 |   +0.82% |  7.91e-12 |      
      140 |   0.7806 |  4.714227e+03 |   +1.18% |  1.29e-11 |      
      150 |   0.7770 |  4.794391e+03 |   +1.70% |  2.10e-11 |      
      160 |   0.7746 |  4.884101e+03 |   +1.87% |  3.42e-11 |      
      170 |   0.7668 |  4.948540e+03 |   +1.32% |  5.57e-11 |      
      180 |   0.7574 |  5.029564e+03 |   +1.64% |  9.07e-11 |      
      190 |   0.7435 |  5.313175e+03 |   +5.64% |  1.48e-10 |      
      200 |   0.7208 |  5.729716e+03 |   +7.84% |  2.41e-10 |      
      210 |   0.6993 |  5.995952e+03 |   +4.65% |  3.92e-10 |      
      220 |   0.6725 |  6.440836e+03 |   +7.42% |  6.38e-10 |      
      230 |   0.6462 |  6.786044e+03 |   +5.36% |  1.04e-09 |      
[INFO GPL-0100] Timing-driven iteration 1/2, virtual: false.
[INFO GPL-0101]    Iter: 233, overflow: 0.635, keep resizer changes at: 1, HPWL: 6892945
Iteration |   Area    | Resized | Buffers | Nets repaired | Remaining
---------------------------------------------------------------------
        0 |     +0.0% |       0 |       0 |             0 |       501
    final |     +1.3% |       4 |       3 |             4 |         0
---------------------------------------------------------------------
[INFO RSZ-0034] Found 4 slew violations.
[INFO RSZ-0039] Resized 4 instances.
[INFO RSZ-0038] Inserted 3 buffers in 4 nets.
   Iter   |    Area   | Removed | Inserted |   Pins
          |           | Buffers | Buffers  | Remaining
-------------------------------------------------------
        0 |     +0.0% |       0 |        0 |       478
       47 |     +0.0% |       0 |        0 |       431
       94 |     +0.2% |       0 |        1 |       384
      141 |     +0.2% |       0 |        1 |       337
      188 |     +0.3% |       0 |        2 |       290
      235 |     +1.2% |       0 |        7 |       243
      282 |     +3.5% |       0 |       21 |       196
      329 |     +3.5% |       0 |       21 |       149
      376 |     +3.6% |       0 |       22 |       102
      423 |     +4.6% |       0 |       28 |        55
      470 |     +5.3% |       3 |       40 |         8
    final |     +5.3% |       3 |       40 |         0
-------------------------------------------------------
[INFO GPL-0106] Timing-driven: worst slack 6.702919e-10
[INFO GPL-0107] Timing-driven: repair_design delta area: 304.892 um^2 (+7.21%)
[INFO GPL-0108] Timing-driven: repair_design, gpl delta gcells: 40 (+8.46%)
[INFO GPL-0109] Timing-driven: repair_design, gcells created: 43, deleted: 3
[INFO GPL-0110] Timing-driven: new target density: 0.28647655
Iteration | Overflow |     HPWL (um) |  HPWL(%) |   Penalty | Group
---------------------------------------------------------------
      240 |   0.6230 |  7.951960e+03 |  +17.18% |  1.69e-09 |      
[INFO GPL-0038] Routability snapshot saved at iter = 246
      245 |   0.5985 |  8.230712e+03 |          |           |      
      250 |   0.5803 |  8.438115e+03 |   +6.11% |  2.76e-09 |      
      260 |   0.5501 |  8.841393e+03 |   +4.78% |  4.49e-09 |      
      270 |   0.5070 |  9.457058e+03 |   +6.96% |  7.32e-09 |      
      280 |   0.4631 |  9.938151e+03 |   +5.09% |  1.19e-08 |      
      290 |   0.4210 |  1.053723e+04 |   +6.03% |  1.94e-08 |      
      300 |   0.3601 |  1.109626e+04 |   +5.31% |  3.16e-08 |      
      310 |   0.3163 |  1.162887e+04 |   +4.80% |  4.85e-08 |      
[INFO GPL-0040] Routability iteration: 1
[INFO GPL-0041] Total routing overflow: 0.0000
[INFO GPL-0042] Number of overflowed tiles: 0 (0.00%)
[INFO GPL-0043] Average top 0.5% routing congestion: 0.8867
[INFO GPL-0044] Average top 1.0% routing congestion: 0.8506
[INFO GPL-0045] Average top 2.0% routing congestion: 0.8063
[INFO GPL-0046] Average top 5.0% routing congestion: 0.7271
[INFO GPL-0047] Routability iteration weighted routing congestion: 0.8687
[INFO GPL-0050] Weighted routing congestion is lower than target routing congestion(1.0100), end routability optimization.
[INFO GPL-0090] Routability finished. Target routing congestion achieved succesfully.
Iteration | Overflow |     HPWL (um) |  HPWL(%) |   Penalty | Group
---------------------------------------------------------------
      320 |   0.2776 |  1.204863e+04 |   +3.61% |  7.14e-08 |      
      330 |   0.2397 |  1.242854e+04 |   +3.15% |  1.05e-07 |      
      340 |   0.1955 |  1.262496e+04 |   +1.58% |  1.55e-07 |      
[INFO GPL-0100] Timing-driven iteration 2/2, virtual: false.
[INFO GPL-0101]    Iter: 342, overflow: 0.192, keep resizer changes at: 1, HPWL: 12644481
Iteration |   Area    | Resized | Buffers | Nets repaired | Remaining
---------------------------------------------------------------------
        0 |     +0.0% |       0 |       0 |             0 |       541
    final |     +0.0% |       0 |       0 |             0 |         0
---------------------------------------------------------------------
   Iter   |    Area   | Removed | Inserted |   Pins
          |           | Buffers | Buffers  | Remaining
-------------------------------------------------------
        0 |     +0.0% |       0 |        0 |       478
       47 |     +0.0% |       0 |        0 |       431
       94 |     +0.0% |       1 |        1 |       384
      141 |     +0.0% |       1 |        1 |       337
      188 |     -0.2% |       2 |        1 |       290
      235 |     -0.9% |       7 |        1 |       243
      282 |     -2.7% |      21 |        4 |       196
      329 |     -2.7% |      21 |        4 |       149
      376 |     -2.4% |      22 |        7 |       102
      423 |     -2.4% |      28 |       13 |        55
      470 |     -1.5% |      40 |       24 |         8
    final |     -1.5% |      40 |       24 |         0
-------------------------------------------------------
[INFO GPL-0106] Timing-driven: worst slack 4.9433174e-10
[INFO GPL-0107] Timing-driven: repair_design delta area: -70.067 um^2 (-1.55%)
[INFO GPL-0108] Timing-driven: repair_design, gpl delta gcells: -16 (-3.12%)
[INFO GPL-0109] Timing-driven: repair_design, gcells created: 24, deleted: 40
[INFO GPL-0110] Timing-driven: new target density: 0.28498816
Iteration | Overflow |     HPWL (um) |  HPWL(%) |   Penalty | Group
---------------------------------------------------------------
      350 |   0.1971 |  1.291489e+04 |   +2.30% |  2.28e-07 |      
      360 |   0.1661 |  1.304534e+04 |   +1.01% |  3.36e-07 |      
      370 |   0.1361 |  1.311010e+04 |   +0.50% |  4.96e-07 |      
      380 |   0.1281 |  1.314673e+04 |   +0.28% |  7.30e-07 |      
      390 |   0.1053 |  1.321222e+04 |   +0.50% |  1.08e-06 |      
      394 |   0.0989 |  1.321356e+04 |          |  1.31e-06 |      
---------------------------------------------------------------
[INFO GPL-1001] Global placement finished at iteration 394
[INFO GPL-1003] Routability mode iteration count: 68
[INFO GPL-1005] Routability final weighted congestion: 0.8012
[INFO GPL-1002] Placed Cell Area             4461.8050
[INFO GPL-1003] Available Free Area         47076.4000
[INFO GPL-1004] Minimum Feasible Density        0.0900 (cell_area / free_area)
[INFO GPL-1006]   Suggested Target Densities:
[INFO GPL-1007]     - For 90% usage of free space: 0.1053
[INFO GPL-1008]     - For 80% usage of free space: 0.1185
[INFO GPL-1009]     - For 50% usage of free space: 0.1896
[INFO GPL-1011] Original area (um^2): 4226.98
[INFO GPL-1012] Total routability artificial inflation: 0.00 (+0.00%)
[INFO GPL-1013] Total timing-driven delta area: 234.83 (+5.56%)
[INFO GPL-1014] Final placement area: 4461.80 (+5.56%)
estimate_parasitics -placement
Report metrics stage 3, global place...

==========================================================================
global place report_design_area
--------------------------------------------------------------------------
Design area 4715 um^2 10% utilization.
write_db ./results/sky130hd/exp_fixed_point/base/3_3_place_gp.odb
Log                        Elapsed/s Peak Memory/MB  sha1sum .odb [0:20)
3_3_place_gp                       2            228 94375050347975f0229e
/home/kyash/OpenROAD-flow-scripts-master/flow/scripts/flow.sh 3_4_place_resized resize
Running resize.tcl, stage 3_4_place_resized
read_liberty /home/kyash/OpenROAD-flow-scripts-master/flow/platforms/sky130hd/lib/sky130_fd_sc_hd__tt_025C_1v80.lib
read_db ./results/sky130hd/exp_fixed_point/base/3_3_place_gp.odb
read_sdc ./results/sky130hd/exp_fixed_point/base/2_floorplan.sdc
source /home/kyash/OpenROAD-flow-scripts-master/flow/platforms/sky130hd/setRC.tcl
estimate_parasitics -placement
Perform buffer insertion and gate resizing...
repair_design -verbose -match_cell_footprint
Iteration |   Area    | Resized | Buffers | Nets repaired | Remaining
---------------------------------------------------------------------
        0 |     +0.0% |       0 |       0 |             0 |       525
       10 |     +0.0% |       0 |       0 |             0 |       515
       20 |     +0.0% |       0 |       0 |             0 |       505
       30 |     +0.0% |       0 |       0 |             0 |       495
       40 |     +0.0% |       0 |       0 |             0 |       485
       50 |     +0.0% |       0 |       0 |             0 |       475
       60 |     +0.0% |       0 |       0 |             0 |       465
       70 |     +0.0% |       0 |       0 |             0 |       455
       80 |     +0.0% |       0 |       0 |             0 |       445
       90 |     +0.0% |       0 |       0 |             0 |       435
      100 |     +0.0% |       0 |       0 |             0 |       425
      110 |     +0.0% |       0 |       0 |             0 |       415
      120 |     +0.0% |       0 |       0 |             0 |       405
      130 |     +0.0% |       0 |       0 |             0 |       395
      140 |     +0.0% |       0 |       0 |             0 |       385
      150 |     +0.0% |       0 |       0 |             0 |       375
      160 |     +0.0% |       0 |       0 |             0 |       365
      170 |     +0.0% |       0 |       0 |             0 |       355
      180 |     +0.0% |       0 |       0 |             0 |       345
      190 |     +0.0% |       0 |       0 |             0 |       335
      200 |     +0.0% |       0 |       0 |             0 |       325
      210 |     +0.0% |       0 |       0 |             0 |       315
      220 |     +0.0% |       0 |       0 |             0 |       305
      230 |     +0.0% |       0 |       0 |             0 |       295
      240 |     +0.0% |       0 |       0 |             0 |       285
      250 |     +0.0% |       0 |       0 |             0 |       275
      260 |     +0.0% |       0 |       0 |             0 |       265
      270 |     +0.0% |       0 |       0 |             0 |       255
      280 |     +0.0% |       0 |       0 |             0 |       245
      290 |     +0.0% |       0 |       0 |             0 |       235
      300 |     +0.0% |       0 |       0 |             0 |       225
      310 |     +0.0% |       0 |       0 |             0 |       215
      320 |     +0.0% |       0 |       0 |             0 |       205
      330 |     +0.0% |       0 |       0 |             0 |       195
      340 |     +0.0% |       0 |       0 |             0 |       185
      350 |     +0.0% |       0 |       0 |             0 |       175
      360 |     +0.0% |       0 |       0 |             0 |       165
      370 |     +0.0% |       0 |       0 |             0 |       155
      380 |     +0.0% |       0 |       0 |             0 |       145
      390 |     +0.0% |       0 |       0 |             0 |       135
      400 |     +0.0% |       0 |       0 |             0 |       125
      410 |     +0.0% |       0 |       0 |             0 |       115
      420 |     +0.0% |       0 |       0 |             0 |       105
      430 |     +0.0% |       0 |       0 |             0 |        95
      440 |     +0.0% |       0 |       0 |             0 |        85
      450 |     +0.0% |       0 |       0 |             0 |        75
      460 |     +0.0% |       0 |       0 |             0 |        65
      470 |     +0.0% |       0 |       0 |             0 |        55
      480 |     +0.0% |       0 |       0 |             0 |        45
      490 |     +0.0% |       0 |       0 |             0 |        35
      500 |     +0.0% |       0 |       0 |             0 |        25
      510 |     +0.0% |       0 |       0 |             0 |        15
      520 |     +0.0% |       0 |       0 |             0 |         5
    final |     +0.0% |       0 |       0 |             0 |         0
---------------------------------------------------------------------
Floating nets: 
Report metrics stage 3, resizer...

==========================================================================
resizer report_design_area
--------------------------------------------------------------------------
Design area 4715 um^2 10% utilization.
Instance count before 1112, after 1112
Pin count before 1849, after 1849
write_db ./results/sky130hd/exp_fixed_point/base/3_4_place_resized.odb
Log                        Elapsed/s Peak Memory/MB  sha1sum .odb [0:20)
3_4_place_resized                  0            137 94375050347975f0229e
/home/kyash/OpenROAD-flow-scripts-master/flow/scripts/flow.sh 3_5_place_dp detail_place
Running detail_place.tcl, stage 3_5_place_dp
read_liberty /home/kyash/OpenROAD-flow-scripts-master/flow/platforms/sky130hd/lib/sky130_fd_sc_hd__tt_025C_1v80.lib
read_db ./results/sky130hd/exp_fixed_point/base/3_4_place_resized.odb
read_sdc ./results/sky130hd/exp_fixed_point/base/2_floorplan.sdc
source /home/kyash/OpenROAD-flow-scripts-master/flow/platforms/sky130hd/setRC.tcl
[INFO DPL-0005] Max displacement: +/- 500 sites horizontally, +/- 100 rows vertically.
Movements Summary
---------------------------------------
Total cells:                     497
Diamond Move Success:            497 (100.00%)
Diamond Move Failure:              0
Rip-up and replace Success:        0 (  0.00% of diamond failures)
Rip-up and replace Failure:        0
Total Placement Failures:          0
---------------------------------------
Placement Analysis
---------------------------------
total displacement        658.8 u
average displacement        0.6 u
max displacement            4.0 u
original HPWL           13211.4 u
legalized HPWL          13577.6 u
delta HPWL                    3 %

Detailed placement improvement.
[INFO DPL-0401] Setting random seed to 1.
[INFO DPL-0402] Setting maximum displacement 5 1 to 13600 2720 units.
[INFO DPL-0320] Collected 642 fixed cells.
[INFO DPL-0318] Collected 497 single height cells.
[INFO DPL-0321] Collected 0 wide cells.
[INFO DPL-0322] Image (40020, 40800) - (259900, 258400)
[INFO DPL-0310] Assigned 497 cells into segments.  Movement in X-direction is 0.000000, movement in Y-direction is 0.000000.
[INFO DPL-0313] Found 0 cells in wrong regions.
[INFO DPL-0315] Found 0 row alignment problems.
[INFO DPL-0314] Found 0 site alignment problems.
[INFO DPL-0311] Found 0 overlaps between adjacent cells.
[INFO DPL-0312] Found 0 edge spacing violations and 0 padding violations.
[INFO DPL-0303] Running algorithm for independent set matching.
[INFO DPL-0300] Set matching objective is wirelength.
[INFO DPL-0301] Pass   1 of matching; objective is 1.358518e+07.
[INFO DPL-0302] End of matching; objective is 1.358462e+07, improvement is 0.00 percent.
[INFO DPL-0303] Running algorithm for global swaps.
[INFO DPL-0306] Pass   1 of global swaps; hpwl is 1.323646e+07.
[INFO DPL-0306] Pass   2 of global swaps; hpwl is 1.313858e+07.
[INFO DPL-0307] End of global swaps; objective is 1.313858e+07, improvement is 3.28 percent.
[INFO DPL-0303] Running algorithm for vertical swaps.
[INFO DPL-0308] Pass   1 of vertical swaps; hpwl is 1.310297e+07.
[INFO DPL-0309] End of vertical swaps; objective is 1.310297e+07, improvement is 0.27 percent.
[INFO DPL-0303] Running algorithm for reordering.
[INFO DPL-0304] Pass   1 of reordering; objective is 1.308565e+07.
[INFO DPL-0305] End of reordering; objective is 1.308565e+07, improvement is 0.13 percent.
[INFO DPL-0303] Running algorithm for random improvement.
[INFO DPL-0324] Random improver is using random generator.
[INFO DPL-0325] Random improver is using hpwl objective.
[INFO DPL-0326] Random improver cost string is (a).
[INFO DPL-0332] End of pass, Generator random called 9940 times.
[INFO DPL-0335] Generator random, Cumulative attempts 9940, swaps 493, moves  4618 since last reset.
[INFO DPL-0333] End of pass, Objective hpwl, Initial cost 1.308565e+07, Scratch cost 1.273799e+07, Incremental cost 1.273799e+07, Mismatch? N
[INFO DPL-0338] End of pass, Total cost is 1.273799e+07.
[INFO DPL-0327] Pass   1 of random improver; improvement in cost is 2.66 percent.
[INFO DPL-0332] End of pass, Generator random called 9940 times.
[INFO DPL-0335] Generator random, Cumulative attempts 19880, swaps 975, moves  9125 since last reset.
[INFO DPL-0333] End of pass, Objective hpwl, Initial cost 1.273799e+07, Scratch cost 1.252333e+07, Incremental cost 1.252333e+07, Mismatch? N
[INFO DPL-0338] End of pass, Total cost is 1.252333e+07.
[INFO DPL-0327] Pass   2 of random improver; improvement in cost is 1.69 percent.
[INFO DPL-0332] End of pass, Generator random called 9940 times.
[INFO DPL-0335] Generator random, Cumulative attempts 29820, swaps 1457, moves 13599 since last reset.
[INFO DPL-0333] End of pass, Objective hpwl, Initial cost 1.252333e+07, Scratch cost 1.241271e+07, Incremental cost 1.241271e+07, Mismatch? N
[INFO DPL-0338] End of pass, Total cost is 1.241271e+07.
[INFO DPL-0327] Pass   3 of random improver; improvement in cost is 0.88 percent.
[INFO DPL-0328] End of random improver; improvement is 5.142581 percent.
[INFO DPL-0380] Cell flipping.
[INFO DPL-0382] Changed 0 cell orientations for row compatibility.
[INFO DPL-0383] Performed 144 cell flips.
[INFO DPL-0384] End of flipping; objective is 1.221076e+07, improvement is 1.63 percent.
[INFO DPL-0313] Found 0 cells in wrong regions.
[INFO DPL-0315] Found 0 row alignment problems.
[INFO DPL-0314] Found 0 site alignment problems.
[INFO DPL-0311] Found 0 overlaps between adjacent cells.
[INFO DPL-0312] Found 0 edge spacing violations and 0 padding violations.
Detailed Improvement Results
------------------------------------------
Original HPWL            13577.6 u (    6583.0,     6994.6)
Final HPWL               12216.6 u (    5641.0,     6575.6)
Delta HPWL                 -10.0 % (     -14.3,       -6.0)

[INFO DPL-0020] Mirrored 34 instances
[INFO DPL-0021] HPWL before           12216.6 u
[INFO DPL-0022] HPWL after            12212.2 u
[INFO DPL-0023] HPWL delta               -0.0 %
[INFO FLW-0012] Placement violations .
estimate_parasitics -placement
Report metrics stage 3, detailed place...

==========================================================================
detailed place report_design_area
--------------------------------------------------------------------------
Design area 4715 um^2 10% utilization.
write_db ./results/sky130hd/exp_fixed_point/base/3_5_place_dp.odb
Log                        Elapsed/s Peak Memory/MB  sha1sum .odb [0:20)
3_5_place_dp                       0            124 5876bd4ed451cf8799a8
cp ./results/sky130hd/exp_fixed_point/base/3_5_place_dp.odb ./results/sky130hd/exp_fixed_point/base/3_place.odb
cp ./results/sky130hd/exp_fixed_point/base/2_floorplan.sdc ./results/sky130hd/exp_fixed_point/base/3_place.sdc
/home/kyash/OpenROAD-flow-scripts-master/flow/scripts/flow.sh 4_1_cts cts
Running cts.tcl, stage 4_1_cts
read_liberty /home/kyash/OpenROAD-flow-scripts-master/flow/platforms/sky130hd/lib/sky130_fd_sc_hd__tt_025C_1v80.lib
read_db ./results/sky130hd/exp_fixed_point/base/3_place.odb
read_sdc ./results/sky130hd/exp_fixed_point/base/3_place.sdc
source /home/kyash/OpenROAD-flow-scripts-master/flow/platforms/sky130hd/setRC.tcl
clock_tree_synthesis -sink_clustering_enable -repair_clock_nets
[INFO CTS-0050] Root buffer is sky130_fd_sc_hd__clkbuf_16.
[INFO CTS-0051] Sink buffer is sky130_fd_sc_hd__clkbuf_16.
[INFO CTS-0052] The following clock buffers will be used for CTS:
                    sky130_fd_sc_hd__clkbuf_16
[INFO CTS-0049] Characterization buffer is sky130_fd_sc_hd__clkbuf_16.
[INFO CTS-0007] Net "clk" found for clock "clk".
[INFO CTS-0010]  Clock net "clk" has 41 sinks.
[INFO CTS-0008] TritonCTS found 1 clock nets.
[INFO CTS-0097] Characterization used 1 buffer(s) types.
[INFO CTS-0201] 0 blockages from hard placement blockages and placed macros will be used.
[INFO CTS-0027] Generating H-Tree topology for net clk.
[INFO CTS-0028]  Total number of sinks: 41.
[INFO CTS-0090]  Sinks will be clustered based on buffer max cap.
[INFO CTS-0030]  Number of static layers: 0.
[INFO CTS-0020]  Wire segment unit: 13600  dbu (13 um).
[INFO CTS-0023]  Original sink region: [(125845, 44940), (250965, 167220)].
[INFO CTS-0024]  Normalized sink region: [(9.25331, 3.30441), (18.4533, 12.2956)].
[INFO CTS-0025]     Width:  9.2000.
[INFO CTS-0026]     Height: 8.9912.
 Level 1
    Direction: Horizontal
    Sinks per sub-region: 21
    Sub-region size: 4.6000 X 8.9912
[INFO CTS-0034]     Segment length (rounded): 2.
 Level 2
    Direction: Vertical
    Sinks per sub-region: 11
    Sub-region size: 4.6000 X 4.4956
[INFO CTS-0034]     Segment length (rounded): 2.
[INFO CTS-0032]  Stop criterion found. Max number of sinks is 15.
[INFO CTS-0035]  Number of sinks covered: 41.
[INFO CTS-0018]     Created 5 clock buffers.
[INFO CTS-0012]     Minimum number of buffers in the clock path: 2.
[INFO CTS-0013]     Maximum number of buffers in the clock path: 2.
[INFO CTS-0015]     Created 5 clock nets.
[INFO CTS-0016]     Fanout distribution for the current clock = 9:2, 10:1, 13:1..
[INFO CTS-0017]     Max level of the clock tree: 2.
[INFO CTS-0098] Clock net "clk"
[INFO CTS-0099]  Sinks 44
[INFO CTS-0100]  Leaf buffers 0
[INFO CTS-0101]  Average sink wire length 205.52 um
[INFO CTS-0102]  Path depth 2 - 2
[INFO CTS-0207]  Dummy loads inserted 3
estimate_parasitics -placement
[INFO DPL-0005] Max displacement: +/- 500 sites horizontally, +/- 100 rows vertically.
Movements Summary
---------------------------------------
Total cells:                     505
Diamond Move Success:            505 (100.00%)
Diamond Move Failure:              0
Rip-up and replace Success:        0 (  0.00% of diamond failures)
Rip-up and replace Failure:        0
Total Placement Failures:          0
---------------------------------------
Placement Analysis
---------------------------------
total displacement         41.7 u
average displacement        0.0 u
max displacement            5.3 u
original HPWL           12525.4 u
legalized HPWL          12758.5 u
delta HPWL                    2 %

estimate_parasitics -placement
repair_timing -setup_margin 0 -hold_margin 0 -repair_tns 100 -match_cell_footprint -verbose
[INFO RSZ-0100] Repair move sequence: UnbufferMove SizeUpMove SwapPinsMove BufferMove CloneMove SplitLoadMove 
[INFO RSZ-0098] No setup violations found
[INFO RSZ-0033] No hold violations found.
[INFO DPL-0005] Max displacement: +/- 500 sites horizontally, +/- 100 rows vertically.
Movements Summary
---------------------------------------
Total cells:                     505
Diamond Move Success:            505 (100.00%)
Diamond Move Failure:              0
Rip-up and replace Success:        0 (  0.00% of diamond failures)
Rip-up and replace Failure:        0
Total Placement Failures:          0
---------------------------------------
Placement Analysis
---------------------------------
total displacement          0.0 u
average displacement        0.0 u
max displacement            0.0 u
original HPWL           12758.5 u
legalized HPWL          12758.5 u
delta HPWL                    0 %

Report metrics stage 4, cts final...

==========================================================================
cts final report_design_area
--------------------------------------------------------------------------
Design area 4905 um^2 10% utilization.
write_db ./results/sky130hd/exp_fixed_point/base/4_1_cts.odb
write_sdc -no_timestamp ./results/sky130hd/exp_fixed_point/base/4_cts.sdc
Log                        Elapsed/s Peak Memory/MB  sha1sum .odb [0:20)
4_1_cts                            1            148 1f17c229b4f624a03987
cp ./results/sky130hd/exp_fixed_point/base/4_1_cts.odb ./results/sky130hd/exp_fixed_point/base/4_cts.odb
/home/kyash/OpenROAD-flow-scripts-master/flow/scripts/flow.sh 5_1_grt global_route
Running global_route.tcl, stage 5_1_grt
read_liberty /home/kyash/OpenROAD-flow-scripts-master/flow/platforms/sky130hd/lib/sky130_fd_sc_hd__tt_025C_1v80.lib
read_db ./results/sky130hd/exp_fixed_point/base/4_cts.odb
read_sdc ./results/sky130hd/exp_fixed_point/base/4_cts.sdc
source /home/kyash/OpenROAD-flow-scripts-master/flow/platforms/sky130hd/setRC.tcl
pin_access
[INFO DRT-0149] Reading tech and libs.
[WARNING DRT-0349] LEF58_ENCLOSURE with no CUTCLASS is not supported. Skipping for layer mcon
[WARNING DRT-0349] LEF58_ENCLOSURE with no CUTCLASS is not supported. Skipping for layer mcon
[WARNING DRT-0349] LEF58_ENCLOSURE with no CUTCLASS is not supported. Skipping for layer via
[WARNING DRT-0349] LEF58_ENCLOSURE with no CUTCLASS is not supported. Skipping for layer via
[WARNING DRT-0349] LEF58_ENCLOSURE with no CUTCLASS is not supported. Skipping for layer via2
[WARNING DRT-0349] LEF58_ENCLOSURE with no CUTCLASS is not supported. Skipping for layer via2
[WARNING DRT-0349] LEF58_ENCLOSURE with no CUTCLASS is not supported. Skipping for layer via3
[WARNING DRT-0349] LEF58_ENCLOSURE with no CUTCLASS is not supported. Skipping for layer via3
[WARNING DRT-0349] LEF58_ENCLOSURE with no CUTCLASS is not supported. Skipping for layer via4
[WARNING DRT-0349] LEF58_ENCLOSURE with no CUTCLASS is not supported. Skipping for layer via4

Units:                1000
Number of layers:     13
Number of macros:     441
Number of vias:       29
Number of viarulegen: 25

[INFO DRT-0150] Reading design.

Design:                   exp_fixed_point
Die area:                 ( 0 0 ) ( 300000 300000 )
Number of track patterns: 12
Number of DEF vias:       0
Number of components:     1120
Number of terminals:      29
Number of snets:          2
Number of nets:           524

[INFO DRT-0167] List of default vias:
  Layer via
    default via: M1M2_PR
  Layer via2
    default via: M2M3_PR
  Layer via3
    default via: M3M4_PR
  Layer via4
    default via: M4M5_PR
[INFO DRT-0162] Library cell analysis.
[INFO DRT-0163] Instance analysis.
[INFO DRT-0164] Number of unique instances = 115.
[INFO DRT-0168] Init region query.
[INFO DRT-0024]   Complete FR_MASTERSLICE.
[INFO DRT-0024]   Complete Fr_VIA.
[INFO DRT-0024]   Complete li1.
[INFO DRT-0024]   Complete mcon.
[INFO DRT-0024]   Complete met1.
[INFO DRT-0024]   Complete via.
[INFO DRT-0024]   Complete met2.
[INFO DRT-0024]   Complete via2.
[INFO DRT-0024]   Complete met3.
[INFO DRT-0024]   Complete via3.
[INFO DRT-0024]   Complete met4.
[INFO DRT-0024]   Complete via4.
[INFO DRT-0024]   Complete met5.
[INFO DRT-0033] FR_MASTERSLICE shape region query size = 0.
[INFO DRT-0033] FR_VIA shape region query size = 0.
[INFO DRT-0033] li1 shape region query size = 14869.
[INFO DRT-0033] mcon shape region query size = 8113.
[INFO DRT-0033] met1 shape region query size = 3345.
[INFO DRT-0033] via shape region query size = 3240.
[INFO DRT-0033] met2 shape region query size = 1961.
[INFO DRT-0033] via2 shape region query size = 2592.
[INFO DRT-0033] met3 shape region query size = 1954.
[INFO DRT-0033] via3 shape region query size = 2592.
[INFO DRT-0033] met4 shape region query size = 792.
[INFO DRT-0033] via4 shape region query size = 128.
[INFO DRT-0033] met5 shape region query size = 160.
[INFO DRT-0165] Start pin access.
[INFO DRT-0078]   Complete 942 pins.
[INFO DRT-0079]   Complete 100 unique inst patterns.
[INFO DRT-0081]   Complete 115 unique inst patterns.
[INFO DRT-0084]   Complete 370 groups.
#scanned instances     = 1120
#unique  instances     = 115
#stdCellGenAp          = 3882
#stdCellValidPlanarAp  = 28
#stdCellValidViaAp     = 3047
#stdCellPinNoAp        = 0
#stdCellPinCnt         = 1856
#instTermValidViaApCnt = 0
#macroGenAp            = 0
#macroValidPlanarAp    = 0
#macroValidViaAp       = 0
#macroNoAp             = 0
[INFO DRT-0166] Complete pin access.
[INFO DRT-0267] cpu time = 00:00:54, elapsed time = 00:00:04, memory = 130.68 (MB), peak = 130.68 (MB)
global_route -congestion_report_file ./reports/sky130hd/exp_fixed_point/base/congestion.rpt -congestion_iterations 30 -congestion_report_iter_step 5 -verbose
[INFO GRT-0020] Min routing layer: met1
[INFO GRT-0021] Max routing layer: met5
[INFO GRT-0022] Global adjustment: 0%
[INFO GRT-0023] Grid origin: (0, 0)
[INFO GRT-0088] Layer li1     Track-Pitch = 0.4600  line-2-Via Pitch: 0.3400
[INFO GRT-0088] Layer met1    Track-Pitch = 0.3400  line-2-Via Pitch: 0.3400
[INFO GRT-0088] Layer met2    Track-Pitch = 0.4600  line-2-Via Pitch: 0.3500
[INFO GRT-0088] Layer met3    Track-Pitch = 0.6800  line-2-Via Pitch: 0.6150
[INFO GRT-0088] Layer met4    Track-Pitch = 0.9200  line-2-Via Pitch: 1.0400
[INFO GRT-0088] Layer met5    Track-Pitch = 3.4000  line-2-Via Pitch: 3.1100
[INFO GRT-0003] Macros: 0
[INFO GRT-0004] Blockages: 619
[INFO GRT-0019] Found 6 clock nets.
[INFO GRT-0001] Minimum degree: 2
[INFO GRT-0002] Maximum degree: 74

[INFO GRT-0053] Routing resources analysis:
          Routing      Original      Derated      Resource
Layer     Direction    Resources     Resources    Reduction (%)
---------------------------------------------------------------
li1        Vertical            0             0          0.00%
met1       Horizontal      31504         24609          21.89%
met2       Vertical        25304         19802          21.74%
met3       Horizontal      17842         14016          21.44%
met4       Vertical        12652          8998          28.88%
met5       Horizontal       3176          1857          41.53%
---------------------------------------------------------------

[INFO GRT-0197] Via related to pin nodes: 3097
[INFO GRT-0198] Via related Steiner nodes: 82
[INFO GRT-0199] Via filling finished.
[INFO GRT-0111] Final number of vias: 3877
[INFO GRT-0112] Final usage 3D: 14076

[INFO GRT-0096] Final congestion report:
Layer         Resource        Demand        Usage (%)    Max H / Max V / Total Overflow
---------------------------------------------------------------------------------------
li1                  0             0            0.00%             0 /  0 /  0
met1             24609          1178            4.79%             0 /  0 /  0
met2             19802          1140            5.76%             0 /  0 /  0
met3             14016            72            0.51%             0 /  0 /  0
met4              8998            55            0.61%             0 /  0 /  0
met5              1857             0            0.00%             0 /  0 /  0
---------------------------------------------------------------------------------------
Total            69282          2445            3.53%             0 /  0 /  0

[INFO GRT-0018] Total wirelength: 26509 um
[INFO GRT-0014] Routed nets: 515
[INFO GRT-0303] Global routing runtime = 00:00:00
estimate_parasitics -global_routing
Perform buffer insertion and gate resizing...
repair_design -verbose
Iteration |   Area    | Resized | Buffers | Nets repaired | Remaining
---------------------------------------------------------------------
        0 |     +0.0% |       0 |       0 |             0 |       533
       10 |     +0.0% |       0 |       0 |             0 |       523
       20 |     +0.0% |       0 |       0 |             0 |       513
       30 |     +0.0% |       0 |       0 |             0 |       503
       40 |     +0.0% |       0 |       0 |             0 |       493
       50 |     +0.0% |       0 |       0 |             0 |       483
       60 |     +0.0% |       0 |       0 |             0 |       473
       70 |     +0.0% |       0 |       0 |             0 |       463
       80 |     +0.0% |       0 |       0 |             0 |       453
       90 |     +0.0% |       0 |       0 |             0 |       443
      100 |     +0.0% |       0 |       0 |             0 |       433
      110 |     +0.0% |       0 |       0 |             0 |       423
      120 |     +0.0% |       0 |       0 |             0 |       413
      130 |     +0.0% |       0 |       0 |             0 |       403
      140 |     +0.0% |       0 |       0 |             0 |       393
      150 |     +0.0% |       0 |       0 |             0 |       383
      160 |     +0.0% |       0 |       0 |             0 |       373
      170 |     +0.0% |       0 |       0 |             0 |       363
      180 |     +0.0% |       0 |       0 |             0 |       353
      190 |     +0.0% |       0 |       0 |             0 |       343
      200 |     +0.0% |       0 |       0 |             0 |       333
      210 |     +0.0% |       0 |       0 |             0 |       323
      220 |     +0.0% |       0 |       0 |             0 |       313
      230 |     +0.0% |       0 |       0 |             0 |       303
      240 |     +0.0% |       0 |       0 |             0 |       293
      250 |     +0.0% |       0 |       0 |             0 |       283
      260 |     +0.0% |       0 |       0 |             0 |       273
[WARNING RSZ-0104] Net _472_ only has one pin. Check if it is intended to be dangling.
[WARNING RSZ-0104] Net _471_ only has one pin. Check if it is intended to be dangling.
[WARNING RSZ-0104] Net _470_ only has one pin. Check if it is intended to be dangling.
      270 |     +0.0% |       0 |       0 |             0 |       263
[WARNING RSZ-0104] Net _469_ only has one pin. Check if it is intended to be dangling.
[WARNING RSZ-0104] Net _468_ only has one pin. Check if it is intended to be dangling.
[WARNING RSZ-0104] Net _466_ only has one pin. Check if it is intended to be dangling.
      280 |     +0.0% |       0 |       0 |             0 |       253
      290 |     +0.0% |       0 |       0 |             0 |       243
      300 |     +0.0% |       0 |       0 |             0 |       233
      310 |     +0.0% |       0 |       0 |             0 |       223
      320 |     +0.0% |       0 |       0 |             0 |       213
[WARNING RSZ-0104] Net _474_ only has one pin. Check if it is intended to be dangling.
[WARNING RSZ-0104] Net _473_ only has one pin. Check if it is intended to be dangling.
      330 |     +0.0% |       0 |       0 |             0 |       203
[WARNING RSZ-0104] Net _467_ only has one pin. Check if it is intended to be dangling.
      340 |     +0.0% |       0 |       0 |             0 |       193
      350 |     +0.0% |       0 |       0 |             0 |       183
      360 |     +0.0% |       0 |       0 |             0 |       173
      370 |     +0.0% |       0 |       0 |             0 |       163
      380 |     +0.0% |       0 |       0 |             0 |       153
      390 |     +0.0% |       0 |       0 |             0 |       143
      400 |     +0.0% |       0 |       0 |             0 |       133
      410 |     +0.0% |       0 |       0 |             0 |       123
      420 |     +0.0% |       0 |       0 |             0 |       113
      430 |     +0.0% |       0 |       0 |             0 |       103
      440 |     +0.0% |       0 |       0 |             0 |        93
      450 |     +0.0% |       0 |       0 |             0 |        83
      460 |     +0.0% |       0 |       0 |             0 |        73
      470 |     +0.0% |       0 |       0 |             0 |        63
      480 |     +0.0% |       0 |       0 |             0 |        53
      490 |     +0.0% |       0 |       0 |             0 |        43
      500 |     +0.0% |       0 |       0 |             0 |        33
      510 |     +0.0% |       0 |       0 |             0 |        23
      520 |     +0.0% |       0 |       0 |             0 |        13
      530 |     +0.0% |       0 |       0 |             0 |         3
    final |     +0.0% |       0 |       0 |             0 |         0
---------------------------------------------------------------------
global_route -start_incremental
detailed_placement
[INFO DPL-0005] Max displacement: +/- 500 sites horizontally, +/- 100 rows vertically.
Movements Summary
---------------------------------------
Total cells:                     505
Diamond Move Success:            505 (100.00%)
Diamond Move Failure:              0
Rip-up and replace Success:        0 (  0.00% of diamond failures)
Rip-up and replace Failure:        0
Total Placement Failures:          0
---------------------------------------
Placement Analysis
---------------------------------
total displacement          0.0 u
average displacement        0.0 u
max displacement            0.0 u
original HPWL           12758.5 u
legalized HPWL          12758.5 u
delta HPWL                    0 %

global_route -end_incremental -congestion_report_file ./reports/sky130hd/exp_fixed_point/base/congestion_post_repair_design.rpt
Repair setup and hold violations...
estimate_parasitics -global_routing
repair_timing -setup_margin 0 -hold_margin 0 -repair_tns 100 -verbose
[INFO RSZ-0100] Repair move sequence: UnbufferMove SizeUpMove SwapPinsMove BufferMove CloneMove SplitLoadMove 
[INFO RSZ-0098] No setup violations found
[INFO RSZ-0033] No hold violations found.
global_route -start_incremental
detailed_placement
[INFO DPL-0005] Max displacement: +/- 500 sites horizontally, +/- 100 rows vertically.
Movements Summary
---------------------------------------
Total cells:                     505
Diamond Move Success:            505 (100.00%)
Diamond Move Failure:              0
Rip-up and replace Success:        0 (  0.00% of diamond failures)
Rip-up and replace Failure:        0
Total Placement Failures:          0
---------------------------------------
Placement Analysis
---------------------------------
total displacement          0.0 u
average displacement        0.0 u
max displacement            0.0 u
original HPWL           12758.5 u
legalized HPWL          12758.5 u
delta HPWL                    0 %

global_route -end_incremental -congestion_report_file ./reports/sky130hd/exp_fixed_point/base/congestion_post_repair_timing.rpt
global_route -start_incremental
global_route -end_incremental -congestion_report_file ./reports/sky130hd/exp_fixed_point/base/congestion_post_recover_power.rpt
Repair antennas...
[INFO GRT-0012] Found 0 antenna violations.
[INFO ANT-0002] Found 0 net violations.
[INFO ANT-0001] Found 0 pin violations.
Estimate parasitics...
estimate_parasitics -global_routing
Report metrics stage 5, global route...

==========================================================================
global route report_design_area
--------------------------------------------------------------------------
Design area 4905 um^2 10% utilization.
[INFO FLW-0007] clock clk period 3.000000
[INFO FLW-0008] Clock clk period 2.522
[INFO FLW-0009] Clock clk slack 0.345
[INFO FLW-0011] Path endpoint path count 63
write_db ./results/sky130hd/exp_fixed_point/base/5_1_grt.odb
write_sdc -no_timestamp ./results/sky130hd/exp_fixed_point/base/5_1_grt.sdc
Log                        Elapsed/s Peak Memory/MB  sha1sum .odb [0:20)
5_1_grt                            5            242 642b0a6b5ca6831ca3ce
/home/kyash/OpenROAD-flow-scripts-master/flow/scripts/flow.sh 5_2_route detail_route
Running detail_route.tcl, stage 5_2_route
read_liberty /home/kyash/OpenROAD-flow-scripts-master/flow/platforms/sky130hd/lib/sky130_fd_sc_hd__tt_025C_1v80.lib
read_db ./results/sky130hd/exp_fixed_point/base/5_1_grt.odb
read_sdc ./results/sky130hd/exp_fixed_point/base/5_1_grt.sdc
source /home/kyash/OpenROAD-flow-scripts-master/flow/platforms/sky130hd/setRC.tcl
detailed_route -output_drc ./reports/sky130hd/exp_fixed_point/base/5_route_drc.rpt -output_maze ./results/sky130hd/exp_fixed_point/base/maze.log -droute_end_iter 64 -verbose 1 -drc_report_iter_step 5
[INFO DRT-0149] Reading tech and libs.
[WARNING DRT-0349] LEF58_ENCLOSURE with no CUTCLASS is not supported. Skipping for layer mcon
[WARNING DRT-0349] LEF58_ENCLOSURE with no CUTCLASS is not supported. Skipping for layer mcon
[WARNING DRT-0349] LEF58_ENCLOSURE with no CUTCLASS is not supported. Skipping for layer via
[WARNING DRT-0349] LEF58_ENCLOSURE with no CUTCLASS is not supported. Skipping for layer via
[WARNING DRT-0349] LEF58_ENCLOSURE with no CUTCLASS is not supported. Skipping for layer via2
[WARNING DRT-0349] LEF58_ENCLOSURE with no CUTCLASS is not supported. Skipping for layer via2
[WARNING DRT-0349] LEF58_ENCLOSURE with no CUTCLASS is not supported. Skipping for layer via3
[WARNING DRT-0349] LEF58_ENCLOSURE with no CUTCLASS is not supported. Skipping for layer via3
[WARNING DRT-0349] LEF58_ENCLOSURE with no CUTCLASS is not supported. Skipping for layer via4
[WARNING DRT-0349] LEF58_ENCLOSURE with no CUTCLASS is not supported. Skipping for layer via4

Units:                1000
Number of layers:     13
Number of macros:     441
Number of vias:       29
Number of viarulegen: 25

[INFO DRT-0150] Reading design.

Design:                   exp_fixed_point
Die area:                 ( 0 0 ) ( 300000 300000 )
Number of track patterns: 12
Number of DEF vias:       0
Number of components:     1120
Number of terminals:      29
Number of snets:          2
Number of nets:           524

[INFO DRT-0167] List of default vias:
  Layer via
    default via: M1M2_PR
  Layer via2
    default via: M2M3_PR
  Layer via3
    default via: M3M4_PR
  Layer via4
    default via: M4M5_PR
[INFO DRT-0162] Library cell analysis.
[INFO DRT-0163] Instance analysis.
[INFO DRT-0164] Number of unique instances = 115.
[INFO DRT-0168] Init region query.
[INFO DRT-0024]   Complete FR_MASTERSLICE.
[INFO DRT-0024]   Complete Fr_VIA.
[INFO DRT-0024]   Complete li1.
[INFO DRT-0024]   Complete mcon.
[INFO DRT-0024]   Complete met1.
[INFO DRT-0024]   Complete via.
[INFO DRT-0024]   Complete met2.
[INFO DRT-0024]   Complete via2.
[INFO DRT-0024]   Complete met3.
[INFO DRT-0024]   Complete via3.
[INFO DRT-0024]   Complete met4.
[INFO DRT-0024]   Complete via4.
[INFO DRT-0024]   Complete met5.
[INFO DRT-0033] FR_MASTERSLICE shape region query size = 0.
[INFO DRT-0033] FR_VIA shape region query size = 0.
[INFO DRT-0033] li1 shape region query size = 14869.
[INFO DRT-0033] mcon shape region query size = 8113.
[INFO DRT-0033] met1 shape region query size = 3345.
[INFO DRT-0033] via shape region query size = 3240.
[INFO DRT-0033] met2 shape region query size = 1961.
[INFO DRT-0033] via2 shape region query size = 2592.
[INFO DRT-0033] met3 shape region query size = 1954.
[INFO DRT-0033] via3 shape region query size = 2592.
[INFO DRT-0033] met4 shape region query size = 792.
[INFO DRT-0033] via4 shape region query size = 128.
[INFO DRT-0033] met5 shape region query size = 160.
[INFO DRT-0165] Start pin access.
[INFO DRT-0078]   Complete 942 pins.
[INFO DRT-0079]   Complete 100 unique inst patterns.
[INFO DRT-0081]   Complete 115 unique inst patterns.
[INFO DRT-0084]   Complete 370 groups.
#scanned instances     = 1120
#unique  instances     = 115
#stdCellGenAp          = 3882
#stdCellValidPlanarAp  = 28
#stdCellValidViaAp     = 3047
#stdCellPinNoAp        = 0
#stdCellPinCnt         = 1856
#instTermValidViaApCnt = 0
#macroGenAp            = 0
#macroValidPlanarAp    = 0
#macroValidViaAp       = 0
#macroNoAp             = 0
[INFO DRT-0166] Complete pin access.
[INFO DRT-0267] cpu time = 00:00:54, elapsed time = 00:00:04, memory = 212.98 (MB), peak = 212.98 (MB)

[INFO DRT-0157] Number of guides:     4292

[INFO DRT-0169] Post process guides.
[INFO DRT-0176] GCELLGRID X 0 DO 43 STEP 6900 ;
[INFO DRT-0177] GCELLGRID Y 0 DO 43 STEP 6900 ;
[INFO DRT-0028]   Complete FR_MASTERSLICE.
[INFO DRT-0028]   Complete Fr_VIA.
[INFO DRT-0028]   Complete li1.
[INFO DRT-0028]   Complete mcon.
[INFO DRT-0028]   Complete met1.
[INFO DRT-0028]   Complete via.
[INFO DRT-0028]   Complete met2.
[INFO DRT-0028]   Complete via2.
[INFO DRT-0028]   Complete met3.
[INFO DRT-0028]   Complete via3.
[INFO DRT-0028]   Complete met4.
[INFO DRT-0028]   Complete via4.
[INFO DRT-0028]   Complete met5.
[INFO DRT-0178] Init guide query.
[INFO DRT-0035]   Complete FR_MASTERSLICE (guide).
[INFO DRT-0035]   Complete Fr_VIA (guide).
[INFO DRT-0035]   Complete li1 (guide).
[INFO DRT-0035]   Complete mcon (guide).
[INFO DRT-0035]   Complete met1 (guide).
[INFO DRT-0035]   Complete via (guide).
[INFO DRT-0035]   Complete met2 (guide).
[INFO DRT-0035]   Complete via2 (guide).
[INFO DRT-0035]   Complete met3 (guide).
[INFO DRT-0035]   Complete via3 (guide).
[INFO DRT-0035]   Complete met4 (guide).
[INFO DRT-0035]   Complete via4 (guide).
[INFO DRT-0035]   Complete met5 (guide).
[INFO DRT-0036] FR_MASTERSLICE guide region query size = 0.
[INFO DRT-0036] FR_VIA guide region query size = 0.
[INFO DRT-0036] li1 guide region query size = 1536.
[INFO DRT-0036] mcon guide region query size = 0.
[INFO DRT-0036] met1 guide region query size = 1317.
[INFO DRT-0036] via guide region query size = 0.
[INFO DRT-0036] met2 guide region query size = 650.
[INFO DRT-0036] via2 guide region query size = 0.
[INFO DRT-0036] met3 guide region query size = 29.
[INFO DRT-0036] via3 guide region query size = 0.
[INFO DRT-0036] met4 guide region query size = 10.
[INFO DRT-0036] via4 guide region query size = 0.
[INFO DRT-0036] met5 guide region query size = 0.
[INFO DRT-0179] Init gr pin query.
[INFO DRT-0267] cpu time = 00:00:00, elapsed time = 00:00:00, memory = 213.61 (MB), peak = 213.61 (MB)
[INFO DRT-0245] skipped writing guide updates to database.
[INFO DRT-0181] Start track assignment.
[INFO DRT-0184] Done with 2196 vertical wires in 1 frboxes and 1346 horizontal wires in 1 frboxes.
[INFO DRT-0186] Done with 231 vertical wires in 1 frboxes and 407 horizontal wires in 1 frboxes.
[INFO DRT-0182] Complete track assignment.
[INFO DRT-0267] cpu time = 00:00:00, elapsed time = 00:00:00, memory = 227.66 (MB), peak = 227.66 (MB)
[INFO DRT-0187] Start routing data preparation.
[INFO DRT-0267] cpu time = 00:00:00, elapsed time = 00:00:00, memory = 227.66 (MB), peak = 227.66 (MB)
[INFO DRT-0194] Start detail routing.
[INFO DRT-0195] Start 0th optimization iteration.
    Completing 10% with 0 violations.
    elapsed time = 00:00:00, memory = 227.78 (MB).
    Completing 20% with 0 violations.
    elapsed time = 00:00:00, memory = 238.70 (MB).
    Completing 30% with 0 violations.
    elapsed time = 00:00:00, memory = 266.98 (MB).
    Completing 40% with 44 violations.
    elapsed time = 00:00:01, memory = 253.39 (MB).
    Completing 50% with 44 violations.
    elapsed time = 00:00:01, memory = 302.14 (MB).
    Completing 60% with 104 violations.
    elapsed time = 00:00:03, memory = 300.87 (MB).
    Completing 70% with 104 violations.
    elapsed time = 00:00:03, memory = 301.12 (MB).
    Completing 80% with 104 violations.
    elapsed time = 00:00:05, memory = 327.00 (MB).
    Completing 90% with 148 violations.
    elapsed time = 00:00:05, memory = 327.00 (MB).
    Completing 100% with 189 violations.
    elapsed time = 00:00:07, memory = 367.12 (MB).
[INFO DRT-0199]   Number of violations = 243.
Viol/Layer         li1   met1   met2   met3
Metal Spacing        0     25     11      3
Recheck              2     40     12      0
Short                0    142      8      0
[INFO DRT-0267] cpu time = 00:00:10, elapsed time = 00:00:07, memory = 725.75 (MB), peak = 725.75 (MB)
Total wire length = 17374 um.
Total wire length on LAYER li1 = 0 um.
Total wire length on LAYER met1 = 8662 um.
Total wire length on LAYER met2 = 7934 um.
Total wire length on LAYER met3 = 412 um.
Total wire length on LAYER met4 = 365 um.
Total wire length on LAYER met5 = 0 um.
Total number of vias = 3879.
Up-via summary (total 3879):

-----------------------
 FR_MASTERSLICE       0
            li1    1872
           met1    1937
           met2      51
           met3      19
           met4       0
-----------------------
               3879


[INFO DRT-0195] Start 1st optimization iteration.
    Completing 10% with 243 violations.
    elapsed time = 00:00:00, memory = 725.75 (MB).
    Completing 20% with 243 violations.
    elapsed time = 00:00:00, memory = 728.62 (MB).
    Completing 30% with 243 violations.
    elapsed time = 00:00:00, memory = 747.38 (MB).
    Completing 40% with 223 violations.
    elapsed time = 00:00:03, memory = 762.92 (MB).
    Completing 50% with 223 violations.
    elapsed time = 00:00:03, memory = 798.55 (MB).
    Completing 60% with 205 violations.
    elapsed time = 00:00:03, memory = 809.17 (MB).
    Completing 70% with 205 violations.
    elapsed time = 00:00:03, memory = 809.17 (MB).
    Completing 80% with 205 violations.
    elapsed time = 00:00:08, memory = 844.80 (MB).
    Completing 90% with 162 violations.
    elapsed time = 00:00:08, memory = 873.80 (MB).
    Completing 100% with 190 violations.
    elapsed time = 00:00:08, memory = 887.55 (MB).
[INFO DRT-0199]   Number of violations = 190.
Viol/Layer        met1   met2   met3
Metal Spacing       43      7      1
Short              134      5      0
[INFO DRT-0267] cpu time = 00:00:11, elapsed time = 00:00:09, memory = 887.55 (MB), peak = 887.55 (MB)
Total wire length = 17256 um.
Total wire length on LAYER li1 = 0 um.
Total wire length on LAYER met1 = 8597 um.
Total wire length on LAYER met2 = 7904 um.
Total wire length on LAYER met3 = 387 um.
Total wire length on LAYER met4 = 365 um.
Total wire length on LAYER met5 = 0 um.
Total number of vias = 3833.
Up-via summary (total 3833):

-----------------------
 FR_MASTERSLICE       0
            li1    1872
           met1    1904
           met2      39
           met3      18
           met4       0
-----------------------
               3833


[INFO DRT-0195] Start 2nd optimization iteration.
    Completing 10% with 190 violations.
    elapsed time = 00:00:00, memory = 887.55 (MB).
    Completing 20% with 190 violations.
    elapsed time = 00:00:00, memory = 887.55 (MB).
    Completing 30% with 190 violations.
    elapsed time = 00:00:00, memory = 887.55 (MB).
    Completing 40% with 211 violations.
    elapsed time = 00:00:01, memory = 901.55 (MB).
    Completing 50% with 211 violations.
    elapsed time = 00:00:01, memory = 901.55 (MB).
    Completing 60% with 188 violations.
    elapsed time = 00:00:03, memory = 943.68 (MB).
    Completing 70% with 188 violations.
    elapsed time = 00:00:03, memory = 943.68 (MB).
    Completing 80% with 188 violations.
    elapsed time = 00:00:04, memory = 977.05 (MB).
    Completing 90% with 190 violations.
    elapsed time = 00:00:04, memory = 977.05 (MB).
    Completing 100% with 166 violations.
    elapsed time = 00:00:05, memory = 978.18 (MB).
[INFO DRT-0199]   Number of violations = 166.
Viol/Layer        mcon   met1   met2   met3
Cut Spacing          2      0      0      0
Metal Spacing        0     20      0      1
Short                0    142      1      0
[INFO DRT-0267] cpu time = 00:00:09, elapsed time = 00:00:05, memory = 978.30 (MB), peak = 978.30 (MB)
Total wire length = 17202 um.
Total wire length on LAYER li1 = 0 um.
Total wire length on LAYER met1 = 8584 um.
Total wire length on LAYER met2 = 7862 um.
Total wire length on LAYER met3 = 392 um.
Total wire length on LAYER met4 = 363 um.
Total wire length on LAYER met5 = 0 um.
Total number of vias = 3825.
Up-via summary (total 3825):

-----------------------
 FR_MASTERSLICE       0
            li1    1873
           met1    1895
           met2      39
           met3      18
           met4       0
-----------------------
               3825


[INFO DRT-0195] Start 3rd optimization iteration.
    Completing 10% with 166 violations.
    elapsed time = 00:00:00, memory = 978.30 (MB).
    Completing 20% with 166 violations.
    elapsed time = 00:00:00, memory = 978.30 (MB).
    Completing 30% with 166 violations.
    elapsed time = 00:00:00, memory = 978.30 (MB).
    Completing 40% with 147 violations.
    elapsed time = 00:00:01, memory = 988.80 (MB).
    Completing 50% with 147 violations.
    elapsed time = 00:00:01, memory = 988.80 (MB).
    Completing 60% with 126 violations.
    elapsed time = 00:00:03, memory = 1016.05 (MB).
    Completing 70% with 126 violations.
    elapsed time = 00:00:03, memory = 1016.05 (MB).
    Completing 80% with 126 violations.
    elapsed time = 00:00:05, memory = 1029.55 (MB).
    Completing 90% with 70 violations.
    elapsed time = 00:00:05, memory = 1029.55 (MB).
    Completing 100% with 3 violations.
    elapsed time = 00:00:06, memory = 1078.05 (MB).
[INFO DRT-0199]   Number of violations = 3.
Viol/Layer        met1   met2
Metal Spacing        2      1
[INFO DRT-0267] cpu time = 00:00:08, elapsed time = 00:00:06, memory = 1078.05 (MB), peak = 1078.05 (MB)
Total wire length = 17141 um.
Total wire length on LAYER li1 = 0 um.
Total wire length on LAYER met1 = 8147 um.
Total wire length on LAYER met2 = 7915 um.
Total wire length on LAYER met3 = 711 um.
Total wire length on LAYER met4 = 366 um.
Total wire length on LAYER met5 = 0 um.
Total number of vias = 3913.
Up-via summary (total 3913):

-----------------------
 FR_MASTERSLICE       0
            li1    1871
           met1    1917
           met2     106
           met3      19
           met4       0
-----------------------
               3913


[INFO DRT-0195] Start 4th guides tiles iteration.
    Completing 50% with 3 violations.
    elapsed time = 00:00:00, memory = 1078.05 (MB).
    Completing 100% with 0 violations.
    elapsed time = 00:00:00, memory = 1078.05 (MB).
[INFO DRT-0199]   Number of violations = 0.
[INFO DRT-0267] cpu time = 00:00:00, elapsed time = 00:00:00, memory = 1078.05 (MB), peak = 1078.05 (MB)
Total wire length = 17137 um.
Total wire length on LAYER li1 = 0 um.
Total wire length on LAYER met1 = 8147 um.
Total wire length on LAYER met2 = 7913 um.
Total wire length on LAYER met3 = 709 um.
Total wire length on LAYER met4 = 366 um.
Total wire length on LAYER met5 = 0 um.
Total number of vias = 3911.
Up-via summary (total 3911):

-----------------------
 FR_MASTERSLICE       0
            li1    1871
           met1    1917
           met2     104
           met3      19
           met4       0
-----------------------
               3911


[INFO DRT-0198] Complete detail routing.
Total wire length = 17137 um.
Total wire length on LAYER li1 = 0 um.
Total wire length on LAYER met1 = 8147 um.
Total wire length on LAYER met2 = 7913 um.
Total wire length on LAYER met3 = 709 um.
Total wire length on LAYER met4 = 366 um.
Total wire length on LAYER met5 = 0 um.
Total number of vias = 3911.
Up-via summary (total 3911):

-----------------------
 FR_MASTERSLICE       0
            li1    1871
           met1    1917
           met2     104
           met3      19
           met4       0
-----------------------
               3911


[INFO DRT-0267] cpu time = 00:00:41, elapsed time = 00:00:28, memory = 1078.18 (MB), peak = 1078.18 (MB)

[INFO DRT-0180] Post processing.
Took 34 seconds: detailed_route -output_drc ./reports/sky130hd/exp_fixed_point/base/5_route_drc.rpt -output_maze ./results/sky130hd/exp_fixed_point/base/maze.log -droute_end_iter 64 -verbose 1 -drc_report_iter_step 5
[INFO GRT-0012] Found 0 antenna violations.
[INFO ANT-0002] Found 0 net violations.
[INFO ANT-0001] Found 0 pin violations.
[INFO ANT-0002] Found 0 net violations.
[INFO ANT-0001] Found 0 pin violations.
Design area 4905 um^2 10% utilization.
write_db ./results/sky130hd/exp_fixed_point/base/5_2_route.odb
Log                        Elapsed/s Peak Memory/MB  sha1sum .odb [0:20)
5_2_route                         35           1078 dc06726a0181cdaead0d
/home/kyash/OpenROAD-flow-scripts-master/flow/scripts/flow.sh 5_3_fillcell fillcell
Running fillcell.tcl, stage 5_3_fillcell
read_liberty /home/kyash/OpenROAD-flow-scripts-master/flow/platforms/sky130hd/lib/sky130_fd_sc_hd__tt_025C_1v80.lib
read_db ./results/sky130hd/exp_fixed_point/base/5_2_route.odb
read_sdc ./results/sky130hd/exp_fixed_point/base/5_1_grt.sdc
source /home/kyash/OpenROAD-flow-scripts-master/flow/platforms/sky130hd/setRC.tcl
filler_placement "sky130_fd_sc_hd__fill_1 sky130_fd_sc_hd__fill_2 sky130_fd_sc_hd__fill_4 sky130_fd_sc_hd__fill_8"
[INFO DPL-0001] Placed 5557 filler instances.
Design area 4905 um^2 10% utilization.
write_db ./results/sky130hd/exp_fixed_point/base/5_3_fillcell.odb
Log                        Elapsed/s Peak Memory/MB  sha1sum .odb [0:20)
5_3_fillcell                       0            125 78b73423aa16b4dcdc67
cp ./results/sky130hd/exp_fixed_point/base/5_3_fillcell.odb ./results/sky130hd/exp_fixed_point/base/5_route.odb
cp ./results/sky130hd/exp_fixed_point/base/5_1_grt.sdc ./results/sky130hd/exp_fixed_point/base/5_route.sdc
/home/kyash/OpenROAD-flow-scripts-master/flow/scripts/flow.sh 6_1_fill density_fill
Running density_fill.tcl, stage 6_1_fill
read_liberty /home/kyash/OpenROAD-flow-scripts-master/flow/platforms/sky130hd/lib/sky130_fd_sc_hd__tt_025C_1v80.lib
read_db ./results/sky130hd/exp_fixed_point/base/5_route.odb
read_sdc ./results/sky130hd/exp_fixed_point/base/5_route.sdc
source /home/kyash/OpenROAD-flow-scripts-master/flow/platforms/sky130hd/setRC.tcl
exec cp ./results/sky130hd/exp_fixed_point/base/5_route.odb ./results/sky130hd/exp_fixed_point/base/6_1_fill.odb
Log                        Elapsed/s Peak Memory/MB  sha1sum .odb [0:20)
6_1_fill                           0            120 78b73423aa16b4dcdc67
cp ./results/sky130hd/exp_fixed_point/base/5_route.sdc ./results/sky130hd/exp_fixed_point/base/6_1_fill.sdc
/home/kyash/OpenROAD-flow-scripts-master/flow/scripts/flow.sh 6_report final_report
Running final_report.tcl, stage 6_report
read_liberty /home/kyash/OpenROAD-flow-scripts-master/flow/platforms/sky130hd/lib/sky130_fd_sc_hd__tt_025C_1v80.lib
read_db ./results/sky130hd/exp_fixed_point/base/6_1_fill.odb
read_sdc ./results/sky130hd/exp_fixed_point/base/6_1_fill.sdc
source /home/kyash/OpenROAD-flow-scripts-master/flow/platforms/sky130hd/setRC.tcl
write_db ./results/sky130hd/exp_fixed_point/base/6_final.odb
Deleted 0 routing obstructions
Warning: master sky130_ef_sc_hd__decap_12 has signal pins but no liberty cell
[INFO RCX-0431] Defined process_corner X with ext_model_index 0
[INFO RCX-0029] Defined extraction corner X
[INFO RCX-0435] Reading extraction model file /home/kyash/OpenROAD-flow-scripts-master/flow/platforms/sky130hd/rcx_patterns.rules ...
[INFO RCX-0436] RC segment generation exp_fixed_point (max_merge_res 50.0) ...
[INFO RCX-0040] Final 2309 rc segments
[INFO RCX-0439] Coupling Cap extraction exp_fixed_point ...
[INFO RCX-0440] Coupling threshhold is 0.1000 fF, coupling capacitance less than 0.1000 fF will be grounded.
[INFO RCX-0442] 63% of 5233 wires extracted
[INFO RCX-0442] 100% of 5233 wires extracted
[INFO RCX-0045] Extract 524 nets, 2824 rsegs, 2824 caps, 4182 ccs
[INFO RCX-0443] 524 nets finished
[INFO PSM-0040] All shapes on net VDD are connected.
########## IR report #################
Net              : VDD
Corner           : default
Total power      : 1.85e-03 W
Supply voltage   : 1.80e+00 V
Worstcase voltage: 1.80e+00 V
Average voltage  : 1.80e+00 V
Average IR drop  : 7.84e-06 V
Worstcase IR drop: 1.72e-04 V
Percentage drop  : 0.01 %
######################################
[INFO PSM-0040] All shapes on net VSS are connected.
########## IR report #################
Net              : VSS
Corner           : default
Total power      : 1.85e-03 W
Supply voltage   : 0.00e+00 V
Worstcase voltage: 1.73e-04 V
Average voltage  : 7.62e-06 V
Average IR drop  : 7.62e-06 V
Worstcase IR drop: 1.73e-04 V
Percentage drop  : 0.01 %
######################################
Cell type report:                       Count       Area
  Fill cell                              5557   42941.18
  Tap cell                                615     769.49
  Clock buffer                              5     125.12
  Timing Repair Buffer                     44     425.41
  Inverter                                 10      37.54
  Clock inverter                            3      65.06
  Sequential cell                          41     824.54
  Multi-Input combinational cell          402    2657.55
  Total                                  6677   47845.89
Report metrics stage 6, finish...

==========================================================================
finish report_design_area
--------------------------------------------------------------------------
Design area 4905 um^2 10% utilization.
Skipping GUI image generation.
Log                        Elapsed/s Peak Memory/MB  sha1sum .odb [0:20)
6_report                           0            145                  N/A
cp ./results/sky130hd/exp_fixed_point/base/5_route.sdc ./results/sky130hd/exp_fixed_point/base/6_final.sdc
cp /home/kyash/OpenROAD-flow-scripts-master/flow/platforms/sky130hd/lef/sky130_fd_sc_hd.tlef ./objects/sky130hd/exp_fixed_point/base/klayout_tech.lef
/usr/bin/python3 /home/kyash/OpenROAD-flow-scripts-master/flow/util/generate_klayout_tech.py \
	--template /home/kyash/OpenROAD-flow-scripts-master/flow/platforms/sky130hd/sky130hd.lyt \
	--output ./objects/sky130hd/exp_fixed_point/base/klayout.lyt \
	--lef-files ./objects/sky130hd/exp_fixed_point/base/klayout_tech.lef /home/kyash/OpenROAD-flow-scripts-master/flow/platforms/sky130hd/lef/sky130_fd_sc_hd_merged.lef   \
	--reference-dir ./results/sky130hd/exp_fixed_point/base \
	--map-files 
/usr/bin/python3 /home/kyash/OpenROAD-flow-scripts-master/flow/scripts/run_command.py --log /home/kyash/OpenROAD-flow-scripts-master/flow/logs/sky130hd/exp_fixed_point/base/6_1_merge.log --tee -- \
        /home/kyash/OpenROAD-flow-scripts-master/flow/scripts/klayout.sh -zz -rd design_name=exp_fixed_point \
        -rd in_def=./results/sky130hd/exp_fixed_point/base/6_final.def \
        -rd in_files="/home/kyash/OpenROAD-flow-scripts-master/flow/platforms/sky130hd/gds/sky130_fd_sc_hd.gds  " \
        -rd seal_file="" \
        -rd out_file=./results/sky130hd/exp_fixed_point/base/6_1_merged.gds \
        -rd tech_file=./objects/sky130hd/exp_fixed_point/base/klayout.lyt \
        -rd layer_map= \
        -r /home/kyash/OpenROAD-flow-scripts-master/flow/util/def2stream.py
KLayout 0.28.16
[INFO] Reporting cells prior to loading DEF ...
	/home/kyash/OpenROAD-flow-scripts-master/flow/platforms/sky130hd/gds/sky130_fd_sc_hd.gds
[INFO] All LEF cells have matching GDS/OAS cells
[INFO] No orphan cells in the final layout
cp results/sky130hd/exp_fixed_point/base/6_1_merged.gds results/sky130hd/exp_fixed_point/base/6_final.gds
./logs/sky130hd/exp_fixed_point/base
Log                        Elapsed/s Peak Memory/MB  sha1sum .odb [0:20)
1_1_yosys_canonicalize             0             54 074aa98ec452aaec96d7
1_2_yosys                          1             57 05c0b1084f7da23aa236
1_synth                            0            118 085dc1be94b35478d9e8
2_1_floorplan                      0            139 3e8953a01b1287537a61
2_2_floorplan_macro                0            115 3e8953a01b1287537a61
2_3_floorplan_tapcell              0            116 c3698bed52532bb5d4aa
2_4_floorplan_pdn                  0            120 b3d92e34446a7efb3681
3_1_place_gp_skip_io               1            118 bf8addb3d5e39732d563
3_2_place_iop                      0            117 2d6b432310e9dae01ac1
3_3_place_gp                       2            228 94375050347975f0229e
3_4_place_resized                  0            137 94375050347975f0229e
3_5_place_dp                       0            124 5876bd4ed451cf8799a8
4_1_cts                            1            148 1f17c229b4f624a03987
5_1_grt                            5            242 642b0a6b5ca6831ca3ce
5_2_route                         35           1078 dc06726a0181cdaead0d
5_3_fillcell                       0            125 78b73423aa16b4dcdc67
6_1_fill                           0            120 78b73423aa16b4dcdc67
6_1_merge                          1            379                  N/A
6_report                           0            145                  N/A
Total                             46           1078                     

STDERR:
Elapsed time: 0:00.48[h:]min:sec. CPU time: user 0.36 sys 0.10 (97%). Peak memory: 142468KB.
Elapsed time: 0:00.35[h:]min:sec. CPU time: user 0.29 sys 0.03 (92%). Peak memory: 118348KB.
Elapsed time: 0:00.34[h:]min:sec. CPU time: user 0.26 sys 0.05 (91%). Peak memory: 118972KB.
Elapsed time: 0:00.38[h:]min:sec. CPU time: user 0.33 sys 0.02 (94%). Peak memory: 123564KB.
Elapsed time: 0:01.55[h:]min:sec. CPU time: user 19.45 sys 0.09 (1260%). Peak memory: 121440KB.
Elapsed time: 0:00.33[h:]min:sec. CPU time: user 0.28 sys 0.05 (98%). Peak memory: 119844KB.
Elapsed time: 0:02.00[h:]min:sec. CPU time: user 17.82 sys 0.45 (914%). Peak memory: 234124KB.
Elapsed time: 0:00.54[h:]min:sec. CPU time: user 0.45 sys 0.17 (115%). Peak memory: 141296KB.
Elapsed time: 0:00.54[h:]min:sec. CPU time: user 0.49 sys 0.11 (113%). Peak memory: 127432KB.
Elapsed time: 0:01.02[h:]min:sec. CPU time: user 0.95 sys 0.18 (110%). Peak memory: 152240KB.
Elapsed time: 0:05.80[h:]min:sec. CPU time: user 59.24 sys 0.36 (1027%). Peak memory: 248772KB.
Elapsed time: 0:35.77[h:]min:sec. CPU time: user 99.12 sys 1.14 (280%). Peak memory: 1104180KB.
Elapsed time: 0:00.41[h:]min:sec. CPU time: user 0.31 sys 0.03 (84%). Peak memory: 128772KB.
Elapsed time: 0:00.35[h:]min:sec. CPU time: user 0.28 sys 0.05 (94%). Peak memory: 123824KB.
Elapsed time: 0:00.82[h:]min:sec. CPU time: user 0.73 sys 0.21 (114%). Peak memory: 148932KB.
Elapsed time: 0:01.46[h:]min:sec. CPU time: user 1.16 sys 0.18 (91%). Peak memory: 388992KB.
