
==========================================================================
finish report_tns
--------------------------------------------------------------------------
tns max 0.00

==========================================================================
finish report_wns
--------------------------------------------------------------------------
wns max 0.00

==========================================================================
finish report_worst_slack
--------------------------------------------------------------------------
worst slack max 0.58

==========================================================================
finish report_clock_min_period
--------------------------------------------------------------------------
clk period_min = 2.42 fmax = 412.60

==========================================================================
finish report_clock_skew
--------------------------------------------------------------------------
Clock clk
   0.29 source latency valid_s2$_SDFF_PP0_/CLK ^
  -0.30 target latency approx_s3[2]$_SDFFE_PP0P_/CLK ^
   0.00 CRPR
--------------
  -0.01 setup skew


==========================================================================
finish report_checks -path_delay min
--------------------------------------------------------------------------
Startpoint: approx_s2[9]$_SDFFE_PP0P_
            (rising edge-triggered flip-flop clocked by clk)
Endpoint: approx_s2[9]$_SDFFE_PP0P_
          (rising edge-triggered flip-flop clocked by clk)
Path Group: clk
Path Type: min

Fanout     Cap    Slew   Delay    Time   Description
-----------------------------------------------------------------------------
                          0.00    0.00   clock clk (rise edge)
                          0.00    0.00   clock source latency
     1    0.02    0.00    0.00    0.00 ^ clk (in)
                                         clk (net)
                  0.00    0.00    0.00 ^ clkbuf_0_clk/A (sky130_fd_sc_hd__clkbuf_16)
     4    0.06    0.07    0.14    0.14 ^ clkbuf_0_clk/X (sky130_fd_sc_hd__clkbuf_16)
                                         clknet_0_clk (net)
                  0.07    0.00    0.14 ^ clkbuf_2_2__f_clk/A (sky130_fd_sc_hd__clkbuf_16)
    10    0.04    0.06    0.15    0.29 ^ clkbuf_2_2__f_clk/X (sky130_fd_sc_hd__clkbuf_16)
                                         clknet_2_2__leaf_clk (net)
                  0.06    0.00    0.29 ^ approx_s2[9]$_SDFFE_PP0P_/CLK (sky130_fd_sc_hd__dfxtp_1)
     2    0.01    0.04    0.31    0.60 v approx_s2[9]$_SDFFE_PP0P_/Q (sky130_fd_sc_hd__dfxtp_1)
                                         approx_s2[9] (net)
                  0.04    0.00    0.60 v _916_/B (sky130_fd_sc_hd__nand2b_1)
     1    0.00    0.05    0.06    0.66 ^ _916_/Y (sky130_fd_sc_hd__nand2b_1)
                                         _460_ (net)
                  0.05    0.00    0.66 ^ _918_/A1 (sky130_fd_sc_hd__a21oi_1)
     1    0.00    0.04    0.05    0.72 v _918_/Y (sky130_fd_sc_hd__a21oi_1)
                                         _049_ (net)
                  0.04    0.00    0.72 v approx_s2[9]$_SDFFE_PP0P_/D (sky130_fd_sc_hd__dfxtp_1)
                                  0.72   data arrival time

                          0.00    0.00   clock clk (rise edge)
                          0.00    0.00   clock source latency
     1    0.02    0.00    0.00    0.00 ^ clk (in)
                                         clk (net)
                  0.00    0.00    0.00 ^ clkbuf_0_clk/A (sky130_fd_sc_hd__clkbuf_16)
     4    0.06    0.07    0.14    0.14 ^ clkbuf_0_clk/X (sky130_fd_sc_hd__clkbuf_16)
                                         clknet_0_clk (net)
                  0.07    0.00    0.14 ^ clkbuf_2_2__f_clk/A (sky130_fd_sc_hd__clkbuf_16)
    10    0.04    0.06    0.15    0.29 ^ clkbuf_2_2__f_clk/X (sky130_fd_sc_hd__clkbuf_16)
                                         clknet_2_2__leaf_clk (net)
                  0.06    0.00    0.29 ^ approx_s2[9]$_SDFFE_PP0P_/CLK (sky130_fd_sc_hd__dfxtp_1)
                          0.00    0.29   clock reconvergence pessimism
                         -0.05    0.24   library hold time
                                  0.24   data required time
-----------------------------------------------------------------------------
                                  0.24   data required time
                                 -0.72   data arrival time
-----------------------------------------------------------------------------
                                  0.47   slack (MET)



==========================================================================
finish report_checks -path_delay max
--------------------------------------------------------------------------
Startpoint: x_s1[1]$_SDFFE_PP0P_
            (rising edge-triggered flip-flop clocked by clk)
Endpoint: approx_s2[4]$_SDFFE_PP0P_
          (rising edge-triggered flip-flop clocked by clk)
Path Group: clk
Path Type: max

Fanout     Cap    Slew   Delay    Time   Description
-----------------------------------------------------------------------------
                          0.00    0.00   clock clk (rise edge)
                          0.00    0.00   clock source latency
     1    0.02    0.00    0.00    0.00 ^ clk (in)
                                         clk (net)
                  0.00    0.00    0.00 ^ clkbuf_0_clk/A (sky130_fd_sc_hd__clkbuf_16)
     4    0.06    0.07    0.14    0.14 ^ clkbuf_0_clk/X (sky130_fd_sc_hd__clkbuf_16)
                                         clknet_0_clk (net)
                  0.07    0.00    0.14 ^ clkbuf_2_0__f_clk/A (sky130_fd_sc_hd__clkbuf_16)
    10    0.04    0.06    0.15    0.29 ^ clkbuf_2_0__f_clk/X (sky130_fd_sc_hd__clkbuf_16)
                                         clknet_2_0__leaf_clk (net)
                  0.06    0.00    0.30 ^ x_s1[1]$_SDFFE_PP0P_/CLK (sky130_fd_sc_hd__dfxtp_1)
     2    0.01    0.04    0.31    0.61 v x_s1[1]$_SDFFE_PP0P_/Q (sky130_fd_sc_hd__dfxtp_1)
                                         x_s1[1] (net)
                  0.04    0.00    0.61 v _479_/A (sky130_fd_sc_hd__clkinv_1)
     2    0.01    0.04    0.05    0.66 ^ _479_/Y (sky130_fd_sc_hd__clkinv_1)
                                         _000_ (net)
                  0.04    0.00    0.66 ^ place81/A (sky130_fd_sc_hd__buf_4)
    12    0.06    0.17    0.20    0.86 ^ place81/X (sky130_fd_sc_hd__buf_4)
                                         net80 (net)
                  0.17    0.00    0.86 ^ _933_/B (sky130_fd_sc_hd__ha_1)
     9    0.04    0.42    0.44    1.31 ^ _933_/COUT (sky130_fd_sc_hd__ha_1)
                                         _009_ (net)
                  0.42    0.00    1.31 ^ _844_/B (sky130_fd_sc_hd__nor2_1)
     5    0.02    0.15    0.20    1.51 v _844_/Y (sky130_fd_sc_hd__nor2_1)
                                         _390_ (net)
                  0.15    0.00    1.51 v _847_/A2 (sky130_fd_sc_hd__o311ai_0)
     2    0.01    0.61    0.60    2.11 ^ _847_/Y (sky130_fd_sc_hd__o311ai_0)
                                         _393_ (net)
                  0.61    0.00    2.11 ^ _848_/D1 (sky130_fd_sc_hd__o2111ai_1)
     1    0.00    0.16    0.19    2.30 v _848_/Y (sky130_fd_sc_hd__o2111ai_1)
                                         _394_ (net)
                  0.16    0.00    2.30 v _870_/A2 (sky130_fd_sc_hd__a41oi_1)
     1    0.00    0.18    0.24    2.54 ^ _870_/Y (sky130_fd_sc_hd__a41oi_1)
                                         _416_ (net)
                  0.18    0.00    2.54 ^ _872_/A2 (sky130_fd_sc_hd__a21o_1)
     1    0.00    0.03    0.13    2.67 ^ _872_/X (sky130_fd_sc_hd__a21o_1)
                                         _047_ (net)
                  0.03    0.00    2.68 ^ approx_s2[4]$_SDFFE_PP0P_/D (sky130_fd_sc_hd__dfxtp_1)
                                  2.68   data arrival time

                          3.00    3.00   clock clk (rise edge)
                          0.00    3.00   clock source latency
     1    0.02    0.00    0.00    3.00 ^ clk (in)
                                         clk (net)
                  0.00    0.00    3.00 ^ clkbuf_0_clk/A (sky130_fd_sc_hd__clkbuf_16)
     4    0.06    0.07    0.14    3.14 ^ clkbuf_0_clk/X (sky130_fd_sc_hd__clkbuf_16)
                                         clknet_0_clk (net)
                  0.07    0.00    3.14 ^ clkbuf_2_3__f_clk/A (sky130_fd_sc_hd__clkbuf_16)
    13    0.05    0.07    0.16    3.30 ^ clkbuf_2_3__f_clk/X (sky130_fd_sc_hd__clkbuf_16)
                                         clknet_2_3__leaf_clk (net)
                  0.07    0.00    3.30 ^ approx_s2[4]$_SDFFE_PP0P_/CLK (sky130_fd_sc_hd__dfxtp_1)
                          0.00    3.30   clock reconvergence pessimism
                         -0.05    3.25   library setup time
                                  3.25   data required time
-----------------------------------------------------------------------------
                                  3.25   data required time
                                 -2.68   data arrival time
-----------------------------------------------------------------------------
                                  0.58   slack (MET)



==========================================================================
finish report_checks -unconstrained
--------------------------------------------------------------------------
Startpoint: x_s1[1]$_SDFFE_PP0P_
            (rising edge-triggered flip-flop clocked by clk)
Endpoint: approx_s2[4]$_SDFFE_PP0P_
          (rising edge-triggered flip-flop clocked by clk)
Path Group: clk
Path Type: max

Fanout     Cap    Slew   Delay    Time   Description
-----------------------------------------------------------------------------
                          0.00    0.00   clock clk (rise edge)
                          0.00    0.00   clock source latency
     1    0.02    0.00    0.00    0.00 ^ clk (in)
                                         clk (net)
                  0.00    0.00    0.00 ^ clkbuf_0_clk/A (sky130_fd_sc_hd__clkbuf_16)
     4    0.06    0.07    0.14    0.14 ^ clkbuf_0_clk/X (sky130_fd_sc_hd__clkbuf_16)
                                         clknet_0_clk (net)
                  0.07    0.00    0.14 ^ clkbuf_2_0__f_clk/A (sky130_fd_sc_hd__clkbuf_16)
    10    0.04    0.06    0.15    0.29 ^ clkbuf_2_0__f_clk/X (sky130_fd_sc_hd__clkbuf_16)
                                         clknet_2_0__leaf_clk (net)
                  0.06    0.00    0.30 ^ x_s1[1]$_SDFFE_PP0P_/CLK (sky130_fd_sc_hd__dfxtp_1)
     2    0.01    0.04    0.31    0.61 v x_s1[1]$_SDFFE_PP0P_/Q (sky130_fd_sc_hd__dfxtp_1)
                                         x_s1[1] (net)
                  0.04    0.00    0.61 v _479_/A (sky130_fd_sc_hd__clkinv_1)
     2    0.01    0.04    0.05    0.66 ^ _479_/Y (sky130_fd_sc_hd__clkinv_1)
                                         _000_ (net)
                  0.04    0.00    0.66 ^ place81/A (sky130_fd_sc_hd__buf_4)
    12    0.06    0.17    0.20    0.86 ^ place81/X (sky130_fd_sc_hd__buf_4)
                                         net80 (net)
                  0.17    0.00    0.86 ^ _933_/B (sky130_fd_sc_hd__ha_1)
     9    0.04    0.42    0.44    1.31 ^ _933_/COUT (sky130_fd_sc_hd__ha_1)
                                         _009_ (net)
                  0.42    0.00    1.31 ^ _844_/B (sky130_fd_sc_hd__nor2_1)
     5    0.02    0.15    0.20    1.51 v _844_/Y (sky130_fd_sc_hd__nor2_1)
                                         _390_ (net)
                  0.15    0.00    1.51 v _847_/A2 (sky130_fd_sc_hd__o311ai_0)
     2    0.01    0.61    0.60    2.11 ^ _847_/Y (sky130_fd_sc_hd__o311ai_0)
                                         _393_ (net)
                  0.61    0.00    2.11 ^ _848_/D1 (sky130_fd_sc_hd__o2111ai_1)
     1    0.00    0.16    0.19    2.30 v _848_/Y (sky130_fd_sc_hd__o2111ai_1)
                                         _394_ (net)
                  0.16    0.00    2.30 v _870_/A2 (sky130_fd_sc_hd__a41oi_1)
     1    0.00    0.18    0.24    2.54 ^ _870_/Y (sky130_fd_sc_hd__a41oi_1)
                                         _416_ (net)
                  0.18    0.00    2.54 ^ _872_/A2 (sky130_fd_sc_hd__a21o_1)
     1    0.00    0.03    0.13    2.67 ^ _872_/X (sky130_fd_sc_hd__a21o_1)
                                         _047_ (net)
                  0.03    0.00    2.68 ^ approx_s2[4]$_SDFFE_PP0P_/D (sky130_fd_sc_hd__dfxtp_1)
                                  2.68   data arrival time

                          3.00    3.00   clock clk (rise edge)
                          0.00    3.00   clock source latency
     1    0.02    0.00    0.00    3.00 ^ clk (in)
                                         clk (net)
                  0.00    0.00    3.00 ^ clkbuf_0_clk/A (sky130_fd_sc_hd__clkbuf_16)
     4    0.06    0.07    0.14    3.14 ^ clkbuf_0_clk/X (sky130_fd_sc_hd__clkbuf_16)
                                         clknet_0_clk (net)
                  0.07    0.00    3.14 ^ clkbuf_2_3__f_clk/A (sky130_fd_sc_hd__clkbuf_16)
    13    0.05    0.07    0.16    3.30 ^ clkbuf_2_3__f_clk/X (sky130_fd_sc_hd__clkbuf_16)
                                         clknet_2_3__leaf_clk (net)
                  0.07    0.00    3.30 ^ approx_s2[4]$_SDFFE_PP0P_/CLK (sky130_fd_sc_hd__dfxtp_1)
                          0.00    3.30   clock reconvergence pessimism
                         -0.05    3.25   library setup time
                                  3.25   data required time
-----------------------------------------------------------------------------
                                  3.25   data required time
                                 -2.68   data arrival time
-----------------------------------------------------------------------------
                                  0.58   slack (MET)



==========================================================================
finish report_check_types -max_slew -max_cap -max_fanout -violators
--------------------------------------------------------------------------

==========================================================================
finish max_slew_check_slack
--------------------------------------------------------------------------
0.7365662455558777

==========================================================================
finish max_slew_check_limit
--------------------------------------------------------------------------
1.4983500242233276

==========================================================================
finish max_slew_check_slack_limit
--------------------------------------------------------------------------
0.4916

==========================================================================
finish max_fanout_check_slack
--------------------------------------------------------------------------
1.0000000150474662e+30

==========================================================================
finish max_fanout_check_limit
--------------------------------------------------------------------------
1.0000000150474662e+30

==========================================================================
finish max_capacitance_check_slack
--------------------------------------------------------------------------
0.016793139278888702

==========================================================================
finish max_capacitance_check_limit
--------------------------------------------------------------------------
0.021067000925540924

==========================================================================
finish max_capacitance_check_slack_limit
--------------------------------------------------------------------------
0.7971

==========================================================================
finish max_slew_violation_count
--------------------------------------------------------------------------
max slew violation count 0

==========================================================================
finish max_fanout_violation_count
--------------------------------------------------------------------------
max fanout violation count 0

==========================================================================
finish max_cap_violation_count
--------------------------------------------------------------------------
max cap violation count 0

==========================================================================
finish setup_violation_count
--------------------------------------------------------------------------
setup violation count 0

==========================================================================
finish hold_violation_count
--------------------------------------------------------------------------
hold violation count 0

==========================================================================
finish report_checks -path_delay max reg to reg
--------------------------------------------------------------------------
Startpoint: x_s1[1]$_SDFFE_PP0P_
            (rising edge-triggered flip-flop clocked by clk)
Endpoint: approx_s2[4]$_SDFFE_PP0P_
          (rising edge-triggered flip-flop clocked by clk)
Path Group: clk
Path Type: max

  Delay    Time   Description
---------------------------------------------------------
   0.00    0.00   clock clk (rise edge)
   0.00    0.00   clock source latency
   0.00    0.00 ^ clk (in)
   0.14    0.14 ^ clkbuf_0_clk/X (sky130_fd_sc_hd__clkbuf_16)
   0.16    0.29 ^ clkbuf_2_0__f_clk/X (sky130_fd_sc_hd__clkbuf_16)
   0.00    0.30 ^ x_s1[1]$_SDFFE_PP0P_/CLK (sky130_fd_sc_hd__dfxtp_1)
   0.31    0.61 v x_s1[1]$_SDFFE_PP0P_/Q (sky130_fd_sc_hd__dfxtp_1)
   0.05    0.66 ^ _479_/Y (sky130_fd_sc_hd__clkinv_1)
   0.20    0.86 ^ place81/X (sky130_fd_sc_hd__buf_4)
   0.45    1.31 ^ _933_/COUT (sky130_fd_sc_hd__ha_1)
   0.20    1.51 v _844_/Y (sky130_fd_sc_hd__nor2_1)
   0.60    2.11 ^ _847_/Y (sky130_fd_sc_hd__o311ai_0)
   0.19    2.30 v _848_/Y (sky130_fd_sc_hd__o2111ai_1)
   0.24    2.54 ^ _870_/Y (sky130_fd_sc_hd__a41oi_1)
   0.13    2.67 ^ _872_/X (sky130_fd_sc_hd__a21o_1)
   0.00    2.68 ^ approx_s2[4]$_SDFFE_PP0P_/D (sky130_fd_sc_hd__dfxtp_1)
           2.68   data arrival time

   3.00    3.00   clock clk (rise edge)
   0.00    3.00   clock source latency
   0.00    3.00 ^ clk (in)
   0.14    3.14 ^ clkbuf_0_clk/X (sky130_fd_sc_hd__clkbuf_16)
   0.16    3.30 ^ clkbuf_2_3__f_clk/X (sky130_fd_sc_hd__clkbuf_16)
   0.00    3.30 ^ approx_s2[4]$_SDFFE_PP0P_/CLK (sky130_fd_sc_hd__dfxtp_1)
   0.00    3.30   clock reconvergence pessimism
  -0.05    3.25   library setup time
           3.25   data required time
---------------------------------------------------------
           3.25   data required time
          -2.68   data arrival time
---------------------------------------------------------
           0.58   slack (MET)



==========================================================================
finish report_checks -path_delay min reg to reg
--------------------------------------------------------------------------
Startpoint: approx_s2[9]$_SDFFE_PP0P_
            (rising edge-triggered flip-flop clocked by clk)
Endpoint: approx_s2[9]$_SDFFE_PP0P_
          (rising edge-triggered flip-flop clocked by clk)
Path Group: clk
Path Type: min

  Delay    Time   Description
---------------------------------------------------------
   0.00    0.00   clock clk (rise edge)
   0.00    0.00   clock source latency
   0.00    0.00 ^ clk (in)
   0.14    0.14 ^ clkbuf_0_clk/X (sky130_fd_sc_hd__clkbuf_16)
   0.15    0.29 ^ clkbuf_2_2__f_clk/X (sky130_fd_sc_hd__clkbuf_16)
   0.00    0.29 ^ approx_s2[9]$_SDFFE_PP0P_/CLK (sky130_fd_sc_hd__dfxtp_1)
   0.31    0.60 v approx_s2[9]$_SDFFE_PP0P_/Q (sky130_fd_sc_hd__dfxtp_1)
   0.06    0.66 ^ _916_/Y (sky130_fd_sc_hd__nand2b_1)
   0.05    0.72 v _918_/Y (sky130_fd_sc_hd__a21oi_1)
   0.00    0.72 v approx_s2[9]$_SDFFE_PP0P_/D (sky130_fd_sc_hd__dfxtp_1)
           0.72   data arrival time

   0.00    0.00   clock clk (rise edge)
   0.00    0.00   clock source latency
   0.00    0.00 ^ clk (in)
   0.14    0.14 ^ clkbuf_0_clk/X (sky130_fd_sc_hd__clkbuf_16)
   0.15    0.29 ^ clkbuf_2_2__f_clk/X (sky130_fd_sc_hd__clkbuf_16)
   0.00    0.29 ^ approx_s2[9]$_SDFFE_PP0P_/CLK (sky130_fd_sc_hd__dfxtp_1)
   0.00    0.29   clock reconvergence pessimism
  -0.05    0.24   library hold time
           0.24   data required time
---------------------------------------------------------
           0.24   data required time
          -0.72   data arrival time
---------------------------------------------------------
           0.47   slack (MET)



==========================================================================
finish critical path target clock latency max path
--------------------------------------------------------------------------
0.2968

==========================================================================
finish critical path target clock latency min path
--------------------------------------------------------------------------
0.2894

==========================================================================
finish critical path source clock latency min path
--------------------------------------------------------------------------
0.0000

==========================================================================
finish critical path delay
--------------------------------------------------------------------------
2.6750

==========================================================================
finish critical path slack
--------------------------------------------------------------------------
0.5764

==========================================================================
finish slack div critical path delay
--------------------------------------------------------------------------
21.547664

==========================================================================
finish report_power
--------------------------------------------------------------------------
Group                  Internal  Switching    Leakage      Total
                          Power      Power      Power      Power (Watts)
----------------------------------------------------------------
Sequential             5.63e-04   2.91e-05   3.35e-10   5.92e-04  32.1%
Combinational          2.04e-04   3.29e-04   1.09e-09   5.33e-04  28.9%
Clock                  4.76e-04   2.44e-04   9.38e-11   7.20e-04  39.0%
Macro                  0.00e+00   0.00e+00   0.00e+00   0.00e+00   0.0%
Pad                    0.00e+00   0.00e+00   0.00e+00   0.00e+00   0.0%
----------------------------------------------------------------
Total                  1.24e-03   6.02e-04   1.52e-09   1.85e-03 100.0%
                          67.4%      32.6%       0.0%
