STDOUT:
rm -f ./results/sky130hd/exp_fixed_point/base/1_* ./results/sky130hd/exp_fixed_point/base/mem*.json
rm -f ./reports/sky130hd/exp_fixed_point/base/synth_*
rm -f ./logs/sky130hd/exp_fixed_point/base/1_*
rm -f 
rm -f ./results/sky130hd/exp_fixed_point/base/clock_period.txt
rm -f ./results/sky130hd/exp_fixed_point/base/2_*floorplan*.odb ./results/sky130hd/exp_fixed_point/base/2_floorplan.sdc ./results/sky130hd/exp_fixed_point/base/2_*.v ./results/sky130hd/exp_fixed_point/base/2_*.def
rm -f ./reports/sky130hd/exp_fixed_point/base/2_*
rm -f ./logs/sky130hd/exp_fixed_point/base/2_*
rm -f ./results/sky130hd/exp_fixed_point/base/3_*place*.odb
rm -f ./results/sky130hd/exp_fixed_point/base/3_place.sdc
rm -f ./results/sky130hd/exp_fixed_point/base/3_*.def ./results/sky130hd/exp_fixed_point/base/3_*.v
rm -f ./reports/sky130hd/exp_fixed_point/base/3_*
rm -f ./logs/sky130hd/exp_fixed_point/base/3_*
rm -rf ./results/sky130hd/exp_fixed_point/base/4_*cts*.odb ./results/sky130hd/exp_fixed_point/base/4_cts.sdc ./results/sky130hd/exp_fixed_point/base/4_*.v ./results/sky130hd/exp_fixed_point/base/4_*.def
rm -f  ./reports/sky130hd/exp_fixed_point/base/4_*
rm -rf ./logs/sky130hd/exp_fixed_point/base/4_*
rm -rf ./results/sky130hd/exp_fixed_point/base/route.guide ./results/sky130hd/exp_fixed_point/base/output_guide.mod ./results/sky130hd/exp_fixed_point/base/updated_clks.sdc
rm -rf ./results/sky130hd/exp_fixed_point/base/5_*.odb ./results/sky130hd/exp_fixed_point/base/5_route.sdc ./results/sky130hd/exp_fixed_point/base/5_*.def ./results/sky130hd/exp_fixed_point/base/5_*.v
rm -f  ./reports/sky130hd/exp_fixed_point/base/5_*
rm -f  ./logs/sky130hd/exp_fixed_point/base/5_*
rm -rf ./results/sky130hd/exp_fixed_point/base/6_*.gds ./results/sky130hd/exp_fixed_point/base/6_*.oas ./results/sky130hd/exp_fixed_point/base/6_*.odb ./results/sky130hd/exp_fixed_point/base/6_*.v ./results/sky130hd/exp_fixed_point/base/6_*.def ./results/sky130hd/exp_fixed_point/base/6_*.sdc ./results/sky130hd/exp_fixed_point/base/6_*.spef
rm -rf ./reports/sky130hd/exp_fixed_point/base/6_*.rpt
rm -f  ./logs/sky130hd/exp_fixed_point/base/6_*
rm -f ./reports/sky130hd/exp_fixed_point/base/design-dir.txt
rm -f ./reports/sky130hd/exp_fixed_point/base/metadata*.*
rm -f ./results/sky130hd/exp_fixed_point/base/exp_fixed_point.lib ./results/sky130hd/exp_fixed_point/base/exp_fixed_point.lef
rm -rf ./objects/sky130hd/exp_fixed_point/base
mkdir -p results/sky130hd/exp_fixed_point/base/
echo 3 > results/sky130hd/exp_fixed_point/base/clock_period.txt
/home/kyash/OpenROAD-flow-scripts-master/flow/scripts/synth.sh /home/kyash/OpenROAD-flow-scripts-master/flow/scripts/synth_canonicalize.tcl ./logs/sky130hd/exp_fixed_point/base/1_1_yosys_canonicalize.log
Using ABC speed script.
Extracting clock period from SDC file: ./results/sky130hd/exp_fixed_point/base/clock_period.txt
Setting clock period to 3
1. Executing Liberty frontend: /home/kyash/OpenROAD-flow-scripts-master/flow/platforms/sky130hd/lib/sky130_fd_sc_hd__tt_025C_1v80.lib
2. Executing Liberty frontend: /home/kyash/OpenROAD-flow-scripts-master/flow/platforms/sky130hd/lib/sky130_fd_sc_hd__tt_025C_1v80.lib
3. Executing Verilog-2005 frontend: /mnt/c/Users/kyash/spec2rtl_agent/separate_p7_fullflow_run2/optimized_point_powerfix2/iterations/iter_01/p7_initial_optimized_iter_01.v
4. Executing Verilog-2005 frontend: /home/kyash/OpenROAD-flow-scripts-master/flow/platforms/sky130hd/cells_clkgate_hd.v
5. Executing HIERARCHY pass (managing design hierarchy).
6. Executing AST frontend in derive mode using pre-parsed AST for module `\exp_fixed_point'.
6.1. Analyzing design hierarchy..
6.2. Analyzing design hierarchy..
7. Executing OPT_CLEAN pass (remove unused cells and wires).
Warning: Ignoring module exp_fixed_point because it contains processes (run 'proc' command first).
8. Executing RTLIL backend.
Warnings: 1 unique messages, 1 total
End of script. Logfile hash: 83d2956597, CPU: user 0.10s system 0.01s, MEM: 49.50 MB peak
Yosys 0.63 (git sha1 70a11c6bf, g++ 13.3.0-6ubuntu2~24.04.1 -fPIC -O3)
Time spent: 65% 4x read_liberty (0 sec), 18% 4x read_verilog (0 sec), ...
/home/kyash/OpenROAD-flow-scripts-master/flow/scripts/synth.sh /home/kyash/OpenROAD-flow-scripts-master/flow/scripts/synth.tcl ./logs/sky130hd/exp_fixed_point/base/1_2_yosys.log
Using ABC speed script.
Extracting clock period from SDC file: ./results/sky130hd/exp_fixed_point/base/clock_period.txt
Setting clock period to 3
1. Executing RTLIL frontend.
2. Executing HIERARCHY pass (managing design hierarchy).
2.1. Analyzing design hierarchy..
2.2. Analyzing design hierarchy..
3. Executing SYNTH pass.
3.1. Executing HIERARCHY pass (managing design hierarchy).
3.1.1. Analyzing design hierarchy..
3.1.2. Analyzing design hierarchy..
3.2. Executing PROC pass (convert processes to netlists).
3.2.1. Executing PROC_CLEAN pass (remove empty switches from decision trees).
3.2.2. Executing PROC_RMDEAD pass (remove dead branches from decision trees).
3.2.3. Executing PROC_PRUNE pass (remove redundant assignments in processes).
3.2.4. Executing PROC_INIT pass (extract init attributes).
3.2.5. Executing PROC_ARST pass (detect async resets in processes).
3.2.6. Executing PROC_ROM pass (convert switches to ROMs).
3.2.7. Executing PROC_MUX pass (convert decision trees to multiplexers).
3.2.8. Executing PROC_DLATCH pass (convert process syncs to latches).
3.2.9. Executing PROC_DFF pass (convert process syncs to FFs).
3.2.10. Executing PROC_MEMWR pass (convert process memory writes to cells).
3.2.11. Executing PROC_CLEAN pass (remove empty switches from decision trees).
3.2.12. Executing OPT_EXPR pass (perform const folding).
3.3. Executing FLATTEN pass (flatten design).
3.4. Executing OPT_EXPR pass (perform const folding).
3.5. Executing OPT_CLEAN pass (remove unused cells and wires).
3.6. Executing CHECK pass (checking for obvious problems).
3.7. Executing OPT pass (performing simple optimizations).
3.7.1. Executing OPT_EXPR pass (perform const folding).
3.7.2. Executing OPT_MERGE pass (detect identical cells).
3.7.3. Executing OPT_MUXTREE pass (detect dead branches in mux trees).
3.7.4. Executing OPT_REDUCE pass (consolidate $*mux and $reduce_* inputs).
3.7.5. Executing OPT_MERGE pass (detect identical cells).
3.7.6. Executing OPT_DFF pass (perform DFF optimizations).
3.7.7. Executing OPT_CLEAN pass (remove unused cells and wires).
3.7.8. Executing OPT_EXPR pass (perform const folding).
3.7.9. Rerunning OPT passes. (Maybe there is more to do..)
3.7.10. Executing OPT_MUXTREE pass (detect dead branches in mux trees).
3.7.11. Executing OPT_REDUCE pass (consolidate $*mux and $reduce_* inputs).
3.7.12. Executing OPT_MERGE pass (detect identical cells).
3.7.13. Executing OPT_DFF pass (perform DFF optimizations).
3.7.14. Executing OPT_CLEAN pass (remove unused cells and wires).
3.7.15. Executing OPT_EXPR pass (perform const folding).
3.7.16. Finished fast OPT passes. (There is nothing left to do.)
3.8. Executing FSM pass (extract and optimize FSM).
3.8.1. Executing FSM_DETECT pass (finding FSMs in design).
3.8.2. Executing FSM_EXTRACT pass (extracting FSM from design).
3.8.3. Executing FSM_OPT pass (simple optimizations of FSMs).
3.8.4. Executing OPT_CLEAN pass (remove unused cells and wires).
3.8.5. Executing FSM_OPT pass (simple optimizations of FSMs).
3.8.6. Executing FSM_RECODE pass (re-assigning FSM state encoding).
3.8.7. Executing FSM_INFO pass (dumping all available information on FSM cells).
3.8.8. Executing FSM_MAP pass (mapping FSMs to basic logic).
3.9. Executing OPT pass (performing simple optimizations).
3.9.1. Executing OPT_EXPR pass (perform const folding).
3.9.2. Executing OPT_MERGE pass (detect identical cells).
3.9.3. Executing OPT_MUXTREE pass (detect dead branches in mux trees).
3.9.4. Executing OPT_REDUCE pass (consolidate $*mux and $reduce_* inputs).
3.9.5. Executing OPT_MERGE pass (detect identical cells).
3.9.6. Executing OPT_DFF pass (perform DFF optimizations).
3.9.7. Executing OPT_CLEAN pass (remove unused cells and wires).
3.9.8. Executing OPT_EXPR pass (perform const folding).
3.9.9. Rerunning OPT passes. (Maybe there is more to do..)
3.9.10. Executing OPT_MUXTREE pass (detect dead branches in mux trees).
3.9.11. Executing OPT_REDUCE pass (consolidate $*mux and $reduce_* inputs).
3.9.12. Executing OPT_MERGE pass (detect identical cells).
3.9.13. Executing OPT_DFF pass (perform DFF optimizations).
3.9.14. Executing OPT_CLEAN pass (remove unused cells and wires).
3.9.15. Executing OPT_EXPR pass (perform const folding).
3.9.16. Finished fast OPT passes. (There is nothing left to do.)
3.10. Executing WREDUCE pass (reducing word size of cells).
3.11. Executing PEEPOPT pass (run peephole optimizers).
3.12. Executing OPT_CLEAN pass (remove unused cells and wires).
3.13. Executing ALUMACC pass (create $alu and $macc cells).
3.14. Executing SHARE pass (SAT-based resource sharing).
3.15. Executing OPT pass (performing simple optimizations).
3.15.1. Executing OPT_EXPR pass (perform const folding).
3.15.2. Executing OPT_MERGE pass (detect identical cells).
3.15.3. Executing OPT_MUXTREE pass (detect dead branches in mux trees).
3.15.4. Executing OPT_REDUCE pass (consolidate $*mux and $reduce_* inputs).
3.15.5. Executing OPT_MERGE pass (detect identical cells).
3.15.6. Executing OPT_DFF pass (perform DFF optimizations).
3.15.7. Executing OPT_CLEAN pass (remove unused cells and wires).
3.15.8. Executing OPT_EXPR pass (perform const folding).
3.15.9. Finished fast OPT passes. (There is nothing left to do.)
3.16. Executing MEMORY pass.
3.16.1. Executing OPT_MEM pass (optimize memories).
3.16.2. Executing OPT_MEM_PRIORITY pass (removing unnecessary memory write priority relations).
3.16.3. Executing OPT_MEM_FEEDBACK pass (finding memory read-to-write feedback paths).
3.16.4. Executing MEMORY_BMUX2ROM pass (converting muxes to ROMs).
3.16.5. Executing MEMORY_DFF pass (merging $dff cells to $memrd).
3.16.6. Executing OPT_CLEAN pass (remove unused cells and wires).
3.16.7. Executing MEMORY_SHARE pass (consolidating $memrd/$memwr cells).
3.16.8. Executing OPT_MEM_WIDEN pass (optimize memories where all ports are wide).
3.16.9. Executing OPT_CLEAN pass (remove unused cells and wires).
3.16.10. Executing MEMORY_COLLECT pass (generating $mem cells).
3.17. Executing OPT_CLEAN pass (remove unused cells and wires).
4. Executing SYNTH pass.
4.1. Executing OPT pass (performing simple optimizations).
4.1.1. Executing OPT_EXPR pass (perform const folding).
4.1.2. Executing OPT_MERGE pass (detect identical cells).
4.1.3. Executing OPT_DFF pass (perform DFF optimizations).
4.1.4. Executing OPT_CLEAN pass (remove unused cells and wires).
4.1.5. Rerunning OPT passes. (Removed registers in this run.)
4.1.6. Executing OPT_EXPR pass (perform const folding).
4.1.7. Executing OPT_MERGE pass (detect identical cells).
4.1.8. Executing OPT_DFF pass (perform DFF optimizations).
4.1.9. Executing OPT_CLEAN pass (remove unused cells and wires).
4.1.10. Rerunning OPT passes. (Removed registers in this run.)
4.1.11. Executing OPT_EXPR pass (perform const folding).
4.1.12. Executing OPT_MERGE pass (detect identical cells).
4.1.13. Executing OPT_DFF pass (perform DFF optimizations).
4.1.14. Executing OPT_CLEAN pass (remove unused cells and wires).
4.1.15. Rerunning OPT passes. (Removed registers in this run.)
4.1.16. Executing OPT_EXPR pass (perform const folding).
4.1.17. Executing OPT_MERGE pass (detect identical cells).
4.1.18. Executing OPT_DFF pass (perform DFF optimizations).
4.1.19. Executing OPT_CLEAN pass (remove unused cells and wires).
4.1.20. Finished fast OPT passes.
4.2. Executing MEMORY_MAP pass (converting memories to logic and flip-flops).
4.3. Executing OPT pass (performing simple optimizations).
4.3.1. Executing OPT_EXPR pass (perform const folding).
4.3.2. Executing OPT_MERGE pass (detect identical cells).
4.3.3. Executing OPT_MUXTREE pass (detect dead branches in mux trees).
4.3.4. Executing OPT_REDUCE pass (consolidate $*mux and $reduce_* inputs).
4.3.5. Executing OPT_MERGE pass (detect identical cells).
4.3.6. Executing OPT_SHARE pass.
4.3.7. Executing OPT_DFF pass (perform DFF optimizations).
4.3.8. Executing OPT_CLEAN pass (remove unused cells and wires).
4.3.9. Executing OPT_EXPR pass (perform const folding).
4.3.10. Rerunning OPT passes. (Maybe there is more to do..)
4.3.11. Executing OPT_MUXTREE pass (detect dead branches in mux trees).
4.3.12. Executing OPT_REDUCE pass (consolidate $*mux and $reduce_* inputs).
4.3.13. Executing OPT_MERGE pass (detect identical cells).
4.3.14. Executing OPT_SHARE pass.
4.3.15. Executing OPT_DFF pass (perform DFF optimizations).
4.3.16. Executing OPT_CLEAN pass (remove unused cells and wires).
4.3.17. Executing OPT_EXPR pass (perform const folding).
4.3.18. Rerunning OPT passes. (Maybe there is more to do..)
4.3.19. Executing OPT_MUXTREE pass (detect dead branches in mux trees).
4.3.20. Executing OPT_REDUCE pass (consolidate $*mux and $reduce_* inputs).
4.3.21. Executing OPT_MERGE pass (detect identical cells).
4.3.22. Executing OPT_SHARE pass.
4.3.23. Executing OPT_DFF pass (perform DFF optimizations).
4.3.24. Executing OPT_CLEAN pass (remove unused cells and wires).
4.3.25. Executing OPT_EXPR pass (perform const folding).
4.3.26. Rerunning OPT passes. (Maybe there is more to do..)
4.3.27. Executing OPT_MUXTREE pass (detect dead branches in mux trees).
4.3.28. Executing OPT_REDUCE pass (consolidate $*mux and $reduce_* inputs).
4.3.29. Executing OPT_MERGE pass (detect identical cells).
4.3.30. Executing OPT_SHARE pass.
4.3.31. Executing OPT_DFF pass (perform DFF optimizations).
4.3.32. Executing OPT_CLEAN pass (remove unused cells and wires).
4.3.33. Executing OPT_EXPR pass (perform const folding).
4.3.34. Finished fast OPT passes. (There is nothing left to do.)
4.4. Executing TECHMAP pass (map to technology primitives).
4.4.1. Executing Verilog-2005 frontend: /usr/local/bin/../share/yosys/techmap.v
4.4.2. Executing Verilog-2005 frontend: /home/kyash/OpenROAD-flow-scripts-master/flow/platforms/common/lcu_kogge_stone.v
4.4.3. Continuing TECHMAP pass.
4.5. Executing OPT pass (performing simple optimizations).
4.5.1. Executing OPT_EXPR pass (perform const folding).
4.5.2. Executing OPT_MERGE pass (detect identical cells).
4.5.3. Executing OPT_DFF pass (perform DFF optimizations).
4.5.4. Executing OPT_CLEAN pass (remove unused cells and wires).
4.5.5. Finished fast OPT passes.
4.6. Executing ABC pass (technology mapping using ABC).
4.6.1. Extracting gate netlist of module `\exp_fixed_point' to `<abc-temp-dir>/input.blif'..
4.7. Executing OPT pass (performing simple optimizations).
4.7.1. Executing OPT_EXPR pass (perform const folding).
4.7.2. Executing OPT_MERGE pass (detect identical cells).
4.7.3. Executing OPT_DFF pass (perform DFF optimizations).
4.7.4. Executing OPT_CLEAN pass (remove unused cells and wires).
4.7.5. Finished fast OPT passes.
4.8. Executing HIERARCHY pass (managing design hierarchy).
4.8.1. Analyzing design hierarchy..
4.8.2. Analyzing design hierarchy..
4.9. Printing statistics.
4.10. Executing CHECK pass (checking for obvious problems).
5. Executing OPT pass (performing simple optimizations).
5.1. Executing OPT_EXPR pass (perform const folding).
5.2. Executing OPT_MERGE pass (detect identical cells).
5.3. Executing OPT_MUXTREE pass (detect dead branches in mux trees).
5.4. Executing OPT_REDUCE pass (consolidate $*mux and $reduce_* inputs).
5.5. Executing OPT_MERGE pass (detect identical cells).
5.6. Executing OPT_DFF pass (perform DFF optimizations).
5.7. Executing OPT_CLEAN pass (remove unused cells and wires).
5.8. Executing OPT_EXPR pass (perform const folding).
5.9. Finished fast OPT passes. (There is nothing left to do.)
6. Executing EXTRACT_FA pass (find and extract full/half adders).
7. Executing TECHMAP pass (map to technology primitives).
7.1. Executing Verilog-2005 frontend: /home/kyash/OpenROAD-flow-scripts-master/flow/platforms/sky130hd/cells_adders_hd.v
7.2. Continuing TECHMAP pass.
8. Executing TECHMAP pass (map to technology primitives).
8.1. Executing Verilog-2005 frontend: /usr/local/bin/../share/yosys/techmap.v
8.2. Continuing TECHMAP pass.
9. Executing OPT pass (performing simple optimizations).
9.1. Executing OPT_EXPR pass (perform const folding).
9.2. Executing OPT_MERGE pass (detect identical cells).
9.3. Executing OPT_DFF pass (perform DFF optimizations).
9.4. Executing OPT_CLEAN pass (remove unused cells and wires).
9.5. Finished fast OPT passes.
10. Executing TECHMAP pass (map to technology primitives).
10.1. Executing Verilog-2005 frontend: /home/kyash/OpenROAD-flow-scripts-master/flow/platforms/sky130hd/cells_latch_hd.v
10.2. Continuing TECHMAP pass.
11. Executing DFFLIBMAP pass (mapping DFF cells to sequential cells from liberty file).
11.1. Executing DFFLEGALIZE pass (convert FFs to types supported by the target).
12. Executing OPT pass (performing simple optimizations).
12.1. Executing OPT_EXPR pass (perform const folding).
12.2. Executing OPT_MERGE pass (detect identical cells).
12.3. Executing OPT_MUXTREE pass (detect dead branches in mux trees).
12.4. Executing OPT_REDUCE pass (consolidate $*mux and $reduce_* inputs).
12.5. Executing OPT_MERGE pass (detect identical cells).
12.6. Executing OPT_DFF pass (perform DFF optimizations).
12.7. Executing OPT_CLEAN pass (remove unused cells and wires).
12.8. Executing OPT_EXPR pass (perform const folding).
12.9. Finished fast OPT passes. (There is nothing left to do.)
13. Executing SETUNDEF pass (replace undef values with defined constants).
abc -script /home/kyash/OpenROAD-flow-scripts-master/flow/scripts/abc_speed.script -liberty /home/kyash/OpenROAD-flow-scripts-master/flow/platforms/sky130hd/lib/sky130_fd_sc_hd__tt_025C_1v80.lib -dont_use sky130_fd_sc_hd__probe_p_8 -dont_use sky130_fd_sc_hd__probec_p_8 -dont_use sky130_fd_sc_hd__lpflow_bleeder_1 -dont_use sky130_fd_sc_hd__lpflow_clkbufkapwr_1 -dont_use sky130_fd_sc_hd__lpflow_clkbufkapwr_16 -dont_use sky130_fd_sc_hd__lpflow_clkbufkapwr_2 -dont_use sky130_fd_sc_hd__lpflow_clkbufkapwr_4 -dont_use sky130_fd_sc_hd__lpflow_clkbufkapwr_8 -dont_use sky130_fd_sc_hd__lpflow_clkinvkapwr_1 -dont_use sky130_fd_sc_hd__lpflow_clkinvkapwr_16 -dont_use sky130_fd_sc_hd__lpflow_clkinvkapwr_2 -dont_use sky130_fd_sc_hd__lpflow_clkinvkapwr_4 -dont_use sky130_fd_sc_hd__lpflow_clkinvkapwr_8 -dont_use sky130_fd_sc_hd__lpflow_decapkapwr_12 -dont_use sky130_fd_sc_hd__lpflow_decapkapwr_3 -dont_use sky130_fd_sc_hd__lpflow_decapkapwr_4 -dont_use sky130_fd_sc_hd__lpflow_decapkapwr_6 -dont_use sky130_fd_sc_hd__lpflow_decapkapwr_8 -dont_use sky130_fd_sc_hd__lpflow_inputiso0n_1 -dont_use sky130_fd_sc_hd__lpflow_inputiso0p_1 -dont_use sky130_fd_sc_hd__lpflow_inputiso1n_1 -dont_use sky130_fd_sc_hd__lpflow_inputiso1p_1 -dont_use sky130_fd_sc_hd__lpflow_inputisolatch_1 -dont_use sky130_fd_sc_hd__lpflow_isobufsrc_1 -dont_use sky130_fd_sc_hd__lpflow_isobufsrc_16 -dont_use sky130_fd_sc_hd__lpflow_isobufsrc_2 -dont_use sky130_fd_sc_hd__lpflow_isobufsrc_4 -dont_use sky130_fd_sc_hd__lpflow_isobufsrc_8 -dont_use sky130_fd_sc_hd__lpflow_isobufsrckapwr_16 -dont_use sky130_fd_sc_hd__lpflow_lsbuf_lh_hl_isowell_tap_1 -dont_use sky130_fd_sc_hd__lpflow_lsbuf_lh_hl_isowell_tap_2 -dont_use sky130_fd_sc_hd__lpflow_lsbuf_lh_hl_isowell_tap_4 -dont_use sky130_fd_sc_hd__lpflow_lsbuf_lh_isowell_4 -dont_use sky130_fd_sc_hd__lpflow_lsbuf_lh_isowell_tap_1 -dont_use sky130_fd_sc_hd__lpflow_lsbuf_lh_isowell_tap_2 -dont_use sky130_fd_sc_hd__lpflow_lsbuf_lh_isowell_tap_4 -constr ./objects/sky130hd/exp_fixed_point/base/abc.constr -D 3
14. Executing ABC pass (technology mapping using ABC).
14.1. Extracting gate netlist of module `\exp_fixed_point' to `<abc-temp-dir>/input.blif'..
14.1.1. Executed ABC.
14.1.2. Re-integrating ABC results.
15. Executing SPLITNETS pass (splitting up multi-bit signals).
16. Executing OPT_CLEAN pass (remove unused cells and wires).
17. Executing HILOMAP pass (mapping to constant drivers).
18. Executing INSBUF pass (insert buffer cells for connected wires).
19. Executing CHECK pass (checking for obvious problems).
20. Printing statistics.
21. Executing CHECK pass (checking for obvious problems).
22. Executing Verilog backend.
22.1. Executing BMUXMAP pass.
22.2. Executing DEMUXMAP pass.
exec cp /mnt/c/Users/kyash/spec2rtl_agent/separate_p7_fullflow_run2/optimized_point_powerfix2/iterations/iter_01/backend_attempts/attempt_spread/constraint.sdc ./results/sky130hd/exp_fixed_point/base/1_synth.sdc
End of script. Logfile hash: e5de7675a2, CPU: user 0.33s system 0.01s, MEM: 55.30 MB peak
Yosys 0.63 (git sha1 70a11c6bf, g++ 13.3.0-6ubuntu2~24.04.1 -fPIC -O3)
Time spent: 63% 2x abc (0 sec), 5% 26x opt_expr (0 sec), ...
cp /mnt/c/Users/kyash/spec2rtl_agent/separate_p7_fullflow_run2/optimized_point_powerfix2/iterations/iter_01/backend_attempts/attempt_spread/constraint.sdc ./results/sky130hd/exp_fixed_point/base/1_2_yosys.sdc
OpenROAD GITDIR-NOTFOUND 
Features included (+) or not (-): +GPU +GUI +Python
This program is licensed under the BSD-3 license. See the LICENSE file for details.
Components of this program may be licensed under more restrictive licenses which must be honored.
[INFO ORD-0030] Using 16 thread(s).
mkdir -p ./objects/sky130hd/exp_fixed_point/base
/home/kyash/OpenROAD-flow-scripts-master/flow/scripts/flow.sh 1_synth synth_odb
Running synth_odb.tcl, stage 1_synth
read_liberty /home/kyash/OpenROAD-flow-scripts-master/flow/platforms/sky130hd/lib/sky130_fd_sc_hd__tt_025C_1v80.lib
[INFO ODB-0227] LEF file: /home/kyash/OpenROAD-flow-scripts-master/flow/platforms/sky130hd/lef/sky130_fd_sc_hd.tlef, created 13 layers, 25 vias
[INFO ODB-0227] LEF file: /home/kyash/OpenROAD-flow-scripts-master/flow/platforms/sky130hd/lef/sky130_fd_sc_hd_merged.lef, created 441 library cells
link_design exp_fixed_point
read_sdc ./results/sky130hd/exp_fixed_point/base/1_2_yosys.sdc
source /home/kyash/OpenROAD-flow-scripts-master/flow/platforms/sky130hd/setRC.tcl
write_db ./results/sky130hd/exp_fixed_point/base/1_synth.odb
write_sdc -no_timestamp ./results/sky130hd/exp_fixed_point/base/1_synth.sdc
Log                        Elapsed/s Peak Memory/MB  sha1sum .odb [0:20)
1_synth                            0            118 085dc1be94b35478d9e8

STDERR:
make: Warning: File '/mnt/c/Users/kyash/spec2rtl_agent/separate_p7_fullflow_run2/optimized_point_powerfix2/iterations/iter_01/backend_attempts/attempt_spread/config.mk' has modification time 0.17 s in the future
Elapsed time: 0:00.20[h:]min:sec. CPU time: user 0.16 sys 0.01 (84%). Peak memory: 55296KB.
Elapsed time: 0:01.04[h:]min:sec. CPU time: user 0.90 sys 0.06 (91%). Peak memory: 58672KB.
Elapsed time: 0:00.39[h:]min:sec. CPU time: user 0.33 sys 0.03 (91%). Peak memory: 121208KB.
make: warning:  Clock skew detected.  Your build may be incomplete.
