STDOUT:
rm -f ./results/sky130hd/exp_fixed_point/base/3_*place*.odb
rm -f ./results/sky130hd/exp_fixed_point/base/3_place.sdc
rm -f ./results/sky130hd/exp_fixed_point/base/3_*.def ./results/sky130hd/exp_fixed_point/base/3_*.v
rm -f ./reports/sky130hd/exp_fixed_point/base/3_*
rm -f ./logs/sky130hd/exp_fixed_point/base/3_*
/home/kyash/OpenROAD-flow-scripts-master/flow/scripts/flow.sh 2_1_floorplan floorplan
Running floorplan.tcl, stage 2_1_floorplan
read_liberty /home/kyash/OpenROAD-flow-scripts-master/flow/platforms/sky130hd/lib/sky130_fd_sc_hd__tt_025C_1v80.lib
read_db ./results/sky130hd/exp_fixed_point/base/1_synth.odb
read_sdc ./results/sky130hd/exp_fixed_point/base/1_synth.sdc
source /home/kyash/OpenROAD-flow-scripts-master/flow/platforms/sky130hd/setRC.tcl
Master sky130_ef_sc_hd__decap_12 is loaded but not used in the design
Removed 0 unused instances and 0 unused nets.

==========================================================================
Floorplan check_setup
--------------------------------------------------------------------------
number instances in verilog is 515
[WARNING IFP-0028] Core area lower left (40.000, 40.000) snapped to (40.020, 40.800).
[INFO IFP-0001] Added 80 rows of 478 site unithd.
[INFO IFP-0100] Die BBox:  (  0.000  0.000 ) ( 300.000 300.000 ) um
[INFO IFP-0101] Core BBox: ( 40.020 40.800 ) ( 259.900 258.400 ) um
[INFO IFP-0102] Core area:                        47845.888 um^2
[INFO IFP-0103] Total instances area:              3716.064 um^2
[INFO IFP-0104] Effective utilization:                0.078
[INFO IFP-0105] Number of instances:                    515
source /home/kyash/OpenROAD-flow-scripts-master/flow/platforms/sky130hd/make_tracks.tcl
source /home/kyash/OpenROAD-flow-scripts-master/flow/platforms/sky130hd/fastroute.tcl
Repair tie lo fanout...
[INFO RSZ-0042] Inserted 6 tie sky130_fd_sc_hd__conb_1 instances.
Repair tie hi fanout...
repair_timing -setup_margin 0 -hold_margin 0 -repair_tns 100 -match_cell_footprint -setup -skip_last_gasp -sequence unbuffer,sizeup,swap,vt_swap -verbose
[WARNING EST-0027] no estimated parasitics. Using wire load models.
[INFO RSZ-0100] Repair move sequence: UnbufferMove SizeUpMove SwapPinsMove 
[INFO RSZ-0098] No setup violations found
Default units for flow
 time 1ns
 capacitance 1pF
 resistance 1kohm
 voltage 1v
 current 1mA
 power 1nW
 distance 1um
   Layer   | Unit Resistance | Unit Capacitance 
           |       (kohm/um) |          (pF/um)
------------------------------------------------
       li1 |        7.18e-02 |         1.50e-04
      met1 |        8.93e-04 |         1.72e-04
      met2 |        8.93e-04 |         1.36e-04
      met3 |        1.57e-04 |         2.15e-04
      met4 |        1.57e-04 |         1.48e-04
      met5 |        1.78e-05 |         1.54e-04
------------------------------------------------

   Layer   | Via Resistance 
           |         (kohm) 
----------------------------
      mcon |       9.25e-03 
       via |       4.50e-03 
      via2 |       3.37e-03 
      via3 |       3.77e-04 
      via4 |       5.80e-06 
----------------------------
Report metrics stage 2, floorplan final...

==========================================================================
floorplan final report_design_area
--------------------------------------------------------------------------
Design area 3735 um^2 8% utilization.
write_db ./results/sky130hd/exp_fixed_point/base/2_1_floorplan.odb
write_sdc -no_timestamp ./results/sky130hd/exp_fixed_point/base/2_1_floorplan.sdc
Log                        Elapsed/s Peak Memory/MB  sha1sum .odb [0:20)
2_1_floorplan                      0            138 383f2ab579f9c9ef2b78
/home/kyash/OpenROAD-flow-scripts-master/flow/scripts/flow.sh 2_2_floorplan_macro macro_place
Running macro_place.tcl, stage 2_2_floorplan_macro
read_liberty /home/kyash/OpenROAD-flow-scripts-master/flow/platforms/sky130hd/lib/sky130_fd_sc_hd__tt_025C_1v80.lib
read_db ./results/sky130hd/exp_fixed_point/base/2_1_floorplan.odb
read_sdc ./results/sky130hd/exp_fixed_point/base/2_1_floorplan.sdc
source /home/kyash/OpenROAD-flow-scripts-master/flow/platforms/sky130hd/setRC.tcl
No macros found: Skipping macro_placement
Design area 3735 um^2 8% utilization.
write_db ./results/sky130hd/exp_fixed_point/base/2_2_floorplan_macro.odb
Log                        Elapsed/s Peak Memory/MB  sha1sum .odb [0:20)
2_2_floorplan_macro                0            115 383f2ab579f9c9ef2b78
/home/kyash/OpenROAD-flow-scripts-master/flow/scripts/flow.sh 2_3_floorplan_tapcell tapcell
Running tapcell.tcl, stage 2_3_floorplan_tapcell
read_liberty /home/kyash/OpenROAD-flow-scripts-master/flow/platforms/sky130hd/lib/sky130_fd_sc_hd__tt_025C_1v80.lib
read_db ./results/sky130hd/exp_fixed_point/base/2_2_floorplan_macro.odb
read_sdc ./results/sky130hd/exp_fixed_point/base/2_1_floorplan.sdc
source /home/kyash/OpenROAD-flow-scripts-master/flow/platforms/sky130hd/setRC.tcl
[INFO TAP-0005] Inserted 615 tapcells.
Design area 4504 um^2 9% utilization.
write_db ./results/sky130hd/exp_fixed_point/base/2_3_floorplan_tapcell.odb
Log                        Elapsed/s Peak Memory/MB  sha1sum .odb [0:20)
2_3_floorplan_tapcell              0            116 16c5c9f0b330af5f7eff
/home/kyash/OpenROAD-flow-scripts-master/flow/scripts/flow.sh 2_4_floorplan_pdn pdn
Running pdn.tcl, stage 2_4_floorplan_pdn
read_liberty /home/kyash/OpenROAD-flow-scripts-master/flow/platforms/sky130hd/lib/sky130_fd_sc_hd__tt_025C_1v80.lib
read_db ./results/sky130hd/exp_fixed_point/base/2_3_floorplan_tapcell.odb
read_sdc ./results/sky130hd/exp_fixed_point/base/2_1_floorplan.sdc
source /home/kyash/OpenROAD-flow-scripts-master/flow/platforms/sky130hd/setRC.tcl
[INFO PDN-0001] Inserting grid: grid
Design area 4504 um^2 9% utilization.
write_db ./results/sky130hd/exp_fixed_point/base/2_4_floorplan_pdn.odb
Log                        Elapsed/s Peak Memory/MB  sha1sum .odb [0:20)
2_4_floorplan_pdn                  0            120 1464e3b0b122e6ba4159
cp ./results/sky130hd/exp_fixed_point/base/2_4_floorplan_pdn.odb ./results/sky130hd/exp_fixed_point/base/2_floorplan.odb
cp ./results/sky130hd/exp_fixed_point/base/2_1_floorplan.sdc ./results/sky130hd/exp_fixed_point/base/2_floorplan.sdc
/home/kyash/OpenROAD-flow-scripts-master/flow/scripts/flow.sh 3_1_place_gp_skip_io global_place_skip_io
Running global_place_skip_io.tcl, stage 3_1_place_gp_skip_io
read_liberty /home/kyash/OpenROAD-flow-scripts-master/flow/platforms/sky130hd/lib/sky130_fd_sc_hd__tt_025C_1v80.lib
read_db ./results/sky130hd/exp_fixed_point/base/2_floorplan.odb
read_sdc ./results/sky130hd/exp_fixed_point/base/2_floorplan.sdc
source /home/kyash/OpenROAD-flow-scripts-master/flow/platforms/sky130hd/setRC.tcl
global_placement -skip_io -density 0.28 -pad_left 0 -pad_right 0
[INFO GPL-0001] ---- Initialize GPL Main Data Structures
[INFO GPL-0002] DBU: 1000
[INFO GPL-0003] SiteSize: (  0.460  2.720 ) um
[INFO GPL-0004] CoreBBox: ( 40.020 40.800 ) ( 259.900 258.400 ) um
[INFO GPL-0036] Movable instances area:       3734.832 um^2
[INFO GPL-0037] Total instances area:         4504.320 um^2
[INFO GPL-0035] Pin density area adjust:       466.875 um^2
[INFO GPL-0032] ---- Initialize Region: Top-level
[INFO GPL-0006] Number of instances:              1135
[INFO GPL-0007] Movable instances:                 520
[INFO GPL-0008] Fixed instances:                   615
[INFO GPL-0009] Dummy instances:                     0
[INFO GPL-0010] Number of nets:                    542
[INFO GPL-0011] Number of pins:                   1864
[INFO GPL-0012] Die BBox:  (  0.000  0.000 ) ( 300.000 300.000 ) um
[INFO GPL-0013] Core BBox: ( 40.020 40.800 ) ( 259.900 258.400 ) um
[INFO GPL-0016] Core area:                   47845.888 um^2
[INFO GPL-0014] Region name: top-level.
[INFO GPL-0015] Region area:                 47845.888 um^2
[INFO GPL-0017] Fixed instances area:          769.488 um^2
[INFO GPL-0018] Movable instances area:       4201.707 um^2
[INFO GPL-0019] Utilization:                     8.925 %
[INFO GPL-0020] Standard cells area:          4201.707 um^2
[INFO GPL-0021] Large instances area:            0.000 um^2
[INFO GPL-0005] ---- Execute Conjugate Gradient Initial Placement.
[INFO GPL-0051] Source of initial instance position counters:
	Odb location = 6	Core center = 514	Region center = 0
[INFO GPL-0033] ---- Initialize Nesterov Region: Top-level
[INFO GPL-0023] Placement target density:       0.2800
[INFO GPL-0024] Movable insts average area:      8.080 um^2
[INFO GPL-0025] Ideal bin area:                 28.858 um^2
[INFO GPL-0026] Ideal bin count:                  1657
[INFO GPL-0027] Total bin area:              47845.888 um^2
[INFO GPL-0028] Bin count (X, Y):          32 ,     32
[INFO GPL-0029] Bin size (W * H):       6.871 *  6.800 um
[INFO GPL-0030] Number of bins:                   1024
[INFO GPL-0007] ---- Execute Nesterov Global Placement.
[INFO GPL-0031] HPWL: Half-Perimeter Wirelength
Iteration | Overflow |     HPWL (um) |  HPWL(%) |   Penalty | Group
---------------------------------------------------------------
        0 |   0.9752 |  9.632550e+02 |   +0.00% |  1.94e-14 |      
       10 |   0.9736 |  7.251050e+02 |  -24.72% |  3.17e-14 |      
       20 |   0.9691 |  7.242080e+02 |   -0.12% |  5.16e-14 |      
       30 |   0.9684 |  7.242010e+02 |   -0.00% |  8.40e-14 |      
       40 |   0.9684 |  7.245420e+02 |   +0.05% |  1.37e-13 |      
       50 |   0.9684 |  7.250200e+02 |   +0.07% |  2.23e-13 |      
       60 |   0.9685 |  7.276300e+02 |   +0.36% |  3.63e-13 |      
       70 |   0.9686 |  7.345540e+02 |   +0.95% |  5.92e-13 |      
       80 |   0.9688 |  7.457720e+02 |   +1.53% |  9.64e-13 |      
       90 |   0.9687 |  7.628580e+02 |   +2.29% |  1.57e-12 |      
      100 |   0.9685 |  7.891960e+02 |   +3.45% |  2.56e-12 |      
      110 |   0.9676 |  8.273700e+02 |   +4.84% |  4.16e-12 |      
      120 |   0.9644 |  8.808370e+02 |   +6.46% |  6.78e-12 |      
      130 |   0.9588 |  9.747880e+02 |  +10.67% |  1.10e-11 |      
      140 |   0.9548 |  1.129145e+03 |  +15.83% |  1.80e-11 |      
      150 |   0.9463 |  1.268138e+03 |  +12.31% |  2.93e-11 |      
      160 |   0.9393 |  1.452274e+03 |  +14.52% |  4.78e-11 |      
      170 |   0.9059 |  2.202161e+03 |  +51.64% |  7.78e-11 |      
      180 |   0.8831 |  2.819778e+03 |  +28.05% |  1.27e-10 |      
      190 |   0.8519 |  3.464210e+03 |  +22.85% |  2.06e-10 |      
      200 |   0.8230 |  4.318485e+03 |  +24.66% |  3.36e-10 |      
      210 |   0.7910 |  5.054553e+03 |  +17.04% |  5.47e-10 |      
      220 |   0.7542 |  5.884251e+03 |  +16.41% |  8.92e-10 |      
      230 |   0.7146 |  6.696252e+03 |  +13.80% |  1.45e-09 |      
      240 |   0.6760 |  7.533456e+03 |  +12.50% |  2.37e-09 |      
      250 |   0.6318 |  8.380450e+03 |  +11.24% |  3.85e-09 |      
      260 |   0.5882 |  9.247161e+03 |  +10.34% |  6.27e-09 |      
      270 |   0.5414 |  1.006150e+04 |   +8.81% |  1.02e-08 |      
      280 |   0.4938 |  1.089357e+04 |   +8.27% |  1.66e-08 |      
      290 |   0.4396 |  1.170310e+04 |   +7.43% |  2.71e-08 |      
      300 |   0.3732 |  1.238066e+04 |   +5.79% |  4.42e-08 |      
      310 |   0.3069 |  1.305188e+04 |   +5.42% |  6.77e-08 |      
      320 |   0.2591 |  1.358850e+04 |   +4.11% |  9.97e-08 |      
      330 |   0.2188 |  1.398868e+04 |   +2.94% |  1.47e-07 |      
      340 |   0.1843 |  1.429936e+04 |   +2.22% |  2.16e-07 |      
      350 |   0.1538 |  1.457840e+04 |   +1.95% |  3.19e-07 |      
      360 |   0.1342 |  1.479305e+04 |   +1.47% |  4.70e-07 |      
      370 |   0.1135 |  1.495719e+04 |   +1.11% |  6.92e-07 |      
      380 |   0.1006 |  1.506393e+04 |   +0.71% |  1.02e-06 |      
      381 |   0.0978 |  1.505247e+04 |          |  1.10e-06 |      
---------------------------------------------------------------
[INFO GPL-1001] Global placement finished at iteration 381
[INFO GPL-1002] Placed Cell Area             4201.7065
[INFO GPL-1003] Available Free Area         47076.4000
[INFO GPL-1004] Minimum Feasible Density        0.0900 (cell_area / free_area)
[INFO GPL-1006]   Suggested Target Densities:
[INFO GPL-1007]     - For 90% usage of free space: 0.0992
[INFO GPL-1008]     - For 80% usage of free space: 0.1116
[INFO GPL-1009]     - For 50% usage of free space: 0.1785
[INFO GPL-1014] Final placement area: 4201.71 (+0.00%)
Design area 4504 um^2 9% utilization.
write_db ./results/sky130hd/exp_fixed_point/base/3_1_place_gp_skip_io.odb
Log                        Elapsed/s Peak Memory/MB  sha1sum .odb [0:20)
3_1_place_gp_skip_io               1            118 5d108104188163322598
/home/kyash/OpenROAD-flow-scripts-master/flow/scripts/flow.sh 3_2_place_iop io_placement
Running io_placement.tcl, stage 3_2_place_iop
read_liberty /home/kyash/OpenROAD-flow-scripts-master/flow/platforms/sky130hd/lib/sky130_fd_sc_hd__tt_025C_1v80.lib
read_db ./results/sky130hd/exp_fixed_point/base/3_1_place_gp_skip_io.odb
read_sdc ./results/sky130hd/exp_fixed_point/base/2_floorplan.sdc
source /home/kyash/OpenROAD-flow-scripts-master/flow/platforms/sky130hd/setRC.tcl
place_pins -hor_layers met3 -ver_layers met2
Found 0 macro blocks.
Using 2 tracks default min distance between IO pins.
[INFO PPL-0001] Number of available slots 1082
[INFO PPL-0002] Number of I/O             27
[INFO PPL-0003] Number of I/O w/sink      27
[INFO PPL-0004] Number of I/O w/o sink    0
[INFO PPL-0005] Slots per section         200
[INFO PPL-0008] Successfully assigned pins to sections.
[INFO PPL-0012] I/O nets HPWL: 2791.66 um.
Design area 4504 um^2 9% utilization.
write_db ./results/sky130hd/exp_fixed_point/base/3_2_place_iop.odb
Log                        Elapsed/s Peak Memory/MB  sha1sum .odb [0:20)
3_2_place_iop                      0            116 e13ffadf5ebfb3b78274
/home/kyash/OpenROAD-flow-scripts-master/flow/scripts/flow.sh 3_3_place_gp global_place
Running global_place.tcl, stage 3_3_place_gp
read_liberty /home/kyash/OpenROAD-flow-scripts-master/flow/platforms/sky130hd/lib/sky130_fd_sc_hd__tt_025C_1v80.lib
read_db ./results/sky130hd/exp_fixed_point/base/3_2_place_iop.odb
read_sdc ./results/sky130hd/exp_fixed_point/base/2_floorplan.sdc
source /home/kyash/OpenROAD-flow-scripts-master/flow/platforms/sky130hd/setRC.tcl
[INFO RSZ-0026] Removed 64 buffers.
Perform port buffering...
[INFO RSZ-0027] Inserted 10 sky130_fd_sc_hd__clkdlybuf4s50_1 input buffers.
[INFO RSZ-0028] Inserted 10 sky130_fd_sc_hd__clkdlybuf4s50_1 output buffers.
global_placement -density 0.28 -pad_left 0 -pad_right 0 -routability_driven -timing_driven -force_center_initial_place -min_phi_coef 0.95 -max_phi_coef 1.05
[INFO GPL-0001] ---- Initialize GPL Main Data Structures
[INFO GPL-0002] DBU: 1000
[INFO GPL-0003] SiteSize: (  0.460  2.720 ) um
[INFO GPL-0004] CoreBBox: ( 40.020 40.800 ) ( 259.900 258.400 ) um
[INFO GPL-0036] Movable instances area:       3610.963 um^2
[INFO GPL-0037] Total instances area:         4380.451 um^2
[INFO GPL-0035] Pin density area adjust:       484.934 um^2
[INFO GPL-0032] ---- Initialize Region: Top-level
[INFO GPL-0006] Number of instances:              1091
[INFO GPL-0007] Movable instances:                 476
[INFO GPL-0008] Fixed instances:                   615
[INFO GPL-0009] Dummy instances:                     0
[INFO GPL-0010] Number of nets:                    498
[INFO GPL-0011] Number of pins:                   1803
[INFO GPL-0012] Die BBox:  (  0.000  0.000 ) ( 300.000 300.000 ) um
[INFO GPL-0013] Core BBox: ( 40.020 40.800 ) ( 259.900 258.400 ) um
[INFO GPL-0016] Core area:                   47845.888 um^2
[INFO GPL-0014] Region name: top-level.
[INFO GPL-0015] Region area:                 47845.888 um^2
[INFO GPL-0017] Fixed instances area:          769.488 um^2
[INFO GPL-0018] Movable instances area:       4095.897 um^2
[INFO GPL-0019] Utilization:                     8.701 %
[INFO GPL-0020] Standard cells area:          4095.897 um^2
[INFO GPL-0021] Large instances area:            0.000 um^2
[INFO GPL-0005] ---- Execute Conjugate Gradient Initial Placement.
[INFO GPL-0051] Source of initial instance position counters:
	Odb location = 0	Core center = 476	Region center = 0
[InitialPlace]  Iter: 1 conjugate gradient residual: 0.00000058 HPWL: 16606408
[InitialPlace]  Iter: 2 conjugate gradient residual: 0.00000009 HPWL: 7214273
[InitialPlace]  Iter: 3 conjugate gradient residual: 0.00000009 HPWL: 6860705
[InitialPlace]  Iter: 4 conjugate gradient residual: 0.00000010 HPWL: 6594315
[InitialPlace]  Iter: 5 conjugate gradient residual: 0.00000008 HPWL: 6295493
[INFO GPL-0033] ---- Initialize Nesterov Region: Top-level
[INFO GPL-0023] Placement target density:       0.2800
[INFO GPL-0024] Movable insts average area:      8.605 um^2
[INFO GPL-0025] Ideal bin area:                 30.732 um^2
[INFO GPL-0026] Ideal bin count:                  1556
[INFO GPL-0027] Total bin area:              47845.888 um^2
[INFO GPL-0028] Bin count (X, Y):          32 ,     32
[INFO GPL-0029] Bin size (W * H):       6.871 *  6.800 um
[INFO GPL-0030] Number of bins:                   1024
[INFO GPL-0007] ---- Execute Nesterov Global Placement.
[INFO GPL-0031] HPWL: Half-Perimeter Wirelength
Iteration | Overflow |     HPWL (um) |  HPWL(%) |   Penalty | Group
---------------------------------------------------------------
        0 |   0.9247 |  3.425080e+03 |   +0.00% |  5.47e-15 |      
       10 |   0.8540 |  4.668991e+03 |  +36.32% |  8.92e-15 |      
       20 |   0.8297 |  4.599631e+03 |   -1.49% |  1.45e-14 |      
       30 |   0.8225 |  4.686102e+03 |   +1.88% |  2.37e-14 |      
       40 |   0.8088 |  4.748717e+03 |   +1.34% |  3.85e-14 |      
       50 |   0.8015 |  4.807442e+03 |   +1.24% |  6.28e-14 |      
       60 |   0.7983 |  4.852435e+03 |   +0.94% |  1.02e-13 |      
       70 |   0.7873 |  4.885157e+03 |   +0.67% |  1.67e-13 |      
       80 |   0.7846 |  4.895679e+03 |   +0.22% |  2.71e-13 |      
       90 |   0.7839 |  4.897422e+03 |   +0.04% |  4.42e-13 |      
      100 |   0.7842 |  4.896670e+03 |   -0.02% |  7.20e-13 |      
      110 |   0.7850 |  4.887151e+03 |   -0.19% |  1.17e-12 |      
      120 |   0.7866 |  4.871012e+03 |   -0.33% |  1.91e-12 |      
      130 |   0.7897 |  4.859534e+03 |   -0.24% |  3.11e-12 |      
      140 |   0.7906 |  4.866641e+03 |   +0.15% |  5.07e-12 |      
      150 |   0.7890 |  4.903645e+03 |   +0.76% |  8.25e-12 |      
      160 |   0.7878 |  4.974968e+03 |   +1.45% |  1.34e-11 |      
      170 |   0.7860 |  5.074984e+03 |   +2.01% |  2.19e-11 |      
      180 |   0.7793 |  5.178289e+03 |   +2.04% |  3.57e-11 |      
      190 |   0.7722 |  5.237823e+03 |   +1.15% |  5.81e-11 |      
      200 |   0.7643 |  5.261753e+03 |   +0.46% |  9.46e-11 |      
      210 |   0.7552 |  5.491921e+03 |   +4.37% |  1.54e-10 |      
      220 |   0.7316 |  5.912366e+03 |   +7.66% |  2.51e-10 |      
      230 |   0.7184 |  6.097360e+03 |   +3.13% |  4.09e-10 |      
      240 |   0.6919 |  6.492390e+03 |   +6.48% |  6.66e-10 |      
      250 |   0.6690 |  6.940525e+03 |   +6.90% |  1.08e-09 |      
      260 |   0.6359 |  7.281086e+03 |   +4.91% |  1.77e-09 |      
[INFO GPL-0100] Timing-driven iteration 1/2, virtual: false.
[INFO GPL-0101]    Iter: 262, overflow: 0.634, keep resizer changes at: 1, HPWL: 7311687
Iteration |   Area    | Resized | Buffers | Nets repaired | Remaining
---------------------------------------------------------------------
        0 |     +0.0% |       0 |       0 |             0 |       504
    final |     +1.5% |       4 |       3 |             4 |         0
---------------------------------------------------------------------
[INFO RSZ-0034] Found 4 slew violations.
[INFO RSZ-0039] Resized 4 instances.
[INFO RSZ-0038] Inserted 3 buffers in 4 nets.
   Iter   |    Area   | Removed | Inserted |   Pins
          |           | Buffers | Buffers  | Remaining
-------------------------------------------------------
        0 |     +0.0% |       0 |        0 |       481
       48 |     +0.0% |       0 |        0 |       433
       96 |     +0.0% |       0 |        0 |       385
      144 |     +0.0% |       0 |        0 |       337
      192 |     +0.2% |       0 |        1 |       289
      240 |     +1.2% |       0 |        7 |       241
      288 |     +3.9% |       0 |       23 |       193
      336 |     +3.9% |       0 |       23 |       145
      384 |     +4.1% |       0 |       24 |        97
      432 |     +4.9% |       0 |       29 |        49
      480 |     +5.5% |       3 |       39 |         1
    final |     +5.5% |       3 |       39 |         0
-------------------------------------------------------
[INFO GPL-0106] Timing-driven: worst slack 7.4119466e-10
[INFO GPL-0107] Timing-driven: repair_design delta area: 318.105 um^2 (+7.77%)
[INFO GPL-0108] Timing-driven: repair_design, gpl delta gcells: 39 (+8.19%)
[INFO GPL-0109] Timing-driven: repair_design, gcells created: 42, deleted: 3
[INFO GPL-0110] Timing-driven: new target density: 0.2867572
Iteration | Overflow |     HPWL (um) |  HPWL(%) |   Penalty | Group
---------------------------------------------------------------
      270 |   0.6011 |  8.687079e+03 |  +19.31% |  2.88e-09 |      
[INFO GPL-0038] Routability snapshot saved at iter = 272
      271 |   0.5999 |  8.719046e+03 |          |           |      
      280 |   0.5698 |  9.014768e+03 |   +3.77% |  4.69e-09 |      
      290 |   0.5222 |  9.514612e+03 |   +5.54% |  7.64e-09 |      
      300 |   0.4709 |  1.004375e+04 |   +5.56% |  1.24e-08 |      
      310 |   0.4293 |  1.067077e+04 |   +6.24% |  2.03e-08 |      
      320 |   0.3756 |  1.124943e+04 |   +5.42% |  3.30e-08 |      
      330 |   0.3192 |  1.184633e+04 |   +5.31% |  5.16e-08 |      
[INFO GPL-0040] Routability iteration: 1
[INFO GPL-0041] Total routing overflow: 0.0000
[INFO GPL-0042] Number of overflowed tiles: 0 (0.00%)
[INFO GPL-0043] Average top 0.5% routing congestion: 0.8952
[INFO GPL-0044] Average top 1.0% routing congestion: 0.8744
[INFO GPL-0045] Average top 2.0% routing congestion: 0.8354
[INFO GPL-0046] Average top 5.0% routing congestion: 0.7527
[INFO GPL-0047] Routability iteration weighted routing congestion: 0.8848
[INFO GPL-0050] Weighted routing congestion is lower than target routing congestion(1.0100), end routability optimization.
[INFO GPL-0090] Routability finished. Target routing congestion achieved succesfully.
Iteration | Overflow |     HPWL (um) |  HPWL(%) |   Penalty | Group
---------------------------------------------------------------
      340 |   0.2802 |  1.224799e+04 |   +3.39% |  7.61e-08 |      
      350 |   0.2396 |  1.261044e+04 |   +2.96% |  1.12e-07 |      
      360 |   0.2044 |  1.286818e+04 |   +2.04% |  1.65e-07 |      
[INFO GPL-0100] Timing-driven iteration 2/2, virtual: false.
[INFO GPL-0101]    Iter: 365, overflow: 0.193, keep resizer changes at: 1, HPWL: 12967818
Iteration |   Area    | Resized | Buffers | Nets repaired | Remaining
---------------------------------------------------------------------
        0 |     +0.0% |       0 |       0 |             0 |       543
    final |     +0.0% |       0 |       0 |             0 |         0
---------------------------------------------------------------------
   Iter   |    Area   | Removed | Inserted |   Pins
          |           | Buffers | Buffers  | Remaining
-------------------------------------------------------
        0 |     +0.0% |       0 |        0 |       481
       48 |     +0.0% |       0 |        0 |       433
       96 |     +0.2% |       0 |        1 |       385
      144 |     +0.2% |       0 |        1 |       337
      192 |     +0.0% |       1 |        1 |       289
      240 |     -1.0% |       7 |        1 |       241
      288 |     -2.7% |      23 |        6 |       193
      336 |     -2.7% |      23 |        6 |       145
      384 |     -2.9% |      24 |        6 |        97
      432 |     -2.4% |      29 |       14 |        49
      480 |     -1.5% |      39 |       31 |         1
    final |     -1.5% |      39 |       31 |         0
-------------------------------------------------------
[INFO GPL-0106] Timing-driven: worst slack 4.8100635e-10
[INFO GPL-0107] Timing-driven: repair_design delta area: -72.570 um^2 (-1.64%)
[INFO GPL-0108] Timing-driven: repair_design, gpl delta gcells: -8 (-1.55%)
[INFO GPL-0109] Timing-driven: repair_design, gcells created: 31, deleted: 39
[INFO GPL-0110] Timing-driven: new target density: 0.28521568
Iteration | Overflow |     HPWL (um) |  HPWL(%) |   Penalty | Group
---------------------------------------------------------------
      370 |   0.2008 |  1.365002e+04 |   +6.08% |  2.43e-07 |      
      380 |   0.1513 |  1.372923e+04 |   +0.58% |  3.58e-07 |      
      390 |   0.1345 |  1.374057e+04 |   +0.08% |  5.28e-07 |      
      400 |   0.1087 |  1.378911e+04 |   +0.35% |  7.77e-07 |      
      405 |   0.0993 |  1.383797e+04 |          |  9.80e-07 |      
---------------------------------------------------------------
[INFO GPL-1001] Global placement finished at iteration 405
[INFO GPL-1003] Routability mode iteration count: 63
[INFO GPL-1005] Routability final weighted congestion: 0.8448
[INFO GPL-1002] Placed Cell Area             4341.4323
[INFO GPL-1003] Available Free Area         47076.4000
[INFO GPL-1004] Minimum Feasible Density        0.0900 (cell_area / free_area)
[INFO GPL-1006]   Suggested Target Densities:
[INFO GPL-1007]     - For 90% usage of free space: 0.1025
[INFO GPL-1008]     - For 80% usage of free space: 0.1153
[INFO GPL-1009]     - For 50% usage of free space: 0.1844
[INFO GPL-1011] Original area (um^2): 4095.90
[INFO GPL-1012] Total routability artificial inflation: 0.00 (+0.00%)
[INFO GPL-1013] Total timing-driven delta area: 245.54 (+5.99%)
[INFO GPL-1014] Final placement area: 4341.43 (+5.99%)
estimate_parasitics -placement
Report metrics stage 3, global place...

==========================================================================
global place report_design_area
--------------------------------------------------------------------------
Design area 4618 um^2 10% utilization.
write_db ./results/sky130hd/exp_fixed_point/base/3_3_place_gp.odb
Log                        Elapsed/s Peak Memory/MB  sha1sum .odb [0:20)
3_3_place_gp                       2            228 08bf4bf25b7afa471a05
/home/kyash/OpenROAD-flow-scripts-master/flow/scripts/flow.sh 3_4_place_resized resize
Running resize.tcl, stage 3_4_place_resized
read_liberty /home/kyash/OpenROAD-flow-scripts-master/flow/platforms/sky130hd/lib/sky130_fd_sc_hd__tt_025C_1v80.lib
read_db ./results/sky130hd/exp_fixed_point/base/3_3_place_gp.odb
read_sdc ./results/sky130hd/exp_fixed_point/base/2_floorplan.sdc
source /home/kyash/OpenROAD-flow-scripts-master/flow/platforms/sky130hd/setRC.tcl
estimate_parasitics -placement
Perform buffer insertion and gate resizing...
repair_design -verbose -match_cell_footprint
Iteration |   Area    | Resized | Buffers | Nets repaired | Remaining
---------------------------------------------------------------------
        0 |     +0.0% |       0 |       0 |             0 |       535
       10 |     +0.0% |       0 |       0 |             0 |       525
       20 |     +0.0% |       0 |       0 |             0 |       515
       30 |     +0.0% |       0 |       0 |             0 |       505
       40 |     +0.0% |       0 |       0 |             0 |       495
       50 |     +0.0% |       0 |       0 |             0 |       485
       60 |     +0.0% |       0 |       0 |             0 |       475
       70 |     +0.0% |       0 |       0 |             0 |       465
       80 |     +0.0% |       0 |       0 |             0 |       455
       90 |     +0.0% |       0 |       0 |             0 |       445
      100 |     +0.0% |       0 |       0 |             0 |       435
      110 |     +0.0% |       0 |       0 |             0 |       425
      120 |     +0.0% |       0 |       0 |             0 |       415
      130 |     +0.0% |       0 |       0 |             0 |       405
      140 |     +0.0% |       0 |       0 |             0 |       395
      150 |     +0.0% |       0 |       0 |             0 |       385
      160 |     +0.0% |       0 |       0 |             0 |       375
      170 |     +0.0% |       0 |       0 |             0 |       365
      180 |     +0.0% |       0 |       0 |             0 |       355
      190 |     +0.0% |       0 |       0 |             0 |       345
      200 |     +0.0% |       0 |       0 |             0 |       335
      210 |     +0.0% |       0 |       0 |             0 |       325
      220 |     +0.0% |       0 |       0 |             0 |       315
      230 |     +0.0% |       0 |       0 |             0 |       305
      240 |     +0.0% |       0 |       0 |             0 |       295
      250 |     +0.0% |       0 |       0 |             0 |       285
      260 |     +0.0% |       0 |       0 |             0 |       275
      270 |     +0.0% |       0 |       0 |             0 |       265
      280 |     +0.0% |       0 |       0 |             0 |       255
      290 |     +0.0% |       0 |       0 |             0 |       245
      300 |     +0.0% |       0 |       0 |             0 |       235
      310 |     +0.0% |       0 |       0 |             0 |       225
      320 |     +0.0% |       0 |       0 |             0 |       215
      330 |     +0.0% |       0 |       0 |             0 |       205
      340 |     +0.0% |       0 |       0 |             0 |       195
      350 |     +0.0% |       0 |       0 |             0 |       185
      360 |     +0.0% |       0 |       0 |             0 |       175
      370 |     +0.0% |       0 |       0 |             0 |       165
      380 |     +0.0% |       0 |       0 |             0 |       155
      390 |     +0.0% |       0 |       0 |             0 |       145
      400 |     +0.0% |       0 |       0 |             0 |       135
      410 |     +0.0% |       0 |       0 |             0 |       125
      420 |     +0.0% |       0 |       0 |             0 |       115
      430 |     +0.0% |       0 |       0 |             0 |       105
      440 |     +0.0% |       0 |       0 |             0 |        95
      450 |     +0.0% |       0 |       0 |             0 |        85
      460 |     +0.0% |       0 |       0 |             0 |        75
      470 |     +0.0% |       0 |       0 |             0 |        65
      480 |     +0.0% |       0 |       0 |             0 |        55
      490 |     +0.0% |       0 |       0 |             0 |        45
      500 |     +0.0% |       0 |       0 |             0 |        35
      510 |     +0.0% |       0 |       0 |             0 |        25
      520 |     +0.0% |       0 |       0 |             0 |        15
      530 |     +0.0% |       0 |       0 |             0 |         5
    final |     +0.0% |       0 |       0 |             0 |         0
---------------------------------------------------------------------
Floating nets: 
Report metrics stage 3, resizer...

==========================================================================
resizer report_design_area
--------------------------------------------------------------------------
Design area 4618 um^2 10% utilization.
Instance count before 1122, after 1122
Pin count before 1844, after 1844
write_db ./results/sky130hd/exp_fixed_point/base/3_4_place_resized.odb
Log                        Elapsed/s Peak Memory/MB  sha1sum .odb [0:20)
3_4_place_resized                  0            137 08bf4bf25b7afa471a05
/home/kyash/OpenROAD-flow-scripts-master/flow/scripts/flow.sh 3_5_place_dp detail_place
Running detail_place.tcl, stage 3_5_place_dp
read_liberty /home/kyash/OpenROAD-flow-scripts-master/flow/platforms/sky130hd/lib/sky130_fd_sc_hd__tt_025C_1v80.lib
read_db ./results/sky130hd/exp_fixed_point/base/3_4_place_resized.odb
read_sdc ./results/sky130hd/exp_fixed_point/base/2_floorplan.sdc
source /home/kyash/OpenROAD-flow-scripts-master/flow/platforms/sky130hd/setRC.tcl
[INFO DPL-0005] Max displacement: +/- 500 sites horizontally, +/- 100 rows vertically.
Movements Summary
---------------------------------------
Total cells:                     507
Diamond Move Success:            507 (100.00%)
Diamond Move Failure:              0
Rip-up and replace Success:        0 (  0.00% of diamond failures)
Rip-up and replace Failure:        0
Total Placement Failures:          0
---------------------------------------
Placement Analysis
---------------------------------
total displacement        664.4 u
average displacement        0.6 u
max displacement            4.2 u
original HPWL           13855.6 u
legalized HPWL          14209.7 u
delta HPWL                    3 %

Detailed placement improvement.
[INFO DPL-0401] Setting random seed to 1.
[INFO DPL-0402] Setting maximum displacement 5 1 to 13600 2720 units.
[INFO DPL-0320] Collected 642 fixed cells.
[INFO DPL-0318] Collected 507 single height cells.
[INFO DPL-0321] Collected 0 wide cells.
[INFO DPL-0322] Image (40020, 40800) - (259900, 258400)
[INFO DPL-0310] Assigned 507 cells into segments.  Movement in X-direction is 0.000000, movement in Y-direction is 0.000000.
[INFO DPL-0313] Found 0 cells in wrong regions.
[INFO DPL-0315] Found 0 row alignment problems.
[INFO DPL-0314] Found 0 site alignment problems.
[INFO DPL-0311] Found 0 overlaps between adjacent cells.
[INFO DPL-0312] Found 0 edge spacing violations and 0 padding violations.
[INFO DPL-0303] Running algorithm for independent set matching.
[INFO DPL-0300] Set matching objective is wirelength.
[INFO DPL-0301] Pass   1 of matching; objective is 1.421647e+07.
[INFO DPL-0302] End of matching; objective is 1.421647e+07, improvement is 0.00 percent.
[INFO DPL-0303] Running algorithm for global swaps.
[INFO DPL-0306] Pass   1 of global swaps; hpwl is 1.382530e+07.
[INFO DPL-0306] Pass   2 of global swaps; hpwl is 1.370137e+07.
[INFO DPL-0307] End of global swaps; objective is 1.370137e+07, improvement is 3.62 percent.
[INFO DPL-0303] Running algorithm for vertical swaps.
[INFO DPL-0308] Pass   1 of vertical swaps; hpwl is 1.360747e+07.
[INFO DPL-0309] End of vertical swaps; objective is 1.360747e+07, improvement is 0.69 percent.
[INFO DPL-0303] Running algorithm for reordering.
[INFO DPL-0304] Pass   1 of reordering; objective is 1.360409e+07.
[INFO DPL-0305] End of reordering; objective is 1.360409e+07, improvement is 0.02 percent.
[INFO DPL-0303] Running algorithm for random improvement.
[INFO DPL-0324] Random improver is using random generator.
[INFO DPL-0325] Random improver is using hpwl objective.
[INFO DPL-0326] Random improver cost string is (a).
[INFO DPL-0332] End of pass, Generator random called 10140 times.
[INFO DPL-0335] Generator random, Cumulative attempts 10140, swaps 618, moves  4497 since last reset.
[INFO DPL-0333] End of pass, Objective hpwl, Initial cost 1.360409e+07, Scratch cost 1.325692e+07, Incremental cost 1.325692e+07, Mismatch? N
[INFO DPL-0338] End of pass, Total cost is 1.325692e+07.
[INFO DPL-0327] Pass   1 of random improver; improvement in cost is 2.55 percent.
[INFO DPL-0332] End of pass, Generator random called 10140 times.
[INFO DPL-0335] Generator random, Cumulative attempts 20280, swaps 1186, moves  9019 since last reset.
[INFO DPL-0333] End of pass, Objective hpwl, Initial cost 1.325692e+07, Scratch cost 1.308932e+07, Incremental cost 1.308932e+07, Mismatch? N
[INFO DPL-0338] End of pass, Total cost is 1.308932e+07.
[INFO DPL-0327] Pass   2 of random improver; improvement in cost is 1.26 percent.
[INFO DPL-0332] End of pass, Generator random called 10140 times.
[INFO DPL-0335] Generator random, Cumulative attempts 30420, swaps 1699, moves 13492 since last reset.
[INFO DPL-0333] End of pass, Objective hpwl, Initial cost 1.308932e+07, Scratch cost 1.297416e+07, Incremental cost 1.297416e+07, Mismatch? N
[INFO DPL-0338] End of pass, Total cost is 1.297416e+07.
[INFO DPL-0327] Pass   3 of random improver; improvement in cost is 0.88 percent.
[INFO DPL-0328] End of random improver; improvement is 4.630453 percent.
[INFO DPL-0380] Cell flipping.
[INFO DPL-0382] Changed 0 cell orientations for row compatibility.
[INFO DPL-0383] Performed 123 cell flips.
[INFO DPL-0384] End of flipping; objective is 1.278889e+07, improvement is 1.43 percent.
[INFO DPL-0313] Found 0 cells in wrong regions.
[INFO DPL-0315] Found 0 row alignment problems.
[INFO DPL-0314] Found 0 site alignment problems.
[INFO DPL-0311] Found 0 overlaps between adjacent cells.
[INFO DPL-0312] Found 0 edge spacing violations and 0 padding violations.
Detailed Improvement Results
------------------------------------------
Original HPWL            14209.7 u (    6800.4,     7409.3)
Final HPWL               12795.0 u (    5805.2,     6989.9)
Delta HPWL                 -10.0 % (     -14.6,       -5.7)

[INFO DPL-0020] Mirrored 44 instances
[INFO DPL-0021] HPWL before           12795.0 u
[INFO DPL-0022] HPWL after            12784.5 u
[INFO DPL-0023] HPWL delta               -0.1 %
[INFO FLW-0012] Placement violations .
estimate_parasitics -placement
Report metrics stage 3, detailed place...

==========================================================================
detailed place report_design_area
--------------------------------------------------------------------------
Design area 4618 um^2 10% utilization.
write_db ./results/sky130hd/exp_fixed_point/base/3_5_place_dp.odb
Log                        Elapsed/s Peak Memory/MB  sha1sum .odb [0:20)
3_5_place_dp                       0            123 f3ba5d4bac31541bae28
cp ./results/sky130hd/exp_fixed_point/base/3_5_place_dp.odb ./results/sky130hd/exp_fixed_point/base/3_place.odb
cp ./results/sky130hd/exp_fixed_point/base/2_floorplan.sdc ./results/sky130hd/exp_fixed_point/base/3_place.sdc
/home/kyash/OpenROAD-flow-scripts-master/flow/scripts/flow.sh 4_1_cts cts
Running cts.tcl, stage 4_1_cts
read_liberty /home/kyash/OpenROAD-flow-scripts-master/flow/platforms/sky130hd/lib/sky130_fd_sc_hd__tt_025C_1v80.lib
read_db ./results/sky130hd/exp_fixed_point/base/3_place.odb
read_sdc ./results/sky130hd/exp_fixed_point/base/3_place.sdc
source /home/kyash/OpenROAD-flow-scripts-master/flow/platforms/sky130hd/setRC.tcl
clock_tree_synthesis -sink_clustering_enable -repair_clock_nets
[INFO CTS-0050] Root buffer is sky130_fd_sc_hd__clkbuf_16.
[INFO CTS-0051] Sink buffer is sky130_fd_sc_hd__clkbuf_16.
[INFO CTS-0052] The following clock buffers will be used for CTS:
                    sky130_fd_sc_hd__clkbuf_16
[INFO CTS-0049] Characterization buffer is sky130_fd_sc_hd__clkbuf_16.
[INFO CTS-0007] Net "clk" found for clock "clk".
[INFO CTS-0010]  Clock net "clk" has 37 sinks.
[INFO CTS-0008] TritonCTS found 1 clock nets.
[INFO CTS-0097] Characterization used 1 buffer(s) types.
[INFO CTS-0201] 0 blockages from hard placement blockages and placed macros will be used.
[INFO CTS-0027] Generating H-Tree topology for net clk.
[INFO CTS-0028]  Total number of sinks: 37.
[INFO CTS-0090]  Sinks will be clustered based on buffer max cap.
[INFO CTS-0030]  Number of static layers: 0.
[INFO CTS-0020]  Wire segment unit: 13600  dbu (13 um).
[INFO CTS-0023]  Original sink region: [(118485, 153740), (251885, 251660)].
[INFO CTS-0024]  Normalized sink region: [(8.71213, 11.3044), (18.521, 18.5044)].
[INFO CTS-0025]     Width:  9.8088.
[INFO CTS-0026]     Height: 7.2000.
 Level 1
    Direction: Horizontal
    Sinks per sub-region: 19
    Sub-region size: 4.9044 X 7.2000
[INFO CTS-0034]     Segment length (rounded): 2.
 Level 2
    Direction: Vertical
    Sinks per sub-region: 10
    Sub-region size: 4.9044 X 3.6000
[INFO CTS-0034]     Segment length (rounded): 2.
[INFO CTS-0032]  Stop criterion found. Max number of sinks is 15.
[INFO CTS-0035]  Number of sinks covered: 37.
[INFO CTS-0018]     Created 5 clock buffers.
[INFO CTS-0012]     Minimum number of buffers in the clock path: 2.
[INFO CTS-0013]     Maximum number of buffers in the clock path: 2.
[INFO CTS-0015]     Created 5 clock nets.
[INFO CTS-0016]     Fanout distribution for the current clock = 6:1, 8:1, 10:1, 13:1..
[INFO CTS-0017]     Max level of the clock tree: 2.
[INFO CTS-0098] Clock net "clk"
[INFO CTS-0099]  Sinks 40
[INFO CTS-0100]  Leaf buffers 0
[INFO CTS-0101]  Average sink wire length 192.58 um
[INFO CTS-0102]  Path depth 2 - 2
[INFO CTS-0207]  Dummy loads inserted 3
estimate_parasitics -placement
[INFO DPL-0005] Max displacement: +/- 500 sites horizontally, +/- 100 rows vertically.
Movements Summary
---------------------------------------
Total cells:                     515
Diamond Move Success:            515 (100.00%)
Diamond Move Failure:              0
Rip-up and replace Success:        0 (  0.00% of diamond failures)
Rip-up and replace Failure:        0
Total Placement Failures:          0
---------------------------------------
Placement Analysis
---------------------------------
total displacement         39.9 u
average displacement        0.0 u
max displacement            4.1 u
original HPWL           13142.8 u
legalized HPWL          13375.5 u
delta HPWL                    2 %

estimate_parasitics -placement
repair_timing -setup_margin 0 -hold_margin 0 -repair_tns 100 -match_cell_footprint -verbose
[INFO RSZ-0100] Repair move sequence: UnbufferMove SizeUpMove SwapPinsMove BufferMove CloneMove SplitLoadMove 
[INFO RSZ-0098] No setup violations found
[INFO RSZ-0033] No hold violations found.
[INFO DPL-0005] Max displacement: +/- 500 sites horizontally, +/- 100 rows vertically.
Movements Summary
---------------------------------------
Total cells:                     515
Diamond Move Success:            515 (100.00%)
Diamond Move Failure:              0
Rip-up and replace Success:        0 (  0.00% of diamond failures)
Rip-up and replace Failure:        0
Total Placement Failures:          0
---------------------------------------
Placement Analysis
---------------------------------
total displacement          0.0 u
average displacement        0.0 u
max displacement            0.0 u
original HPWL           13375.5 u
legalized HPWL          13375.5 u
delta HPWL                    0 %

Report metrics stage 4, cts final...

==========================================================================
cts final report_design_area
--------------------------------------------------------------------------
Design area 4765 um^2 10% utilization.
write_db ./results/sky130hd/exp_fixed_point/base/4_1_cts.odb
write_sdc -no_timestamp ./results/sky130hd/exp_fixed_point/base/4_cts.sdc
Log                        Elapsed/s Peak Memory/MB  sha1sum .odb [0:20)
4_1_cts                            1            148 73e6e7460eea7b9964a6
cp ./results/sky130hd/exp_fixed_point/base/4_1_cts.odb ./results/sky130hd/exp_fixed_point/base/4_cts.odb
/home/kyash/OpenROAD-flow-scripts-master/flow/scripts/flow.sh 5_1_grt global_route
Running global_route.tcl, stage 5_1_grt
read_liberty /home/kyash/OpenROAD-flow-scripts-master/flow/platforms/sky130hd/lib/sky130_fd_sc_hd__tt_025C_1v80.lib
read_db ./results/sky130hd/exp_fixed_point/base/4_cts.odb
read_sdc ./results/sky130hd/exp_fixed_point/base/4_cts.sdc
source /home/kyash/OpenROAD-flow-scripts-master/flow/platforms/sky130hd/setRC.tcl
pin_access
[INFO DRT-0149] Reading tech and libs.
[WARNING DRT-0349] LEF58_ENCLOSURE with no CUTCLASS is not supported. Skipping for layer mcon
[WARNING DRT-0349] LEF58_ENCLOSURE with no CUTCLASS is not supported. Skipping for layer mcon
[WARNING DRT-0349] LEF58_ENCLOSURE with no CUTCLASS is not supported. Skipping for layer via
[WARNING DRT-0349] LEF58_ENCLOSURE with no CUTCLASS is not supported. Skipping for layer via
[WARNING DRT-0349] LEF58_ENCLOSURE with no CUTCLASS is not supported. Skipping for layer via2
[WARNING DRT-0349] LEF58_ENCLOSURE with no CUTCLASS is not supported. Skipping for layer via2
[WARNING DRT-0349] LEF58_ENCLOSURE with no CUTCLASS is not supported. Skipping for layer via3
[WARNING DRT-0349] LEF58_ENCLOSURE with no CUTCLASS is not supported. Skipping for layer via3
[WARNING DRT-0349] LEF58_ENCLOSURE with no CUTCLASS is not supported. Skipping for layer via4
[WARNING DRT-0349] LEF58_ENCLOSURE with no CUTCLASS is not supported. Skipping for layer via4

Units:                1000
Number of layers:     13
Number of macros:     441
Number of vias:       29
Number of viarulegen: 25

[INFO DRT-0150] Reading design.

Design:                   exp_fixed_point
Die area:                 ( 0 0 ) ( 300000 300000 )
Number of track patterns: 12
Number of DEF vias:       0
Number of components:     1130
Number of terminals:      29
Number of snets:          2
Number of nets:           534

[INFO DRT-0167] List of default vias:
  Layer via
    default via: M1M2_PR
  Layer via2
    default via: M2M3_PR
  Layer via3
    default via: M3M4_PR
  Layer via4
    default via: M4M5_PR
[INFO DRT-0162] Library cell analysis.
[INFO DRT-0163] Instance analysis.
[INFO DRT-0164] Number of unique instances = 111.
[INFO DRT-0168] Init region query.
[INFO DRT-0024]   Complete FR_MASTERSLICE.
[INFO DRT-0024]   Complete Fr_VIA.
[INFO DRT-0024]   Complete li1.
[INFO DRT-0024]   Complete mcon.
[INFO DRT-0024]   Complete met1.
[INFO DRT-0024]   Complete via.
[INFO DRT-0024]   Complete met2.
[INFO DRT-0024]   Complete via2.
[INFO DRT-0024]   Complete met3.
[INFO DRT-0024]   Complete via3.
[INFO DRT-0024]   Complete met4.
[INFO DRT-0024]   Complete via4.
[INFO DRT-0024]   Complete met5.
[INFO DRT-0033] FR_MASTERSLICE shape region query size = 0.
[INFO DRT-0033] FR_VIA shape region query size = 0.
[INFO DRT-0033] li1 shape region query size = 14766.
[INFO DRT-0033] mcon shape region query size = 7874.
[INFO DRT-0033] met1 shape region query size = 3349.
[INFO DRT-0033] via shape region query size = 3240.
[INFO DRT-0033] met2 shape region query size = 1964.
[INFO DRT-0033] via2 shape region query size = 2592.
[INFO DRT-0033] met3 shape region query size = 1951.
[INFO DRT-0033] via3 shape region query size = 2592.
[INFO DRT-0033] met4 shape region query size = 792.
[INFO DRT-0033] via4 shape region query size = 128.
[INFO DRT-0033] met5 shape region query size = 160.
[INFO DRT-0165] Start pin access.
[INFO DRT-0078]   Complete 899 pins.
[INFO DRT-0079]   Complete 100 unique inst patterns.
[INFO DRT-0081]   Complete 111 unique inst patterns.
[INFO DRT-0084]   Complete 387 groups.
#scanned instances     = 1130
#unique  instances     = 111
#stdCellGenAp          = 3631
#stdCellValidPlanarAp  = 28
#stdCellValidViaAp     = 2829
#stdCellPinNoAp        = 0
#stdCellPinCnt         = 1851
#instTermValidViaApCnt = 0
#macroGenAp            = 0
#macroValidPlanarAp    = 0
#macroValidViaAp       = 0
#macroNoAp             = 0
[INFO DRT-0166] Complete pin access.
[INFO DRT-0267] cpu time = 00:00:54, elapsed time = 00:00:05, memory = 130.87 (MB), peak = 130.87 (MB)
Took 5 seconds: pin_access
global_route -congestion_report_file ./reports/sky130hd/exp_fixed_point/base/congestion.rpt -congestion_iterations 30 -congestion_report_iter_step 5 -verbose
[INFO GRT-0020] Min routing layer: met1
[INFO GRT-0021] Max routing layer: met5
[INFO GRT-0022] Global adjustment: 0%
[INFO GRT-0023] Grid origin: (0, 0)
[INFO GRT-0088] Layer li1     Track-Pitch = 0.4600  line-2-Via Pitch: 0.3400
[INFO GRT-0088] Layer met1    Track-Pitch = 0.3400  line-2-Via Pitch: 0.3400
[INFO GRT-0088] Layer met2    Track-Pitch = 0.4600  line-2-Via Pitch: 0.3500
[INFO GRT-0088] Layer met3    Track-Pitch = 0.6800  line-2-Via Pitch: 0.6150
[INFO GRT-0088] Layer met4    Track-Pitch = 0.9200  line-2-Via Pitch: 1.0400
[INFO GRT-0088] Layer met5    Track-Pitch = 3.4000  line-2-Via Pitch: 3.1100
[INFO GRT-0003] Macros: 0
[INFO GRT-0004] Blockages: 578
[INFO GRT-0019] Found 6 clock nets.
[INFO GRT-0001] Minimum degree: 2
[INFO GRT-0002] Maximum degree: 37

[INFO GRT-0053] Routing resources analysis:
          Routing      Original      Derated      Resource
Layer     Direction    Resources     Resources    Reduction (%)
---------------------------------------------------------------
li1        Vertical            0             0          0.00%
met1       Horizontal      31538         24645          21.86%
met2       Vertical        25304         19802          21.74%
met3       Horizontal      17842         14016          21.44%
met4       Vertical        12652          8998          28.88%
met5       Horizontal       3176          1857          41.53%
---------------------------------------------------------------

[INFO GRT-0197] Via related to pin nodes: 3073
[INFO GRT-0198] Via related Steiner nodes: 77
[INFO GRT-0199] Via filling finished.
[INFO GRT-0111] Final number of vias: 3862
[INFO GRT-0112] Final usage 3D: 14013

[INFO GRT-0096] Final congestion report:
Layer         Resource        Demand        Usage (%)    Max H / Max V / Total Overflow
---------------------------------------------------------------------------------------
li1                  0             0            0.00%             0 /  0 /  0
met1             24645          1166            4.73%             0 /  0 /  0
met2             19802          1155            5.83%             0 /  0 /  0
met3             14016            53            0.38%             0 /  0 /  0
met4              8998            53            0.59%             0 /  0 /  0
met5              1857             0            0.00%             0 /  0 /  0
---------------------------------------------------------------------------------------
Total            69318          2427            3.50%             0 /  0 /  0

[INFO GRT-0018] Total wirelength: 26226 um
[INFO GRT-0014] Routed nets: 525
[INFO GRT-0303] Global routing runtime = 00:00:00
estimate_parasitics -global_routing
Perform buffer insertion and gate resizing...
repair_design -verbose
Iteration |   Area    | Resized | Buffers | Nets repaired | Remaining
---------------------------------------------------------------------
        0 |     +0.0% |       0 |       0 |             0 |       543
       10 |     +0.0% |       0 |       0 |             0 |       533
       20 |     +0.0% |       0 |       0 |             0 |       523
       30 |     +0.0% |       0 |       0 |             0 |       513
       40 |     +0.0% |       0 |       0 |             0 |       503
       50 |     +0.0% |       0 |       0 |             0 |       493
       60 |     +0.0% |       0 |       0 |             0 |       483
       70 |     +0.0% |       0 |       0 |             0 |       473
       80 |     +0.0% |       0 |       0 |             0 |       463
       90 |     +0.0% |       0 |       0 |             0 |       453
      100 |     +0.0% |       0 |       0 |             0 |       443
      110 |     +0.0% |       0 |       0 |             0 |       433
      120 |     +0.0% |       0 |       0 |             0 |       423
      130 |     +0.0% |       0 |       0 |             0 |       413
      140 |     +0.0% |       0 |       0 |             0 |       403
      150 |     +0.0% |       0 |       0 |             0 |       393
      160 |     +0.0% |       0 |       0 |             0 |       383
      170 |     +0.0% |       0 |       0 |             0 |       373
      180 |     +0.0% |       0 |       0 |             0 |       363
      190 |     +0.0% |       0 |       0 |             0 |       353
      200 |     +0.0% |       0 |       0 |             0 |       343
      210 |     +0.0% |       0 |       0 |             0 |       333
      220 |     +0.0% |       0 |       0 |             0 |       323
      230 |     +0.0% |       0 |       0 |             0 |       313
      240 |     +0.0% |       0 |       0 |             0 |       303
      250 |     +0.0% |       0 |       0 |             0 |       293
      260 |     +0.0% |       0 |       0 |             0 |       283
[WARNING RSZ-0104] Net _479_ only has one pin. Check if it is intended to be dangling.
[WARNING RSZ-0104] Net _478_ only has one pin. Check if it is intended to be dangling.
      270 |     +0.0% |       0 |       0 |             0 |       273
[WARNING RSZ-0104] Net _477_ only has one pin. Check if it is intended to be dangling.
[WARNING RSZ-0104] Net _476_ only has one pin. Check if it is intended to be dangling.
[WARNING RSZ-0104] Net _475_ only has one pin. Check if it is intended to be dangling.
[WARNING RSZ-0104] Net _473_ only has one pin. Check if it is intended to be dangling.
      280 |     +0.0% |       0 |       0 |             0 |       263
      290 |     +0.0% |       0 |       0 |             0 |       253
      300 |     +0.0% |       0 |       0 |             0 |       243
      310 |     +0.0% |       0 |       0 |             0 |       233
      320 |     +0.0% |       0 |       0 |             0 |       223
      330 |     +0.0% |       0 |       0 |             0 |       213
      340 |     +0.0% |       0 |       0 |             0 |       203
[WARNING RSZ-0104] Net _481_ only has one pin. Check if it is intended to be dangling.
[WARNING RSZ-0104] Net _480_ only has one pin. Check if it is intended to be dangling.
[WARNING RSZ-0104] Net _474_ only has one pin. Check if it is intended to be dangling.
      350 |     +0.0% |       0 |       0 |             0 |       193
      360 |     +0.0% |       0 |       0 |             0 |       183
      370 |     +0.0% |       0 |       0 |             0 |       173
      380 |     +0.0% |       0 |       0 |             0 |       163
      390 |     +0.0% |       0 |       0 |             0 |       153
      400 |     +0.0% |       0 |       0 |             0 |       143
      410 |     +0.0% |       0 |       0 |             0 |       133
      420 |     +0.0% |       0 |       0 |             0 |       123
      430 |     +0.0% |       0 |       0 |             0 |       113
      440 |     +0.0% |       0 |       0 |             0 |       103
      450 |     +0.0% |       0 |       0 |             0 |        93
      460 |     +0.0% |       0 |       0 |             0 |        83
      470 |     +0.0% |       0 |       0 |             0 |        73
      480 |     +0.0% |       0 |       0 |             0 |        63
      490 |     +0.0% |       0 |       0 |             0 |        53
      500 |     +0.0% |       0 |       0 |             0 |        43
      510 |     +0.0% |       0 |       0 |             0 |        33
      520 |     +0.0% |       0 |       0 |             0 |        23
      530 |     +0.0% |       0 |       0 |             0 |        13
      540 |     +0.0% |       0 |       0 |             0 |         3
    final |     +0.0% |       0 |       0 |             0 |         0
---------------------------------------------------------------------
global_route -start_incremental
detailed_placement
[INFO DPL-0005] Max displacement: +/- 500 sites horizontally, +/- 100 rows vertically.
Movements Summary
---------------------------------------
Total cells:                     515
Diamond Move Success:            515 (100.00%)
Diamond Move Failure:              0
Rip-up and replace Success:        0 (  0.00% of diamond failures)
Rip-up and replace Failure:        0
Total Placement Failures:          0
---------------------------------------
Placement Analysis
---------------------------------
total displacement          0.0 u
average displacement        0.0 u
max displacement            0.0 u
original HPWL           13375.5 u
legalized HPWL          13375.5 u
delta HPWL                    0 %

global_route -end_incremental -congestion_report_file ./reports/sky130hd/exp_fixed_point/base/congestion_post_repair_design.rpt
Repair setup and hold violations...
estimate_parasitics -global_routing
repair_timing -setup_margin 0 -hold_margin 0 -repair_tns 100 -verbose
[INFO RSZ-0100] Repair move sequence: UnbufferMove SizeUpMove SwapPinsMove BufferMove CloneMove SplitLoadMove 
[INFO RSZ-0098] No setup violations found
[INFO RSZ-0033] No hold violations found.
global_route -start_incremental
detailed_placement
[INFO DPL-0005] Max displacement: +/- 500 sites horizontally, +/- 100 rows vertically.
Movements Summary
---------------------------------------
Total cells:                     515
Diamond Move Success:            515 (100.00%)
Diamond Move Failure:              0
Rip-up and replace Success:        0 (  0.00% of diamond failures)
Rip-up and replace Failure:        0
Total Placement Failures:          0
---------------------------------------
Placement Analysis
---------------------------------
total displacement          0.0 u
average displacement        0.0 u
max displacement            0.0 u
original HPWL           13375.5 u
legalized HPWL          13375.5 u
delta HPWL                    0 %

global_route -end_incremental -congestion_report_file ./reports/sky130hd/exp_fixed_point/base/congestion_post_repair_timing.rpt
global_route -start_incremental
global_route -end_incremental -congestion_report_file ./reports/sky130hd/exp_fixed_point/base/congestion_post_recover_power.rpt
Repair antennas...
[INFO GRT-0012] Found 0 antenna violations.
[INFO ANT-0002] Found 0 net violations.
[INFO ANT-0001] Found 0 pin violations.
Estimate parasitics...
estimate_parasitics -global_routing
Report metrics stage 5, global route...

==========================================================================
global route report_design_area
--------------------------------------------------------------------------
Design area 4765 um^2 10% utilization.
[INFO FLW-0007] clock clk period 3.000000
[INFO FLW-0008] Clock clk period 2.599
[INFO FLW-0009] Clock clk slack 0.264
[INFO FLW-0011] Path endpoint path count 59
write_db ./results/sky130hd/exp_fixed_point/base/5_1_grt.odb
write_sdc -no_timestamp ./results/sky130hd/exp_fixed_point/base/5_1_grt.sdc
Log                        Elapsed/s Peak Memory/MB  sha1sum .odb [0:20)
5_1_grt                            6            242 4876ae3f27d77035d9d5
/home/kyash/OpenROAD-flow-scripts-master/flow/scripts/flow.sh 5_2_route detail_route
Running detail_route.tcl, stage 5_2_route
read_liberty /home/kyash/OpenROAD-flow-scripts-master/flow/platforms/sky130hd/lib/sky130_fd_sc_hd__tt_025C_1v80.lib
read_db ./results/sky130hd/exp_fixed_point/base/5_1_grt.odb
read_sdc ./results/sky130hd/exp_fixed_point/base/5_1_grt.sdc
source /home/kyash/OpenROAD-flow-scripts-master/flow/platforms/sky130hd/setRC.tcl
detailed_route -output_drc ./reports/sky130hd/exp_fixed_point/base/5_route_drc.rpt -output_maze ./results/sky130hd/exp_fixed_point/base/maze.log -droute_end_iter 64 -verbose 1 -drc_report_iter_step 5
[INFO DRT-0149] Reading tech and libs.
[WARNING DRT-0349] LEF58_ENCLOSURE with no CUTCLASS is not supported. Skipping for layer mcon
[WARNING DRT-0349] LEF58_ENCLOSURE with no CUTCLASS is not supported. Skipping for layer mcon
[WARNING DRT-0349] LEF58_ENCLOSURE with no CUTCLASS is not supported. Skipping for layer via
[WARNING DRT-0349] LEF58_ENCLOSURE with no CUTCLASS is not supported. Skipping for layer via
[WARNING DRT-0349] LEF58_ENCLOSURE with no CUTCLASS is not supported. Skipping for layer via2
[WARNING DRT-0349] LEF58_ENCLOSURE with no CUTCLASS is not supported. Skipping for layer via2
[WARNING DRT-0349] LEF58_ENCLOSURE with no CUTCLASS is not supported. Skipping for layer via3
[WARNING DRT-0349] LEF58_ENCLOSURE with no CUTCLASS is not supported. Skipping for layer via3
[WARNING DRT-0349] LEF58_ENCLOSURE with no CUTCLASS is not supported. Skipping for layer via4
[WARNING DRT-0349] LEF58_ENCLOSURE with no CUTCLASS is not supported. Skipping for layer via4

Units:                1000
Number of layers:     13
Number of macros:     441
Number of vias:       29
Number of viarulegen: 25

[INFO DRT-0150] Reading design.

Design:                   exp_fixed_point
Die area:                 ( 0 0 ) ( 300000 300000 )
Number of track patterns: 12
Number of DEF vias:       0
Number of components:     1130
Number of terminals:      29
Number of snets:          2
Number of nets:           534

[INFO DRT-0167] List of default vias:
  Layer via
    default via: M1M2_PR
  Layer via2
    default via: M2M3_PR
  Layer via3
    default via: M3M4_PR
  Layer via4
    default via: M4M5_PR
[INFO DRT-0162] Library cell analysis.
[INFO DRT-0163] Instance analysis.
[INFO DRT-0164] Number of unique instances = 111.
[INFO DRT-0168] Init region query.
[INFO DRT-0024]   Complete FR_MASTERSLICE.
[INFO DRT-0024]   Complete Fr_VIA.
[INFO DRT-0024]   Complete li1.
[INFO DRT-0024]   Complete mcon.
[INFO DRT-0024]   Complete met1.
[INFO DRT-0024]   Complete via.
[INFO DRT-0024]   Complete met2.
[INFO DRT-0024]   Complete via2.
[INFO DRT-0024]   Complete met3.
[INFO DRT-0024]   Complete via3.
[INFO DRT-0024]   Complete met4.
[INFO DRT-0024]   Complete via4.
[INFO DRT-0024]   Complete met5.
[INFO DRT-0033] FR_MASTERSLICE shape region query size = 0.
[INFO DRT-0033] FR_VIA shape region query size = 0.
[INFO DRT-0033] li1 shape region query size = 14766.
[INFO DRT-0033] mcon shape region query size = 7874.
[INFO DRT-0033] met1 shape region query size = 3349.
[INFO DRT-0033] via shape region query size = 3240.
[INFO DRT-0033] met2 shape region query size = 1964.
[INFO DRT-0033] via2 shape region query size = 2592.
[INFO DRT-0033] met3 shape region query size = 1951.
[INFO DRT-0033] via3 shape region query size = 2592.
[INFO DRT-0033] met4 shape region query size = 792.
[INFO DRT-0033] via4 shape region query size = 128.
[INFO DRT-0033] met5 shape region query size = 160.
[INFO DRT-0165] Start pin access.
[INFO DRT-0078]   Complete 899 pins.
[INFO DRT-0079]   Complete 100 unique inst patterns.
[INFO DRT-0081]   Complete 111 unique inst patterns.
[INFO DRT-0084]   Complete 387 groups.
#scanned instances     = 1130
#unique  instances     = 111
#stdCellGenAp          = 3631
#stdCellValidPlanarAp  = 28
#stdCellValidViaAp     = 2829
#stdCellPinNoAp        = 0
#stdCellPinCnt         = 1851
#instTermValidViaApCnt = 0
#macroGenAp            = 0
#macroValidPlanarAp    = 0
#macroValidViaAp       = 0
#macroNoAp             = 0
[INFO DRT-0166] Complete pin access.
[INFO DRT-0267] cpu time = 00:00:56, elapsed time = 00:00:05, memory = 212.68 (MB), peak = 212.68 (MB)

[INFO DRT-0157] Number of guides:     4220

[INFO DRT-0169] Post process guides.
[INFO DRT-0176] GCELLGRID X 0 DO 43 STEP 6900 ;
[INFO DRT-0177] GCELLGRID Y 0 DO 43 STEP 6900 ;
[INFO DRT-0028]   Complete FR_MASTERSLICE.
[INFO DRT-0028]   Complete Fr_VIA.
[INFO DRT-0028]   Complete li1.
[INFO DRT-0028]   Complete mcon.
[INFO DRT-0028]   Complete met1.
[INFO DRT-0028]   Complete via.
[INFO DRT-0028]   Complete met2.
[INFO DRT-0028]   Complete via2.
[INFO DRT-0028]   Complete met3.
[INFO DRT-0028]   Complete via3.
[INFO DRT-0028]   Complete met4.
[INFO DRT-0028]   Complete via4.
[INFO DRT-0028]   Complete met5.
[INFO DRT-0178] Init guide query.
[INFO DRT-0035]   Complete FR_MASTERSLICE (guide).
[INFO DRT-0035]   Complete Fr_VIA (guide).
[INFO DRT-0035]   Complete li1 (guide).
[INFO DRT-0035]   Complete mcon (guide).
[INFO DRT-0035]   Complete met1 (guide).
[INFO DRT-0035]   Complete via (guide).
[INFO DRT-0035]   Complete met2 (guide).
[INFO DRT-0035]   Complete via2 (guide).
[INFO DRT-0035]   Complete met3 (guide).
[INFO DRT-0035]   Complete via3 (guide).
[INFO DRT-0035]   Complete met4 (guide).
[INFO DRT-0035]   Complete via4 (guide).
[INFO DRT-0035]   Complete met5 (guide).
[INFO DRT-0036] FR_MASTERSLICE guide region query size = 0.
[INFO DRT-0036] FR_VIA guide region query size = 0.
[INFO DRT-0036] li1 guide region query size = 1528.
[INFO DRT-0036] mcon guide region query size = 0.
[INFO DRT-0036] met1 guide region query size = 1282.
[INFO DRT-0036] via guide region query size = 0.
[INFO DRT-0036] met2 guide region query size = 623.
[INFO DRT-0036] via2 guide region query size = 0.
[INFO DRT-0036] met3 guide region query size = 28.
[INFO DRT-0036] via3 guide region query size = 0.
[INFO DRT-0036] met4 guide region query size = 10.
[INFO DRT-0036] via4 guide region query size = 0.
[INFO DRT-0036] met5 guide region query size = 0.
[INFO DRT-0179] Init gr pin query.
[INFO DRT-0267] cpu time = 00:00:00, elapsed time = 00:00:00, memory = 213.55 (MB), peak = 213.55 (MB)
[INFO DRT-0245] skipped writing guide updates to database.
[INFO DRT-0181] Start track assignment.
[INFO DRT-0184] Done with 2161 vertical wires in 1 frboxes and 1310 horizontal wires in 1 frboxes.
[INFO DRT-0186] Done with 233 vertical wires in 1 frboxes and 418 horizontal wires in 1 frboxes.
[INFO DRT-0182] Complete track assignment.
[INFO DRT-0267] cpu time = 00:00:00, elapsed time = 00:00:00, memory = 227.34 (MB), peak = 227.34 (MB)
[INFO DRT-0187] Start routing data preparation.
[INFO DRT-0267] cpu time = 00:00:00, elapsed time = 00:00:00, memory = 227.46 (MB), peak = 227.46 (MB)
[INFO DRT-0194] Start detail routing.
[INFO DRT-0195] Start 0th optimization iteration.
    Completing 10% with 0 violations.
    elapsed time = 00:00:00, memory = 227.59 (MB).
    Completing 20% with 0 violations.
    elapsed time = 00:00:00, memory = 259.26 (MB).
    Completing 30% with 0 violations.
    elapsed time = 00:00:00, memory = 276.05 (MB).
    Completing 40% with 97 violations.
    elapsed time = 00:00:04, memory = 264.45 (MB).
    Completing 50% with 97 violations.
    elapsed time = 00:00:04, memory = 320.07 (MB).
    Completing 60% with 149 violations.
    elapsed time = 00:00:07, memory = 321.65 (MB).
    Completing 70% with 149 violations.
    elapsed time = 00:00:07, memory = 357.28 (MB).
    Completing 80% with 149 violations.
    elapsed time = 00:00:08, memory = 378.65 (MB).
    Completing 90% with 177 violations.
    elapsed time = 00:00:08, memory = 399.78 (MB).
    Completing 100% with 208 violations.
    elapsed time = 00:00:09, memory = 428.90 (MB).
[INFO DRT-0199]   Number of violations = 241.
Viol/Layer         li1   met1   met2
Metal Spacing        0     44      7
Recheck              1     28      4
Short                0    150      7
[INFO DRT-0267] cpu time = 00:00:14, elapsed time = 00:00:10, memory = 767.78 (MB), peak = 767.78 (MB)
Total wire length = 17690 um.
Total wire length on LAYER li1 = 0 um.
Total wire length on LAYER met1 = 8683 um.
Total wire length on LAYER met2 = 8314 um.
Total wire length on LAYER met3 = 324 um.
Total wire length on LAYER met4 = 367 um.
Total wire length on LAYER met5 = 0 um.
Total number of vias = 3870.
Up-via summary (total 3870):

-----------------------
 FR_MASTERSLICE       0
            li1    1861
           met1    1943
           met2      47
           met3      19
           met4       0
-----------------------
               3870


[INFO DRT-0195] Start 1st optimization iteration.
    Completing 10% with 241 violations.
    elapsed time = 00:00:00, memory = 767.78 (MB).
    Completing 20% with 241 violations.
    elapsed time = 00:00:00, memory = 774.15 (MB).
    Completing 30% with 241 violations.
    elapsed time = 00:00:00, memory = 815.90 (MB).
    Completing 40% with 215 violations.
    elapsed time = 00:00:04, memory = 832.65 (MB).
    Completing 50% with 215 violations.
    elapsed time = 00:00:04, memory = 852.78 (MB).
    Completing 60% with 150 violations.
    elapsed time = 00:00:07, memory = 893.03 (MB).
    Completing 70% with 150 violations.
    elapsed time = 00:00:07, memory = 899.03 (MB).
    Completing 80% with 150 violations.
    elapsed time = 00:00:07, memory = 930.28 (MB).
    Completing 90% with 136 violations.
    elapsed time = 00:00:07, memory = 930.40 (MB).
    Completing 100% with 134 violations.
    elapsed time = 00:00:08, memory = 930.40 (MB).
[INFO DRT-0199]   Number of violations = 134.
Viol/Layer        met1   met2
Metal Spacing       27      1
Short              106      0
[INFO DRT-0267] cpu time = 00:00:11, elapsed time = 00:00:08, memory = 930.40 (MB), peak = 930.40 (MB)
Total wire length = 17530 um.
Total wire length on LAYER li1 = 0 um.
Total wire length on LAYER met1 = 8586 um.
Total wire length on LAYER met2 = 8298 um.
Total wire length on LAYER met3 = 309 um.
Total wire length on LAYER met4 = 336 um.
Total wire length on LAYER met5 = 0 um.
Total number of vias = 3832.
Up-via summary (total 3832):

-----------------------
 FR_MASTERSLICE       0
            li1    1861
           met1    1921
           met2      36
           met3      14
           met4       0
-----------------------
               3832


[INFO DRT-0195] Start 2nd optimization iteration.
    Completing 10% with 134 violations.
    elapsed time = 00:00:00, memory = 930.40 (MB).
    Completing 20% with 134 violations.
    elapsed time = 00:00:00, memory = 930.40 (MB).
    Completing 30% with 134 violations.
    elapsed time = 00:00:00, memory = 930.40 (MB).
    Completing 40% with 129 violations.
    elapsed time = 00:00:02, memory = 968.28 (MB).
    Completing 50% with 129 violations.
    elapsed time = 00:00:02, memory = 968.28 (MB).
    Completing 60% with 127 violations.
    elapsed time = 00:00:03, memory = 1017.53 (MB).
    Completing 70% with 127 violations.
    elapsed time = 00:00:03, memory = 1017.53 (MB).
    Completing 80% with 127 violations.
    elapsed time = 00:00:05, memory = 1039.65 (MB).
    Completing 90% with 115 violations.
    elapsed time = 00:00:05, memory = 1039.65 (MB).
    Completing 100% with 115 violations.
    elapsed time = 00:00:06, memory = 1077.28 (MB).
[INFO DRT-0199]   Number of violations = 115.
Viol/Layer        mcon   met1   met2   met3
Cut Spacing          1      0      0      0
Metal Spacing        0     14      1      2
Short                0     95      2      0
[INFO DRT-0267] cpu time = 00:00:09, elapsed time = 00:00:06, memory = 1077.40 (MB), peak = 1077.40 (MB)
Total wire length = 17486 um.
Total wire length on LAYER li1 = 0 um.
Total wire length on LAYER met1 = 8497 um.
Total wire length on LAYER met2 = 8314 um.
Total wire length on LAYER met3 = 337 um.
Total wire length on LAYER met4 = 337 um.
Total wire length on LAYER met5 = 0 um.
Total number of vias = 3787.
Up-via summary (total 3787):

-----------------------
 FR_MASTERSLICE       0
            li1    1871
           met1    1856
           met2      46
           met3      14
           met4       0
-----------------------
               3787


[INFO DRT-0195] Start 3rd optimization iteration.
    Completing 10% with 115 violations.
    elapsed time = 00:00:00, memory = 1077.40 (MB).
    Completing 20% with 115 violations.
    elapsed time = 00:00:00, memory = 1077.40 (MB).
    Completing 30% with 115 violations.
    elapsed time = 00:00:00, memory = 1077.40 (MB).
    Completing 40% with 59 violations.
    elapsed time = 00:00:01, memory = 1077.40 (MB).
    Completing 50% with 59 violations.
    elapsed time = 00:00:01, memory = 1077.40 (MB).
    Completing 60% with 13 violations.
    elapsed time = 00:00:04, memory = 1102.93 (MB).
    Completing 70% with 13 violations.
    elapsed time = 00:00:04, memory = 1102.93 (MB).
    Completing 80% with 13 violations.
    elapsed time = 00:00:04, memory = 1102.93 (MB).
    Completing 90% with 2 violations.
    elapsed time = 00:00:04, memory = 1102.93 (MB).
    Completing 100% with 0 violations.
    elapsed time = 00:00:04, memory = 1102.93 (MB).
[INFO DRT-0199]   Number of violations = 0.
[INFO DRT-0267] cpu time = 00:00:06, elapsed time = 00:00:04, memory = 1102.93 (MB), peak = 1135.65 (MB)
Total wire length = 17443 um.
Total wire length on LAYER li1 = 0 um.
Total wire length on LAYER met1 = 8012 um.
Total wire length on LAYER met2 = 8409 um.
Total wire length on LAYER met3 = 708 um.
Total wire length on LAYER met4 = 312 um.
Total wire length on LAYER met5 = 0 um.
Total number of vias = 3877.
Up-via summary (total 3877):

-----------------------
 FR_MASTERSLICE       0
            li1    1870
           met1    1893
           met2     101
           met3      13
           met4       0
-----------------------
               3877


[INFO DRT-0198] Complete detail routing.
Total wire length = 17443 um.
Total wire length on LAYER li1 = 0 um.
Total wire length on LAYER met1 = 8012 um.
Total wire length on LAYER met2 = 8409 um.
Total wire length on LAYER met3 = 708 um.
Total wire length on LAYER met4 = 312 um.
Total wire length on LAYER met5 = 0 um.
Total number of vias = 3877.
Up-via summary (total 3877):

-----------------------
 FR_MASTERSLICE       0
            li1    1870
           met1    1893
           met2     101
           met3      13
           met4       0
-----------------------
               3877


[INFO DRT-0267] cpu time = 00:00:41, elapsed time = 00:00:29, memory = 1103.06 (MB), peak = 1135.65 (MB)

[INFO DRT-0180] Post processing.
Took 36 seconds: detailed_route -output_drc ./reports/sky130hd/exp_fixed_point/base/5_route_drc.rpt -output_maze ./results/sky130hd/exp_fixed_point/base/maze.log -droute_end_iter 64 -verbose 1 -drc_report_iter_step 5
[INFO GRT-0012] Found 0 antenna violations.
[INFO ANT-0002] Found 0 net violations.
[INFO ANT-0001] Found 0 pin violations.
[INFO ANT-0002] Found 0 net violations.
[INFO ANT-0001] Found 0 pin violations.
Design area 4765 um^2 10% utilization.
write_db ./results/sky130hd/exp_fixed_point/base/5_2_route.odb
Log                        Elapsed/s Peak Memory/MB  sha1sum .odb [0:20)
5_2_route                         37           1135 81ef6552eec13c4c7171
/home/kyash/OpenROAD-flow-scripts-master/flow/scripts/flow.sh 5_3_fillcell fillcell
Running fillcell.tcl, stage 5_3_fillcell
read_liberty /home/kyash/OpenROAD-flow-scripts-master/flow/platforms/sky130hd/lib/sky130_fd_sc_hd__tt_025C_1v80.lib
read_db ./results/sky130hd/exp_fixed_point/base/5_2_route.odb
read_sdc ./results/sky130hd/exp_fixed_point/base/5_1_grt.sdc
source /home/kyash/OpenROAD-flow-scripts-master/flow/platforms/sky130hd/setRC.tcl
filler_placement "sky130_fd_sc_hd__fill_1 sky130_fd_sc_hd__fill_2 sky130_fd_sc_hd__fill_4 sky130_fd_sc_hd__fill_8"
[INFO DPL-0001] Placed 5600 filler instances.
Design area 4765 um^2 10% utilization.
write_db ./results/sky130hd/exp_fixed_point/base/5_3_fillcell.odb
Log                        Elapsed/s Peak Memory/MB  sha1sum .odb [0:20)
5_3_fillcell                       0            125 e06b500b1b9bccebe795
cp ./results/sky130hd/exp_fixed_point/base/5_3_fillcell.odb ./results/sky130hd/exp_fixed_point/base/5_route.odb
cp ./results/sky130hd/exp_fixed_point/base/5_1_grt.sdc ./results/sky130hd/exp_fixed_point/base/5_route.sdc
/home/kyash/OpenROAD-flow-scripts-master/flow/scripts/flow.sh 6_1_fill density_fill
Running density_fill.tcl, stage 6_1_fill
read_liberty /home/kyash/OpenROAD-flow-scripts-master/flow/platforms/sky130hd/lib/sky130_fd_sc_hd__tt_025C_1v80.lib
read_db ./results/sky130hd/exp_fixed_point/base/5_route.odb
read_sdc ./results/sky130hd/exp_fixed_point/base/5_route.sdc
source /home/kyash/OpenROAD-flow-scripts-master/flow/platforms/sky130hd/setRC.tcl
exec cp ./results/sky130hd/exp_fixed_point/base/5_route.odb ./results/sky130hd/exp_fixed_point/base/6_1_fill.odb
Log                        Elapsed/s Peak Memory/MB  sha1sum .odb [0:20)
6_1_fill                           0            120 e06b500b1b9bccebe795
cp ./results/sky130hd/exp_fixed_point/base/5_route.sdc ./results/sky130hd/exp_fixed_point/base/6_1_fill.sdc
/home/kyash/OpenROAD-flow-scripts-master/flow/scripts/flow.sh 6_report final_report
Running final_report.tcl, stage 6_report
read_liberty /home/kyash/OpenROAD-flow-scripts-master/flow/platforms/sky130hd/lib/sky130_fd_sc_hd__tt_025C_1v80.lib
read_db ./results/sky130hd/exp_fixed_point/base/6_1_fill.odb
read_sdc ./results/sky130hd/exp_fixed_point/base/6_1_fill.sdc
source /home/kyash/OpenROAD-flow-scripts-master/flow/platforms/sky130hd/setRC.tcl
write_db ./results/sky130hd/exp_fixed_point/base/6_final.odb
Deleted 0 routing obstructions
Warning: master sky130_ef_sc_hd__decap_12 has signal pins but no liberty cell
[INFO RCX-0431] Defined process_corner X with ext_model_index 0
[INFO RCX-0029] Defined extraction corner X
[INFO RCX-0435] Reading extraction model file /home/kyash/OpenROAD-flow-scripts-master/flow/platforms/sky130hd/rcx_patterns.rules ...
[INFO RCX-0436] RC segment generation exp_fixed_point (max_merge_res 50.0) ...
[INFO RCX-0040] Final 2284 rc segments
[INFO RCX-0439] Coupling Cap extraction exp_fixed_point ...
[INFO RCX-0440] Coupling threshhold is 0.1000 fF, coupling capacitance less than 0.1000 fF will be grounded.
[INFO RCX-0442] 63% of 5305 wires extracted
[INFO RCX-0442] 100% of 5305 wires extracted
[INFO RCX-0045] Extract 534 nets, 2809 rsegs, 2809 caps, 4225 ccs
[INFO RCX-0443] 534 nets finished
[INFO PSM-0040] All shapes on net VDD are connected.
########## IR report #################
Net              : VDD
Corner           : default
Total power      : 1.17e-03 W
Supply voltage   : 1.80e+00 V
Worstcase voltage: 1.80e+00 V
Average voltage  : 1.80e+00 V
Average IR drop  : 4.62e-06 V
Worstcase IR drop: 1.82e-04 V
Percentage drop  : 0.01 %
######################################
[INFO PSM-0040] All shapes on net VSS are connected.
########## IR report #################
Net              : VSS
Corner           : default
Total power      : 1.17e-03 W
Supply voltage   : 0.00e+00 V
Worstcase voltage: 1.52e-04 V
Average voltage  : 4.95e-06 V
Average IR drop  : 4.95e-06 V
Worstcase IR drop: 1.52e-04 V
Percentage drop  : 0.01 %
######################################
Cell type report:                       Count       Area
  Fill cell                              5600   43081.32
  Tap cell                                615     769.49
  Clock buffer                              5     125.12
  Timing Repair Buffer                     51     432.92
  Inverter                                  9      33.78
  Clock inverter                            3      21.27
  Sequential cell                          37     745.72
  Multi-Input combinational cell          410    2636.28
  Total                                  6730   47845.89
Report metrics stage 6, finish...

==========================================================================
finish report_design_area
--------------------------------------------------------------------------
Design area 4765 um^2 10% utilization.
Skipping GUI image generation.
Log                        Elapsed/s Peak Memory/MB  sha1sum .odb [0:20)
6_report                           0            145                  N/A
cp ./results/sky130hd/exp_fixed_point/base/5_route.sdc ./results/sky130hd/exp_fixed_point/base/6_final.sdc
cp /home/kyash/OpenROAD-flow-scripts-master/flow/platforms/sky130hd/lef/sky130_fd_sc_hd.tlef ./objects/sky130hd/exp_fixed_point/base/klayout_tech.lef
/usr/bin/python3 /home/kyash/OpenROAD-flow-scripts-master/flow/util/generate_klayout_tech.py \
	--template /home/kyash/OpenROAD-flow-scripts-master/flow/platforms/sky130hd/sky130hd.lyt \
	--output ./objects/sky130hd/exp_fixed_point/base/klayout.lyt \
	--lef-files ./objects/sky130hd/exp_fixed_point/base/klayout_tech.lef /home/kyash/OpenROAD-flow-scripts-master/flow/platforms/sky130hd/lef/sky130_fd_sc_hd_merged.lef   \
	--reference-dir ./results/sky130hd/exp_fixed_point/base \
	--map-files 
/usr/bin/python3 /home/kyash/OpenROAD-flow-scripts-master/flow/scripts/run_command.py --log /home/kyash/OpenROAD-flow-scripts-master/flow/logs/sky130hd/exp_fixed_point/base/6_1_merge.log --tee -- \
        /home/kyash/OpenROAD-flow-scripts-master/flow/scripts/klayout.sh -zz -rd design_name=exp_fixed_point \
        -rd in_def=./results/sky130hd/exp_fixed_point/base/6_final.def \
        -rd in_files="/home/kyash/OpenROAD-flow-scripts-master/flow/platforms/sky130hd/gds/sky130_fd_sc_hd.gds  " \
        -rd seal_file="" \
        -rd out_file=./results/sky130hd/exp_fixed_point/base/6_1_merged.gds \
        -rd tech_file=./objects/sky130hd/exp_fixed_point/base/klayout.lyt \
        -rd layer_map= \
        -r /home/kyash/OpenROAD-flow-scripts-master/flow/util/def2stream.py
KLayout 0.28.16
[INFO] Reporting cells prior to loading DEF ...
	/home/kyash/OpenROAD-flow-scripts-master/flow/platforms/sky130hd/gds/sky130_fd_sc_hd.gds
[INFO] All LEF cells have matching GDS/OAS cells
[INFO] No orphan cells in the final layout
cp results/sky130hd/exp_fixed_point/base/6_1_merged.gds results/sky130hd/exp_fixed_point/base/6_final.gds
./logs/sky130hd/exp_fixed_point/base
Log                        Elapsed/s Peak Memory/MB  sha1sum .odb [0:20)
1_1_yosys_canonicalize             0             54 14486b6ddbb80557bbe4
1_2_yosys                          0             57 cdd899e53a6193a3b797
1_synth                            0            118 a660b1219fbab5a5b551
2_1_floorplan                      0            138 383f2ab579f9c9ef2b78
2_2_floorplan_macro                0            115 383f2ab579f9c9ef2b78
2_3_floorplan_tapcell              0            116 16c5c9f0b330af5f7eff
2_4_floorplan_pdn                  0            120 1464e3b0b122e6ba4159
3_1_place_gp_skip_io               1            118 5d108104188163322598
3_2_place_iop                      0            116 e13ffadf5ebfb3b78274
3_3_place_gp                       2            228 08bf4bf25b7afa471a05
3_4_place_resized                  0            137 08bf4bf25b7afa471a05
3_5_place_dp                       0            123 f3ba5d4bac31541bae28
4_1_cts                            1            148 73e6e7460eea7b9964a6
5_1_grt                            6            242 4876ae3f27d77035d9d5
5_2_route                         37           1135 81ef6552eec13c4c7171
5_3_fillcell                       0            125 e06b500b1b9bccebe795
6_1_fill                           0            120 e06b500b1b9bccebe795
6_1_merge                          1            380                  N/A
6_report                           0            145                  N/A
Total                             48           1135                     

STDERR:
make: Warning: File 'results/sky130hd/exp_fixed_point/base/1_synth.odb' has modification time 0.46 s in the future
Elapsed time: 0:00.47[h:]min:sec. CPU time: user 0.39 sys 0.10 (104%). Peak memory: 142172KB.
Elapsed time: 0:00.34[h:]min:sec. CPU time: user 0.30 sys 0.04 (100%). Peak memory: 118644KB.
Elapsed time: 0:00.34[h:]min:sec. CPU time: user 0.26 sys 0.08 (99%). Peak memory: 119592KB.
Elapsed time: 0:00.36[h:]min:sec. CPU time: user 0.33 sys 0.04 (100%). Peak memory: 123316KB.
Elapsed time: 0:01.19[h:]min:sec. CPU time: user 13.94 sys 0.03 (1174%). Peak memory: 121520KB.
Elapsed time: 0:00.34[h:]min:sec. CPU time: user 0.31 sys 0.04 (99%). Peak memory: 119764KB.
Elapsed time: 0:02.04[h:]min:sec. CPU time: user 18.58 sys 0.46 (933%). Peak memory: 234044KB.
Elapsed time: 0:00.56[h:]min:sec. CPU time: user 0.46 sys 0.19 (116%). Peak memory: 141164KB.
Elapsed time: 0:00.61[h:]min:sec. CPU time: user 0.51 sys 0.14 (106%). Peak memory: 126880KB.
Elapsed time: 0:01.17[h:]min:sec. CPU time: user 1.07 sys 0.17 (105%). Peak memory: 152160KB.
Elapsed time: 0:06.25[h:]min:sec. CPU time: user 58.91 sys 0.36 (948%). Peak memory: 248796KB.
Elapsed time: 0:37.00[h:]min:sec. CPU time: user 101.04 sys 1.08 (275%). Peak memory: 1162908KB.
Elapsed time: 0:00.36[h:]min:sec. CPU time: user 0.32 sys 0.03 (96%). Peak memory: 128200KB.
Elapsed time: 0:00.34[h:]min:sec. CPU time: user 0.29 sys 0.04 (96%). Peak memory: 123296KB.
Elapsed time: 0:00.85[h:]min:sec. CPU time: user 0.78 sys 0.20 (114%). Peak memory: 149116KB.
Elapsed time: 0:01.42[h:]min:sec. CPU time: user 1.10 sys 0.27 (96%). Peak memory: 389132KB.
make: warning:  Clock skew detected.  Your build may be incomplete.
